21-Jan-2018 00:17:28.981 INFO [Fingerprint cleanup thread] hudson.model.AsyncPeriodicWork$1.run Started Fingerprint cleanup
21-Jan-2018 00:17:29.034 INFO [Fingerprint cleanup thread] hudson.model.AsyncPeriodicWork$1.run Finished Fingerprint cleanup. 51 ms
21-Jan-2018 00:42:13.873 INFO [Thread-7] org.apache.coyote.AbstractProtocol.pause Pausing ProtocolHandler ["http-apr-8080"]
21-Jan-2018 00:42:13.936 INFO [Thread-7] org.apache.coyote.AbstractProtocol.pause Pausing ProtocolHandler ["ajp-apr-8019"]
21-Jan-2018 00:42:13.998 INFO [Thread-7] org.apache.catalina.core.StandardService.stopInternal Stopping service Catalina
21-Jan-2018 00:42:14.014 INFO [localhost-startStop-2] jenkins.model.Jenkins.cleanUp Stopping Jenkins
21-Jan-2018 00:42:14.108 INFO [localhost-startStop-2] jenkins.model.Jenkins$21.onAttained Started termination
21-Jan-2018 00:42:14.155 INFO [localhost-startStop-2] jenkins.model.Jenkins$21.onAttained Completed termination
21-Jan-2018 00:42:14.155 INFO [localhost-startStop-2] jenkins.model.Jenkins._cleanUpDisconnectComputers Starting node disconnection
21-Jan-2018 00:42:15.170 INFO [localhost-startStop-2] jenkins.model.Jenkins._cleanUpShutdownPluginManager Stopping plugin manager
21-Jan-2018 00:42:15.170 INFO [localhost-startStop-2] jenkins.model.Jenkins._cleanUpPersistQueue Persisting build queue
21-Jan-2018 00:42:15.186 INFO [localhost-startStop-2] jenkins.model.Jenkins._cleanUpAwaitDisconnects Waiting for node disconnection completion
21-Jan-2018 00:42:15.186 INFO [localhost-startStop-2] jenkins.model.Jenkins.cleanUp Jenkins stopped
21-Jan-2018 00:42:15.186 WARNING [localhost-startStop-2] org.apache.catalina.loader.WebappClassLoaderBase.clearReferencesThreads The web application [jenkins] appears to have started a thread named [Computer.threadPoolForRemoting [#3]] but has failed to stop it. This is very likely to create a memory leak. Stack trace of thread:
 sun.misc.Unsafe.park(Native Method)
 java.util.concurrent.locks.LockSupport.parkNanos(Unknown Source)
 java.util.concurrent.SynchronousQueue$TransferStack.awaitFulfill(Unknown Source)
 java.util.concurrent.SynchronousQueue$TransferStack.transfer(Unknown Source)
 java.util.concurrent.SynchronousQueue.poll(Unknown Source)
 java.util.concurrent.ThreadPoolExecutor.getTask(Unknown Source)
 java.util.concurrent.ThreadPoolExecutor.runWorker(Unknown Source)
 java.util.concurrent.ThreadPoolExecutor$Worker.run(Unknown Source)
 java.lang.Thread.run(Unknown Source)
21-Jan-2018 00:42:15.186 SEVERE [localhost-startStop-2] org.apache.catalina.loader.WebappClassLoaderBase.checkThreadLocalMapForLeaks The web application [jenkins] created a ThreadLocal with key of type [java.lang.ThreadLocal] (value [java.lang.ThreadLocal@2893d3f9]) and a value of type [org.acegisecurity.context.SecurityContextImpl] (value [org.acegisecurity.context.SecurityContextImpl@ffffffff: Null authentication]) but failed to remove it when the web application was stopped. Threads are going to be renewed over time to try and avoid a probable memory leak.
21-Jan-2018 00:42:15.217 INFO [Thread-7] org.apache.coyote.AbstractProtocol.stop Stopping ProtocolHandler ["http-apr-8080"]
21-Jan-2018 00:42:15.280 INFO [Thread-7] org.apache.coyote.AbstractProtocol.stop Stopping ProtocolHandler ["ajp-apr-8019"]
