24-Dec-2017 10:26:07.782 INFO [main] org.apache.catalina.startup.VersionLoggerListener.log Server version:        Apache Tomcat/8.0.36
24-Dec-2017 10:26:07.782 INFO [main] org.apache.catalina.startup.VersionLoggerListener.log Server built:          Jun 9 2016 13:55:50 UTC
24-Dec-2017 10:26:07.782 INFO [main] org.apache.catalina.startup.VersionLoggerListener.log Server number:         8.0.36.0
24-Dec-2017 10:26:07.782 INFO [main] org.apache.catalina.startup.VersionLoggerListener.log OS Name:               Windows 10
24-Dec-2017 10:26:07.782 INFO [main] org.apache.catalina.startup.VersionLoggerListener.log OS Version:            10.0
24-Dec-2017 10:26:07.782 INFO [main] org.apache.catalina.startup.VersionLoggerListener.log Architecture:          amd64
24-Dec-2017 10:26:07.782 INFO [main] org.apache.catalina.startup.VersionLoggerListener.log Java Home:             C:\Program Files\Java\jre1.8.0_102
24-Dec-2017 10:26:07.782 INFO [main] org.apache.catalina.startup.VersionLoggerListener.log JVM Version:           1.8.0_102-b14
24-Dec-2017 10:26:07.782 INFO [main] org.apache.catalina.startup.VersionLoggerListener.log JVM Vendor:            Oracle Corporation
24-Dec-2017 10:26:07.782 INFO [main] org.apache.catalina.startup.VersionLoggerListener.log CATALINA_BASE:         D:\Program Files\Apache Software Foundation\Tomcat 8.0
24-Dec-2017 10:26:07.797 INFO [main] org.apache.catalina.startup.VersionLoggerListener.log CATALINA_HOME:         D:\Program Files\Apache Software Foundation\Tomcat 8.0
24-Dec-2017 10:26:07.797 INFO [main] org.apache.catalina.startup.VersionLoggerListener.log Command line argument: -Dcatalina.home=D:\Program Files\Apache Software Foundation\Tomcat 8.0
24-Dec-2017 10:26:07.797 INFO [main] org.apache.catalina.startup.VersionLoggerListener.log Command line argument: -Dcatalina.base=D:\Program Files\Apache Software Foundation\Tomcat 8.0
24-Dec-2017 10:26:07.797 INFO [main] org.apache.catalina.startup.VersionLoggerListener.log Command line argument: -Djava.endorsed.dirs=D:\Program Files\Apache Software Foundation\Tomcat 8.0\endorsed
24-Dec-2017 10:26:07.797 INFO [main] org.apache.catalina.startup.VersionLoggerListener.log Command line argument: -Djava.io.tmpdir=D:\Program Files\Apache Software Foundation\Tomcat 8.0\temp
24-Dec-2017 10:26:07.797 INFO [main] org.apache.catalina.startup.VersionLoggerListener.log Command line argument: -Djava.util.logging.manager=org.apache.juli.ClassLoaderLogManager
24-Dec-2017 10:26:07.797 INFO [main] org.apache.catalina.startup.VersionLoggerListener.log Command line argument: -Djava.util.logging.config.file=D:\Program Files\Apache Software Foundation\Tomcat 8.0\conf\logging.properties
24-Dec-2017 10:26:07.797 INFO [main] org.apache.catalina.startup.VersionLoggerListener.log Command line argument: exit
24-Dec-2017 10:26:07.797 INFO [main] org.apache.catalina.startup.VersionLoggerListener.log Command line argument: -Xms128m
24-Dec-2017 10:26:07.797 INFO [main] org.apache.catalina.startup.VersionLoggerListener.log Command line argument: -Xmx256m
24-Dec-2017 10:26:07.797 INFO [main] org.apache.catalina.core.AprLifecycleListener.lifecycleEvent Loaded APR based Apache Tomcat Native library 1.2.7 using APR version 1.5.2.
24-Dec-2017 10:26:07.797 INFO [main] org.apache.catalina.core.AprLifecycleListener.lifecycleEvent APR capabilities: IPv6 [true], sendfile [true], accept filters [false], random [true].
24-Dec-2017 10:26:08.875 INFO [main] org.apache.catalina.core.AprLifecycleListener.initializeSSL OpenSSL successfully initialized (OpenSSL 1.0.2h  3 May 2016)
24-Dec-2017 10:26:09.188 INFO [main] org.apache.coyote.AbstractProtocol.init Initializing ProtocolHandler ["http-apr-8080"]
24-Dec-2017 10:26:09.203 INFO [main] org.apache.coyote.AbstractProtocol.init Initializing ProtocolHandler ["ajp-apr-8019"]
24-Dec-2017 10:26:09.203 INFO [main] org.apache.catalina.startup.Catalina.load Initialization processed in 2252 ms
24-Dec-2017 10:26:09.266 INFO [main] org.apache.catalina.core.StandardService.startInternal Starting service Catalina
24-Dec-2017 10:26:09.266 INFO [main] org.apache.catalina.core.StandardEngine.startInternal Starting Servlet Engine: Apache Tomcat/8.0.36
24-Dec-2017 10:26:09.344 INFO [localhost-startStop-1] org.apache.catalina.startup.HostConfig.deployWAR Deploying web application archive D:\Program Files\Apache Software Foundation\Tomcat 8.0\webapps\jenkins.war
24-Dec-2017 10:26:22.224 INFO [localhost-startStop-1] org.apache.jasper.servlet.TldScanner.scanJars At least one JAR was scanned for TLDs yet contained no TLDs. Enable debug logging for this logger for a complete list of JARs that were scanned but no TLDs were found in them. Skipping unneeded JARs during scanning can improve startup time and JSP compilation time.
24-Dec-2017 10:26:24.740 INFO [localhost-startStop-1] org.apache.catalina.startup.HostConfig.deployWAR Deployment of web application archive D:\Program Files\Apache Software Foundation\Tomcat 8.0\webapps\jenkins.war has finished in 15,396 ms
24-Dec-2017 10:26:24.740 INFO [localhost-startStop-1] org.apache.catalina.startup.HostConfig.deployDirectory Deploying web application directory D:\Program Files\Apache Software Foundation\Tomcat 8.0\webapps\docs
24-Dec-2017 10:26:24.802 INFO [localhost-startStop-1] org.apache.catalina.startup.HostConfig.deployDirectory Deployment of web application directory D:\Program Files\Apache Software Foundation\Tomcat 8.0\webapps\docs has finished in 62 ms
24-Dec-2017 10:26:24.802 INFO [localhost-startStop-1] org.apache.catalina.startup.HostConfig.deployDirectory Deploying web application directory D:\Program Files\Apache Software Foundation\Tomcat 8.0\webapps\examples
24-Dec-2017 10:26:25.568 INFO [localhost-startStop-1] org.apache.catalina.startup.HostConfig.deployDirectory Deployment of web application directory D:\Program Files\Apache Software Foundation\Tomcat 8.0\webapps\examples has finished in 766 ms
24-Dec-2017 10:26:25.568 INFO [localhost-startStop-1] org.apache.catalina.startup.HostConfig.deployDirectory Deploying web application directory D:\Program Files\Apache Software Foundation\Tomcat 8.0\webapps\host-manager
24-Dec-2017 10:26:25.630 INFO [localhost-startStop-1] org.apache.catalina.startup.HostConfig.deployDirectory Deployment of web application directory D:\Program Files\Apache Software Foundation\Tomcat 8.0\webapps\host-manager has finished in 62 ms
24-Dec-2017 10:26:25.630 INFO [localhost-startStop-1] org.apache.catalina.startup.HostConfig.deployDirectory Deploying web application directory D:\Program Files\Apache Software Foundation\Tomcat 8.0\webapps\manager
24-Dec-2017 10:26:25.693 INFO [localhost-startStop-1] org.apache.catalina.startup.HostConfig.deployDirectory Deployment of web application directory D:\Program Files\Apache Software Foundation\Tomcat 8.0\webapps\manager has finished in 63 ms
24-Dec-2017 10:26:25.693 INFO [localhost-startStop-1] org.apache.catalina.startup.HostConfig.deployDirectory Deploying web application directory D:\Program Files\Apache Software Foundation\Tomcat 8.0\webapps\ROOT
24-Dec-2017 10:26:25.740 INFO [localhost-startStop-1] org.apache.catalina.startup.HostConfig.deployDirectory Deployment of web application directory D:\Program Files\Apache Software Foundation\Tomcat 8.0\webapps\ROOT has finished in 47 ms
24-Dec-2017 10:26:25.755 INFO [main] org.apache.coyote.AbstractProtocol.start Starting ProtocolHandler ["http-apr-8080"]
24-Dec-2017 10:26:25.771 INFO [main] org.apache.coyote.AbstractProtocol.start Starting ProtocolHandler ["ajp-apr-8019"]
24-Dec-2017 10:26:25.787 INFO [main] org.apache.catalina.startup.Catalina.start Server startup in 16585 ms
24-Dec-2017 10:26:27.162 INFO [pool-6-thread-2] jenkins.InitReactorRunner$1.onAttained Started initialization
24-Dec-2017 10:26:27.208 INFO [Loading plugins] jenkins.InitReactorRunner$1.onAttained Listed all plugins
24-Dec-2017 10:26:30.818 INFO [pool-6-thread-2] jenkins.InitReactorRunner$1.onAttained Prepared all plugins
24-Dec-2017 10:26:30.818 INFO [pool-6-thread-2] jenkins.InitReactorRunner$1.onAttained Started all plugins
24-Dec-2017 10:26:30.865 INFO [Loading global config] jenkins.InitReactorRunner$1.onAttained Augmented all extensions
24-Dec-2017 10:26:32.130 INFO [pool-6-thread-7] jenkins.InitReactorRunner$1.onAttained Loaded all jobs
24-Dec-2017 10:26:32.771 INFO [Download metadata thread] hudson.model.AsyncPeriodicWork$1.run Started Download metadata
24-Dec-2017 10:26:33.021 INFO [pool-6-thread-8] jenkins.InitReactorRunner$1.onAttained Completed initialization
24-Dec-2017 10:26:34.162 INFO [49] hudson.model.AsyncPeriodicWork$1.run Finished Download metadata. 1,391 ms
24-Dec-2017 10:26:34.427 INFO [Finalizing set up] org.springframework.context.support.AbstractApplicationContext.prepareRefresh Refreshing org.springframework.web.context.support.StaticWebApplicationContext@73ebbfb9: display name [Root WebApplicationContext]; startup date [Sun Dec 24 10:26:34 IST 2017]; root of context hierarchy
24-Dec-2017 10:26:34.427 INFO [Finalizing set up] org.springframework.context.support.AbstractApplicationContext.obtainFreshBeanFactory Bean factory for application context [org.springframework.web.context.support.StaticWebApplicationContext@73ebbfb9]: org.springframework.beans.factory.support.DefaultListableBeanFactory@3c87cea9
24-Dec-2017 10:26:34.474 INFO [Finalizing set up] org.springframework.beans.factory.support.DefaultListableBeanFactory.preInstantiateSingletons Pre-instantiating singletons in org.springframework.beans.factory.support.DefaultListableBeanFactory@3c87cea9: defining beans [authenticationManager]; root of factory hierarchy
24-Dec-2017 10:26:35.099 INFO [Finalizing set up] org.springframework.context.support.AbstractApplicationContext.prepareRefresh Refreshing org.springframework.web.context.support.StaticWebApplicationContext@5c3d7922: display name [Root WebApplicationContext]; startup date [Sun Dec 24 10:26:35 IST 2017]; root of context hierarchy
24-Dec-2017 10:26:35.099 INFO [Finalizing set up] org.springframework.context.support.AbstractApplicationContext.obtainFreshBeanFactory Bean factory for application context [org.springframework.web.context.support.StaticWebApplicationContext@5c3d7922]: org.springframework.beans.factory.support.DefaultListableBeanFactory@50559013
24-Dec-2017 10:26:35.099 INFO [Finalizing set up] org.springframework.beans.factory.support.DefaultListableBeanFactory.preInstantiateSingletons Pre-instantiating singletons in org.springframework.beans.factory.support.DefaultListableBeanFactory@50559013: defining beans [filter,legacy]; root of factory hierarchy
24-Dec-2017 10:26:35.303 INFO [Jenkins initialization thread] jenkins.install.SetupWizard.init 

*************************************************************
*************************************************************
*************************************************************

Jenkins initial setup is required. An admin user has been created and a password generated.
Please use the following password to proceed to installation:

b7db8979cf6141aca1646cb641a1f987

This may also be found at: C:\windows\system32\config\systemprofile\.jenkins\secrets\initialAdminPassword

*************************************************************
*************************************************************
*************************************************************

24-Dec-2017 10:26:36.475 WARNING [Jenkins initialization thread] hudson.model.UpdateCenter.updateDefaultSite Upgrading Jenkins. Failed to update the default Update Site 'default'. Plugin upgrades may fail.
 java.net.ConnectException: Connection refused: connect
	at java.net.DualStackPlainSocketImpl.waitForConnect(Native Method)
	at java.net.DualStackPlainSocketImpl.socketConnect(Unknown Source)
	at java.net.AbstractPlainSocketImpl.doConnect(Unknown Source)
	at java.net.AbstractPlainSocketImpl.connectToAddress(Unknown Source)
	at java.net.AbstractPlainSocketImpl.connect(Unknown Source)
	at java.net.PlainSocketImpl.connect(Unknown Source)
	at java.net.SocksSocketImpl.connect(Unknown Source)
	at java.net.Socket.connect(Unknown Source)
	at sun.net.NetworkClient.doConnect(Unknown Source)
	at sun.net.www.http.HttpClient.openServer(Unknown Source)
	at sun.net.www.http.HttpClient.openServer(Unknown Source)
	at sun.net.www.http.HttpClient.<init>(Unknown Source)
	at sun.net.www.http.HttpClient.New(Unknown Source)
	at sun.net.www.http.HttpClient.New(Unknown Source)
	at sun.net.www.protocol.http.HttpURLConnection.getNewHttpClient(Unknown Source)
	at sun.net.www.protocol.http.HttpURLConnection.plainConnect0(Unknown Source)
	at sun.net.www.protocol.http.HttpURLConnection.plainConnect(Unknown Source)
	at sun.net.www.protocol.http.HttpURLConnection.connect(Unknown Source)
	at sun.net.www.protocol.http.HttpURLConnection.getInputStream0(Unknown Source)
	at sun.net.www.protocol.http.HttpURLConnection.getInputStream(Unknown Source)
	at hudson.model.DownloadService.loadJSON(DownloadService.java:179)
	at hudson.model.UpdateSite.updateDirectlyNow(UpdateSite.java:190)
	at hudson.model.UpdateCenter.updateDefaultSite(UpdateCenter.java:2194)
	at jenkins.install.SetupWizard.init(SetupWizard.java:174)
	at jenkins.install.InstallState$3.initializeState(InstallState.java:105)
	at jenkins.model.Jenkins.setInstallState(Jenkins.java:1062)
	at jenkins.install.InstallUtil.proceedToNextStateFrom(InstallUtil.java:96)
	at jenkins.model.Jenkins.<init>(Jenkins.java:952)
	at hudson.model.Hudson.<init>(Hudson.java:86)
	at hudson.model.Hudson.<init>(Hudson.java:82)
	at hudson.WebAppMain$3.run(WebAppMain.java:235)

24-Dec-2017 10:26:36.553 INFO [Jenkins initialization thread] hudson.WebAppMain$3.run Jenkins is fully up and running
24-Dec-2017 12:49:10.132 INFO [Thread-7] org.apache.coyote.AbstractProtocol.pause Pausing ProtocolHandler ["http-apr-8080"]
24-Dec-2017 12:49:10.211 INFO [Thread-7] org.apache.coyote.AbstractProtocol.pause Pausing ProtocolHandler ["ajp-apr-8019"]
24-Dec-2017 12:49:10.273 INFO [Thread-7] org.apache.catalina.core.StandardService.stopInternal Stopping service Catalina
24-Dec-2017 12:49:10.289 INFO [localhost-startStop-2] jenkins.model.Jenkins.cleanUp Stopping Jenkins
24-Dec-2017 12:49:10.367 INFO [localhost-startStop-2] jenkins.model.Jenkins$21.onAttained Started termination
24-Dec-2017 12:49:10.429 INFO [localhost-startStop-2] jenkins.model.Jenkins$21.onAttained Completed termination
24-Dec-2017 12:49:10.429 INFO [localhost-startStop-2] jenkins.model.Jenkins._cleanUpDisconnectComputers Starting node disconnection
24-Dec-2017 12:49:11.445 INFO [localhost-startStop-2] jenkins.model.Jenkins._cleanUpShutdownPluginManager Stopping plugin manager
24-Dec-2017 12:49:11.445 INFO [localhost-startStop-2] jenkins.model.Jenkins._cleanUpPersistQueue Persisting build queue
24-Dec-2017 12:49:11.461 INFO [localhost-startStop-2] jenkins.model.Jenkins._cleanUpAwaitDisconnects Waiting for node disconnection completion
24-Dec-2017 12:49:11.461 INFO [localhost-startStop-2] jenkins.model.Jenkins.cleanUp Jenkins stopped
24-Dec-2017 12:49:11.461 WARNING [localhost-startStop-2] org.apache.catalina.loader.WebappClassLoaderBase.clearReferencesThreads The web application [jenkins] appears to have started a thread named [Computer.threadPoolForRemoting [#3]] but has failed to stop it. This is very likely to create a memory leak. Stack trace of thread:
 sun.misc.Unsafe.park(Native Method)
 java.util.concurrent.locks.LockSupport.parkNanos(Unknown Source)
 java.util.concurrent.SynchronousQueue$TransferStack.awaitFulfill(Unknown Source)
 java.util.concurrent.SynchronousQueue$TransferStack.transfer(Unknown Source)
 java.util.concurrent.SynchronousQueue.poll(Unknown Source)
 java.util.concurrent.ThreadPoolExecutor.getTask(Unknown Source)
 java.util.concurrent.ThreadPoolExecutor.runWorker(Unknown Source)
 java.util.concurrent.ThreadPoolExecutor$Worker.run(Unknown Source)
 java.lang.Thread.run(Unknown Source)
24-Dec-2017 12:49:11.461 SEVERE [localhost-startStop-2] org.apache.catalina.loader.WebappClassLoaderBase.checkThreadLocalMapForLeaks The web application [jenkins] created a ThreadLocal with key of type [java.lang.ThreadLocal] (value [java.lang.ThreadLocal@27b2ad55]) and a value of type [org.acegisecurity.context.SecurityContextImpl] (value [org.acegisecurity.context.SecurityContextImpl@ffffffff: Null authentication]) but failed to remove it when the web application was stopped. Threads are going to be renewed over time to try and avoid a probable memory leak.
24-Dec-2017 12:49:11.492 INFO [Thread-7] org.apache.coyote.AbstractProtocol.stop Stopping ProtocolHandler ["http-apr-8080"]
24-Dec-2017 12:49:11.554 INFO [Thread-7] org.apache.coyote.AbstractProtocol.stop Stopping ProtocolHandler ["ajp-apr-8019"]
24-Dec-2017 16:52:23.601 INFO [main] org.apache.catalina.startup.VersionLoggerListener.log Server version:        Apache Tomcat/8.0.36
24-Dec-2017 16:52:23.601 INFO [main] org.apache.catalina.startup.VersionLoggerListener.log Server built:          Jun 9 2016 13:55:50 UTC
24-Dec-2017 16:52:23.601 INFO [main] org.apache.catalina.startup.VersionLoggerListener.log Server number:         8.0.36.0
24-Dec-2017 16:52:23.601 INFO [main] org.apache.catalina.startup.VersionLoggerListener.log OS Name:               Windows 10
24-Dec-2017 16:52:23.601 INFO [main] org.apache.catalina.startup.VersionLoggerListener.log OS Version:            10.0
24-Dec-2017 16:52:23.601 INFO [main] org.apache.catalina.startup.VersionLoggerListener.log Architecture:          amd64
24-Dec-2017 16:52:23.601 INFO [main] org.apache.catalina.startup.VersionLoggerListener.log Java Home:             C:\Program Files\Java\jre1.8.0_102
24-Dec-2017 16:52:23.601 INFO [main] org.apache.catalina.startup.VersionLoggerListener.log JVM Version:           1.8.0_102-b14
24-Dec-2017 16:52:23.601 INFO [main] org.apache.catalina.startup.VersionLoggerListener.log JVM Vendor:            Oracle Corporation
24-Dec-2017 16:52:23.601 INFO [main] org.apache.catalina.startup.VersionLoggerListener.log CATALINA_BASE:         D:\Program Files\Apache Software Foundation\Tomcat 8.0
24-Dec-2017 16:52:23.601 INFO [main] org.apache.catalina.startup.VersionLoggerListener.log CATALINA_HOME:         D:\Program Files\Apache Software Foundation\Tomcat 8.0
24-Dec-2017 16:52:23.601 INFO [main] org.apache.catalina.startup.VersionLoggerListener.log Command line argument: -Dcatalina.home=D:\Program Files\Apache Software Foundation\Tomcat 8.0
24-Dec-2017 16:52:23.601 INFO [main] org.apache.catalina.startup.VersionLoggerListener.log Command line argument: -Dcatalina.base=D:\Program Files\Apache Software Foundation\Tomcat 8.0
24-Dec-2017 16:52:23.601 INFO [main] org.apache.catalina.startup.VersionLoggerListener.log Command line argument: -Djava.endorsed.dirs=D:\Program Files\Apache Software Foundation\Tomcat 8.0\endorsed
24-Dec-2017 16:52:23.601 INFO [main] org.apache.catalina.startup.VersionLoggerListener.log Command line argument: -Djava.io.tmpdir=D:\Program Files\Apache Software Foundation\Tomcat 8.0\temp
24-Dec-2017 16:52:23.601 INFO [main] org.apache.catalina.startup.VersionLoggerListener.log Command line argument: -Djava.util.logging.manager=org.apache.juli.ClassLoaderLogManager
24-Dec-2017 16:52:23.601 INFO [main] org.apache.catalina.startup.VersionLoggerListener.log Command line argument: -Djava.util.logging.config.file=D:\Program Files\Apache Software Foundation\Tomcat 8.0\conf\logging.properties
24-Dec-2017 16:52:23.601 INFO [main] org.apache.catalina.startup.VersionLoggerListener.log Command line argument: exit
24-Dec-2017 16:52:23.617 INFO [main] org.apache.catalina.startup.VersionLoggerListener.log Command line argument: -Xms128m
24-Dec-2017 16:52:23.617 INFO [main] org.apache.catalina.startup.VersionLoggerListener.log Command line argument: -Xmx256m
24-Dec-2017 16:52:23.617 INFO [main] org.apache.catalina.core.AprLifecycleListener.lifecycleEvent Loaded APR based Apache Tomcat Native library 1.2.7 using APR version 1.5.2.
24-Dec-2017 16:52:23.617 INFO [main] org.apache.catalina.core.AprLifecycleListener.lifecycleEvent APR capabilities: IPv6 [true], sendfile [true], accept filters [false], random [true].
24-Dec-2017 16:52:24.742 INFO [main] org.apache.catalina.core.AprLifecycleListener.initializeSSL OpenSSL successfully initialized (OpenSSL 1.0.2h  3 May 2016)
24-Dec-2017 16:52:25.195 INFO [main] org.apache.coyote.AbstractProtocol.init Initializing ProtocolHandler ["http-apr-8080"]
24-Dec-2017 16:52:25.226 INFO [main] org.apache.coyote.AbstractProtocol.init Initializing ProtocolHandler ["ajp-apr-8019"]
24-Dec-2017 16:52:25.226 INFO [main] org.apache.catalina.startup.Catalina.load Initialization processed in 2658 ms
24-Dec-2017 16:52:25.273 INFO [main] org.apache.catalina.core.StandardService.startInternal Starting service Catalina
24-Dec-2017 16:52:25.273 INFO [main] org.apache.catalina.core.StandardEngine.startInternal Starting Servlet Engine: Apache Tomcat/8.0.36
24-Dec-2017 16:52:25.398 INFO [localhost-startStop-1] org.apache.catalina.startup.HostConfig.deployWAR Deploying web application archive D:\Program Files\Apache Software Foundation\Tomcat 8.0\webapps\jenkins.war
24-Dec-2017 16:52:42.162 INFO [localhost-startStop-1] org.apache.jasper.servlet.TldScanner.scanJars At least one JAR was scanned for TLDs yet contained no TLDs. Enable debug logging for this logger for a complete list of JARs that were scanned but no TLDs were found in them. Skipping unneeded JARs during scanning can improve startup time and JSP compilation time.
24-Dec-2017 16:52:45.553 INFO [localhost-startStop-1] org.apache.catalina.startup.HostConfig.deployWAR Deployment of web application archive D:\Program Files\Apache Software Foundation\Tomcat 8.0\webapps\jenkins.war has finished in 20,155 ms
24-Dec-2017 16:52:45.553 INFO [localhost-startStop-1] org.apache.catalina.startup.HostConfig.deployDirectory Deploying web application directory D:\Program Files\Apache Software Foundation\Tomcat 8.0\webapps\docs
24-Dec-2017 16:52:45.631 INFO [localhost-startStop-1] org.apache.catalina.startup.HostConfig.deployDirectory Deployment of web application directory D:\Program Files\Apache Software Foundation\Tomcat 8.0\webapps\docs has finished in 78 ms
24-Dec-2017 16:52:45.631 INFO [localhost-startStop-1] org.apache.catalina.startup.HostConfig.deployDirectory Deploying web application directory D:\Program Files\Apache Software Foundation\Tomcat 8.0\webapps\examples
24-Dec-2017 16:52:46.710 INFO [localhost-startStop-1] org.apache.catalina.startup.HostConfig.deployDirectory Deployment of web application directory D:\Program Files\Apache Software Foundation\Tomcat 8.0\webapps\examples has finished in 1,079 ms
24-Dec-2017 16:52:46.710 INFO [localhost-startStop-1] org.apache.catalina.startup.HostConfig.deployDirectory Deploying web application directory D:\Program Files\Apache Software Foundation\Tomcat 8.0\webapps\host-manager
24-Dec-2017 16:52:46.804 INFO [localhost-startStop-1] org.apache.catalina.startup.HostConfig.deployDirectory Deployment of web application directory D:\Program Files\Apache Software Foundation\Tomcat 8.0\webapps\host-manager has finished in 94 ms
24-Dec-2017 16:52:46.804 INFO [localhost-startStop-1] org.apache.catalina.startup.HostConfig.deployDirectory Deploying web application directory D:\Program Files\Apache Software Foundation\Tomcat 8.0\webapps\manager
24-Dec-2017 16:52:46.882 INFO [localhost-startStop-1] org.apache.catalina.startup.HostConfig.deployDirectory Deployment of web application directory D:\Program Files\Apache Software Foundation\Tomcat 8.0\webapps\manager has finished in 78 ms
24-Dec-2017 16:52:46.882 INFO [localhost-startStop-1] org.apache.catalina.startup.HostConfig.deployDirectory Deploying web application directory D:\Program Files\Apache Software Foundation\Tomcat 8.0\webapps\ROOT
24-Dec-2017 16:52:47.038 INFO [localhost-startStop-1] org.apache.catalina.startup.HostConfig.deployDirectory Deployment of web application directory D:\Program Files\Apache Software Foundation\Tomcat 8.0\webapps\ROOT has finished in 156 ms
24-Dec-2017 16:52:47.116 INFO [main] org.apache.coyote.AbstractProtocol.start Starting ProtocolHandler ["http-apr-8080"]
24-Dec-2017 16:52:47.148 INFO [main] org.apache.coyote.AbstractProtocol.start Starting ProtocolHandler ["ajp-apr-8019"]
24-Dec-2017 16:52:47.163 INFO [main] org.apache.catalina.startup.Catalina.start Server startup in 21943 ms
24-Dec-2017 16:52:48.851 INFO [pool-6-thread-2] jenkins.InitReactorRunner$1.onAttained Started initialization
24-Dec-2017 16:52:48.898 INFO [pool-6-thread-2] jenkins.InitReactorRunner$1.onAttained Listed all plugins
24-Dec-2017 16:52:55.901 INFO [pool-6-thread-6] jenkins.InitReactorRunner$1.onAttained Prepared all plugins
24-Dec-2017 16:52:55.901 INFO [pool-6-thread-6] jenkins.InitReactorRunner$1.onAttained Started all plugins
24-Dec-2017 16:52:55.948 INFO [pool-6-thread-6] jenkins.InitReactorRunner$1.onAttained Augmented all extensions
24-Dec-2017 16:52:58.465 INFO [DoubleLaunchChecker.init] jenkins.InitReactorRunner$1.onAttained Loaded all jobs
24-Dec-2017 16:52:59.700 INFO [Download metadata thread] hudson.model.AsyncPeriodicWork$1.run Started Download metadata
24-Dec-2017 16:53:00.325 INFO [pool-6-thread-4] jenkins.InitReactorRunner$1.onAttained Completed initialization
24-Dec-2017 16:53:01.419 INFO [Download metadata thread] hudson.model.AsyncPeriodicWork$1.run Finished Download metadata. 1,719 ms
24-Dec-2017 16:53:03.436 INFO [Finalizing set up] org.springframework.context.support.AbstractApplicationContext.prepareRefresh Refreshing org.springframework.web.context.support.StaticWebApplicationContext@2ceb76ee: display name [Root WebApplicationContext]; startup date [Sun Dec 24 16:53:03 IST 2017]; root of context hierarchy
24-Dec-2017 16:53:03.452 INFO [Finalizing set up] org.springframework.context.support.AbstractApplicationContext.obtainFreshBeanFactory Bean factory for application context [org.springframework.web.context.support.StaticWebApplicationContext@2ceb76ee]: org.springframework.beans.factory.support.DefaultListableBeanFactory@44b79d9f
24-Dec-2017 16:53:03.545 INFO [Finalizing set up] org.springframework.beans.factory.support.DefaultListableBeanFactory.preInstantiateSingletons Pre-instantiating singletons in org.springframework.beans.factory.support.DefaultListableBeanFactory@44b79d9f: defining beans [authenticationManager]; root of factory hierarchy
24-Dec-2017 16:53:05.118 INFO [Finalizing set up] org.springframework.context.support.AbstractApplicationContext.prepareRefresh Refreshing org.springframework.web.context.support.StaticWebApplicationContext@40555f7d: display name [Root WebApplicationContext]; startup date [Sun Dec 24 16:53:05 IST 2017]; root of context hierarchy
24-Dec-2017 16:53:05.118 INFO [Finalizing set up] org.springframework.context.support.AbstractApplicationContext.obtainFreshBeanFactory Bean factory for application context [org.springframework.web.context.support.StaticWebApplicationContext@40555f7d]: org.springframework.beans.factory.support.DefaultListableBeanFactory@fe90df1
24-Dec-2017 16:53:05.120 INFO [Finalizing set up] org.springframework.beans.factory.support.DefaultListableBeanFactory.preInstantiateSingletons Pre-instantiating singletons in org.springframework.beans.factory.support.DefaultListableBeanFactory@fe90df1: defining beans [filter,legacy]; root of factory hierarchy
24-Dec-2017 16:53:05.571 INFO [Jenkins initialization thread] jenkins.install.SetupWizard.init 

*************************************************************
*************************************************************
*************************************************************

Jenkins initial setup is required. An admin user has been created and a password generated.
Please use the following password to proceed to installation:

b7db8979cf6141aca1646cb641a1f987

This may also be found at: C:\windows\system32\config\systemprofile\.jenkins\secrets\initialAdminPassword

*************************************************************
*************************************************************
*************************************************************

24-Dec-2017 16:53:07.003 WARNING [Jenkins initialization thread] hudson.model.UpdateCenter.updateDefaultSite Upgrading Jenkins. Failed to update the default Update Site 'default'. Plugin upgrades may fail.
 java.net.ConnectException: Connection refused: connect
	at java.net.DualStackPlainSocketImpl.waitForConnect(Native Method)
	at java.net.DualStackPlainSocketImpl.socketConnect(Unknown Source)
	at java.net.AbstractPlainSocketImpl.doConnect(Unknown Source)
	at java.net.AbstractPlainSocketImpl.connectToAddress(Unknown Source)
	at java.net.AbstractPlainSocketImpl.connect(Unknown Source)
	at java.net.PlainSocketImpl.connect(Unknown Source)
	at java.net.SocksSocketImpl.connect(Unknown Source)
	at java.net.Socket.connect(Unknown Source)
	at sun.net.NetworkClient.doConnect(Unknown Source)
	at sun.net.www.http.HttpClient.openServer(Unknown Source)
	at sun.net.www.http.HttpClient.openServer(Unknown Source)
	at sun.net.www.http.HttpClient.<init>(Unknown Source)
	at sun.net.www.http.HttpClient.New(Unknown Source)
	at sun.net.www.http.HttpClient.New(Unknown Source)
	at sun.net.www.protocol.http.HttpURLConnection.getNewHttpClient(Unknown Source)
	at sun.net.www.protocol.http.HttpURLConnection.plainConnect0(Unknown Source)
	at sun.net.www.protocol.http.HttpURLConnection.plainConnect(Unknown Source)
	at sun.net.www.protocol.http.HttpURLConnection.connect(Unknown Source)
	at sun.net.www.protocol.http.HttpURLConnection.getInputStream0(Unknown Source)
	at sun.net.www.protocol.http.HttpURLConnection.getInputStream(Unknown Source)
	at hudson.model.DownloadService.loadJSON(DownloadService.java:179)
	at hudson.model.UpdateSite.updateDirectlyNow(UpdateSite.java:190)
	at hudson.model.UpdateCenter.updateDefaultSite(UpdateCenter.java:2194)
	at jenkins.install.SetupWizard.init(SetupWizard.java:174)
	at jenkins.install.InstallState$3.initializeState(InstallState.java:105)
	at jenkins.model.Jenkins.setInstallState(Jenkins.java:1062)
	at jenkins.install.InstallUtil.proceedToNextStateFrom(InstallUtil.java:96)
	at jenkins.model.Jenkins.<init>(Jenkins.java:952)
	at hudson.model.Hudson.<init>(Hudson.java:86)
	at hudson.model.Hudson.<init>(Hudson.java:82)
	at hudson.WebAppMain$3.run(WebAppMain.java:235)

24-Dec-2017 16:53:07.159 INFO [17] hudson.WebAppMain$3.run Jenkins is fully up and running
24-Dec-2017 23:30:35.198 INFO [Thread-7] org.apache.coyote.AbstractProtocol.pause Pausing ProtocolHandler ["http-apr-8080"]
24-Dec-2017 23:30:35.261 INFO [Thread-7] org.apache.coyote.AbstractProtocol.pause Pausing ProtocolHandler ["ajp-apr-8019"]
24-Dec-2017 23:30:35.323 INFO [Thread-7] org.apache.catalina.core.StandardService.stopInternal Stopping service Catalina
24-Dec-2017 23:30:35.339 INFO [localhost-startStop-2] jenkins.model.Jenkins.cleanUp Stopping Jenkins
24-Dec-2017 23:30:35.480 INFO [localhost-startStop-2] jenkins.model.Jenkins$21.onAttained Started termination
24-Dec-2017 23:30:35.542 INFO [localhost-startStop-2] jenkins.model.Jenkins$21.onAttained Completed termination
24-Dec-2017 23:30:35.542 INFO [localhost-startStop-2] jenkins.model.Jenkins._cleanUpDisconnectComputers Starting node disconnection
24-Dec-2017 23:30:36.558 INFO [localhost-startStop-2] jenkins.model.Jenkins._cleanUpShutdownPluginManager Stopping plugin manager
24-Dec-2017 23:30:36.558 INFO [localhost-startStop-2] jenkins.model.Jenkins._cleanUpPersistQueue Persisting build queue
24-Dec-2017 23:30:36.573 INFO [localhost-startStop-2] jenkins.model.Jenkins._cleanUpAwaitDisconnects Waiting for node disconnection completion
24-Dec-2017 23:30:36.573 INFO [localhost-startStop-2] jenkins.model.Jenkins.cleanUp Jenkins stopped
24-Dec-2017 23:30:36.589 WARNING [localhost-startStop-2] org.apache.catalina.loader.WebappClassLoaderBase.clearReferencesThreads The web application [jenkins] appears to have started a thread named [FilePath.localPool [#8]] but has failed to stop it. This is very likely to create a memory leak. Stack trace of thread:
 sun.misc.Unsafe.park(Native Method)
 java.util.concurrent.locks.LockSupport.parkNanos(Unknown Source)
 java.util.concurrent.SynchronousQueue$TransferStack.awaitFulfill(Unknown Source)
 java.util.concurrent.SynchronousQueue$TransferStack.transfer(Unknown Source)
 java.util.concurrent.SynchronousQueue.poll(Unknown Source)
 java.util.concurrent.ThreadPoolExecutor.getTask(Unknown Source)
 java.util.concurrent.ThreadPoolExecutor.runWorker(Unknown Source)
 java.util.concurrent.ThreadPoolExecutor$Worker.run(Unknown Source)
 java.lang.Thread.run(Unknown Source)
24-Dec-2017 23:30:36.589 WARNING [localhost-startStop-2] org.apache.catalina.loader.WebappClassLoaderBase.clearReferencesThreads The web application [jenkins] appears to have started a thread named [FilePath.localPool [#7]] but has failed to stop it. This is very likely to create a memory leak. Stack trace of thread:
 sun.misc.Unsafe.park(Native Method)
 java.util.concurrent.locks.LockSupport.parkNanos(Unknown Source)
 java.util.concurrent.SynchronousQueue$TransferStack.awaitFulfill(Unknown Source)
 java.util.concurrent.SynchronousQueue$TransferStack.transfer(Unknown Source)
 java.util.concurrent.SynchronousQueue.poll(Unknown Source)
 java.util.concurrent.ThreadPoolExecutor.getTask(Unknown Source)
 java.util.concurrent.ThreadPoolExecutor.runWorker(Unknown Source)
 java.util.concurrent.ThreadPoolExecutor$Worker.run(Unknown Source)
 java.lang.Thread.run(Unknown Source)
24-Dec-2017 23:30:36.589 WARNING [localhost-startStop-2] org.apache.catalina.loader.WebappClassLoaderBase.clearReferencesThreads The web application [jenkins] appears to have started a thread named [FilePath.localPool [#9]] but has failed to stop it. This is very likely to create a memory leak. Stack trace of thread:
 sun.misc.Unsafe.park(Native Method)
 java.util.concurrent.locks.LockSupport.parkNanos(Unknown Source)
 java.util.concurrent.SynchronousQueue$TransferStack.awaitFulfill(Unknown Source)
 java.util.concurrent.SynchronousQueue$TransferStack.transfer(Unknown Source)
 java.util.concurrent.SynchronousQueue.poll(Unknown Source)
 java.util.concurrent.ThreadPoolExecutor.getTask(Unknown Source)
 java.util.concurrent.ThreadPoolExecutor.runWorker(Unknown Source)
 java.util.concurrent.ThreadPoolExecutor$Worker.run(Unknown Source)
 java.lang.Thread.run(Unknown Source)
24-Dec-2017 23:30:36.589 WARNING [localhost-startStop-2] org.apache.catalina.loader.WebappClassLoaderBase.clearReferencesThreads The web application [jenkins] appears to have started a thread named [FilePath.localPool [#10]] but has failed to stop it. This is very likely to create a memory leak. Stack trace of thread:
 sun.misc.Unsafe.park(Native Method)
 java.util.concurrent.locks.LockSupport.parkNanos(Unknown Source)
 java.util.concurrent.SynchronousQueue$TransferStack.awaitFulfill(Unknown Source)
 java.util.concurrent.SynchronousQueue$TransferStack.transfer(Unknown Source)
 java.util.concurrent.SynchronousQueue.poll(Unknown Source)
 java.util.concurrent.ThreadPoolExecutor.getTask(Unknown Source)
 java.util.concurrent.ThreadPoolExecutor.runWorker(Unknown Source)
 java.util.concurrent.ThreadPoolExecutor$Worker.run(Unknown Source)
 java.lang.Thread.run(Unknown Source)
24-Dec-2017 23:30:36.589 WARNING [localhost-startStop-2] org.apache.catalina.loader.WebappClassLoaderBase.clearReferencesThreads The web application [jenkins] appears to have started a thread named [Computer.threadPoolForRemoting [#3]] but has failed to stop it. This is very likely to create a memory leak. Stack trace of thread:
 sun.misc.Unsafe.park(Native Method)
 java.util.concurrent.locks.LockSupport.parkNanos(Unknown Source)
 java.util.concurrent.SynchronousQueue$TransferStack.awaitFulfill(Unknown Source)
 java.util.concurrent.SynchronousQueue$TransferStack.transfer(Unknown Source)
 java.util.concurrent.SynchronousQueue.poll(Unknown Source)
 java.util.concurrent.ThreadPoolExecutor.getTask(Unknown Source)
 java.util.concurrent.ThreadPoolExecutor.runWorker(Unknown Source)
 java.util.concurrent.ThreadPoolExecutor$Worker.run(Unknown Source)
 java.lang.Thread.run(Unknown Source)
24-Dec-2017 23:30:36.589 SEVERE [localhost-startStop-2] org.apache.catalina.loader.WebappClassLoaderBase.checkThreadLocalMapForLeaks The web application [jenkins] created a ThreadLocal with key of type [com.sun.jna.Structure$2] (value [com.sun.jna.Structure$2@4495318a]) and a value of type [com.sun.jna.Structure.StructureSet] (value [[]]) but failed to remove it when the web application was stopped. Threads are going to be renewed over time to try and avoid a probable memory leak.
24-Dec-2017 23:30:36.589 SEVERE [localhost-startStop-2] org.apache.catalina.loader.WebappClassLoaderBase.checkThreadLocalMapForLeaks The web application [jenkins] created a ThreadLocal with key of type [com.sun.jna.Structure$2] (value [com.sun.jna.Structure$2@4495318a]) and a value of type [com.sun.jna.Structure.StructureSet] (value [[]]) but failed to remove it when the web application was stopped. Threads are going to be renewed over time to try and avoid a probable memory leak.
24-Dec-2017 23:30:36.589 SEVERE [localhost-startStop-2] org.apache.catalina.loader.WebappClassLoaderBase.checkThreadLocalMapForLeaks The web application [jenkins] created a ThreadLocal with key of type [java.lang.ThreadLocal] (value [java.lang.ThreadLocal@6ef54fb6]) and a value of type [org.acegisecurity.context.SecurityContextImpl] (value [org.acegisecurity.context.SecurityContextImpl@ffffffff: Null authentication]) but failed to remove it when the web application was stopped. Threads are going to be renewed over time to try and avoid a probable memory leak.
24-Dec-2017 23:30:36.620 INFO [Thread-7] org.apache.coyote.AbstractProtocol.stop Stopping ProtocolHandler ["http-apr-8080"]
24-Dec-2017 23:30:36.683 INFO [Thread-7] org.apache.coyote.AbstractProtocol.stop Stopping ProtocolHandler ["ajp-apr-8019"]
24-Dec-2017 23:32:42.831 INFO [main] org.apache.catalina.startup.VersionLoggerListener.log Server version:        Apache Tomcat/8.0.36
24-Dec-2017 23:32:42.831 INFO [main] org.apache.catalina.startup.VersionLoggerListener.log Server built:          Jun 9 2016 13:55:50 UTC
24-Dec-2017 23:32:42.831 INFO [main] org.apache.catalina.startup.VersionLoggerListener.log Server number:         8.0.36.0
24-Dec-2017 23:32:42.831 INFO [main] org.apache.catalina.startup.VersionLoggerListener.log OS Name:               Windows 10
24-Dec-2017 23:32:42.831 INFO [main] org.apache.catalina.startup.VersionLoggerListener.log OS Version:            10.0
24-Dec-2017 23:32:42.831 INFO [main] org.apache.catalina.startup.VersionLoggerListener.log Architecture:          amd64
24-Dec-2017 23:32:42.831 INFO [main] org.apache.catalina.startup.VersionLoggerListener.log Java Home:             C:\Program Files\Java\jre1.8.0_102
24-Dec-2017 23:32:42.831 INFO [main] org.apache.catalina.startup.VersionLoggerListener.log JVM Version:           1.8.0_102-b14
24-Dec-2017 23:32:42.831 INFO [main] org.apache.catalina.startup.VersionLoggerListener.log JVM Vendor:            Oracle Corporation
24-Dec-2017 23:32:42.831 INFO [main] org.apache.catalina.startup.VersionLoggerListener.log CATALINA_BASE:         D:\Program Files\Apache Software Foundation\Tomcat 8.0
24-Dec-2017 23:32:42.831 INFO [main] org.apache.catalina.startup.VersionLoggerListener.log CATALINA_HOME:         D:\Program Files\Apache Software Foundation\Tomcat 8.0
24-Dec-2017 23:32:42.831 INFO [main] org.apache.catalina.startup.VersionLoggerListener.log Command line argument: -Dcatalina.home=D:\Program Files\Apache Software Foundation\Tomcat 8.0
24-Dec-2017 23:32:42.831 INFO [main] org.apache.catalina.startup.VersionLoggerListener.log Command line argument: -Dcatalina.base=D:\Program Files\Apache Software Foundation\Tomcat 8.0
24-Dec-2017 23:32:42.831 INFO [main] org.apache.catalina.startup.VersionLoggerListener.log Command line argument: -Djava.endorsed.dirs=D:\Program Files\Apache Software Foundation\Tomcat 8.0\endorsed
24-Dec-2017 23:32:42.831 INFO [main] org.apache.catalina.startup.VersionLoggerListener.log Command line argument: -Djava.io.tmpdir=D:\Program Files\Apache Software Foundation\Tomcat 8.0\temp
24-Dec-2017 23:32:42.831 INFO [main] org.apache.catalina.startup.VersionLoggerListener.log Command line argument: -Djava.util.logging.manager=org.apache.juli.ClassLoaderLogManager
24-Dec-2017 23:32:42.831 INFO [main] org.apache.catalina.startup.VersionLoggerListener.log Command line argument: -Djava.util.logging.config.file=D:\Program Files\Apache Software Foundation\Tomcat 8.0\conf\logging.properties
24-Dec-2017 23:32:42.831 INFO [main] org.apache.catalina.startup.VersionLoggerListener.log Command line argument: exit
24-Dec-2017 23:32:42.831 INFO [main] org.apache.catalina.startup.VersionLoggerListener.log Command line argument: -Xms128m
24-Dec-2017 23:32:42.831 INFO [main] org.apache.catalina.startup.VersionLoggerListener.log Command line argument: -Xmx256m
24-Dec-2017 23:32:42.831 INFO [main] org.apache.catalina.core.AprLifecycleListener.lifecycleEvent Loaded APR based Apache Tomcat Native library 1.2.7 using APR version 1.5.2.
24-Dec-2017 23:32:42.831 INFO [main] org.apache.catalina.core.AprLifecycleListener.lifecycleEvent APR capabilities: IPv6 [true], sendfile [true], accept filters [false], random [true].
24-Dec-2017 23:32:43.909 INFO [main] org.apache.catalina.core.AprLifecycleListener.initializeSSL OpenSSL successfully initialized (OpenSSL 1.0.2h  3 May 2016)
24-Dec-2017 23:32:44.768 INFO [main] org.apache.coyote.AbstractProtocol.init Initializing ProtocolHandler ["http-apr-8080"]
24-Dec-2017 23:32:44.784 INFO [main] org.apache.coyote.AbstractProtocol.init Initializing ProtocolHandler ["ajp-apr-8019"]
24-Dec-2017 23:32:44.784 INFO [main] org.apache.catalina.startup.Catalina.load Initialization processed in 2749 ms
24-Dec-2017 23:32:44.831 INFO [main] org.apache.catalina.core.StandardService.startInternal Starting service Catalina
24-Dec-2017 23:32:44.831 INFO [main] org.apache.catalina.core.StandardEngine.startInternal Starting Servlet Engine: Apache Tomcat/8.0.36
24-Dec-2017 23:32:44.909 INFO [localhost-startStop-1] org.apache.catalina.startup.HostConfig.deployWAR Deploying web application archive D:\Program Files\Apache Software Foundation\Tomcat 8.0\webapps\jenkins.war
24-Dec-2017 23:32:58.224 INFO [localhost-startStop-1] org.apache.jasper.servlet.TldScanner.scanJars At least one JAR was scanned for TLDs yet contained no TLDs. Enable debug logging for this logger for a complete list of JARs that were scanned but no TLDs were found in them. Skipping unneeded JARs during scanning can improve startup time and JSP compilation time.
24-Dec-2017 23:33:01.693 INFO [localhost-startStop-1] org.apache.catalina.startup.HostConfig.deployWAR Deployment of web application archive D:\Program Files\Apache Software Foundation\Tomcat 8.0\webapps\jenkins.war has finished in 16,768 ms
24-Dec-2017 23:33:01.693 INFO [localhost-startStop-1] org.apache.catalina.startup.HostConfig.deployDirectory Deploying web application directory D:\Program Files\Apache Software Foundation\Tomcat 8.0\webapps\docs
24-Dec-2017 23:33:01.740 INFO [localhost-startStop-1] org.apache.catalina.startup.HostConfig.deployDirectory Deployment of web application directory D:\Program Files\Apache Software Foundation\Tomcat 8.0\webapps\docs has finished in 47 ms
24-Dec-2017 23:33:01.740 INFO [localhost-startStop-1] org.apache.catalina.startup.HostConfig.deployDirectory Deploying web application directory D:\Program Files\Apache Software Foundation\Tomcat 8.0\webapps\examples
24-Dec-2017 23:33:02.662 INFO [localhost-startStop-1] org.apache.catalina.startup.HostConfig.deployDirectory Deployment of web application directory D:\Program Files\Apache Software Foundation\Tomcat 8.0\webapps\examples has finished in 922 ms
24-Dec-2017 23:33:02.662 INFO [localhost-startStop-1] org.apache.catalina.startup.HostConfig.deployDirectory Deploying web application directory D:\Program Files\Apache Software Foundation\Tomcat 8.0\webapps\host-manager
24-Dec-2017 23:33:02.740 INFO [localhost-startStop-1] org.apache.catalina.startup.HostConfig.deployDirectory Deployment of web application directory D:\Program Files\Apache Software Foundation\Tomcat 8.0\webapps\host-manager has finished in 78 ms
24-Dec-2017 23:33:02.740 INFO [localhost-startStop-1] org.apache.catalina.startup.HostConfig.deployDirectory Deploying web application directory D:\Program Files\Apache Software Foundation\Tomcat 8.0\webapps\manager
24-Dec-2017 23:33:02.818 INFO [localhost-startStop-1] org.apache.catalina.startup.HostConfig.deployDirectory Deployment of web application directory D:\Program Files\Apache Software Foundation\Tomcat 8.0\webapps\manager has finished in 78 ms
24-Dec-2017 23:33:02.833 INFO [localhost-startStop-1] org.apache.catalina.startup.HostConfig.deployDirectory Deploying web application directory D:\Program Files\Apache Software Foundation\Tomcat 8.0\webapps\ROOT
24-Dec-2017 23:33:02.880 INFO [localhost-startStop-1] org.apache.catalina.startup.HostConfig.deployDirectory Deployment of web application directory D:\Program Files\Apache Software Foundation\Tomcat 8.0\webapps\ROOT has finished in 47 ms
24-Dec-2017 23:33:02.896 INFO [main] org.apache.coyote.AbstractProtocol.start Starting ProtocolHandler ["http-apr-8080"]
24-Dec-2017 23:33:02.958 INFO [main] org.apache.coyote.AbstractProtocol.start Starting ProtocolHandler ["ajp-apr-8019"]
24-Dec-2017 23:33:02.974 INFO [main] org.apache.catalina.startup.Catalina.start Server startup in 18187 ms
24-Dec-2017 23:33:04.119 INFO [pool-6-thread-2] jenkins.InitReactorRunner$1.onAttained Started initialization
24-Dec-2017 23:33:04.154 INFO [Loading plugins] jenkins.InitReactorRunner$1.onAttained Listed all plugins
24-Dec-2017 23:33:09.554 INFO [pool-6-thread-4] jenkins.InitReactorRunner$1.onAttained Prepared all plugins
24-Dec-2017 23:33:09.554 INFO [RekeySecretAdminMonitor.scanOnReboot] jenkins.InitReactorRunner$1.onAttained Started all plugins
24-Dec-2017 23:33:09.632 INFO [pool-6-thread-4] jenkins.InitReactorRunner$1.onAttained Augmented all extensions
24-Dec-2017 23:33:11.353 INFO [AperiodicWork.init] jenkins.InitReactorRunner$1.onAttained Loaded all jobs
24-Dec-2017 23:33:12.385 INFO [Download metadata thread] hudson.model.AsyncPeriodicWork$1.run Started Download metadata
24-Dec-2017 23:33:12.855 INFO [pool-6-thread-5] jenkins.InitReactorRunner$1.onAttained Completed initialization
24-Dec-2017 23:33:13.981 INFO [Download metadata thread] hudson.model.AsyncPeriodicWork$1.run Finished Download metadata. 1,596 ms
24-Dec-2017 23:33:15.170 INFO [Finalizing set up] org.springframework.context.support.AbstractApplicationContext.prepareRefresh Refreshing org.springframework.web.context.support.StaticWebApplicationContext@6d91882f: display name [Root WebApplicationContext]; startup date [Sun Dec 24 23:33:15 IST 2017]; root of context hierarchy
24-Dec-2017 23:33:15.170 INFO [Finalizing set up] org.springframework.context.support.AbstractApplicationContext.obtainFreshBeanFactory Bean factory for application context [org.springframework.web.context.support.StaticWebApplicationContext@6d91882f]: org.springframework.beans.factory.support.DefaultListableBeanFactory@791bd245
24-Dec-2017 23:33:15.248 INFO [Finalizing set up] org.springframework.beans.factory.support.DefaultListableBeanFactory.preInstantiateSingletons Pre-instantiating singletons in org.springframework.beans.factory.support.DefaultListableBeanFactory@791bd245: defining beans [authenticationManager]; root of factory hierarchy
24-Dec-2017 23:33:16.671 INFO [Finalizing set up] org.springframework.context.support.AbstractApplicationContext.prepareRefresh Refreshing org.springframework.web.context.support.StaticWebApplicationContext@15fd65e6: display name [Root WebApplicationContext]; startup date [Sun Dec 24 23:33:16 IST 2017]; root of context hierarchy
24-Dec-2017 23:33:16.671 INFO [Finalizing set up] org.springframework.context.support.AbstractApplicationContext.obtainFreshBeanFactory Bean factory for application context [org.springframework.web.context.support.StaticWebApplicationContext@15fd65e6]: org.springframework.beans.factory.support.DefaultListableBeanFactory@13c36ff
24-Dec-2017 23:33:16.671 INFO [Finalizing set up] org.springframework.beans.factory.support.DefaultListableBeanFactory.preInstantiateSingletons Pre-instantiating singletons in org.springframework.beans.factory.support.DefaultListableBeanFactory@13c36ff: defining beans [filter,legacy]; root of factory hierarchy
24-Dec-2017 23:33:16.969 INFO [Jenkins initialization thread] jenkins.install.SetupWizard.init 

*************************************************************
*************************************************************
*************************************************************

Jenkins initial setup is required. An admin user has been created and a password generated.
Please use the following password to proceed to installation:

b7db8979cf6141aca1646cb641a1f987

This may also be found at: C:\windows\system32\config\systemprofile\.jenkins\secrets\initialAdminPassword

*************************************************************
*************************************************************
*************************************************************

24-Dec-2017 23:33:18.408 WARNING [Jenkins initialization thread] hudson.model.UpdateCenter.updateDefaultSite Upgrading Jenkins. Failed to update the default Update Site 'default'. Plugin upgrades may fail.
 java.net.ConnectException: Connection refused: connect
	at java.net.DualStackPlainSocketImpl.waitForConnect(Native Method)
	at java.net.DualStackPlainSocketImpl.socketConnect(Unknown Source)
	at java.net.AbstractPlainSocketImpl.doConnect(Unknown Source)
	at java.net.AbstractPlainSocketImpl.connectToAddress(Unknown Source)
	at java.net.AbstractPlainSocketImpl.connect(Unknown Source)
	at java.net.PlainSocketImpl.connect(Unknown Source)
	at java.net.SocksSocketImpl.connect(Unknown Source)
	at java.net.Socket.connect(Unknown Source)
	at sun.net.NetworkClient.doConnect(Unknown Source)
	at sun.net.www.http.HttpClient.openServer(Unknown Source)
	at sun.net.www.http.HttpClient.openServer(Unknown Source)
	at sun.net.www.http.HttpClient.<init>(Unknown Source)
	at sun.net.www.http.HttpClient.New(Unknown Source)
	at sun.net.www.http.HttpClient.New(Unknown Source)
	at sun.net.www.protocol.http.HttpURLConnection.getNewHttpClient(Unknown Source)
	at sun.net.www.protocol.http.HttpURLConnection.plainConnect0(Unknown Source)
	at sun.net.www.protocol.http.HttpURLConnection.plainConnect(Unknown Source)
	at sun.net.www.protocol.http.HttpURLConnection.connect(Unknown Source)
	at sun.net.www.protocol.http.HttpURLConnection.getInputStream0(Unknown Source)
	at sun.net.www.protocol.http.HttpURLConnection.getInputStream(Unknown Source)
	at hudson.model.DownloadService.loadJSON(DownloadService.java:179)
	at hudson.model.UpdateSite.updateDirectlyNow(UpdateSite.java:190)
	at hudson.model.UpdateCenter.updateDefaultSite(UpdateCenter.java:2194)
	at jenkins.install.SetupWizard.init(SetupWizard.java:174)
	at jenkins.install.InstallState$3.initializeState(InstallState.java:105)
	at jenkins.model.Jenkins.setInstallState(Jenkins.java:1062)
	at jenkins.install.InstallUtil.proceedToNextStateFrom(InstallUtil.java:96)
	at jenkins.model.Jenkins.<init>(Jenkins.java:952)
	at hudson.model.Hudson.<init>(Hudson.java:86)
	at hudson.model.Hudson.<init>(Hudson.java:82)
	at hudson.WebAppMain$3.run(WebAppMain.java:235)

24-Dec-2017 23:33:18.486 INFO [Jenkins initialization thread] hudson.WebAppMain$3.run Jenkins is fully up and running
