04-Jan-2018 01:17:50.411 INFO [Thread-7] org.apache.coyote.AbstractProtocol.pause Pausing ProtocolHandler ["http-apr-8080"]
04-Jan-2018 01:17:50.489 INFO [Thread-7] org.apache.coyote.AbstractProtocol.pause Pausing ProtocolHandler ["ajp-apr-8019"]
04-Jan-2018 01:17:50.552 INFO [Thread-7] org.apache.catalina.core.StandardService.stopInternal Stopping service Catalina
04-Jan-2018 01:17:50.614 INFO [localhost-startStop-2] jenkins.model.Jenkins.cleanUp Stopping Jenkins
04-Jan-2018 01:17:50.708 INFO [localhost-startStop-2] jenkins.model.Jenkins$21.onAttained Started termination
04-Jan-2018 01:17:50.802 INFO [localhost-startStop-2] jenkins.model.Jenkins$21.onAttained Completed termination
04-Jan-2018 01:17:50.802 INFO [localhost-startStop-2] jenkins.model.Jenkins._cleanUpDisconnectComputers Starting node disconnection
04-Jan-2018 01:17:51.818 INFO [localhost-startStop-2] jenkins.model.Jenkins._cleanUpShutdownPluginManager Stopping plugin manager
04-Jan-2018 01:17:51.818 INFO [localhost-startStop-2] jenkins.model.Jenkins._cleanUpPersistQueue Persisting build queue
04-Jan-2018 01:17:51.833 INFO [localhost-startStop-2] jenkins.model.Jenkins._cleanUpAwaitDisconnects Waiting for node disconnection completion
04-Jan-2018 01:17:51.833 INFO [localhost-startStop-2] jenkins.model.Jenkins.cleanUp Jenkins stopped
04-Jan-2018 01:17:51.849 WARNING [localhost-startStop-2] org.apache.catalina.loader.WebappClassLoaderBase.clearReferencesThreads The web application [jenkins] appears to have started a thread named [Computer.threadPoolForRemoting [#3]] but has failed to stop it. This is very likely to create a memory leak. Stack trace of thread:
 sun.misc.Unsafe.park(Native Method)
 java.util.concurrent.locks.LockSupport.parkNanos(Unknown Source)
 java.util.concurrent.SynchronousQueue$TransferStack.awaitFulfill(Unknown Source)
 java.util.concurrent.SynchronousQueue$TransferStack.transfer(Unknown Source)
 java.util.concurrent.SynchronousQueue.poll(Unknown Source)
 java.util.concurrent.ThreadPoolExecutor.getTask(Unknown Source)
 java.util.concurrent.ThreadPoolExecutor.runWorker(Unknown Source)
 java.util.concurrent.ThreadPoolExecutor$Worker.run(Unknown Source)
 java.lang.Thread.run(Unknown Source)
04-Jan-2018 01:17:51.849 SEVERE [localhost-startStop-2] org.apache.catalina.loader.WebappClassLoaderBase.checkThreadLocalMapForLeaks The web application [jenkins] created a ThreadLocal with key of type [java.lang.ThreadLocal] (value [java.lang.ThreadLocal@76e628a9]) and a value of type [org.acegisecurity.context.SecurityContextImpl] (value [org.acegisecurity.context.SecurityContextImpl@ffffffff: Null authentication]) but failed to remove it when the web application was stopped. Threads are going to be renewed over time to try and avoid a probable memory leak.
04-Jan-2018 01:17:51.911 INFO [Thread-7] org.apache.coyote.AbstractProtocol.stop Stopping ProtocolHandler ["http-apr-8080"]
04-Jan-2018 01:17:51.974 INFO [Thread-7] org.apache.coyote.AbstractProtocol.stop Stopping ProtocolHandler ["ajp-apr-8019"]
04-Jan-2018 08:11:31.886 INFO [main] org.apache.catalina.startup.VersionLoggerListener.log Server version:        Apache Tomcat/8.0.36
04-Jan-2018 08:11:31.902 INFO [main] org.apache.catalina.startup.VersionLoggerListener.log Server built:          Jun 9 2016 13:55:50 UTC
04-Jan-2018 08:11:31.902 INFO [main] org.apache.catalina.startup.VersionLoggerListener.log Server number:         8.0.36.0
04-Jan-2018 08:11:31.902 INFO [main] org.apache.catalina.startup.VersionLoggerListener.log OS Name:               Windows 10
04-Jan-2018 08:11:31.902 INFO [main] org.apache.catalina.startup.VersionLoggerListener.log OS Version:            10.0
04-Jan-2018 08:11:31.902 INFO [main] org.apache.catalina.startup.VersionLoggerListener.log Architecture:          amd64
04-Jan-2018 08:11:31.902 INFO [main] org.apache.catalina.startup.VersionLoggerListener.log Java Home:             C:\Program Files\Java\jre1.8.0_102
04-Jan-2018 08:11:31.902 INFO [main] org.apache.catalina.startup.VersionLoggerListener.log JVM Version:           1.8.0_102-b14
04-Jan-2018 08:11:31.902 INFO [main] org.apache.catalina.startup.VersionLoggerListener.log JVM Vendor:            Oracle Corporation
04-Jan-2018 08:11:31.902 INFO [main] org.apache.catalina.startup.VersionLoggerListener.log CATALINA_BASE:         D:\Program Files\Apache Software Foundation\Tomcat 8.0
04-Jan-2018 08:11:31.902 INFO [main] org.apache.catalina.startup.VersionLoggerListener.log CATALINA_HOME:         D:\Program Files\Apache Software Foundation\Tomcat 8.0
04-Jan-2018 08:11:31.902 INFO [main] org.apache.catalina.startup.VersionLoggerListener.log Command line argument: -Dcatalina.home=D:\Program Files\Apache Software Foundation\Tomcat 8.0
04-Jan-2018 08:11:31.902 INFO [main] org.apache.catalina.startup.VersionLoggerListener.log Command line argument: -Dcatalina.base=D:\Program Files\Apache Software Foundation\Tomcat 8.0
04-Jan-2018 08:11:31.902 INFO [main] org.apache.catalina.startup.VersionLoggerListener.log Command line argument: -Djava.endorsed.dirs=D:\Program Files\Apache Software Foundation\Tomcat 8.0\endorsed
04-Jan-2018 08:11:31.902 INFO [main] org.apache.catalina.startup.VersionLoggerListener.log Command line argument: -Djava.io.tmpdir=D:\Program Files\Apache Software Foundation\Tomcat 8.0\temp
04-Jan-2018 08:11:31.902 INFO [main] org.apache.catalina.startup.VersionLoggerListener.log Command line argument: -Djava.util.logging.manager=org.apache.juli.ClassLoaderLogManager
04-Jan-2018 08:11:31.902 INFO [main] org.apache.catalina.startup.VersionLoggerListener.log Command line argument: -Djava.util.logging.config.file=D:\Program Files\Apache Software Foundation\Tomcat 8.0\conf\logging.properties
04-Jan-2018 08:11:31.902 INFO [main] org.apache.catalina.startup.VersionLoggerListener.log Command line argument: exit
04-Jan-2018 08:11:31.902 INFO [main] org.apache.catalina.startup.VersionLoggerListener.log Command line argument: -Xms128m
04-Jan-2018 08:11:31.902 INFO [main] org.apache.catalina.startup.VersionLoggerListener.log Command line argument: -Xmx256m
04-Jan-2018 08:11:31.902 INFO [main] org.apache.catalina.core.AprLifecycleListener.lifecycleEvent Loaded APR based Apache Tomcat Native library 1.2.7 using APR version 1.5.2.
04-Jan-2018 08:11:31.902 INFO [main] org.apache.catalina.core.AprLifecycleListener.lifecycleEvent APR capabilities: IPv6 [true], sendfile [true], accept filters [false], random [true].
04-Jan-2018 08:11:32.980 INFO [main] org.apache.catalina.core.AprLifecycleListener.initializeSSL OpenSSL successfully initialized (OpenSSL 1.0.2h  3 May 2016)
04-Jan-2018 08:11:33.433 INFO [main] org.apache.coyote.AbstractProtocol.init Initializing ProtocolHandler ["http-apr-8080"]
04-Jan-2018 08:11:33.449 INFO [main] org.apache.coyote.AbstractProtocol.init Initializing ProtocolHandler ["ajp-apr-8019"]
04-Jan-2018 08:11:33.449 INFO [main] org.apache.catalina.startup.Catalina.load Initialization processed in 2387 ms
04-Jan-2018 08:11:33.495 INFO [main] org.apache.catalina.core.StandardService.startInternal Starting service Catalina
04-Jan-2018 08:11:33.495 INFO [main] org.apache.catalina.core.StandardEngine.startInternal Starting Servlet Engine: Apache Tomcat/8.0.36
04-Jan-2018 08:11:33.589 INFO [localhost-startStop-1] org.apache.catalina.startup.HostConfig.deployWAR Deploying web application archive D:\Program Files\Apache Software Foundation\Tomcat 8.0\webapps\jenkins.war
04-Jan-2018 08:11:46.664 INFO [localhost-startStop-1] org.apache.jasper.servlet.TldScanner.scanJars At least one JAR was scanned for TLDs yet contained no TLDs. Enable debug logging for this logger for a complete list of JARs that were scanned but no TLDs were found in them. Skipping unneeded JARs during scanning can improve startup time and JSP compilation time.
04-Jan-2018 08:11:49.445 INFO [localhost-startStop-1] org.apache.catalina.startup.HostConfig.deployWAR Deployment of web application archive D:\Program Files\Apache Software Foundation\Tomcat 8.0\webapps\jenkins.war has finished in 15,856 ms
04-Jan-2018 08:11:49.445 INFO [localhost-startStop-1] org.apache.catalina.startup.HostConfig.deployDirectory Deploying web application directory D:\Program Files\Apache Software Foundation\Tomcat 8.0\webapps\docs
04-Jan-2018 08:11:49.492 INFO [localhost-startStop-1] org.apache.catalina.startup.HostConfig.deployDirectory Deployment of web application directory D:\Program Files\Apache Software Foundation\Tomcat 8.0\webapps\docs has finished in 47 ms
04-Jan-2018 08:11:49.492 INFO [localhost-startStop-1] org.apache.catalina.startup.HostConfig.deployDirectory Deploying web application directory D:\Program Files\Apache Software Foundation\Tomcat 8.0\webapps\examples
04-Jan-2018 08:11:50.539 INFO [localhost-startStop-1] org.apache.catalina.startup.HostConfig.deployDirectory Deployment of web application directory D:\Program Files\Apache Software Foundation\Tomcat 8.0\webapps\examples has finished in 1,047 ms
04-Jan-2018 08:11:50.539 INFO [localhost-startStop-1] org.apache.catalina.startup.HostConfig.deployDirectory Deploying web application directory D:\Program Files\Apache Software Foundation\Tomcat 8.0\webapps\host-manager
04-Jan-2018 08:11:50.633 INFO [localhost-startStop-1] org.apache.catalina.startup.HostConfig.deployDirectory Deployment of web application directory D:\Program Files\Apache Software Foundation\Tomcat 8.0\webapps\host-manager has finished in 94 ms
04-Jan-2018 08:11:50.633 INFO [localhost-startStop-1] org.apache.catalina.startup.HostConfig.deployDirectory Deploying web application directory D:\Program Files\Apache Software Foundation\Tomcat 8.0\webapps\manager
04-Jan-2018 08:11:50.679 INFO [localhost-startStop-1] org.apache.catalina.startup.HostConfig.deployDirectory Deployment of web application directory D:\Program Files\Apache Software Foundation\Tomcat 8.0\webapps\manager has finished in 46 ms
04-Jan-2018 08:11:50.679 INFO [localhost-startStop-1] org.apache.catalina.startup.HostConfig.deployDirectory Deploying web application directory D:\Program Files\Apache Software Foundation\Tomcat 8.0\webapps\ROOT
04-Jan-2018 08:11:50.726 INFO [localhost-startStop-1] org.apache.catalina.startup.HostConfig.deployDirectory Deployment of web application directory D:\Program Files\Apache Software Foundation\Tomcat 8.0\webapps\ROOT has finished in 47 ms
04-Jan-2018 08:11:50.742 INFO [main] org.apache.coyote.AbstractProtocol.start Starting ProtocolHandler ["http-apr-8080"]
04-Jan-2018 08:11:50.773 INFO [main] org.apache.coyote.AbstractProtocol.start Starting ProtocolHandler ["ajp-apr-8019"]
04-Jan-2018 08:11:50.804 INFO [main] org.apache.catalina.startup.Catalina.start Server startup in 17355 ms
04-Jan-2018 08:11:52.062 INFO [pool-6-thread-2] jenkins.InitReactorRunner$1.onAttained Started initialization
04-Jan-2018 08:11:52.109 INFO [pool-6-thread-6] jenkins.InitReactorRunner$1.onAttained Listed all plugins
04-Jan-2018 08:11:57.496 INFO [pool-6-thread-4] jenkins.InitReactorRunner$1.onAttained Prepared all plugins
04-Jan-2018 08:11:57.496 INFO [RekeySecretAdminMonitor.scanOnReboot] jenkins.InitReactorRunner$1.onAttained Started all plugins
04-Jan-2018 08:11:57.528 INFO [DownloadableListener.installListener] jenkins.InitReactorRunner$1.onAttained Augmented all extensions
04-Jan-2018 08:11:59.104 INFO [pool-6-thread-6] jenkins.InitReactorRunner$1.onAttained Loaded all jobs
04-Jan-2018 08:12:00.103 INFO [Download metadata thread] hudson.model.AsyncPeriodicWork$1.run Started Download metadata
04-Jan-2018 08:12:00.618 INFO [pool-6-thread-1] jenkins.InitReactorRunner$1.onAttained Completed initialization
04-Jan-2018 08:12:01.757 INFO [Download metadata thread] hudson.model.AsyncPeriodicWork$1.run Finished Download metadata. 1,607 ms
04-Jan-2018 08:12:03.084 INFO [Finalizing set up] org.springframework.context.support.AbstractApplicationContext.prepareRefresh Refreshing org.springframework.web.context.support.StaticWebApplicationContext@5abf38e: display name [Root WebApplicationContext]; startup date [Thu Jan 04 08:12:03 IST 2018]; root of context hierarchy
04-Jan-2018 08:12:03.084 INFO [Finalizing set up] org.springframework.context.support.AbstractApplicationContext.obtainFreshBeanFactory Bean factory for application context [org.springframework.web.context.support.StaticWebApplicationContext@5abf38e]: org.springframework.beans.factory.support.DefaultListableBeanFactory@163cf81
04-Jan-2018 08:12:03.147 INFO [Finalizing set up] org.springframework.beans.factory.support.DefaultListableBeanFactory.preInstantiateSingletons Pre-instantiating singletons in org.springframework.beans.factory.support.DefaultListableBeanFactory@163cf81: defining beans [authenticationManager]; root of factory hierarchy
04-Jan-2018 08:12:04.192 INFO [Finalizing set up] org.springframework.context.support.AbstractApplicationContext.prepareRefresh Refreshing org.springframework.web.context.support.StaticWebApplicationContext@542be2c1: display name [Root WebApplicationContext]; startup date [Thu Jan 04 08:12:04 IST 2018]; root of context hierarchy
04-Jan-2018 08:12:04.192 INFO [Finalizing set up] org.springframework.context.support.AbstractApplicationContext.obtainFreshBeanFactory Bean factory for application context [org.springframework.web.context.support.StaticWebApplicationContext@542be2c1]: org.springframework.beans.factory.support.DefaultListableBeanFactory@57ee7d65
04-Jan-2018 08:12:04.192 INFO [Finalizing set up] org.springframework.beans.factory.support.DefaultListableBeanFactory.preInstantiateSingletons Pre-instantiating singletons in org.springframework.beans.factory.support.DefaultListableBeanFactory@57ee7d65: defining beans [filter,legacy]; root of factory hierarchy
04-Jan-2018 08:12:04.473 INFO [Jenkins initialization thread] jenkins.install.SetupWizard.init 

*************************************************************
*************************************************************
*************************************************************

Jenkins initial setup is required. An admin user has been created and a password generated.
Please use the following password to proceed to installation:

b7db8979cf6141aca1646cb641a1f987

This may also be found at: C:\windows\system32\config\systemprofile\.jenkins\secrets\initialAdminPassword

*************************************************************
*************************************************************
*************************************************************

04-Jan-2018 08:12:05.873 WARNING [Jenkins initialization thread] hudson.model.UpdateCenter.updateDefaultSite Upgrading Jenkins. Failed to update the default Update Site 'default'. Plugin upgrades may fail.
 java.net.ConnectException: Connection refused: connect
	at java.net.DualStackPlainSocketImpl.waitForConnect(Native Method)
	at java.net.DualStackPlainSocketImpl.socketConnect(Unknown Source)
	at java.net.AbstractPlainSocketImpl.doConnect(Unknown Source)
	at java.net.AbstractPlainSocketImpl.connectToAddress(Unknown Source)
	at java.net.AbstractPlainSocketImpl.connect(Unknown Source)
	at java.net.PlainSocketImpl.connect(Unknown Source)
	at java.net.SocksSocketImpl.connect(Unknown Source)
	at java.net.Socket.connect(Unknown Source)
	at sun.net.NetworkClient.doConnect(Unknown Source)
	at sun.net.www.http.HttpClient.openServer(Unknown Source)
	at sun.net.www.http.HttpClient.openServer(Unknown Source)
	at sun.net.www.http.HttpClient.<init>(Unknown Source)
	at sun.net.www.http.HttpClient.New(Unknown Source)
	at sun.net.www.http.HttpClient.New(Unknown Source)
	at sun.net.www.protocol.http.HttpURLConnection.getNewHttpClient(Unknown Source)
	at sun.net.www.protocol.http.HttpURLConnection.plainConnect0(Unknown Source)
	at sun.net.www.protocol.http.HttpURLConnection.plainConnect(Unknown Source)
	at sun.net.www.protocol.http.HttpURLConnection.connect(Unknown Source)
	at sun.net.www.protocol.http.HttpURLConnection.getInputStream0(Unknown Source)
	at sun.net.www.protocol.http.HttpURLConnection.getInputStream(Unknown Source)
	at hudson.model.DownloadService.loadJSON(DownloadService.java:179)
	at hudson.model.UpdateSite.updateDirectlyNow(UpdateSite.java:190)
	at hudson.model.UpdateCenter.updateDefaultSite(UpdateCenter.java:2194)
	at jenkins.install.SetupWizard.init(SetupWizard.java:174)
	at jenkins.install.InstallState$3.initializeState(InstallState.java:105)
	at jenkins.model.Jenkins.setInstallState(Jenkins.java:1062)
	at jenkins.install.InstallUtil.proceedToNextStateFrom(InstallUtil.java:96)
	at jenkins.model.Jenkins.<init>(Jenkins.java:952)
	at hudson.model.Hudson.<init>(Hudson.java:86)
	at hudson.model.Hudson.<init>(Hudson.java:82)
	at hudson.WebAppMain$3.run(WebAppMain.java:235)

04-Jan-2018 08:12:05.931 INFO [17] hudson.WebAppMain$3.run Jenkins is fully up and running
04-Jan-2018 18:37:32.184 INFO [Thread-7] org.apache.coyote.AbstractProtocol.pause Pausing ProtocolHandler ["http-apr-8080"]
04-Jan-2018 18:37:32.278 INFO [Thread-7] org.apache.coyote.AbstractProtocol.pause Pausing ProtocolHandler ["ajp-apr-8019"]
04-Jan-2018 18:37:32.340 INFO [Thread-7] org.apache.catalina.core.StandardService.stopInternal Stopping service Catalina
04-Jan-2018 18:37:32.481 INFO [localhost-startStop-2] jenkins.model.Jenkins.cleanUp Stopping Jenkins
04-Jan-2018 18:37:32.684 INFO [localhost-startStop-2] jenkins.model.Jenkins$21.onAttained Started termination
04-Jan-2018 18:37:32.825 INFO [localhost-startStop-2] jenkins.model.Jenkins$21.onAttained Completed termination
04-Jan-2018 18:37:32.825 INFO [localhost-startStop-2] jenkins.model.Jenkins._cleanUpDisconnectComputers Starting node disconnection
04-Jan-2018 18:37:33.856 INFO [localhost-startStop-2] jenkins.model.Jenkins._cleanUpShutdownPluginManager Stopping plugin manager
04-Jan-2018 18:37:33.872 INFO [localhost-startStop-2] jenkins.model.Jenkins._cleanUpPersistQueue Persisting build queue
04-Jan-2018 18:37:33.887 INFO [localhost-startStop-2] jenkins.model.Jenkins._cleanUpAwaitDisconnects Waiting for node disconnection completion
04-Jan-2018 18:37:33.887 INFO [localhost-startStop-2] jenkins.model.Jenkins.cleanUp Jenkins stopped
04-Jan-2018 18:37:33.903 WARNING [localhost-startStop-2] org.apache.catalina.loader.WebappClassLoaderBase.clearReferencesThreads The web application [jenkins] appears to have started a thread named [Computer.threadPoolForRemoting [#3]] but has failed to stop it. This is very likely to create a memory leak. Stack trace of thread:
 sun.misc.Unsafe.park(Native Method)
 java.util.concurrent.locks.LockSupport.parkNanos(Unknown Source)
 java.util.concurrent.SynchronousQueue$TransferStack.awaitFulfill(Unknown Source)
 java.util.concurrent.SynchronousQueue$TransferStack.transfer(Unknown Source)
 java.util.concurrent.SynchronousQueue.poll(Unknown Source)
 java.util.concurrent.ThreadPoolExecutor.getTask(Unknown Source)
 java.util.concurrent.ThreadPoolExecutor.runWorker(Unknown Source)
 java.util.concurrent.ThreadPoolExecutor$Worker.run(Unknown Source)
 java.lang.Thread.run(Unknown Source)
04-Jan-2018 18:37:33.903 SEVERE [localhost-startStop-2] org.apache.catalina.loader.WebappClassLoaderBase.checkThreadLocalMapForLeaks The web application [jenkins] created a ThreadLocal with key of type [java.lang.ThreadLocal] (value [java.lang.ThreadLocal@494e8456]) and a value of type [org.acegisecurity.context.SecurityContextImpl] (value [org.acegisecurity.context.SecurityContextImpl@ffffffff: Null authentication]) but failed to remove it when the web application was stopped. Threads are going to be renewed over time to try and avoid a probable memory leak.
04-Jan-2018 18:37:33.997 INFO [Thread-7] org.apache.coyote.AbstractProtocol.stop Stopping ProtocolHandler ["http-apr-8080"]
04-Jan-2018 18:37:34.059 INFO [Thread-7] org.apache.coyote.AbstractProtocol.stop Stopping ProtocolHandler ["ajp-apr-8019"]
04-Jan-2018 21:35:36.081 INFO [main] org.apache.catalina.startup.VersionLoggerListener.log Server version:        Apache Tomcat/8.0.36
04-Jan-2018 21:35:36.081 INFO [main] org.apache.catalina.startup.VersionLoggerListener.log Server built:          Jun 9 2016 13:55:50 UTC
04-Jan-2018 21:35:36.081 INFO [main] org.apache.catalina.startup.VersionLoggerListener.log Server number:         8.0.36.0
04-Jan-2018 21:35:36.081 INFO [main] org.apache.catalina.startup.VersionLoggerListener.log OS Name:               Windows 10
04-Jan-2018 21:35:36.081 INFO [main] org.apache.catalina.startup.VersionLoggerListener.log OS Version:            10.0
04-Jan-2018 21:35:36.081 INFO [main] org.apache.catalina.startup.VersionLoggerListener.log Architecture:          amd64
04-Jan-2018 21:35:36.081 INFO [main] org.apache.catalina.startup.VersionLoggerListener.log Java Home:             C:\Program Files\Java\jre1.8.0_102
04-Jan-2018 21:35:36.081 INFO [main] org.apache.catalina.startup.VersionLoggerListener.log JVM Version:           1.8.0_102-b14
04-Jan-2018 21:35:36.081 INFO [main] org.apache.catalina.startup.VersionLoggerListener.log JVM Vendor:            Oracle Corporation
04-Jan-2018 21:35:36.081 INFO [main] org.apache.catalina.startup.VersionLoggerListener.log CATALINA_BASE:         D:\Program Files\Apache Software Foundation\Tomcat 8.0
04-Jan-2018 21:35:36.081 INFO [main] org.apache.catalina.startup.VersionLoggerListener.log CATALINA_HOME:         D:\Program Files\Apache Software Foundation\Tomcat 8.0
04-Jan-2018 21:35:36.081 INFO [main] org.apache.catalina.startup.VersionLoggerListener.log Command line argument: -Dcatalina.home=D:\Program Files\Apache Software Foundation\Tomcat 8.0
04-Jan-2018 21:35:36.081 INFO [main] org.apache.catalina.startup.VersionLoggerListener.log Command line argument: -Dcatalina.base=D:\Program Files\Apache Software Foundation\Tomcat 8.0
04-Jan-2018 21:35:36.081 INFO [main] org.apache.catalina.startup.VersionLoggerListener.log Command line argument: -Djava.endorsed.dirs=D:\Program Files\Apache Software Foundation\Tomcat 8.0\endorsed
04-Jan-2018 21:35:36.081 INFO [main] org.apache.catalina.startup.VersionLoggerListener.log Command line argument: -Djava.io.tmpdir=D:\Program Files\Apache Software Foundation\Tomcat 8.0\temp
04-Jan-2018 21:35:36.081 INFO [main] org.apache.catalina.startup.VersionLoggerListener.log Command line argument: -Djava.util.logging.manager=org.apache.juli.ClassLoaderLogManager
04-Jan-2018 21:35:36.081 INFO [main] org.apache.catalina.startup.VersionLoggerListener.log Command line argument: -Djava.util.logging.config.file=D:\Program Files\Apache Software Foundation\Tomcat 8.0\conf\logging.properties
04-Jan-2018 21:35:36.081 INFO [main] org.apache.catalina.startup.VersionLoggerListener.log Command line argument: exit
04-Jan-2018 21:35:36.081 INFO [main] org.apache.catalina.startup.VersionLoggerListener.log Command line argument: -Xms128m
04-Jan-2018 21:35:36.081 INFO [main] org.apache.catalina.startup.VersionLoggerListener.log Command line argument: -Xmx256m
04-Jan-2018 21:35:36.081 INFO [main] org.apache.catalina.core.AprLifecycleListener.lifecycleEvent Loaded APR based Apache Tomcat Native library 1.2.7 using APR version 1.5.2.
04-Jan-2018 21:35:36.081 INFO [main] org.apache.catalina.core.AprLifecycleListener.lifecycleEvent APR capabilities: IPv6 [true], sendfile [true], accept filters [false], random [true].
04-Jan-2018 21:35:37.159 INFO [main] org.apache.catalina.core.AprLifecycleListener.initializeSSL OpenSSL successfully initialized (OpenSSL 1.0.2h  3 May 2016)
04-Jan-2018 21:35:37.581 INFO [main] org.apache.coyote.AbstractProtocol.init Initializing ProtocolHandler ["http-apr-8080"]
04-Jan-2018 21:35:37.597 INFO [main] org.apache.coyote.AbstractProtocol.init Initializing ProtocolHandler ["ajp-apr-8019"]
04-Jan-2018 21:35:37.597 INFO [main] org.apache.catalina.startup.Catalina.load Initialization processed in 2343 ms
04-Jan-2018 21:35:37.675 INFO [main] org.apache.catalina.core.StandardService.startInternal Starting service Catalina
04-Jan-2018 21:35:37.675 INFO [main] org.apache.catalina.core.StandardEngine.startInternal Starting Servlet Engine: Apache Tomcat/8.0.36
04-Jan-2018 21:35:37.768 INFO [localhost-startStop-1] org.apache.catalina.startup.HostConfig.deployWAR Deploying web application archive D:\Program Files\Apache Software Foundation\Tomcat 8.0\webapps\jenkins.war
04-Jan-2018 21:35:51.725 INFO [localhost-startStop-1] org.apache.jasper.servlet.TldScanner.scanJars At least one JAR was scanned for TLDs yet contained no TLDs. Enable debug logging for this logger for a complete list of JARs that were scanned but no TLDs were found in them. Skipping unneeded JARs during scanning can improve startup time and JSP compilation time.
04-Jan-2018 21:35:54.284 INFO [localhost-startStop-1] org.apache.catalina.startup.HostConfig.deployWAR Deployment of web application archive D:\Program Files\Apache Software Foundation\Tomcat 8.0\webapps\jenkins.war has finished in 16,515 ms
04-Jan-2018 21:35:54.285 INFO [localhost-startStop-1] org.apache.catalina.startup.HostConfig.deployDirectory Deploying web application directory D:\Program Files\Apache Software Foundation\Tomcat 8.0\webapps\docs
04-Jan-2018 21:35:54.360 INFO [localhost-startStop-1] org.apache.catalina.startup.HostConfig.deployDirectory Deployment of web application directory D:\Program Files\Apache Software Foundation\Tomcat 8.0\webapps\docs has finished in 75 ms
04-Jan-2018 21:35:54.360 INFO [localhost-startStop-1] org.apache.catalina.startup.HostConfig.deployDirectory Deploying web application directory D:\Program Files\Apache Software Foundation\Tomcat 8.0\webapps\examples
04-Jan-2018 21:35:55.166 INFO [localhost-startStop-1] org.apache.catalina.startup.HostConfig.deployDirectory Deployment of web application directory D:\Program Files\Apache Software Foundation\Tomcat 8.0\webapps\examples has finished in 806 ms
04-Jan-2018 21:35:55.166 INFO [localhost-startStop-1] org.apache.catalina.startup.HostConfig.deployDirectory Deploying web application directory D:\Program Files\Apache Software Foundation\Tomcat 8.0\webapps\host-manager
04-Jan-2018 21:35:55.260 INFO [localhost-startStop-1] org.apache.catalina.startup.HostConfig.deployDirectory Deployment of web application directory D:\Program Files\Apache Software Foundation\Tomcat 8.0\webapps\host-manager has finished in 94 ms
04-Jan-2018 21:35:55.260 INFO [localhost-startStop-1] org.apache.catalina.startup.HostConfig.deployDirectory Deploying web application directory D:\Program Files\Apache Software Foundation\Tomcat 8.0\webapps\manager
04-Jan-2018 21:35:55.322 INFO [localhost-startStop-1] org.apache.catalina.startup.HostConfig.deployDirectory Deployment of web application directory D:\Program Files\Apache Software Foundation\Tomcat 8.0\webapps\manager has finished in 62 ms
04-Jan-2018 21:35:55.322 INFO [localhost-startStop-1] org.apache.catalina.startup.HostConfig.deployDirectory Deploying web application directory D:\Program Files\Apache Software Foundation\Tomcat 8.0\webapps\ROOT
04-Jan-2018 21:35:55.369 INFO [localhost-startStop-1] org.apache.catalina.startup.HostConfig.deployDirectory Deployment of web application directory D:\Program Files\Apache Software Foundation\Tomcat 8.0\webapps\ROOT has finished in 47 ms
04-Jan-2018 21:35:55.385 INFO [main] org.apache.coyote.AbstractProtocol.start Starting ProtocolHandler ["http-apr-8080"]
04-Jan-2018 21:35:55.400 INFO [main] org.apache.coyote.AbstractProtocol.start Starting ProtocolHandler ["ajp-apr-8019"]
04-Jan-2018 21:35:55.447 INFO [main] org.apache.catalina.startup.Catalina.start Server startup in 17847 ms
04-Jan-2018 21:35:56.775 INFO [pool-6-thread-2] jenkins.InitReactorRunner$1.onAttained Started initialization
04-Jan-2018 21:35:56.838 INFO [pool-6-thread-5] jenkins.InitReactorRunner$1.onAttained Listed all plugins
04-Jan-2018 21:36:01.841 INFO [pool-6-thread-8] jenkins.InitReactorRunner$1.onAttained Prepared all plugins
04-Jan-2018 21:36:01.841 INFO [pool-6-thread-7] jenkins.InitReactorRunner$1.onAttained Started all plugins
04-Jan-2018 21:36:01.872 INFO [NullIdDescriptorMonitor.verify] jenkins.InitReactorRunner$1.onAttained Augmented all extensions
04-Jan-2018 21:36:03.530 INFO [Uptime.init] jenkins.InitReactorRunner$1.onAttained Loaded all jobs
04-Jan-2018 21:36:04.562 INFO [Download metadata thread] hudson.model.AsyncPeriodicWork$1.run Started Download metadata
04-Jan-2018 21:36:05.047 INFO [pool-6-thread-7] jenkins.InitReactorRunner$1.onAttained Completed initialization
04-Jan-2018 21:36:06.219 INFO [Download metadata thread] hudson.model.AsyncPeriodicWork$1.run Finished Download metadata. 1,657 ms
04-Jan-2018 21:36:07.627 INFO [Finalizing set up] org.springframework.context.support.AbstractApplicationContext.prepareRefresh Refreshing org.springframework.web.context.support.StaticWebApplicationContext@1267e387: display name [Root WebApplicationContext]; startup date [Thu Jan 04 21:36:07 IST 2018]; root of context hierarchy
04-Jan-2018 21:36:07.627 INFO [Finalizing set up] org.springframework.context.support.AbstractApplicationContext.obtainFreshBeanFactory Bean factory for application context [org.springframework.web.context.support.StaticWebApplicationContext@1267e387]: org.springframework.beans.factory.support.DefaultListableBeanFactory@68106f45
04-Jan-2018 21:36:07.721 INFO [Finalizing set up] org.springframework.beans.factory.support.DefaultListableBeanFactory.preInstantiateSingletons Pre-instantiating singletons in org.springframework.beans.factory.support.DefaultListableBeanFactory@68106f45: defining beans [authenticationManager]; root of factory hierarchy
04-Jan-2018 21:36:08.868 INFO [Finalizing set up] org.springframework.context.support.AbstractApplicationContext.prepareRefresh Refreshing org.springframework.web.context.support.StaticWebApplicationContext@6416e003: display name [Root WebApplicationContext]; startup date [Thu Jan 04 21:36:08 IST 2018]; root of context hierarchy
04-Jan-2018 21:36:08.868 INFO [Finalizing set up] org.springframework.context.support.AbstractApplicationContext.obtainFreshBeanFactory Bean factory for application context [org.springframework.web.context.support.StaticWebApplicationContext@6416e003]: org.springframework.beans.factory.support.DefaultListableBeanFactory@777fb1ab
04-Jan-2018 21:36:08.869 INFO [Finalizing set up] org.springframework.beans.factory.support.DefaultListableBeanFactory.preInstantiateSingletons Pre-instantiating singletons in org.springframework.beans.factory.support.DefaultListableBeanFactory@777fb1ab: defining beans [filter,legacy]; root of factory hierarchy
04-Jan-2018 21:36:09.230 INFO [Jenkins initialization thread] jenkins.install.SetupWizard.init 

*************************************************************
*************************************************************
*************************************************************

Jenkins initial setup is required. An admin user has been created and a password generated.
Please use the following password to proceed to installation:

b7db8979cf6141aca1646cb641a1f987

This may also be found at: C:\windows\system32\config\systemprofile\.jenkins\secrets\initialAdminPassword

*************************************************************
*************************************************************
*************************************************************

04-Jan-2018 21:36:10.657 WARNING [Jenkins initialization thread] hudson.model.UpdateCenter.updateDefaultSite Upgrading Jenkins. Failed to update the default Update Site 'default'. Plugin upgrades may fail.
 java.net.ConnectException: Connection refused: connect
	at java.net.DualStackPlainSocketImpl.waitForConnect(Native Method)
	at java.net.DualStackPlainSocketImpl.socketConnect(Unknown Source)
	at java.net.AbstractPlainSocketImpl.doConnect(Unknown Source)
	at java.net.AbstractPlainSocketImpl.connectToAddress(Unknown Source)
	at java.net.AbstractPlainSocketImpl.connect(Unknown Source)
	at java.net.PlainSocketImpl.connect(Unknown Source)
	at java.net.SocksSocketImpl.connect(Unknown Source)
	at java.net.Socket.connect(Unknown Source)
	at sun.net.NetworkClient.doConnect(Unknown Source)
	at sun.net.www.http.HttpClient.openServer(Unknown Source)
	at sun.net.www.http.HttpClient.openServer(Unknown Source)
	at sun.net.www.http.HttpClient.<init>(Unknown Source)
	at sun.net.www.http.HttpClient.New(Unknown Source)
	at sun.net.www.http.HttpClient.New(Unknown Source)
	at sun.net.www.protocol.http.HttpURLConnection.getNewHttpClient(Unknown Source)
	at sun.net.www.protocol.http.HttpURLConnection.plainConnect0(Unknown Source)
	at sun.net.www.protocol.http.HttpURLConnection.plainConnect(Unknown Source)
	at sun.net.www.protocol.http.HttpURLConnection.connect(Unknown Source)
	at sun.net.www.protocol.http.HttpURLConnection.getInputStream0(Unknown Source)
	at sun.net.www.protocol.http.HttpURLConnection.getInputStream(Unknown Source)
	at hudson.model.DownloadService.loadJSON(DownloadService.java:179)
	at hudson.model.UpdateSite.updateDirectlyNow(UpdateSite.java:190)
	at hudson.model.UpdateCenter.updateDefaultSite(UpdateCenter.java:2194)
	at jenkins.install.SetupWizard.init(SetupWizard.java:174)
	at jenkins.install.InstallState$3.initializeState(InstallState.java:105)
	at jenkins.model.Jenkins.setInstallState(Jenkins.java:1062)
	at jenkins.install.InstallUtil.proceedToNextStateFrom(InstallUtil.java:96)
	at jenkins.model.Jenkins.<init>(Jenkins.java:952)
	at hudson.model.Hudson.<init>(Hudson.java:86)
	at hudson.model.Hudson.<init>(Hudson.java:82)
	at hudson.WebAppMain$3.run(WebAppMain.java:235)

04-Jan-2018 21:36:10.773 INFO [Jenkins initialization thread] hudson.WebAppMain$3.run Jenkins is fully up and running
04-Jan-2018 23:39:31.747 INFO [Thread-7] org.apache.coyote.AbstractProtocol.pause Pausing ProtocolHandler ["http-apr-8080"]
04-Jan-2018 23:39:31.825 INFO [Thread-7] org.apache.coyote.AbstractProtocol.pause Pausing ProtocolHandler ["ajp-apr-8019"]
04-Jan-2018 23:39:31.887 INFO [Thread-7] org.apache.catalina.core.StandardService.stopInternal Stopping service Catalina
04-Jan-2018 23:39:31.950 INFO [localhost-startStop-2] jenkins.model.Jenkins.cleanUp Stopping Jenkins
04-Jan-2018 23:39:32.043 INFO [localhost-startStop-2] jenkins.model.Jenkins$21.onAttained Started termination
04-Jan-2018 23:39:32.137 INFO [localhost-startStop-2] jenkins.model.Jenkins$21.onAttained Completed termination
04-Jan-2018 23:39:32.137 INFO [localhost-startStop-2] jenkins.model.Jenkins._cleanUpDisconnectComputers Starting node disconnection
04-Jan-2018 23:39:33.153 INFO [localhost-startStop-2] jenkins.model.Jenkins._cleanUpShutdownPluginManager Stopping plugin manager
04-Jan-2018 23:39:33.153 INFO [localhost-startStop-2] jenkins.model.Jenkins._cleanUpPersistQueue Persisting build queue
04-Jan-2018 23:39:33.169 INFO [localhost-startStop-2] jenkins.model.Jenkins._cleanUpAwaitDisconnects Waiting for node disconnection completion
04-Jan-2018 23:39:33.169 INFO [localhost-startStop-2] jenkins.model.Jenkins.cleanUp Jenkins stopped
04-Jan-2018 23:39:33.184 WARNING [localhost-startStop-2] org.apache.catalina.loader.WebappClassLoaderBase.clearReferencesThreads The web application [jenkins] appears to have started a thread named [Computer.threadPoolForRemoting [#3]] but has failed to stop it. This is very likely to create a memory leak. Stack trace of thread:
 sun.misc.Unsafe.park(Native Method)
 java.util.concurrent.locks.LockSupport.parkNanos(Unknown Source)
 java.util.concurrent.SynchronousQueue$TransferStack.awaitFulfill(Unknown Source)
 java.util.concurrent.SynchronousQueue$TransferStack.transfer(Unknown Source)
 java.util.concurrent.SynchronousQueue.poll(Unknown Source)
 java.util.concurrent.ThreadPoolExecutor.getTask(Unknown Source)
 java.util.concurrent.ThreadPoolExecutor.runWorker(Unknown Source)
 java.util.concurrent.ThreadPoolExecutor$Worker.run(Unknown Source)
 java.lang.Thread.run(Unknown Source)
04-Jan-2018 23:39:33.184 SEVERE [localhost-startStop-2] org.apache.catalina.loader.WebappClassLoaderBase.checkThreadLocalMapForLeaks The web application [jenkins] created a ThreadLocal with key of type [java.lang.ThreadLocal] (value [java.lang.ThreadLocal@213376ec]) and a value of type [org.acegisecurity.context.SecurityContextImpl] (value [org.acegisecurity.context.SecurityContextImpl@ffffffff: Null authentication]) but failed to remove it when the web application was stopped. Threads are going to be renewed over time to try and avoid a probable memory leak.
04-Jan-2018 23:39:33.247 INFO [Thread-7] org.apache.coyote.AbstractProtocol.stop Stopping ProtocolHandler ["http-apr-8080"]
04-Jan-2018 23:39:33.309 INFO [Thread-7] org.apache.coyote.AbstractProtocol.stop Stopping ProtocolHandler ["ajp-apr-8019"]
