15-Dec-2017 08:15:54.881 INFO [main] org.apache.catalina.startup.VersionLoggerListener.log Server version:        Apache Tomcat/8.0.36
15-Dec-2017 08:15:54.881 INFO [main] org.apache.catalina.startup.VersionLoggerListener.log Server built:          Jun 9 2016 13:55:50 UTC
15-Dec-2017 08:15:54.881 INFO [main] org.apache.catalina.startup.VersionLoggerListener.log Server number:         8.0.36.0
15-Dec-2017 08:15:54.881 INFO [main] org.apache.catalina.startup.VersionLoggerListener.log OS Name:               Windows 10
15-Dec-2017 08:15:54.881 INFO [main] org.apache.catalina.startup.VersionLoggerListener.log OS Version:            10.0
15-Dec-2017 08:15:54.881 INFO [main] org.apache.catalina.startup.VersionLoggerListener.log Architecture:          amd64
15-Dec-2017 08:15:54.881 INFO [main] org.apache.catalina.startup.VersionLoggerListener.log Java Home:             C:\Program Files\Java\jre1.8.0_102
15-Dec-2017 08:15:54.881 INFO [main] org.apache.catalina.startup.VersionLoggerListener.log JVM Version:           1.8.0_102-b14
15-Dec-2017 08:15:54.881 INFO [main] org.apache.catalina.startup.VersionLoggerListener.log JVM Vendor:            Oracle Corporation
15-Dec-2017 08:15:54.881 INFO [main] org.apache.catalina.startup.VersionLoggerListener.log CATALINA_BASE:         D:\Program Files\Apache Software Foundation\Tomcat 8.0
15-Dec-2017 08:15:54.881 INFO [main] org.apache.catalina.startup.VersionLoggerListener.log CATALINA_HOME:         D:\Program Files\Apache Software Foundation\Tomcat 8.0
15-Dec-2017 08:15:54.881 INFO [main] org.apache.catalina.startup.VersionLoggerListener.log Command line argument: -Dcatalina.home=D:\Program Files\Apache Software Foundation\Tomcat 8.0
15-Dec-2017 08:15:54.896 INFO [main] org.apache.catalina.startup.VersionLoggerListener.log Command line argument: -Dcatalina.base=D:\Program Files\Apache Software Foundation\Tomcat 8.0
15-Dec-2017 08:15:54.896 INFO [main] org.apache.catalina.startup.VersionLoggerListener.log Command line argument: -Djava.endorsed.dirs=D:\Program Files\Apache Software Foundation\Tomcat 8.0\endorsed
15-Dec-2017 08:15:54.896 INFO [main] org.apache.catalina.startup.VersionLoggerListener.log Command line argument: -Djava.io.tmpdir=D:\Program Files\Apache Software Foundation\Tomcat 8.0\temp
15-Dec-2017 08:15:54.896 INFO [main] org.apache.catalina.startup.VersionLoggerListener.log Command line argument: -Djava.util.logging.manager=org.apache.juli.ClassLoaderLogManager
15-Dec-2017 08:15:54.896 INFO [main] org.apache.catalina.startup.VersionLoggerListener.log Command line argument: -Djava.util.logging.config.file=D:\Program Files\Apache Software Foundation\Tomcat 8.0\conf\logging.properties
15-Dec-2017 08:15:54.896 INFO [main] org.apache.catalina.startup.VersionLoggerListener.log Command line argument: exit
15-Dec-2017 08:15:54.896 INFO [main] org.apache.catalina.startup.VersionLoggerListener.log Command line argument: -Xms128m
15-Dec-2017 08:15:54.896 INFO [main] org.apache.catalina.startup.VersionLoggerListener.log Command line argument: -Xmx256m
15-Dec-2017 08:15:54.896 INFO [main] org.apache.catalina.core.AprLifecycleListener.lifecycleEvent Loaded APR based Apache Tomcat Native library 1.2.7 using APR version 1.5.2.
15-Dec-2017 08:15:54.896 INFO [main] org.apache.catalina.core.AprLifecycleListener.lifecycleEvent APR capabilities: IPv6 [true], sendfile [true], accept filters [false], random [true].
15-Dec-2017 08:15:55.990 INFO [main] org.apache.catalina.core.AprLifecycleListener.initializeSSL OpenSSL successfully initialized (OpenSSL 1.0.2h  3 May 2016)
15-Dec-2017 08:15:56.412 INFO [main] org.apache.coyote.AbstractProtocol.init Initializing ProtocolHandler ["http-apr-8080"]
15-Dec-2017 08:15:56.443 INFO [main] org.apache.coyote.AbstractProtocol.init Initializing ProtocolHandler ["ajp-apr-8019"]
15-Dec-2017 08:15:56.443 INFO [main] org.apache.catalina.startup.Catalina.load Initialization processed in 2559 ms
15-Dec-2017 08:15:56.521 INFO [main] org.apache.catalina.core.StandardService.startInternal Starting service Catalina
15-Dec-2017 08:15:56.521 INFO [main] org.apache.catalina.core.StandardEngine.startInternal Starting Servlet Engine: Apache Tomcat/8.0.36
15-Dec-2017 08:15:56.553 INFO [localhost-startStop-1] org.apache.catalina.startup.HostConfig.deployDirectory Deploying web application directory D:\Program Files\Apache Software Foundation\Tomcat 8.0\webapps\docs
15-Dec-2017 08:15:59.115 INFO [localhost-startStop-1] org.apache.catalina.util.SessionIdGeneratorBase.createSecureRandom Creation of SecureRandom instance for session ID generation using [SHA1PRNG] took [1,734] milliseconds.
15-Dec-2017 08:15:59.177 INFO [localhost-startStop-1] org.apache.catalina.startup.HostConfig.deployDirectory Deployment of web application directory D:\Program Files\Apache Software Foundation\Tomcat 8.0\webapps\docs has finished in 2,624 ms
15-Dec-2017 08:15:59.177 INFO [localhost-startStop-1] org.apache.catalina.startup.HostConfig.deployDirectory Deploying web application directory D:\Program Files\Apache Software Foundation\Tomcat 8.0\webapps\examples
15-Dec-2017 08:16:00.427 INFO [localhost-startStop-1] org.apache.catalina.startup.HostConfig.deployDirectory Deployment of web application directory D:\Program Files\Apache Software Foundation\Tomcat 8.0\webapps\examples has finished in 1,250 ms
15-Dec-2017 08:16:00.427 INFO [localhost-startStop-1] org.apache.catalina.startup.HostConfig.deployDirectory Deploying web application directory D:\Program Files\Apache Software Foundation\Tomcat 8.0\webapps\host-manager
15-Dec-2017 08:16:00.536 INFO [localhost-startStop-1] org.apache.catalina.startup.HostConfig.deployDirectory Deployment of web application directory D:\Program Files\Apache Software Foundation\Tomcat 8.0\webapps\host-manager has finished in 109 ms
15-Dec-2017 08:16:00.536 INFO [localhost-startStop-1] org.apache.catalina.startup.HostConfig.deployDirectory Deploying web application directory D:\Program Files\Apache Software Foundation\Tomcat 8.0\webapps\manager
15-Dec-2017 08:16:00.630 INFO [localhost-startStop-1] org.apache.catalina.startup.HostConfig.deployDirectory Deployment of web application directory D:\Program Files\Apache Software Foundation\Tomcat 8.0\webapps\manager has finished in 94 ms
15-Dec-2017 08:16:00.630 INFO [localhost-startStop-1] org.apache.catalina.startup.HostConfig.deployDirectory Deploying web application directory D:\Program Files\Apache Software Foundation\Tomcat 8.0\webapps\ROOT
15-Dec-2017 08:16:00.677 INFO [localhost-startStop-1] org.apache.catalina.startup.HostConfig.deployDirectory Deployment of web application directory D:\Program Files\Apache Software Foundation\Tomcat 8.0\webapps\ROOT has finished in 47 ms
15-Dec-2017 08:16:00.693 INFO [main] org.apache.coyote.AbstractProtocol.start Starting ProtocolHandler ["http-apr-8080"]
15-Dec-2017 08:16:00.724 INFO [main] org.apache.coyote.AbstractProtocol.start Starting ProtocolHandler ["ajp-apr-8019"]
15-Dec-2017 08:16:00.740 INFO [main] org.apache.catalina.startup.Catalina.start Server startup in 4298 ms
15-Dec-2017 15:47:01.569 INFO [Thread-4] org.apache.coyote.AbstractProtocol.pause Pausing ProtocolHandler ["http-apr-8080"]
15-Dec-2017 15:47:01.710 INFO [Thread-4] org.apache.coyote.AbstractProtocol.pause Pausing ProtocolHandler ["ajp-apr-8019"]
15-Dec-2017 15:47:01.772 INFO [Thread-4] org.apache.catalina.core.StandardService.stopInternal Stopping service Catalina
15-Dec-2017 15:47:01.913 INFO [Thread-4] org.apache.coyote.AbstractProtocol.stop Stopping ProtocolHandler ["http-apr-8080"]
15-Dec-2017 15:47:01.976 INFO [Thread-4] org.apache.coyote.AbstractProtocol.stop Stopping ProtocolHandler ["ajp-apr-8019"]
15-Dec-2017 15:47:35.303 INFO [main] org.apache.catalina.startup.VersionLoggerListener.log Server version:        Apache Tomcat/8.0.36
15-Dec-2017 15:47:35.303 INFO [main] org.apache.catalina.startup.VersionLoggerListener.log Server built:          Jun 9 2016 13:55:50 UTC
15-Dec-2017 15:47:35.303 INFO [main] org.apache.catalina.startup.VersionLoggerListener.log Server number:         8.0.36.0
15-Dec-2017 15:47:35.303 INFO [main] org.apache.catalina.startup.VersionLoggerListener.log OS Name:               Windows 10
15-Dec-2017 15:47:35.303 INFO [main] org.apache.catalina.startup.VersionLoggerListener.log OS Version:            10.0
15-Dec-2017 15:47:35.303 INFO [main] org.apache.catalina.startup.VersionLoggerListener.log Architecture:          amd64
15-Dec-2017 15:47:35.303 INFO [main] org.apache.catalina.startup.VersionLoggerListener.log Java Home:             C:\Program Files\Java\jre1.8.0_102
15-Dec-2017 15:47:35.303 INFO [main] org.apache.catalina.startup.VersionLoggerListener.log JVM Version:           1.8.0_102-b14
15-Dec-2017 15:47:35.303 INFO [main] org.apache.catalina.startup.VersionLoggerListener.log JVM Vendor:            Oracle Corporation
15-Dec-2017 15:47:35.303 INFO [main] org.apache.catalina.startup.VersionLoggerListener.log CATALINA_BASE:         D:\Program Files\Apache Software Foundation\Tomcat 8.0
15-Dec-2017 15:47:35.303 INFO [main] org.apache.catalina.startup.VersionLoggerListener.log CATALINA_HOME:         D:\Program Files\Apache Software Foundation\Tomcat 8.0
15-Dec-2017 15:47:35.303 INFO [main] org.apache.catalina.startup.VersionLoggerListener.log Command line argument: -Dcatalina.home=D:\Program Files\Apache Software Foundation\Tomcat 8.0
15-Dec-2017 15:47:35.303 INFO [main] org.apache.catalina.startup.VersionLoggerListener.log Command line argument: -Dcatalina.base=D:\Program Files\Apache Software Foundation\Tomcat 8.0
15-Dec-2017 15:47:35.303 INFO [main] org.apache.catalina.startup.VersionLoggerListener.log Command line argument: -Djava.endorsed.dirs=D:\Program Files\Apache Software Foundation\Tomcat 8.0\endorsed
15-Dec-2017 15:47:35.303 INFO [main] org.apache.catalina.startup.VersionLoggerListener.log Command line argument: -Djava.io.tmpdir=D:\Program Files\Apache Software Foundation\Tomcat 8.0\temp
15-Dec-2017 15:47:35.303 INFO [main] org.apache.catalina.startup.VersionLoggerListener.log Command line argument: -Djava.util.logging.manager=org.apache.juli.ClassLoaderLogManager
15-Dec-2017 15:47:35.303 INFO [main] org.apache.catalina.startup.VersionLoggerListener.log Command line argument: -Djava.util.logging.config.file=D:\Program Files\Apache Software Foundation\Tomcat 8.0\conf\logging.properties
15-Dec-2017 15:47:35.303 INFO [main] org.apache.catalina.startup.VersionLoggerListener.log Command line argument: exit
15-Dec-2017 15:47:35.303 INFO [main] org.apache.catalina.startup.VersionLoggerListener.log Command line argument: -Xms128m
15-Dec-2017 15:47:35.303 INFO [main] org.apache.catalina.startup.VersionLoggerListener.log Command line argument: -Xmx256m
15-Dec-2017 15:47:35.303 INFO [main] org.apache.catalina.core.AprLifecycleListener.lifecycleEvent Loaded APR based Apache Tomcat Native library 1.2.7 using APR version 1.5.2.
15-Dec-2017 15:47:35.303 INFO [main] org.apache.catalina.core.AprLifecycleListener.lifecycleEvent APR capabilities: IPv6 [true], sendfile [true], accept filters [false], random [true].
15-Dec-2017 15:47:36.397 INFO [main] org.apache.catalina.core.AprLifecycleListener.initializeSSL OpenSSL successfully initialized (OpenSSL 1.0.2h  3 May 2016)
15-Dec-2017 15:47:36.866 INFO [main] org.apache.coyote.AbstractProtocol.init Initializing ProtocolHandler ["http-apr-8080"]
15-Dec-2017 15:47:36.897 INFO [main] org.apache.coyote.AbstractProtocol.init Initializing ProtocolHandler ["ajp-apr-8019"]
15-Dec-2017 15:47:36.897 INFO [main] org.apache.catalina.startup.Catalina.load Initialization processed in 2694 ms
15-Dec-2017 15:47:36.975 INFO [main] org.apache.catalina.core.StandardService.startInternal Starting service Catalina
15-Dec-2017 15:47:36.975 INFO [main] org.apache.catalina.core.StandardEngine.startInternal Starting Servlet Engine: Apache Tomcat/8.0.36
15-Dec-2017 15:47:37.022 INFO [localhost-startStop-1] org.apache.catalina.startup.HostConfig.deployDirectory Deploying web application directory D:\Program Files\Apache Software Foundation\Tomcat 8.0\webapps\docs
15-Dec-2017 15:47:38.538 INFO [localhost-startStop-1] org.apache.catalina.util.SessionIdGeneratorBase.createSecureRandom Creation of SecureRandom instance for session ID generation using [SHA1PRNG] took [734] milliseconds.
15-Dec-2017 15:47:38.613 INFO [localhost-startStop-1] org.apache.catalina.startup.HostConfig.deployDirectory Deployment of web application directory D:\Program Files\Apache Software Foundation\Tomcat 8.0\webapps\docs has finished in 1,591 ms
15-Dec-2017 15:47:38.613 INFO [localhost-startStop-1] org.apache.catalina.startup.HostConfig.deployDirectory Deploying web application directory D:\Program Files\Apache Software Foundation\Tomcat 8.0\webapps\examples
15-Dec-2017 15:47:39.803 INFO [localhost-startStop-1] org.apache.catalina.startup.HostConfig.deployDirectory Deployment of web application directory D:\Program Files\Apache Software Foundation\Tomcat 8.0\webapps\examples has finished in 1,190 ms
15-Dec-2017 15:47:39.803 INFO [localhost-startStop-1] org.apache.catalina.startup.HostConfig.deployDirectory Deploying web application directory D:\Program Files\Apache Software Foundation\Tomcat 8.0\webapps\host-manager
15-Dec-2017 15:47:39.975 INFO [localhost-startStop-1] org.apache.catalina.startup.HostConfig.deployDirectory Deployment of web application directory D:\Program Files\Apache Software Foundation\Tomcat 8.0\webapps\host-manager has finished in 172 ms
15-Dec-2017 15:47:39.975 INFO [localhost-startStop-1] org.apache.catalina.startup.HostConfig.deployDirectory Deploying web application directory D:\Program Files\Apache Software Foundation\Tomcat 8.0\webapps\manager
15-Dec-2017 15:47:40.069 INFO [localhost-startStop-1] org.apache.catalina.startup.HostConfig.deployDirectory Deployment of web application directory D:\Program Files\Apache Software Foundation\Tomcat 8.0\webapps\manager has finished in 94 ms
15-Dec-2017 15:47:40.069 INFO [localhost-startStop-1] org.apache.catalina.startup.HostConfig.deployDirectory Deploying web application directory D:\Program Files\Apache Software Foundation\Tomcat 8.0\webapps\ROOT
15-Dec-2017 15:47:40.115 INFO [localhost-startStop-1] org.apache.catalina.startup.HostConfig.deployDirectory Deployment of web application directory D:\Program Files\Apache Software Foundation\Tomcat 8.0\webapps\ROOT has finished in 46 ms
15-Dec-2017 15:47:40.147 INFO [main] org.apache.coyote.AbstractProtocol.start Starting ProtocolHandler ["http-apr-8080"]
15-Dec-2017 15:47:40.178 INFO [main] org.apache.coyote.AbstractProtocol.start Starting ProtocolHandler ["ajp-apr-8019"]
15-Dec-2017 15:47:40.194 INFO [main] org.apache.catalina.startup.Catalina.start Server startup in 3294 ms
