07-Jan-2018 09:57:56.331 INFO [main] org.apache.catalina.startup.VersionLoggerListener.log Server version:        Apache Tomcat/8.0.36
07-Jan-2018 09:57:56.331 INFO [main] org.apache.catalina.startup.VersionLoggerListener.log Server built:          Jun 9 2016 13:55:50 UTC
07-Jan-2018 09:57:56.331 INFO [main] org.apache.catalina.startup.VersionLoggerListener.log Server number:         8.0.36.0
07-Jan-2018 09:57:56.331 INFO [main] org.apache.catalina.startup.VersionLoggerListener.log OS Name:               Windows 10
07-Jan-2018 09:57:56.331 INFO [main] org.apache.catalina.startup.VersionLoggerListener.log OS Version:            10.0
07-Jan-2018 09:57:56.331 INFO [main] org.apache.catalina.startup.VersionLoggerListener.log Architecture:          amd64
07-Jan-2018 09:57:56.331 INFO [main] org.apache.catalina.startup.VersionLoggerListener.log Java Home:             C:\Program Files\Java\jre1.8.0_102
07-Jan-2018 09:57:56.331 INFO [main] org.apache.catalina.startup.VersionLoggerListener.log JVM Version:           1.8.0_102-b14
07-Jan-2018 09:57:56.331 INFO [main] org.apache.catalina.startup.VersionLoggerListener.log JVM Vendor:            Oracle Corporation
07-Jan-2018 09:57:56.331 INFO [main] org.apache.catalina.startup.VersionLoggerListener.log CATALINA_BASE:         D:\Program Files\Apache Software Foundation\Tomcat 8.0
07-Jan-2018 09:57:56.331 INFO [main] org.apache.catalina.startup.VersionLoggerListener.log CATALINA_HOME:         D:\Program Files\Apache Software Foundation\Tomcat 8.0
07-Jan-2018 09:57:56.331 INFO [main] org.apache.catalina.startup.VersionLoggerListener.log Command line argument: -Dcatalina.home=D:\Program Files\Apache Software Foundation\Tomcat 8.0
07-Jan-2018 09:57:56.331 INFO [main] org.apache.catalina.startup.VersionLoggerListener.log Command line argument: -Dcatalina.base=D:\Program Files\Apache Software Foundation\Tomcat 8.0
07-Jan-2018 09:57:56.331 INFO [main] org.apache.catalina.startup.VersionLoggerListener.log Command line argument: -Djava.endorsed.dirs=D:\Program Files\Apache Software Foundation\Tomcat 8.0\endorsed
07-Jan-2018 09:57:56.331 INFO [main] org.apache.catalina.startup.VersionLoggerListener.log Command line argument: -Djava.io.tmpdir=D:\Program Files\Apache Software Foundation\Tomcat 8.0\temp
07-Jan-2018 09:57:56.331 INFO [main] org.apache.catalina.startup.VersionLoggerListener.log Command line argument: -Djava.util.logging.manager=org.apache.juli.ClassLoaderLogManager
07-Jan-2018 09:57:56.331 INFO [main] org.apache.catalina.startup.VersionLoggerListener.log Command line argument: -Djava.util.logging.config.file=D:\Program Files\Apache Software Foundation\Tomcat 8.0\conf\logging.properties
07-Jan-2018 09:57:56.331 INFO [main] org.apache.catalina.startup.VersionLoggerListener.log Command line argument: exit
07-Jan-2018 09:57:56.331 INFO [main] org.apache.catalina.startup.VersionLoggerListener.log Command line argument: -Xms128m
07-Jan-2018 09:57:56.331 INFO [main] org.apache.catalina.startup.VersionLoggerListener.log Command line argument: -Xmx256m
07-Jan-2018 09:57:56.331 INFO [main] org.apache.catalina.core.AprLifecycleListener.lifecycleEvent Loaded APR based Apache Tomcat Native library 1.2.7 using APR version 1.5.2.
07-Jan-2018 09:57:56.331 INFO [main] org.apache.catalina.core.AprLifecycleListener.lifecycleEvent APR capabilities: IPv6 [true], sendfile [true], accept filters [false], random [true].
07-Jan-2018 09:57:57.425 INFO [main] org.apache.catalina.core.AprLifecycleListener.initializeSSL OpenSSL successfully initialized (OpenSSL 1.0.2h  3 May 2016)
07-Jan-2018 09:58:02.440 INFO [main] org.apache.coyote.AbstractProtocol.init Initializing ProtocolHandler ["http-apr-8080"]
07-Jan-2018 09:58:02.456 SEVERE [main] org.apache.coyote.AbstractProtocol.init Failed to initialize end point associated with ProtocolHandler ["http-apr-8080"]
 java.lang.Exception: Socket bind failed: [730013] An attempt was made to access a socket in a way forbidden by its access permissions.  
	at org.apache.tomcat.util.net.AprEndpoint.bind(AprEndpoint.java:471)
	at org.apache.tomcat.util.net.AbstractEndpoint.init(AbstractEndpoint.java:748)
	at org.apache.coyote.AbstractProtocol.init(AbstractProtocol.java:459)
	at org.apache.catalina.connector.Connector.initInternal(Connector.java:960)
	at org.apache.catalina.util.LifecycleBase.init(LifecycleBase.java:102)
	at org.apache.catalina.core.StandardService.initInternal(StandardService.java:568)
	at org.apache.catalina.util.LifecycleBase.init(LifecycleBase.java:102)
	at org.apache.catalina.core.StandardServer.initInternal(StandardServer.java:869)
	at org.apache.catalina.util.LifecycleBase.init(LifecycleBase.java:102)
	at org.apache.catalina.startup.Catalina.load(Catalina.java:580)
	at org.apache.catalina.startup.Catalina.load(Catalina.java:603)
	at sun.reflect.NativeMethodAccessorImpl.invoke0(Native Method)
	at sun.reflect.NativeMethodAccessorImpl.invoke(Unknown Source)
	at sun.reflect.DelegatingMethodAccessorImpl.invoke(Unknown Source)
	at java.lang.reflect.Method.invoke(Unknown Source)
	at org.apache.catalina.startup.Bootstrap.load(Bootstrap.java:310)
	at org.apache.catalina.startup.Bootstrap.main(Bootstrap.java:484)

07-Jan-2018 09:58:02.472 SEVERE [main] org.apache.catalina.core.StandardService.initInternal Failed to initialize connector [Connector[HTTP/1.1-8080]]
 org.apache.catalina.LifecycleException: Failed to initialize component [Connector[HTTP/1.1-8080]]
	at org.apache.catalina.util.LifecycleBase.init(LifecycleBase.java:106)
	at org.apache.catalina.core.StandardService.initInternal(StandardService.java:568)
	at org.apache.catalina.util.LifecycleBase.init(LifecycleBase.java:102)
	at org.apache.catalina.core.StandardServer.initInternal(StandardServer.java:869)
	at org.apache.catalina.util.LifecycleBase.init(LifecycleBase.java:102)
	at org.apache.catalina.startup.Catalina.load(Catalina.java:580)
	at org.apache.catalina.startup.Catalina.load(Catalina.java:603)
	at sun.reflect.NativeMethodAccessorImpl.invoke0(Native Method)
	at sun.reflect.NativeMethodAccessorImpl.invoke(Unknown Source)
	at sun.reflect.DelegatingMethodAccessorImpl.invoke(Unknown Source)
	at java.lang.reflect.Method.invoke(Unknown Source)
	at org.apache.catalina.startup.Bootstrap.load(Bootstrap.java:310)
	at org.apache.catalina.startup.Bootstrap.main(Bootstrap.java:484)
Caused by: org.apache.catalina.LifecycleException: Protocol handler initialization failed
	at org.apache.catalina.connector.Connector.initInternal(Connector.java:962)
	at org.apache.catalina.util.LifecycleBase.init(LifecycleBase.java:102)
	... 12 more
Caused by: java.lang.Exception: Socket bind failed: [730013] An attempt was made to access a socket in a way forbidden by its access permissions.  
	at org.apache.tomcat.util.net.AprEndpoint.bind(AprEndpoint.java:471)
	at org.apache.tomcat.util.net.AbstractEndpoint.init(AbstractEndpoint.java:748)
	at org.apache.coyote.AbstractProtocol.init(AbstractProtocol.java:459)
	at org.apache.catalina.connector.Connector.initInternal(Connector.java:960)
	... 13 more

07-Jan-2018 09:58:02.472 INFO [main] org.apache.coyote.AbstractProtocol.init Initializing ProtocolHandler ["ajp-apr-8019"]
07-Jan-2018 09:58:02.472 INFO [main] org.apache.catalina.startup.Catalina.load Initialization processed in 6986 ms
07-Jan-2018 09:58:02.518 INFO [main] org.apache.catalina.core.StandardService.startInternal Starting service Catalina
07-Jan-2018 09:58:02.518 INFO [main] org.apache.catalina.core.StandardEngine.startInternal Starting Servlet Engine: Apache Tomcat/8.0.36
07-Jan-2018 09:58:02.587 INFO [localhost-startStop-1] org.apache.catalina.startup.HostConfig.deployWAR Deploying web application archive D:\Program Files\Apache Software Foundation\Tomcat 8.0\webapps\jenkins.war
07-Jan-2018 09:58:16.289 INFO [localhost-startStop-1] org.apache.jasper.servlet.TldScanner.scanJars At least one JAR was scanned for TLDs yet contained no TLDs. Enable debug logging for this logger for a complete list of JARs that were scanned but no TLDs were found in them. Skipping unneeded JARs during scanning can improve startup time and JSP compilation time.
07-Jan-2018 09:58:19.427 INFO [localhost-startStop-1] org.apache.catalina.startup.HostConfig.deployWAR Deployment of web application archive D:\Program Files\Apache Software Foundation\Tomcat 8.0\webapps\jenkins.war has finished in 16,841 ms
07-Jan-2018 09:58:19.427 INFO [localhost-startStop-1] org.apache.catalina.startup.HostConfig.deployDirectory Deploying web application directory D:\Program Files\Apache Software Foundation\Tomcat 8.0\webapps\docs
07-Jan-2018 09:58:19.474 INFO [localhost-startStop-1] org.apache.catalina.startup.HostConfig.deployDirectory Deployment of web application directory D:\Program Files\Apache Software Foundation\Tomcat 8.0\webapps\docs has finished in 47 ms
07-Jan-2018 09:58:19.474 INFO [localhost-startStop-1] org.apache.catalina.startup.HostConfig.deployDirectory Deploying web application directory D:\Program Files\Apache Software Foundation\Tomcat 8.0\webapps\examples
07-Jan-2018 09:58:20.302 INFO [localhost-startStop-1] org.apache.catalina.startup.HostConfig.deployDirectory Deployment of web application directory D:\Program Files\Apache Software Foundation\Tomcat 8.0\webapps\examples has finished in 828 ms
07-Jan-2018 09:58:20.302 INFO [localhost-startStop-1] org.apache.catalina.startup.HostConfig.deployDirectory Deploying web application directory D:\Program Files\Apache Software Foundation\Tomcat 8.0\webapps\host-manager
07-Jan-2018 09:58:20.380 INFO [localhost-startStop-1] org.apache.catalina.startup.HostConfig.deployDirectory Deployment of web application directory D:\Program Files\Apache Software Foundation\Tomcat 8.0\webapps\host-manager has finished in 78 ms
07-Jan-2018 09:58:20.380 INFO [localhost-startStop-1] org.apache.catalina.startup.HostConfig.deployDirectory Deploying web application directory D:\Program Files\Apache Software Foundation\Tomcat 8.0\webapps\manager
07-Jan-2018 09:58:20.474 INFO [localhost-startStop-1] org.apache.catalina.startup.HostConfig.deployDirectory Deployment of web application directory D:\Program Files\Apache Software Foundation\Tomcat 8.0\webapps\manager has finished in 94 ms
07-Jan-2018 09:58:20.474 INFO [localhost-startStop-1] org.apache.catalina.startup.HostConfig.deployDirectory Deploying web application directory D:\Program Files\Apache Software Foundation\Tomcat 8.0\webapps\ROOT
07-Jan-2018 09:58:20.505 INFO [localhost-startStop-1] org.apache.catalina.startup.HostConfig.deployDirectory Deployment of web application directory D:\Program Files\Apache Software Foundation\Tomcat 8.0\webapps\ROOT has finished in 31 ms
07-Jan-2018 09:58:20.521 INFO [main] org.apache.coyote.AbstractProtocol.start Starting ProtocolHandler ["ajp-apr-8019"]
07-Jan-2018 09:58:20.583 INFO [main] org.apache.catalina.startup.Catalina.start Server startup in 18109 ms
07-Jan-2018 09:58:21.755 INFO [pool-6-thread-2] jenkins.InitReactorRunner$1.onAttained Started initialization
07-Jan-2018 09:58:21.802 INFO [Loading plugins] jenkins.InitReactorRunner$1.onAttained Listed all plugins
07-Jan-2018 09:58:26.598 INFO [pool-6-thread-1] jenkins.InitReactorRunner$1.onAttained Prepared all plugins
07-Jan-2018 09:58:26.598 INFO [pool-6-thread-7] jenkins.InitReactorRunner$1.onAttained Started all plugins
07-Jan-2018 09:58:26.629 INFO [pool-6-thread-7] jenkins.InitReactorRunner$1.onAttained Augmented all extensions
07-Jan-2018 09:58:28.160 INFO [PeriodicWork.init] jenkins.InitReactorRunner$1.onAttained Loaded all jobs
07-Jan-2018 09:58:29.175 INFO [Download metadata thread] hudson.model.AsyncPeriodicWork$1.run Started Download metadata
07-Jan-2018 09:58:29.550 INFO [pool-6-thread-3] jenkins.InitReactorRunner$1.onAttained Completed initialization
07-Jan-2018 09:58:30.675 INFO [Download metadata thread] hudson.model.AsyncPeriodicWork$1.run Finished Download metadata. 1,500 ms
07-Jan-2018 09:58:31.909 INFO [Finalizing set up] org.springframework.context.support.AbstractApplicationContext.prepareRefresh Refreshing org.springframework.web.context.support.StaticWebApplicationContext@3095a3f7: display name [Root WebApplicationContext]; startup date [Sun Jan 07 09:58:31 IST 2018]; root of context hierarchy
07-Jan-2018 09:58:31.909 INFO [Finalizing set up] org.springframework.context.support.AbstractApplicationContext.obtainFreshBeanFactory Bean factory for application context [org.springframework.web.context.support.StaticWebApplicationContext@3095a3f7]: org.springframework.beans.factory.support.DefaultListableBeanFactory@cbd30d1
07-Jan-2018 09:58:31.971 INFO [Finalizing set up] org.springframework.beans.factory.support.DefaultListableBeanFactory.preInstantiateSingletons Pre-instantiating singletons in org.springframework.beans.factory.support.DefaultListableBeanFactory@cbd30d1: defining beans [authenticationManager]; root of factory hierarchy
07-Jan-2018 09:58:33.112 INFO [Finalizing set up] org.springframework.context.support.AbstractApplicationContext.prepareRefresh Refreshing org.springframework.web.context.support.StaticWebApplicationContext@247be827: display name [Root WebApplicationContext]; startup date [Sun Jan 07 09:58:33 IST 2018]; root of context hierarchy
07-Jan-2018 09:58:33.112 INFO [Finalizing set up] org.springframework.context.support.AbstractApplicationContext.obtainFreshBeanFactory Bean factory for application context [org.springframework.web.context.support.StaticWebApplicationContext@247be827]: org.springframework.beans.factory.support.DefaultListableBeanFactory@732d6805
07-Jan-2018 09:58:33.112 INFO [Finalizing set up] org.springframework.beans.factory.support.DefaultListableBeanFactory.preInstantiateSingletons Pre-instantiating singletons in org.springframework.beans.factory.support.DefaultListableBeanFactory@732d6805: defining beans [filter,legacy]; root of factory hierarchy
07-Jan-2018 09:58:33.596 INFO [Jenkins initialization thread] jenkins.install.SetupWizard.init 

*************************************************************
*************************************************************
*************************************************************

Jenkins initial setup is required. An admin user has been created and a password generated.
Please use the following password to proceed to installation:

b7db8979cf6141aca1646cb641a1f987

This may also be found at: C:\windows\system32\config\systemprofile\.jenkins\secrets\initialAdminPassword

*************************************************************
*************************************************************
*************************************************************

07-Jan-2018 09:58:35.002 WARNING [Jenkins initialization thread] hudson.model.UpdateCenter.updateDefaultSite Upgrading Jenkins. Failed to update the default Update Site 'default'. Plugin upgrades may fail.
 java.net.ConnectException: Connection refused: connect
	at java.net.DualStackPlainSocketImpl.waitForConnect(Native Method)
	at java.net.DualStackPlainSocketImpl.socketConnect(Unknown Source)
	at java.net.AbstractPlainSocketImpl.doConnect(Unknown Source)
	at java.net.AbstractPlainSocketImpl.connectToAddress(Unknown Source)
	at java.net.AbstractPlainSocketImpl.connect(Unknown Source)
	at java.net.PlainSocketImpl.connect(Unknown Source)
	at java.net.SocksSocketImpl.connect(Unknown Source)
	at java.net.Socket.connect(Unknown Source)
	at sun.net.NetworkClient.doConnect(Unknown Source)
	at sun.net.www.http.HttpClient.openServer(Unknown Source)
	at sun.net.www.http.HttpClient.openServer(Unknown Source)
	at sun.net.www.http.HttpClient.<init>(Unknown Source)
	at sun.net.www.http.HttpClient.New(Unknown Source)
	at sun.net.www.http.HttpClient.New(Unknown Source)
	at sun.net.www.protocol.http.HttpURLConnection.getNewHttpClient(Unknown Source)
	at sun.net.www.protocol.http.HttpURLConnection.plainConnect0(Unknown Source)
	at sun.net.www.protocol.http.HttpURLConnection.plainConnect(Unknown Source)
	at sun.net.www.protocol.http.HttpURLConnection.connect(Unknown Source)
	at sun.net.www.protocol.http.HttpURLConnection.getInputStream0(Unknown Source)
	at sun.net.www.protocol.http.HttpURLConnection.getInputStream(Unknown Source)
	at hudson.model.DownloadService.loadJSON(DownloadService.java:179)
	at hudson.model.UpdateSite.updateDirectlyNow(UpdateSite.java:190)
	at hudson.model.UpdateCenter.updateDefaultSite(UpdateCenter.java:2194)
	at jenkins.install.SetupWizard.init(SetupWizard.java:174)
	at jenkins.install.InstallState$3.initializeState(InstallState.java:105)
	at jenkins.model.Jenkins.setInstallState(Jenkins.java:1062)
	at jenkins.install.InstallUtil.proceedToNextStateFrom(InstallUtil.java:96)
	at jenkins.model.Jenkins.<init>(Jenkins.java:952)
	at hudson.model.Hudson.<init>(Hudson.java:86)
	at hudson.model.Hudson.<init>(Hudson.java:82)
	at hudson.WebAppMain$3.run(WebAppMain.java:235)

07-Jan-2018 09:58:35.064 INFO [17] hudson.WebAppMain$3.run Jenkins is fully up and running
07-Jan-2018 10:39:57.502 INFO [Workspace clean-up thread] hudson.model.AsyncPeriodicWork$1.run Started Workspace clean-up
07-Jan-2018 10:39:57.526 INFO [Workspace clean-up thread] hudson.model.AsyncPeriodicWork$1.run Finished Workspace clean-up. 22 ms
07-Jan-2018 13:06:35.589 INFO [Thread-7] org.apache.coyote.AbstractProtocol.pause Pausing ProtocolHandler ["http-apr-8080"]
07-Jan-2018 13:06:35.589 INFO [Thread-7] org.apache.coyote.AbstractProtocol.pause Pausing ProtocolHandler ["ajp-apr-8019"]
07-Jan-2018 13:06:35.651 INFO [Thread-7] org.apache.catalina.core.StandardService.stopInternal Stopping service Catalina
07-Jan-2018 13:06:35.667 INFO [localhost-startStop-2] jenkins.model.Jenkins.cleanUp Stopping Jenkins
07-Jan-2018 13:06:35.792 INFO [localhost-startStop-2] jenkins.model.Jenkins$21.onAttained Started termination
07-Jan-2018 13:06:35.855 INFO [localhost-startStop-2] jenkins.model.Jenkins$21.onAttained Completed termination
07-Jan-2018 13:06:35.855 INFO [localhost-startStop-2] jenkins.model.Jenkins._cleanUpDisconnectComputers Starting node disconnection
07-Jan-2018 13:06:36.871 INFO [localhost-startStop-2] jenkins.model.Jenkins._cleanUpShutdownPluginManager Stopping plugin manager
07-Jan-2018 13:06:36.871 INFO [localhost-startStop-2] jenkins.model.Jenkins._cleanUpPersistQueue Persisting build queue
07-Jan-2018 13:06:36.887 INFO [localhost-startStop-2] jenkins.model.Jenkins._cleanUpAwaitDisconnects Waiting for node disconnection completion
07-Jan-2018 13:06:36.887 INFO [localhost-startStop-2] jenkins.model.Jenkins.cleanUp Jenkins stopped
07-Jan-2018 13:06:36.887 WARNING [localhost-startStop-2] org.apache.catalina.loader.WebappClassLoaderBase.clearReferencesThreads The web application [jenkins] appears to have started a thread named [Computer.threadPoolForRemoting [#3]] but has failed to stop it. This is very likely to create a memory leak. Stack trace of thread:
 sun.misc.Unsafe.park(Native Method)
 java.util.concurrent.locks.LockSupport.parkNanos(Unknown Source)
 java.util.concurrent.SynchronousQueue$TransferStack.awaitFulfill(Unknown Source)
 java.util.concurrent.SynchronousQueue$TransferStack.transfer(Unknown Source)
 java.util.concurrent.SynchronousQueue.poll(Unknown Source)
 java.util.concurrent.ThreadPoolExecutor.getTask(Unknown Source)
 java.util.concurrent.ThreadPoolExecutor.runWorker(Unknown Source)
 java.util.concurrent.ThreadPoolExecutor$Worker.run(Unknown Source)
 java.lang.Thread.run(Unknown Source)
07-Jan-2018 13:06:36.887 SEVERE [localhost-startStop-2] org.apache.catalina.loader.WebappClassLoaderBase.checkThreadLocalMapForLeaks The web application [jenkins] created a ThreadLocal with key of type [java.lang.ThreadLocal] (value [java.lang.ThreadLocal@2b43a03a]) and a value of type [org.acegisecurity.context.SecurityContextImpl] (value [org.acegisecurity.context.SecurityContextImpl@ffffffff: Null authentication]) but failed to remove it when the web application was stopped. Threads are going to be renewed over time to try and avoid a probable memory leak.
07-Jan-2018 13:06:36.918 INFO [Thread-7] org.apache.coyote.AbstractProtocol.stop Stopping ProtocolHandler ["ajp-apr-8019"]
07-Jan-2018 16:00:00.776 INFO [main] org.apache.catalina.startup.VersionLoggerListener.log Server version:        Apache Tomcat/8.0.36
07-Jan-2018 16:00:00.776 INFO [main] org.apache.catalina.startup.VersionLoggerListener.log Server built:          Jun 9 2016 13:55:50 UTC
07-Jan-2018 16:00:00.776 INFO [main] org.apache.catalina.startup.VersionLoggerListener.log Server number:         8.0.36.0
07-Jan-2018 16:00:00.776 INFO [main] org.apache.catalina.startup.VersionLoggerListener.log OS Name:               Windows 10
07-Jan-2018 16:00:00.776 INFO [main] org.apache.catalina.startup.VersionLoggerListener.log OS Version:            10.0
07-Jan-2018 16:00:00.776 INFO [main] org.apache.catalina.startup.VersionLoggerListener.log Architecture:          amd64
07-Jan-2018 16:00:00.776 INFO [main] org.apache.catalina.startup.VersionLoggerListener.log Java Home:             C:\Program Files\Java\jre1.8.0_102
07-Jan-2018 16:00:00.776 INFO [main] org.apache.catalina.startup.VersionLoggerListener.log JVM Version:           1.8.0_102-b14
07-Jan-2018 16:00:00.776 INFO [main] org.apache.catalina.startup.VersionLoggerListener.log JVM Vendor:            Oracle Corporation
07-Jan-2018 16:00:00.776 INFO [main] org.apache.catalina.startup.VersionLoggerListener.log CATALINA_BASE:         D:\Program Files\Apache Software Foundation\Tomcat 8.0
07-Jan-2018 16:00:00.776 INFO [main] org.apache.catalina.startup.VersionLoggerListener.log CATALINA_HOME:         D:\Program Files\Apache Software Foundation\Tomcat 8.0
07-Jan-2018 16:00:00.776 INFO [main] org.apache.catalina.startup.VersionLoggerListener.log Command line argument: -Dcatalina.home=D:\Program Files\Apache Software Foundation\Tomcat 8.0
07-Jan-2018 16:00:00.776 INFO [main] org.apache.catalina.startup.VersionLoggerListener.log Command line argument: -Dcatalina.base=D:\Program Files\Apache Software Foundation\Tomcat 8.0
07-Jan-2018 16:00:00.776 INFO [main] org.apache.catalina.startup.VersionLoggerListener.log Command line argument: -Djava.endorsed.dirs=D:\Program Files\Apache Software Foundation\Tomcat 8.0\endorsed
07-Jan-2018 16:00:00.776 INFO [main] org.apache.catalina.startup.VersionLoggerListener.log Command line argument: -Djava.io.tmpdir=D:\Program Files\Apache Software Foundation\Tomcat 8.0\temp
07-Jan-2018 16:00:00.776 INFO [main] org.apache.catalina.startup.VersionLoggerListener.log Command line argument: -Djava.util.logging.manager=org.apache.juli.ClassLoaderLogManager
07-Jan-2018 16:00:00.776 INFO [main] org.apache.catalina.startup.VersionLoggerListener.log Command line argument: -Djava.util.logging.config.file=D:\Program Files\Apache Software Foundation\Tomcat 8.0\conf\logging.properties
07-Jan-2018 16:00:00.776 INFO [main] org.apache.catalina.startup.VersionLoggerListener.log Command line argument: exit
07-Jan-2018 16:00:00.776 INFO [main] org.apache.catalina.startup.VersionLoggerListener.log Command line argument: -Xms128m
07-Jan-2018 16:00:00.776 INFO [main] org.apache.catalina.startup.VersionLoggerListener.log Command line argument: -Xmx256m
07-Jan-2018 16:00:00.792 INFO [main] org.apache.catalina.core.AprLifecycleListener.lifecycleEvent Loaded APR based Apache Tomcat Native library 1.2.7 using APR version 1.5.2.
07-Jan-2018 16:00:00.792 INFO [main] org.apache.catalina.core.AprLifecycleListener.lifecycleEvent APR capabilities: IPv6 [true], sendfile [true], accept filters [false], random [true].
07-Jan-2018 16:00:01.854 INFO [main] org.apache.catalina.core.AprLifecycleListener.initializeSSL OpenSSL successfully initialized (OpenSSL 1.0.2h  3 May 2016)
07-Jan-2018 16:00:05.724 INFO [main] org.apache.coyote.AbstractProtocol.init Initializing ProtocolHandler ["http-apr-8080"]
07-Jan-2018 16:00:05.739 INFO [main] org.apache.coyote.AbstractProtocol.init Initializing ProtocolHandler ["ajp-apr-8019"]
07-Jan-2018 16:00:05.739 INFO [main] org.apache.catalina.startup.Catalina.load Initialization processed in 6031 ms
07-Jan-2018 16:00:05.802 INFO [main] org.apache.catalina.core.StandardService.startInternal Starting service Catalina
07-Jan-2018 16:00:05.802 INFO [main] org.apache.catalina.core.StandardEngine.startInternal Starting Servlet Engine: Apache Tomcat/8.0.36
07-Jan-2018 16:00:05.958 INFO [localhost-startStop-1] org.apache.catalina.startup.HostConfig.deployWAR Deploying web application archive D:\Program Files\Apache Software Foundation\Tomcat 8.0\webapps\jenkins.war
07-Jan-2018 16:00:24.069 INFO [localhost-startStop-1] org.apache.jasper.servlet.TldScanner.scanJars At least one JAR was scanned for TLDs yet contained no TLDs. Enable debug logging for this logger for a complete list of JARs that were scanned but no TLDs were found in them. Skipping unneeded JARs during scanning can improve startup time and JSP compilation time.
07-Jan-2018 16:00:27.899 INFO [localhost-startStop-1] org.apache.catalina.startup.HostConfig.deployWAR Deployment of web application archive D:\Program Files\Apache Software Foundation\Tomcat 8.0\webapps\jenkins.war has finished in 21,940 ms
07-Jan-2018 16:00:27.900 INFO [localhost-startStop-1] org.apache.catalina.startup.HostConfig.deployDirectory Deploying web application directory D:\Program Files\Apache Software Foundation\Tomcat 8.0\webapps\docs
07-Jan-2018 16:00:27.965 INFO [localhost-startStop-1] org.apache.catalina.startup.HostConfig.deployDirectory Deployment of web application directory D:\Program Files\Apache Software Foundation\Tomcat 8.0\webapps\docs has finished in 65 ms
07-Jan-2018 16:00:27.966 INFO [localhost-startStop-1] org.apache.catalina.startup.HostConfig.deployDirectory Deploying web application directory D:\Program Files\Apache Software Foundation\Tomcat 8.0\webapps\examples
07-Jan-2018 16:00:28.989 INFO [localhost-startStop-1] org.apache.catalina.startup.HostConfig.deployDirectory Deployment of web application directory D:\Program Files\Apache Software Foundation\Tomcat 8.0\webapps\examples has finished in 1,023 ms
07-Jan-2018 16:00:28.989 INFO [localhost-startStop-1] org.apache.catalina.startup.HostConfig.deployDirectory Deploying web application directory D:\Program Files\Apache Software Foundation\Tomcat 8.0\webapps\host-manager
07-Jan-2018 16:00:29.161 INFO [localhost-startStop-1] org.apache.catalina.startup.HostConfig.deployDirectory Deployment of web application directory D:\Program Files\Apache Software Foundation\Tomcat 8.0\webapps\host-manager has finished in 172 ms
07-Jan-2018 16:00:29.161 INFO [localhost-startStop-1] org.apache.catalina.startup.HostConfig.deployDirectory Deploying web application directory D:\Program Files\Apache Software Foundation\Tomcat 8.0\webapps\manager
07-Jan-2018 16:00:29.254 INFO [localhost-startStop-1] org.apache.catalina.startup.HostConfig.deployDirectory Deployment of web application directory D:\Program Files\Apache Software Foundation\Tomcat 8.0\webapps\manager has finished in 93 ms
07-Jan-2018 16:00:29.254 INFO [localhost-startStop-1] org.apache.catalina.startup.HostConfig.deployDirectory Deploying web application directory D:\Program Files\Apache Software Foundation\Tomcat 8.0\webapps\ROOT
07-Jan-2018 16:00:29.332 INFO [localhost-startStop-1] org.apache.catalina.startup.HostConfig.deployDirectory Deployment of web application directory D:\Program Files\Apache Software Foundation\Tomcat 8.0\webapps\ROOT has finished in 78 ms
07-Jan-2018 16:00:29.348 INFO [main] org.apache.coyote.AbstractProtocol.start Starting ProtocolHandler ["http-apr-8080"]
07-Jan-2018 16:00:29.379 INFO [main] org.apache.coyote.AbstractProtocol.start Starting ProtocolHandler ["ajp-apr-8019"]
07-Jan-2018 16:00:29.395 INFO [main] org.apache.catalina.startup.Catalina.start Server startup in 23659 ms
07-Jan-2018 16:00:31.051 INFO [pool-6-thread-2] jenkins.InitReactorRunner$1.onAttained Started initialization
07-Jan-2018 16:00:31.113 INFO [pool-6-thread-2] jenkins.InitReactorRunner$1.onAttained Listed all plugins
07-Jan-2018 16:00:37.455 INFO [pool-6-thread-4] jenkins.InitReactorRunner$1.onAttained Prepared all plugins
07-Jan-2018 16:00:37.455 INFO [UpdateCenter.init] jenkins.InitReactorRunner$1.onAttained Started all plugins
07-Jan-2018 16:00:37.517 INFO [pool-6-thread-8] jenkins.InitReactorRunner$1.onAttained Augmented all extensions
07-Jan-2018 16:00:40.126 INFO [pool-6-thread-7] jenkins.InitReactorRunner$1.onAttained Loaded all jobs
07-Jan-2018 16:00:41.422 INFO [Download metadata thread] hudson.model.AsyncPeriodicWork$1.run Started Download metadata
07-Jan-2018 16:00:41.953 INFO [pool-6-thread-3] jenkins.InitReactorRunner$1.onAttained Completed initialization
07-Jan-2018 16:00:42.890 INFO [Download metadata thread] hudson.model.AsyncPeriodicWork$1.run Finished Download metadata. 1,468 ms
07-Jan-2018 16:00:45.093 INFO [Finalizing set up] org.springframework.context.support.AbstractApplicationContext.prepareRefresh Refreshing org.springframework.web.context.support.StaticWebApplicationContext@10eab5c: display name [Root WebApplicationContext]; startup date [Sun Jan 07 16:00:45 IST 2018]; root of context hierarchy
07-Jan-2018 16:00:45.093 INFO [Finalizing set up] org.springframework.context.support.AbstractApplicationContext.obtainFreshBeanFactory Bean factory for application context [org.springframework.web.context.support.StaticWebApplicationContext@10eab5c]: org.springframework.beans.factory.support.DefaultListableBeanFactory@513f9551
07-Jan-2018 16:00:45.171 INFO [Finalizing set up] org.springframework.beans.factory.support.DefaultListableBeanFactory.preInstantiateSingletons Pre-instantiating singletons in org.springframework.beans.factory.support.DefaultListableBeanFactory@513f9551: defining beans [authenticationManager]; root of factory hierarchy
07-Jan-2018 16:00:46.606 INFO [Finalizing set up] org.springframework.context.support.AbstractApplicationContext.prepareRefresh Refreshing org.springframework.web.context.support.StaticWebApplicationContext@6f77dbad: display name [Root WebApplicationContext]; startup date [Sun Jan 07 16:00:46 IST 2018]; root of context hierarchy
07-Jan-2018 16:00:46.606 INFO [Finalizing set up] org.springframework.context.support.AbstractApplicationContext.obtainFreshBeanFactory Bean factory for application context [org.springframework.web.context.support.StaticWebApplicationContext@6f77dbad]: org.springframework.beans.factory.support.DefaultListableBeanFactory@14fef676
07-Jan-2018 16:00:46.607 INFO [Finalizing set up] org.springframework.beans.factory.support.DefaultListableBeanFactory.preInstantiateSingletons Pre-instantiating singletons in org.springframework.beans.factory.support.DefaultListableBeanFactory@14fef676: defining beans [filter,legacy]; root of factory hierarchy
07-Jan-2018 16:00:47.015 INFO [Jenkins initialization thread] jenkins.install.SetupWizard.init 

*************************************************************
*************************************************************
*************************************************************

Jenkins initial setup is required. An admin user has been created and a password generated.
Please use the following password to proceed to installation:

b7db8979cf6141aca1646cb641a1f987

This may also be found at: C:\windows\system32\config\systemprofile\.jenkins\secrets\initialAdminPassword

*************************************************************
*************************************************************
*************************************************************

07-Jan-2018 16:00:48.385 WARNING [Jenkins initialization thread] hudson.model.UpdateCenter.updateDefaultSite Upgrading Jenkins. Failed to update the default Update Site 'default'. Plugin upgrades may fail.
 java.net.ConnectException: Connection refused: connect
	at java.net.DualStackPlainSocketImpl.waitForConnect(Native Method)
	at java.net.DualStackPlainSocketImpl.socketConnect(Unknown Source)
	at java.net.AbstractPlainSocketImpl.doConnect(Unknown Source)
	at java.net.AbstractPlainSocketImpl.connectToAddress(Unknown Source)
	at java.net.AbstractPlainSocketImpl.connect(Unknown Source)
	at java.net.PlainSocketImpl.connect(Unknown Source)
	at java.net.SocksSocketImpl.connect(Unknown Source)
	at java.net.Socket.connect(Unknown Source)
	at sun.net.NetworkClient.doConnect(Unknown Source)
	at sun.net.www.http.HttpClient.openServer(Unknown Source)
	at sun.net.www.http.HttpClient.openServer(Unknown Source)
	at sun.net.www.http.HttpClient.<init>(Unknown Source)
	at sun.net.www.http.HttpClient.New(Unknown Source)
	at sun.net.www.http.HttpClient.New(Unknown Source)
	at sun.net.www.protocol.http.HttpURLConnection.getNewHttpClient(Unknown Source)
	at sun.net.www.protocol.http.HttpURLConnection.plainConnect0(Unknown Source)
	at sun.net.www.protocol.http.HttpURLConnection.plainConnect(Unknown Source)
	at sun.net.www.protocol.http.HttpURLConnection.connect(Unknown Source)
	at sun.net.www.protocol.http.HttpURLConnection.getInputStream0(Unknown Source)
	at sun.net.www.protocol.http.HttpURLConnection.getInputStream(Unknown Source)
	at hudson.model.DownloadService.loadJSON(DownloadService.java:179)
	at hudson.model.UpdateSite.updateDirectlyNow(UpdateSite.java:190)
	at hudson.model.UpdateCenter.updateDefaultSite(UpdateCenter.java:2194)
	at jenkins.install.SetupWizard.init(SetupWizard.java:174)
	at jenkins.install.InstallState$3.initializeState(InstallState.java:105)
	at jenkins.model.Jenkins.setInstallState(Jenkins.java:1062)
	at jenkins.install.InstallUtil.proceedToNextStateFrom(InstallUtil.java:96)
	at jenkins.model.Jenkins.<init>(Jenkins.java:952)
	at hudson.model.Hudson.<init>(Hudson.java:86)
	at hudson.model.Hudson.<init>(Hudson.java:82)
	at hudson.WebAppMain$3.run(WebAppMain.java:235)

07-Jan-2018 16:00:48.470 INFO [17] hudson.WebAppMain$3.run Jenkins is fully up and running
07-Jan-2018 21:36:16.161 INFO [Thread-7] org.apache.coyote.AbstractProtocol.pause Pausing ProtocolHandler ["http-apr-8080"]
07-Jan-2018 21:36:16.240 INFO [Thread-7] org.apache.coyote.AbstractProtocol.pause Pausing ProtocolHandler ["ajp-apr-8019"]
07-Jan-2018 21:36:16.302 INFO [Thread-7] org.apache.catalina.core.StandardService.stopInternal Stopping service Catalina
07-Jan-2018 21:36:16.318 INFO [localhost-startStop-2] jenkins.model.Jenkins.cleanUp Stopping Jenkins
07-Jan-2018 21:36:16.411 INFO [localhost-startStop-2] jenkins.model.Jenkins$21.onAttained Started termination
07-Jan-2018 21:36:16.458 INFO [localhost-startStop-2] jenkins.model.Jenkins$21.onAttained Completed termination
07-Jan-2018 21:36:16.458 INFO [localhost-startStop-2] jenkins.model.Jenkins._cleanUpDisconnectComputers Starting node disconnection
07-Jan-2018 21:36:17.474 INFO [localhost-startStop-2] jenkins.model.Jenkins._cleanUpShutdownPluginManager Stopping plugin manager
07-Jan-2018 21:36:17.474 INFO [localhost-startStop-2] jenkins.model.Jenkins._cleanUpPersistQueue Persisting build queue
07-Jan-2018 21:36:17.474 INFO [localhost-startStop-2] jenkins.model.Jenkins._cleanUpAwaitDisconnects Waiting for node disconnection completion
07-Jan-2018 21:36:17.474 INFO [localhost-startStop-2] jenkins.model.Jenkins.cleanUp Jenkins stopped
07-Jan-2018 21:36:17.490 WARNING [localhost-startStop-2] org.apache.catalina.loader.WebappClassLoaderBase.clearReferencesThreads The web application [jenkins] appears to have started a thread named [Computer.threadPoolForRemoting [#3]] but has failed to stop it. This is very likely to create a memory leak. Stack trace of thread:
 sun.misc.Unsafe.park(Native Method)
 java.util.concurrent.locks.LockSupport.parkNanos(Unknown Source)
 java.util.concurrent.SynchronousQueue$TransferStack.awaitFulfill(Unknown Source)
 java.util.concurrent.SynchronousQueue$TransferStack.transfer(Unknown Source)
 java.util.concurrent.SynchronousQueue.poll(Unknown Source)
 java.util.concurrent.ThreadPoolExecutor.getTask(Unknown Source)
 java.util.concurrent.ThreadPoolExecutor.runWorker(Unknown Source)
 java.util.concurrent.ThreadPoolExecutor$Worker.run(Unknown Source)
 java.lang.Thread.run(Unknown Source)
07-Jan-2018 21:36:17.490 SEVERE [localhost-startStop-2] org.apache.catalina.loader.WebappClassLoaderBase.checkThreadLocalMapForLeaks The web application [jenkins] created a ThreadLocal with key of type [java.lang.ThreadLocal] (value [java.lang.ThreadLocal@272b965c]) and a value of type [org.acegisecurity.context.SecurityContextImpl] (value [org.acegisecurity.context.SecurityContextImpl@ffffffff: Null authentication]) but failed to remove it when the web application was stopped. Threads are going to be renewed over time to try and avoid a probable memory leak.
07-Jan-2018 21:36:17.521 INFO [Thread-7] org.apache.coyote.AbstractProtocol.stop Stopping ProtocolHandler ["http-apr-8080"]
07-Jan-2018 21:36:17.583 INFO [Thread-7] org.apache.coyote.AbstractProtocol.stop Stopping ProtocolHandler ["ajp-apr-8019"]
