22-Dec-2017 08:07:25.750 INFO [Fingerprint cleanup thread] hudson.model.AsyncPeriodicWork$1.run Started Fingerprint cleanup
22-Dec-2017 08:07:25.937 INFO [153] hudson.model.AsyncPeriodicWork$1.run Finished Fingerprint cleanup. 179 ms
22-Dec-2017 08:08:39.111 INFO [Thread-7] org.apache.coyote.AbstractProtocol.pause Pausing ProtocolHandler ["http-apr-8080"]
22-Dec-2017 08:08:39.189 INFO [Thread-7] org.apache.coyote.AbstractProtocol.pause Pausing ProtocolHandler ["ajp-apr-8019"]
22-Dec-2017 08:08:39.251 INFO [Thread-7] org.apache.catalina.core.StandardService.stopInternal Stopping service Catalina
22-Dec-2017 08:08:39.298 INFO [localhost-startStop-3] jenkins.model.Jenkins.cleanUp Stopping Jenkins
22-Dec-2017 08:08:39.502 INFO [localhost-startStop-3] jenkins.model.Jenkins$21.onAttained Started termination
22-Dec-2017 08:08:39.595 INFO [localhost-startStop-3] jenkins.model.Jenkins$21.onAttained Completed termination
22-Dec-2017 08:08:39.595 INFO [localhost-startStop-3] jenkins.model.Jenkins._cleanUpDisconnectComputers Starting node disconnection
22-Dec-2017 08:08:40.628 INFO [localhost-startStop-3] jenkins.model.Jenkins._cleanUpShutdownPluginManager Stopping plugin manager
22-Dec-2017 08:08:40.628 INFO [localhost-startStop-3] jenkins.model.Jenkins._cleanUpPersistQueue Persisting build queue
22-Dec-2017 08:08:40.643 INFO [localhost-startStop-3] jenkins.model.Jenkins._cleanUpAwaitDisconnects Waiting for node disconnection completion
22-Dec-2017 08:08:40.643 INFO [localhost-startStop-3] jenkins.model.Jenkins.cleanUp Jenkins stopped
22-Dec-2017 08:08:40.659 WARNING [localhost-startStop-3] org.apache.catalina.loader.WebappClassLoaderBase.clearReferencesThreads The web application [jenkins] appears to have started a thread named [Computer.threadPoolForRemoting [#3]] but has failed to stop it. This is very likely to create a memory leak. Stack trace of thread:
 sun.misc.Unsafe.park(Native Method)
 java.util.concurrent.locks.LockSupport.parkNanos(Unknown Source)
 java.util.concurrent.SynchronousQueue$TransferStack.awaitFulfill(Unknown Source)
 java.util.concurrent.SynchronousQueue$TransferStack.transfer(Unknown Source)
 java.util.concurrent.SynchronousQueue.poll(Unknown Source)
 java.util.concurrent.ThreadPoolExecutor.getTask(Unknown Source)
 java.util.concurrent.ThreadPoolExecutor.runWorker(Unknown Source)
 java.util.concurrent.ThreadPoolExecutor$Worker.run(Unknown Source)
 java.lang.Thread.run(Unknown Source)
22-Dec-2017 08:08:40.659 SEVERE [localhost-startStop-3] org.apache.catalina.loader.WebappClassLoaderBase.checkThreadLocalMapForLeaks The web application [jenkins] created a ThreadLocal with key of type [java.lang.ThreadLocal] (value [java.lang.ThreadLocal@1713b49e]) and a value of type [org.acegisecurity.context.SecurityContextImpl] (value [org.acegisecurity.context.SecurityContextImpl@ffffffff: Null authentication]) but failed to remove it when the web application was stopped. Threads are going to be renewed over time to try and avoid a probable memory leak.
22-Dec-2017 08:08:40.706 INFO [Thread-7] org.apache.coyote.AbstractProtocol.stop Stopping ProtocolHandler ["http-apr-8080"]
22-Dec-2017 08:08:40.800 INFO [Thread-7] org.apache.coyote.AbstractProtocol.stop Stopping ProtocolHandler ["ajp-apr-8019"]
22-Dec-2017 08:18:07.078 INFO [main] org.apache.catalina.startup.VersionLoggerListener.log Server version:        Apache Tomcat/8.0.36
22-Dec-2017 08:18:07.078 INFO [main] org.apache.catalina.startup.VersionLoggerListener.log Server built:          Jun 9 2016 13:55:50 UTC
22-Dec-2017 08:18:07.078 INFO [main] org.apache.catalina.startup.VersionLoggerListener.log Server number:         8.0.36.0
22-Dec-2017 08:18:07.078 INFO [main] org.apache.catalina.startup.VersionLoggerListener.log OS Name:               Windows 10
22-Dec-2017 08:18:07.078 INFO [main] org.apache.catalina.startup.VersionLoggerListener.log OS Version:            10.0
22-Dec-2017 08:18:07.078 INFO [main] org.apache.catalina.startup.VersionLoggerListener.log Architecture:          amd64
22-Dec-2017 08:18:07.078 INFO [main] org.apache.catalina.startup.VersionLoggerListener.log Java Home:             C:\Program Files\Java\jre1.8.0_102
22-Dec-2017 08:18:07.078 INFO [main] org.apache.catalina.startup.VersionLoggerListener.log JVM Version:           1.8.0_102-b14
22-Dec-2017 08:18:07.078 INFO [main] org.apache.catalina.startup.VersionLoggerListener.log JVM Vendor:            Oracle Corporation
22-Dec-2017 08:18:07.078 INFO [main] org.apache.catalina.startup.VersionLoggerListener.log CATALINA_BASE:         D:\Program Files\Apache Software Foundation\Tomcat 8.0
22-Dec-2017 08:18:07.078 INFO [main] org.apache.catalina.startup.VersionLoggerListener.log CATALINA_HOME:         D:\Program Files\Apache Software Foundation\Tomcat 8.0
22-Dec-2017 08:18:07.078 INFO [main] org.apache.catalina.startup.VersionLoggerListener.log Command line argument: -Dcatalina.home=D:\Program Files\Apache Software Foundation\Tomcat 8.0
22-Dec-2017 08:18:07.078 INFO [main] org.apache.catalina.startup.VersionLoggerListener.log Command line argument: -Dcatalina.base=D:\Program Files\Apache Software Foundation\Tomcat 8.0
22-Dec-2017 08:18:07.078 INFO [main] org.apache.catalina.startup.VersionLoggerListener.log Command line argument: -Djava.endorsed.dirs=D:\Program Files\Apache Software Foundation\Tomcat 8.0\endorsed
22-Dec-2017 08:18:07.078 INFO [main] org.apache.catalina.startup.VersionLoggerListener.log Command line argument: -Djava.io.tmpdir=D:\Program Files\Apache Software Foundation\Tomcat 8.0\temp
22-Dec-2017 08:18:07.078 INFO [main] org.apache.catalina.startup.VersionLoggerListener.log Command line argument: -Djava.util.logging.manager=org.apache.juli.ClassLoaderLogManager
22-Dec-2017 08:18:07.078 INFO [main] org.apache.catalina.startup.VersionLoggerListener.log Command line argument: -Djava.util.logging.config.file=D:\Program Files\Apache Software Foundation\Tomcat 8.0\conf\logging.properties
22-Dec-2017 08:18:07.078 INFO [main] org.apache.catalina.startup.VersionLoggerListener.log Command line argument: exit
22-Dec-2017 08:18:07.078 INFO [main] org.apache.catalina.startup.VersionLoggerListener.log Command line argument: -Xms128m
22-Dec-2017 08:18:07.078 INFO [main] org.apache.catalina.startup.VersionLoggerListener.log Command line argument: -Xmx256m
22-Dec-2017 08:18:07.078 INFO [main] org.apache.catalina.core.AprLifecycleListener.lifecycleEvent Loaded APR based Apache Tomcat Native library 1.2.7 using APR version 1.5.2.
22-Dec-2017 08:18:07.078 INFO [main] org.apache.catalina.core.AprLifecycleListener.lifecycleEvent APR capabilities: IPv6 [true], sendfile [true], accept filters [false], random [true].
22-Dec-2017 08:18:08.141 INFO [main] org.apache.catalina.core.AprLifecycleListener.initializeSSL OpenSSL successfully initialized (OpenSSL 1.0.2h  3 May 2016)
22-Dec-2017 08:18:08.547 INFO [main] org.apache.coyote.AbstractProtocol.init Initializing ProtocolHandler ["http-apr-8080"]
22-Dec-2017 08:18:08.563 INFO [main] org.apache.coyote.AbstractProtocol.init Initializing ProtocolHandler ["ajp-apr-8019"]
22-Dec-2017 08:18:08.563 INFO [main] org.apache.catalina.startup.Catalina.load Initialization processed in 2377 ms
22-Dec-2017 08:18:08.609 INFO [main] org.apache.catalina.core.StandardService.startInternal Starting service Catalina
22-Dec-2017 08:18:08.609 INFO [main] org.apache.catalina.core.StandardEngine.startInternal Starting Servlet Engine: Apache Tomcat/8.0.36
22-Dec-2017 08:18:08.719 INFO [localhost-startStop-1] org.apache.catalina.startup.HostConfig.deployWAR Deploying web application archive D:\Program Files\Apache Software Foundation\Tomcat 8.0\webapps\jenkins.war
22-Dec-2017 08:18:21.993 INFO [localhost-startStop-1] org.apache.jasper.servlet.TldScanner.scanJars At least one JAR was scanned for TLDs yet contained no TLDs. Enable debug logging for this logger for a complete list of JARs that were scanned but no TLDs were found in them. Skipping unneeded JARs during scanning can improve startup time and JSP compilation time.
22-Dec-2017 08:18:24.883 INFO [localhost-startStop-1] org.apache.catalina.startup.HostConfig.deployWAR Deployment of web application archive D:\Program Files\Apache Software Foundation\Tomcat 8.0\webapps\jenkins.war has finished in 16,164 ms
22-Dec-2017 08:18:24.883 INFO [localhost-startStop-1] org.apache.catalina.startup.HostConfig.deployDirectory Deploying web application directory D:\Program Files\Apache Software Foundation\Tomcat 8.0\webapps\docs
22-Dec-2017 08:18:24.946 INFO [localhost-startStop-1] org.apache.catalina.startup.HostConfig.deployDirectory Deployment of web application directory D:\Program Files\Apache Software Foundation\Tomcat 8.0\webapps\docs has finished in 63 ms
22-Dec-2017 08:18:24.946 INFO [localhost-startStop-1] org.apache.catalina.startup.HostConfig.deployDirectory Deploying web application directory D:\Program Files\Apache Software Foundation\Tomcat 8.0\webapps\examples
22-Dec-2017 08:18:25.852 INFO [localhost-startStop-1] org.apache.catalina.startup.HostConfig.deployDirectory Deployment of web application directory D:\Program Files\Apache Software Foundation\Tomcat 8.0\webapps\examples has finished in 906 ms
22-Dec-2017 08:18:25.852 INFO [localhost-startStop-1] org.apache.catalina.startup.HostConfig.deployDirectory Deploying web application directory D:\Program Files\Apache Software Foundation\Tomcat 8.0\webapps\host-manager
22-Dec-2017 08:18:25.961 INFO [localhost-startStop-1] org.apache.catalina.startup.HostConfig.deployDirectory Deployment of web application directory D:\Program Files\Apache Software Foundation\Tomcat 8.0\webapps\host-manager has finished in 109 ms
22-Dec-2017 08:18:25.961 INFO [localhost-startStop-1] org.apache.catalina.startup.HostConfig.deployDirectory Deploying web application directory D:\Program Files\Apache Software Foundation\Tomcat 8.0\webapps\manager
22-Dec-2017 08:18:26.055 INFO [localhost-startStop-1] org.apache.catalina.startup.HostConfig.deployDirectory Deployment of web application directory D:\Program Files\Apache Software Foundation\Tomcat 8.0\webapps\manager has finished in 94 ms
22-Dec-2017 08:18:26.055 INFO [localhost-startStop-1] org.apache.catalina.startup.HostConfig.deployDirectory Deploying web application directory D:\Program Files\Apache Software Foundation\Tomcat 8.0\webapps\ROOT
22-Dec-2017 08:18:26.102 INFO [localhost-startStop-1] org.apache.catalina.startup.HostConfig.deployDirectory Deployment of web application directory D:\Program Files\Apache Software Foundation\Tomcat 8.0\webapps\ROOT has finished in 47 ms
22-Dec-2017 08:18:26.149 INFO [main] org.apache.coyote.AbstractProtocol.start Starting ProtocolHandler ["http-apr-8080"]
22-Dec-2017 08:18:26.196 INFO [main] org.apache.coyote.AbstractProtocol.start Starting ProtocolHandler ["ajp-apr-8019"]
22-Dec-2017 08:18:26.211 INFO [main] org.apache.catalina.startup.Catalina.start Server startup in 17644 ms
22-Dec-2017 08:18:27.368 INFO [pool-6-thread-2] jenkins.InitReactorRunner$1.onAttained Started initialization
22-Dec-2017 08:18:27.414 INFO [pool-6-thread-8] jenkins.InitReactorRunner$1.onAttained Listed all plugins
22-Dec-2017 08:18:33.416 INFO [pool-6-thread-4] jenkins.InitReactorRunner$1.onAttained Prepared all plugins
22-Dec-2017 08:18:33.416 INFO [UpdateCenter.init] jenkins.InitReactorRunner$1.onAttained Started all plugins
22-Dec-2017 08:18:33.463 INFO [pool-6-thread-7] jenkins.InitReactorRunner$1.onAttained Augmented all extensions
22-Dec-2017 08:18:35.119 INFO [PeriodicWork.init] jenkins.InitReactorRunner$1.onAttained Loaded all jobs
22-Dec-2017 08:18:36.062 INFO [Download metadata thread] hudson.model.AsyncPeriodicWork$1.run Started Download metadata
22-Dec-2017 08:18:36.556 INFO [pool-6-thread-5] jenkins.InitReactorRunner$1.onAttained Completed initialization
22-Dec-2017 08:18:37.451 INFO [49] hudson.model.AsyncPeriodicWork$1.run Finished Download metadata. 1,387 ms
22-Dec-2017 08:18:38.856 INFO [Finalizing set up] org.springframework.context.support.AbstractApplicationContext.prepareRefresh Refreshing org.springframework.web.context.support.StaticWebApplicationContext@24e79a28: display name [Root WebApplicationContext]; startup date [Fri Dec 22 08:18:38 IST 2017]; root of context hierarchy
22-Dec-2017 08:18:38.871 INFO [Finalizing set up] org.springframework.context.support.AbstractApplicationContext.obtainFreshBeanFactory Bean factory for application context [org.springframework.web.context.support.StaticWebApplicationContext@24e79a28]: org.springframework.beans.factory.support.DefaultListableBeanFactory@358f073a
22-Dec-2017 08:18:38.934 INFO [Finalizing set up] org.springframework.beans.factory.support.DefaultListableBeanFactory.preInstantiateSingletons Pre-instantiating singletons in org.springframework.beans.factory.support.DefaultListableBeanFactory@358f073a: defining beans [authenticationManager]; root of factory hierarchy
22-Dec-2017 08:18:40.106 INFO [Finalizing set up] org.springframework.context.support.AbstractApplicationContext.prepareRefresh Refreshing org.springframework.web.context.support.StaticWebApplicationContext@270b00da: display name [Root WebApplicationContext]; startup date [Fri Dec 22 08:18:40 IST 2017]; root of context hierarchy
22-Dec-2017 08:18:40.106 INFO [Finalizing set up] org.springframework.context.support.AbstractApplicationContext.obtainFreshBeanFactory Bean factory for application context [org.springframework.web.context.support.StaticWebApplicationContext@270b00da]: org.springframework.beans.factory.support.DefaultListableBeanFactory@323382a6
22-Dec-2017 08:18:40.106 INFO [Finalizing set up] org.springframework.beans.factory.support.DefaultListableBeanFactory.preInstantiateSingletons Pre-instantiating singletons in org.springframework.beans.factory.support.DefaultListableBeanFactory@323382a6: defining beans [filter,legacy]; root of factory hierarchy
22-Dec-2017 08:18:40.497 INFO [Jenkins initialization thread] jenkins.install.SetupWizard.init 

*************************************************************
*************************************************************
*************************************************************

Jenkins initial setup is required. An admin user has been created and a password generated.
Please use the following password to proceed to installation:

b7db8979cf6141aca1646cb641a1f987

This may also be found at: C:\windows\system32\config\systemprofile\.jenkins\secrets\initialAdminPassword

*************************************************************
*************************************************************
*************************************************************

22-Dec-2017 08:18:41.919 WARNING [Jenkins initialization thread] hudson.model.UpdateCenter.updateDefaultSite Upgrading Jenkins. Failed to update the default Update Site 'default'. Plugin upgrades may fail.
 java.net.ConnectException: Connection refused: connect
	at java.net.DualStackPlainSocketImpl.waitForConnect(Native Method)
	at java.net.DualStackPlainSocketImpl.socketConnect(Unknown Source)
	at java.net.AbstractPlainSocketImpl.doConnect(Unknown Source)
	at java.net.AbstractPlainSocketImpl.connectToAddress(Unknown Source)
	at java.net.AbstractPlainSocketImpl.connect(Unknown Source)
	at java.net.PlainSocketImpl.connect(Unknown Source)
	at java.net.SocksSocketImpl.connect(Unknown Source)
	at java.net.Socket.connect(Unknown Source)
	at sun.net.NetworkClient.doConnect(Unknown Source)
	at sun.net.www.http.HttpClient.openServer(Unknown Source)
	at sun.net.www.http.HttpClient.openServer(Unknown Source)
	at sun.net.www.http.HttpClient.<init>(Unknown Source)
	at sun.net.www.http.HttpClient.New(Unknown Source)
	at sun.net.www.http.HttpClient.New(Unknown Source)
	at sun.net.www.protocol.http.HttpURLConnection.getNewHttpClient(Unknown Source)
	at sun.net.www.protocol.http.HttpURLConnection.plainConnect0(Unknown Source)
	at sun.net.www.protocol.http.HttpURLConnection.plainConnect(Unknown Source)
	at sun.net.www.protocol.http.HttpURLConnection.connect(Unknown Source)
	at sun.net.www.protocol.http.HttpURLConnection.getInputStream0(Unknown Source)
	at sun.net.www.protocol.http.HttpURLConnection.getInputStream(Unknown Source)
	at hudson.model.DownloadService.loadJSON(DownloadService.java:179)
	at hudson.model.UpdateSite.updateDirectlyNow(UpdateSite.java:190)
	at hudson.model.UpdateCenter.updateDefaultSite(UpdateCenter.java:2194)
	at jenkins.install.SetupWizard.init(SetupWizard.java:174)
	at jenkins.install.InstallState$3.initializeState(InstallState.java:105)
	at jenkins.model.Jenkins.setInstallState(Jenkins.java:1062)
	at jenkins.install.InstallUtil.proceedToNextStateFrom(InstallUtil.java:96)
	at jenkins.model.Jenkins.<init>(Jenkins.java:952)
	at hudson.model.Hudson.<init>(Hudson.java:86)
	at hudson.model.Hudson.<init>(Hudson.java:82)
	at hudson.WebAppMain$3.run(WebAppMain.java:235)

22-Dec-2017 08:18:41.997 INFO [Jenkins initialization thread] hudson.WebAppMain$3.run Jenkins is fully up and running
22-Dec-2017 08:48:53.965 INFO [Fingerprint cleanup thread] hudson.model.AsyncPeriodicWork$1.run Started Fingerprint cleanup
22-Dec-2017 08:48:53.989 INFO [Fingerprint cleanup thread] hudson.model.AsyncPeriodicWork$1.run Finished Fingerprint cleanup. 16 ms
22-Dec-2017 19:24:43.129 INFO [Thread-7] org.apache.coyote.AbstractProtocol.pause Pausing ProtocolHandler ["http-apr-8080"]
22-Dec-2017 19:24:43.208 INFO [Thread-7] org.apache.coyote.AbstractProtocol.pause Pausing ProtocolHandler ["ajp-apr-8019"]
22-Dec-2017 19:24:43.270 INFO [Thread-7] org.apache.catalina.core.StandardService.stopInternal Stopping service Catalina
22-Dec-2017 19:24:43.426 INFO [localhost-startStop-2] jenkins.model.Jenkins.cleanUp Stopping Jenkins
22-Dec-2017 19:24:43.692 INFO [localhost-startStop-2] jenkins.model.Jenkins$21.onAttained Started termination
22-Dec-2017 19:24:43.848 INFO [localhost-startStop-2] jenkins.model.Jenkins$21.onAttained Completed termination
22-Dec-2017 19:24:43.848 INFO [localhost-startStop-2] jenkins.model.Jenkins._cleanUpDisconnectComputers Starting node disconnection
22-Dec-2017 19:24:44.879 INFO [localhost-startStop-2] jenkins.model.Jenkins._cleanUpShutdownPluginManager Stopping plugin manager
22-Dec-2017 19:24:44.879 INFO [localhost-startStop-2] jenkins.model.Jenkins._cleanUpPersistQueue Persisting build queue
22-Dec-2017 19:24:44.911 INFO [localhost-startStop-2] jenkins.model.Jenkins._cleanUpAwaitDisconnects Waiting for node disconnection completion
22-Dec-2017 19:24:44.911 INFO [localhost-startStop-2] jenkins.model.Jenkins.cleanUp Jenkins stopped
22-Dec-2017 19:24:44.926 WARNING [localhost-startStop-2] org.apache.catalina.loader.WebappClassLoaderBase.clearReferencesThreads The web application [jenkins] appears to have started a thread named [Computer.threadPoolForRemoting [#3]] but has failed to stop it. This is very likely to create a memory leak. Stack trace of thread:
 sun.misc.Unsafe.park(Native Method)
 java.util.concurrent.locks.LockSupport.parkNanos(Unknown Source)
 java.util.concurrent.SynchronousQueue$TransferStack.awaitFulfill(Unknown Source)
 java.util.concurrent.SynchronousQueue$TransferStack.transfer(Unknown Source)
 java.util.concurrent.SynchronousQueue.poll(Unknown Source)
 java.util.concurrent.ThreadPoolExecutor.getTask(Unknown Source)
 java.util.concurrent.ThreadPoolExecutor.runWorker(Unknown Source)
 java.util.concurrent.ThreadPoolExecutor$Worker.run(Unknown Source)
 java.lang.Thread.run(Unknown Source)
22-Dec-2017 19:24:44.926 SEVERE [localhost-startStop-2] org.apache.catalina.loader.WebappClassLoaderBase.checkThreadLocalMapForLeaks The web application [jenkins] created a ThreadLocal with key of type [java.lang.ThreadLocal] (value [java.lang.ThreadLocal@4101e46e]) and a value of type [org.acegisecurity.context.SecurityContextImpl] (value [org.acegisecurity.context.SecurityContextImpl@ffffffff: Null authentication]) but failed to remove it when the web application was stopped. Threads are going to be renewed over time to try and avoid a probable memory leak.
22-Dec-2017 19:24:45.020 INFO [Thread-7] org.apache.coyote.AbstractProtocol.stop Stopping ProtocolHandler ["http-apr-8080"]
22-Dec-2017 19:24:45.145 INFO [Thread-7] org.apache.coyote.AbstractProtocol.stop Stopping ProtocolHandler ["ajp-apr-8019"]
22-Dec-2017 22:37:28.858 INFO [main] org.apache.catalina.startup.VersionLoggerListener.log Server version:        Apache Tomcat/8.0.36
22-Dec-2017 22:37:28.858 INFO [main] org.apache.catalina.startup.VersionLoggerListener.log Server built:          Jun 9 2016 13:55:50 UTC
22-Dec-2017 22:37:28.858 INFO [main] org.apache.catalina.startup.VersionLoggerListener.log Server number:         8.0.36.0
22-Dec-2017 22:37:28.858 INFO [main] org.apache.catalina.startup.VersionLoggerListener.log OS Name:               Windows 10
22-Dec-2017 22:37:28.858 INFO [main] org.apache.catalina.startup.VersionLoggerListener.log OS Version:            10.0
22-Dec-2017 22:37:28.858 INFO [main] org.apache.catalina.startup.VersionLoggerListener.log Architecture:          amd64
22-Dec-2017 22:37:28.858 INFO [main] org.apache.catalina.startup.VersionLoggerListener.log Java Home:             C:\Program Files\Java\jre1.8.0_102
22-Dec-2017 22:37:28.858 INFO [main] org.apache.catalina.startup.VersionLoggerListener.log JVM Version:           1.8.0_102-b14
22-Dec-2017 22:37:28.858 INFO [main] org.apache.catalina.startup.VersionLoggerListener.log JVM Vendor:            Oracle Corporation
22-Dec-2017 22:37:28.858 INFO [main] org.apache.catalina.startup.VersionLoggerListener.log CATALINA_BASE:         D:\Program Files\Apache Software Foundation\Tomcat 8.0
22-Dec-2017 22:37:28.858 INFO [main] org.apache.catalina.startup.VersionLoggerListener.log CATALINA_HOME:         D:\Program Files\Apache Software Foundation\Tomcat 8.0
22-Dec-2017 22:37:28.858 INFO [main] org.apache.catalina.startup.VersionLoggerListener.log Command line argument: -Dcatalina.home=D:\Program Files\Apache Software Foundation\Tomcat 8.0
22-Dec-2017 22:37:28.858 INFO [main] org.apache.catalina.startup.VersionLoggerListener.log Command line argument: -Dcatalina.base=D:\Program Files\Apache Software Foundation\Tomcat 8.0
22-Dec-2017 22:37:28.858 INFO [main] org.apache.catalina.startup.VersionLoggerListener.log Command line argument: -Djava.endorsed.dirs=D:\Program Files\Apache Software Foundation\Tomcat 8.0\endorsed
22-Dec-2017 22:37:28.858 INFO [main] org.apache.catalina.startup.VersionLoggerListener.log Command line argument: -Djava.io.tmpdir=D:\Program Files\Apache Software Foundation\Tomcat 8.0\temp
22-Dec-2017 22:37:28.858 INFO [main] org.apache.catalina.startup.VersionLoggerListener.log Command line argument: -Djava.util.logging.manager=org.apache.juli.ClassLoaderLogManager
22-Dec-2017 22:37:28.858 INFO [main] org.apache.catalina.startup.VersionLoggerListener.log Command line argument: -Djava.util.logging.config.file=D:\Program Files\Apache Software Foundation\Tomcat 8.0\conf\logging.properties
22-Dec-2017 22:37:28.858 INFO [main] org.apache.catalina.startup.VersionLoggerListener.log Command line argument: exit
22-Dec-2017 22:37:28.858 INFO [main] org.apache.catalina.startup.VersionLoggerListener.log Command line argument: -Xms128m
22-Dec-2017 22:37:28.858 INFO [main] org.apache.catalina.startup.VersionLoggerListener.log Command line argument: -Xmx256m
22-Dec-2017 22:37:28.858 INFO [main] org.apache.catalina.core.AprLifecycleListener.lifecycleEvent Loaded APR based Apache Tomcat Native library 1.2.7 using APR version 1.5.2.
22-Dec-2017 22:37:28.858 INFO [main] org.apache.catalina.core.AprLifecycleListener.lifecycleEvent APR capabilities: IPv6 [true], sendfile [true], accept filters [false], random [true].
22-Dec-2017 22:37:29.921 INFO [main] org.apache.catalina.core.AprLifecycleListener.initializeSSL OpenSSL successfully initialized (OpenSSL 1.0.2h  3 May 2016)
22-Dec-2017 22:37:35.394 INFO [main] org.apache.coyote.AbstractProtocol.init Initializing ProtocolHandler ["http-apr-8080"]
22-Dec-2017 22:37:35.410 SEVERE [main] org.apache.coyote.AbstractProtocol.init Failed to initialize end point associated with ProtocolHandler ["http-apr-8080"]
 java.lang.Exception: Socket bind failed: [730013] An attempt was made to access a socket in a way forbidden by its access permissions.  
	at org.apache.tomcat.util.net.AprEndpoint.bind(AprEndpoint.java:471)
	at org.apache.tomcat.util.net.AbstractEndpoint.init(AbstractEndpoint.java:748)
	at org.apache.coyote.AbstractProtocol.init(AbstractProtocol.java:459)
	at org.apache.catalina.connector.Connector.initInternal(Connector.java:960)
	at org.apache.catalina.util.LifecycleBase.init(LifecycleBase.java:102)
	at org.apache.catalina.core.StandardService.initInternal(StandardService.java:568)
	at org.apache.catalina.util.LifecycleBase.init(LifecycleBase.java:102)
	at org.apache.catalina.core.StandardServer.initInternal(StandardServer.java:869)
	at org.apache.catalina.util.LifecycleBase.init(LifecycleBase.java:102)
	at org.apache.catalina.startup.Catalina.load(Catalina.java:580)
	at org.apache.catalina.startup.Catalina.load(Catalina.java:603)
	at sun.reflect.NativeMethodAccessorImpl.invoke0(Native Method)
	at sun.reflect.NativeMethodAccessorImpl.invoke(Unknown Source)
	at sun.reflect.DelegatingMethodAccessorImpl.invoke(Unknown Source)
	at java.lang.reflect.Method.invoke(Unknown Source)
	at org.apache.catalina.startup.Bootstrap.load(Bootstrap.java:310)
	at org.apache.catalina.startup.Bootstrap.main(Bootstrap.java:484)

22-Dec-2017 22:37:35.410 SEVERE [main] org.apache.catalina.core.StandardService.initInternal Failed to initialize connector [Connector[HTTP/1.1-8080]]
 org.apache.catalina.LifecycleException: Failed to initialize component [Connector[HTTP/1.1-8080]]
	at org.apache.catalina.util.LifecycleBase.init(LifecycleBase.java:106)
	at org.apache.catalina.core.StandardService.initInternal(StandardService.java:568)
	at org.apache.catalina.util.LifecycleBase.init(LifecycleBase.java:102)
	at org.apache.catalina.core.StandardServer.initInternal(StandardServer.java:869)
	at org.apache.catalina.util.LifecycleBase.init(LifecycleBase.java:102)
	at org.apache.catalina.startup.Catalina.load(Catalina.java:580)
	at org.apache.catalina.startup.Catalina.load(Catalina.java:603)
	at sun.reflect.NativeMethodAccessorImpl.invoke0(Native Method)
	at sun.reflect.NativeMethodAccessorImpl.invoke(Unknown Source)
	at sun.reflect.DelegatingMethodAccessorImpl.invoke(Unknown Source)
	at java.lang.reflect.Method.invoke(Unknown Source)
	at org.apache.catalina.startup.Bootstrap.load(Bootstrap.java:310)
	at org.apache.catalina.startup.Bootstrap.main(Bootstrap.java:484)
Caused by: org.apache.catalina.LifecycleException: Protocol handler initialization failed
	at org.apache.catalina.connector.Connector.initInternal(Connector.java:962)
	at org.apache.catalina.util.LifecycleBase.init(LifecycleBase.java:102)
	... 12 more
Caused by: java.lang.Exception: Socket bind failed: [730013] An attempt was made to access a socket in a way forbidden by its access permissions.  
	at org.apache.tomcat.util.net.AprEndpoint.bind(AprEndpoint.java:471)
	at org.apache.tomcat.util.net.AbstractEndpoint.init(AbstractEndpoint.java:748)
	at org.apache.coyote.AbstractProtocol.init(AbstractProtocol.java:459)
	at org.apache.catalina.connector.Connector.initInternal(Connector.java:960)
	... 13 more

22-Dec-2017 22:37:35.410 INFO [main] org.apache.coyote.AbstractProtocol.init Initializing ProtocolHandler ["ajp-apr-8019"]
22-Dec-2017 22:37:35.426 INFO [main] org.apache.catalina.startup.Catalina.load Initialization processed in 7389 ms
22-Dec-2017 22:37:35.473 INFO [main] org.apache.catalina.core.StandardService.startInternal Starting service Catalina
22-Dec-2017 22:37:35.473 INFO [main] org.apache.catalina.core.StandardEngine.startInternal Starting Servlet Engine: Apache Tomcat/8.0.36
22-Dec-2017 22:37:35.535 INFO [localhost-startStop-1] org.apache.catalina.startup.HostConfig.deployWAR Deploying web application archive D:\Program Files\Apache Software Foundation\Tomcat 8.0\webapps\jenkins.war
22-Dec-2017 22:37:49.899 INFO [localhost-startStop-1] org.apache.jasper.servlet.TldScanner.scanJars At least one JAR was scanned for TLDs yet contained no TLDs. Enable debug logging for this logger for a complete list of JARs that were scanned but no TLDs were found in them. Skipping unneeded JARs during scanning can improve startup time and JSP compilation time.
22-Dec-2017 22:37:52.494 INFO [localhost-startStop-1] org.apache.catalina.startup.HostConfig.deployWAR Deployment of web application archive D:\Program Files\Apache Software Foundation\Tomcat 8.0\webapps\jenkins.war has finished in 16,959 ms
22-Dec-2017 22:37:52.494 INFO [localhost-startStop-1] org.apache.catalina.startup.HostConfig.deployDirectory Deploying web application directory D:\Program Files\Apache Software Foundation\Tomcat 8.0\webapps\docs
22-Dec-2017 22:37:52.634 INFO [localhost-startStop-1] org.apache.catalina.startup.HostConfig.deployDirectory Deployment of web application directory D:\Program Files\Apache Software Foundation\Tomcat 8.0\webapps\docs has finished in 140 ms
22-Dec-2017 22:37:52.634 INFO [localhost-startStop-1] org.apache.catalina.startup.HostConfig.deployDirectory Deploying web application directory D:\Program Files\Apache Software Foundation\Tomcat 8.0\webapps\examples
22-Dec-2017 22:37:53.665 INFO [localhost-startStop-1] org.apache.catalina.startup.HostConfig.deployDirectory Deployment of web application directory D:\Program Files\Apache Software Foundation\Tomcat 8.0\webapps\examples has finished in 1,031 ms
22-Dec-2017 22:37:53.665 INFO [localhost-startStop-1] org.apache.catalina.startup.HostConfig.deployDirectory Deploying web application directory D:\Program Files\Apache Software Foundation\Tomcat 8.0\webapps\host-manager
22-Dec-2017 22:37:53.744 INFO [localhost-startStop-1] org.apache.catalina.startup.HostConfig.deployDirectory Deployment of web application directory D:\Program Files\Apache Software Foundation\Tomcat 8.0\webapps\host-manager has finished in 79 ms
22-Dec-2017 22:37:53.744 INFO [localhost-startStop-1] org.apache.catalina.startup.HostConfig.deployDirectory Deploying web application directory D:\Program Files\Apache Software Foundation\Tomcat 8.0\webapps\manager
22-Dec-2017 22:37:53.806 INFO [localhost-startStop-1] org.apache.catalina.startup.HostConfig.deployDirectory Deployment of web application directory D:\Program Files\Apache Software Foundation\Tomcat 8.0\webapps\manager has finished in 62 ms
22-Dec-2017 22:37:53.806 INFO [localhost-startStop-1] org.apache.catalina.startup.HostConfig.deployDirectory Deploying web application directory D:\Program Files\Apache Software Foundation\Tomcat 8.0\webapps\ROOT
22-Dec-2017 22:37:53.869 INFO [localhost-startStop-1] org.apache.catalina.startup.HostConfig.deployDirectory Deployment of web application directory D:\Program Files\Apache Software Foundation\Tomcat 8.0\webapps\ROOT has finished in 63 ms
22-Dec-2017 22:37:53.884 INFO [main] org.apache.coyote.AbstractProtocol.start Starting ProtocolHandler ["ajp-apr-8019"]
22-Dec-2017 22:37:53.900 INFO [main] org.apache.catalina.startup.Catalina.start Server startup in 18478 ms
22-Dec-2017 22:37:54.744 INFO [pool-6-thread-2] jenkins.InitReactorRunner$1.onAttained Started initialization
22-Dec-2017 22:37:54.790 INFO [pool-6-thread-5] jenkins.InitReactorRunner$1.onAttained Listed all plugins
22-Dec-2017 22:37:58.619 INFO [pool-6-thread-3] jenkins.InitReactorRunner$1.onAttained Prepared all plugins
22-Dec-2017 22:37:58.619 INFO [pool-6-thread-2] jenkins.InitReactorRunner$1.onAttained Started all plugins
22-Dec-2017 22:37:58.665 INFO [NullIdDescriptorMonitor.verify] jenkins.InitReactorRunner$1.onAttained Augmented all extensions
22-Dec-2017 22:37:59.869 INFO [pool-6-thread-2] jenkins.InitReactorRunner$1.onAttained Loaded all jobs
22-Dec-2017 22:38:00.744 INFO [Download metadata thread] hudson.model.AsyncPeriodicWork$1.run Started Download metadata
22-Dec-2017 22:38:00.900 INFO [Download metadata thread] hudson.model.AsyncPeriodicWork$1.run Finished Download metadata. 156 ms
22-Dec-2017 22:38:01.072 INFO [pool-6-thread-3] jenkins.InitReactorRunner$1.onAttained Completed initialization
22-Dec-2017 22:38:03.322 INFO [Finalizing set up] org.springframework.context.support.AbstractApplicationContext.prepareRefresh Refreshing org.springframework.web.context.support.StaticWebApplicationContext@6686bbc5: display name [Root WebApplicationContext]; startup date [Fri Dec 22 22:38:03 IST 2017]; root of context hierarchy
22-Dec-2017 22:38:03.322 INFO [Finalizing set up] org.springframework.context.support.AbstractApplicationContext.obtainFreshBeanFactory Bean factory for application context [org.springframework.web.context.support.StaticWebApplicationContext@6686bbc5]: org.springframework.beans.factory.support.DefaultListableBeanFactory@49ad66bf
22-Dec-2017 22:38:03.384 INFO [Finalizing set up] org.springframework.beans.factory.support.DefaultListableBeanFactory.preInstantiateSingletons Pre-instantiating singletons in org.springframework.beans.factory.support.DefaultListableBeanFactory@49ad66bf: defining beans [authenticationManager]; root of factory hierarchy
22-Dec-2017 22:38:04.521 INFO [Finalizing set up] org.springframework.context.support.AbstractApplicationContext.prepareRefresh Refreshing org.springframework.web.context.support.StaticWebApplicationContext@69a53eff: display name [Root WebApplicationContext]; startup date [Fri Dec 22 22:38:04 IST 2017]; root of context hierarchy
22-Dec-2017 22:38:04.521 INFO [Finalizing set up] org.springframework.context.support.AbstractApplicationContext.obtainFreshBeanFactory Bean factory for application context [org.springframework.web.context.support.StaticWebApplicationContext@69a53eff]: org.springframework.beans.factory.support.DefaultListableBeanFactory@46b04cf9
22-Dec-2017 22:38:04.521 INFO [Finalizing set up] org.springframework.beans.factory.support.DefaultListableBeanFactory.preInstantiateSingletons Pre-instantiating singletons in org.springframework.beans.factory.support.DefaultListableBeanFactory@46b04cf9: defining beans [filter,legacy]; root of factory hierarchy
22-Dec-2017 22:38:04.816 INFO [Jenkins initialization thread] jenkins.install.SetupWizard.init 

*************************************************************
*************************************************************
*************************************************************

Jenkins initial setup is required. An admin user has been created and a password generated.
Please use the following password to proceed to installation:

b7db8979cf6141aca1646cb641a1f987

This may also be found at: C:\windows\system32\config\systemprofile\.jenkins\secrets\initialAdminPassword

*************************************************************
*************************************************************
*************************************************************

22-Dec-2017 22:38:04.988 WARNING [Jenkins initialization thread] hudson.model.UpdateCenter.updateDefaultSite Upgrading Jenkins. Failed to update the default Update Site 'default'. Plugin upgrades may fail.
 java.net.UnknownHostException: updates.jenkins-ci.org
	at java.net.AbstractPlainSocketImpl.connect(Unknown Source)
	at java.net.PlainSocketImpl.connect(Unknown Source)
	at java.net.SocksSocketImpl.connect(Unknown Source)
	at java.net.Socket.connect(Unknown Source)
	at sun.net.NetworkClient.doConnect(Unknown Source)
	at sun.net.www.http.HttpClient.openServer(Unknown Source)
	at sun.net.www.http.HttpClient.openServer(Unknown Source)
	at sun.net.www.http.HttpClient.<init>(Unknown Source)
	at sun.net.www.http.HttpClient.New(Unknown Source)
	at sun.net.www.http.HttpClient.New(Unknown Source)
	at sun.net.www.protocol.http.HttpURLConnection.getNewHttpClient(Unknown Source)
	at sun.net.www.protocol.http.HttpURLConnection.plainConnect0(Unknown Source)
	at sun.net.www.protocol.http.HttpURLConnection.plainConnect(Unknown Source)
	at sun.net.www.protocol.http.HttpURLConnection.connect(Unknown Source)
	at sun.net.www.protocol.http.HttpURLConnection.getInputStream0(Unknown Source)
	at sun.net.www.protocol.http.HttpURLConnection.getInputStream(Unknown Source)
	at hudson.model.DownloadService.loadJSON(DownloadService.java:179)
	at hudson.model.UpdateSite.updateDirectlyNow(UpdateSite.java:190)
	at hudson.model.UpdateCenter.updateDefaultSite(UpdateCenter.java:2194)
	at jenkins.install.SetupWizard.init(SetupWizard.java:174)
	at jenkins.install.InstallState$3.initializeState(InstallState.java:105)
	at jenkins.model.Jenkins.setInstallState(Jenkins.java:1062)
	at jenkins.install.InstallUtil.proceedToNextStateFrom(InstallUtil.java:96)
	at jenkins.model.Jenkins.<init>(Jenkins.java:952)
	at hudson.model.Hudson.<init>(Hudson.java:86)
	at hudson.model.Hudson.<init>(Hudson.java:82)
	at hudson.WebAppMain$3.run(WebAppMain.java:235)

22-Dec-2017 22:38:05.067 INFO [Jenkins initialization thread] hudson.WebAppMain$3.run Jenkins is fully up and running
22-Dec-2017 22:38:05.284 WARNING [Computer.threadPoolForRemoting [#1]] javax.jmdns.impl.HostInfo.newHostInfo Could not find any address beside the loopback.
22-Dec-2017 23:56:43.506 INFO [Thread-7] org.apache.coyote.AbstractProtocol.pause Pausing ProtocolHandler ["http-apr-8080"]
22-Dec-2017 23:56:43.506 INFO [Thread-7] org.apache.coyote.AbstractProtocol.pause Pausing ProtocolHandler ["ajp-apr-8019"]
22-Dec-2017 23:56:43.584 INFO [Thread-7] org.apache.catalina.core.StandardService.stopInternal Stopping service Catalina
22-Dec-2017 23:56:43.600 INFO [localhost-startStop-2] jenkins.model.Jenkins.cleanUp Stopping Jenkins
22-Dec-2017 23:56:43.694 INFO [localhost-startStop-2] jenkins.model.Jenkins$21.onAttained Started termination
22-Dec-2017 23:56:43.756 INFO [localhost-startStop-2] jenkins.model.Jenkins$21.onAttained Completed termination
22-Dec-2017 23:56:43.756 INFO [localhost-startStop-2] jenkins.model.Jenkins._cleanUpDisconnectComputers Starting node disconnection
22-Dec-2017 23:56:44.756 INFO [localhost-startStop-2] jenkins.model.Jenkins._cleanUpShutdownPluginManager Stopping plugin manager
22-Dec-2017 23:56:44.756 INFO [localhost-startStop-2] jenkins.model.Jenkins._cleanUpPersistQueue Persisting build queue
22-Dec-2017 23:56:44.772 INFO [localhost-startStop-2] jenkins.model.Jenkins._cleanUpAwaitDisconnects Waiting for node disconnection completion
22-Dec-2017 23:56:44.772 INFO [localhost-startStop-2] jenkins.model.Jenkins.cleanUp Jenkins stopped
22-Dec-2017 23:56:44.772 WARNING [localhost-startStop-2] org.apache.catalina.loader.WebappClassLoaderBase.clearReferencesThreads The web application [jenkins] appears to have started a thread named [Computer.threadPoolForRemoting [#3]] but has failed to stop it. This is very likely to create a memory leak. Stack trace of thread:
 sun.misc.Unsafe.park(Native Method)
 java.util.concurrent.locks.LockSupport.parkNanos(Unknown Source)
 java.util.concurrent.SynchronousQueue$TransferStack.awaitFulfill(Unknown Source)
 java.util.concurrent.SynchronousQueue$TransferStack.transfer(Unknown Source)
 java.util.concurrent.SynchronousQueue.poll(Unknown Source)
 java.util.concurrent.ThreadPoolExecutor.getTask(Unknown Source)
 java.util.concurrent.ThreadPoolExecutor.runWorker(Unknown Source)
 java.util.concurrent.ThreadPoolExecutor$Worker.run(Unknown Source)
 java.lang.Thread.run(Unknown Source)
22-Dec-2017 23:56:44.772 SEVERE [localhost-startStop-2] org.apache.catalina.loader.WebappClassLoaderBase.checkThreadLocalMapForLeaks The web application [jenkins] created a ThreadLocal with key of type [java.lang.ThreadLocal] (value [java.lang.ThreadLocal@6b0b5fc7]) and a value of type [org.acegisecurity.context.SecurityContextImpl] (value [org.acegisecurity.context.SecurityContextImpl@ffffffff: Null authentication]) but failed to remove it when the web application was stopped. Threads are going to be renewed over time to try and avoid a probable memory leak.
22-Dec-2017 23:56:44.819 INFO [Thread-7] org.apache.coyote.AbstractProtocol.stop Stopping ProtocolHandler ["ajp-apr-8019"]
