03-Dec-2017 01:22:16.666 INFO [Thread-4] org.apache.coyote.AbstractProtocol.pause Pausing ProtocolHandler ["http-apr-8080"]
03-Dec-2017 01:22:16.744 INFO [Thread-4] org.apache.coyote.AbstractProtocol.pause Pausing ProtocolHandler ["ajp-apr-8009"]
03-Dec-2017 01:22:16.806 INFO [Thread-4] org.apache.catalina.core.StandardService.stopInternal Stopping service Catalina
03-Dec-2017 01:22:16.869 INFO [Thread-4] org.apache.coyote.AbstractProtocol.stop Stopping ProtocolHandler ["http-apr-8080"]
03-Dec-2017 01:22:16.994 INFO [Thread-4] org.apache.coyote.AbstractProtocol.stop Stopping ProtocolHandler ["ajp-apr-8009"]
03-Dec-2017 07:39:27.885 INFO [main] org.apache.catalina.startup.VersionLoggerListener.log Server version:        Apache Tomcat/8.0.36
03-Dec-2017 07:39:27.885 INFO [main] org.apache.catalina.startup.VersionLoggerListener.log Server built:          Jun 9 2016 13:55:50 UTC
03-Dec-2017 07:39:27.885 INFO [main] org.apache.catalina.startup.VersionLoggerListener.log Server number:         8.0.36.0
03-Dec-2017 07:39:27.885 INFO [main] org.apache.catalina.startup.VersionLoggerListener.log OS Name:               Windows 10
03-Dec-2017 07:39:27.885 INFO [main] org.apache.catalina.startup.VersionLoggerListener.log OS Version:            10.0
03-Dec-2017 07:39:27.885 INFO [main] org.apache.catalina.startup.VersionLoggerListener.log Architecture:          amd64
03-Dec-2017 07:39:27.885 INFO [main] org.apache.catalina.startup.VersionLoggerListener.log Java Home:             C:\Program Files\Java\jre1.8.0_102
03-Dec-2017 07:39:27.885 INFO [main] org.apache.catalina.startup.VersionLoggerListener.log JVM Version:           1.8.0_102-b14
03-Dec-2017 07:39:27.885 INFO [main] org.apache.catalina.startup.VersionLoggerListener.log JVM Vendor:            Oracle Corporation
03-Dec-2017 07:39:27.885 INFO [main] org.apache.catalina.startup.VersionLoggerListener.log CATALINA_BASE:         D:\Program Files\Apache Software Foundation\Tomcat 8.0
03-Dec-2017 07:39:27.885 INFO [main] org.apache.catalina.startup.VersionLoggerListener.log CATALINA_HOME:         D:\Program Files\Apache Software Foundation\Tomcat 8.0
03-Dec-2017 07:39:27.885 INFO [main] org.apache.catalina.startup.VersionLoggerListener.log Command line argument: -Dcatalina.home=D:\Program Files\Apache Software Foundation\Tomcat 8.0
03-Dec-2017 07:39:27.885 INFO [main] org.apache.catalina.startup.VersionLoggerListener.log Command line argument: -Dcatalina.base=D:\Program Files\Apache Software Foundation\Tomcat 8.0
03-Dec-2017 07:39:27.885 INFO [main] org.apache.catalina.startup.VersionLoggerListener.log Command line argument: -Djava.endorsed.dirs=D:\Program Files\Apache Software Foundation\Tomcat 8.0\endorsed
03-Dec-2017 07:39:27.885 INFO [main] org.apache.catalina.startup.VersionLoggerListener.log Command line argument: -Djava.io.tmpdir=D:\Program Files\Apache Software Foundation\Tomcat 8.0\temp
03-Dec-2017 07:39:27.885 INFO [main] org.apache.catalina.startup.VersionLoggerListener.log Command line argument: -Djava.util.logging.manager=org.apache.juli.ClassLoaderLogManager
03-Dec-2017 07:39:27.885 INFO [main] org.apache.catalina.startup.VersionLoggerListener.log Command line argument: -Djava.util.logging.config.file=D:\Program Files\Apache Software Foundation\Tomcat 8.0\conf\logging.properties
03-Dec-2017 07:39:27.885 INFO [main] org.apache.catalina.startup.VersionLoggerListener.log Command line argument: exit
03-Dec-2017 07:39:27.885 INFO [main] org.apache.catalina.startup.VersionLoggerListener.log Command line argument: -Xms128m
03-Dec-2017 07:39:27.885 INFO [main] org.apache.catalina.startup.VersionLoggerListener.log Command line argument: -Xmx256m
03-Dec-2017 07:39:27.885 INFO [main] org.apache.catalina.core.AprLifecycleListener.lifecycleEvent Loaded APR based Apache Tomcat Native library 1.2.7 using APR version 1.5.2.
03-Dec-2017 07:39:27.885 INFO [main] org.apache.catalina.core.AprLifecycleListener.lifecycleEvent APR capabilities: IPv6 [true], sendfile [true], accept filters [false], random [true].
03-Dec-2017 07:39:28.932 INFO [main] org.apache.catalina.core.AprLifecycleListener.initializeSSL OpenSSL successfully initialized (OpenSSL 1.0.2h  3 May 2016)
03-Dec-2017 07:39:29.354 INFO [main] org.apache.coyote.AbstractProtocol.init Initializing ProtocolHandler ["http-apr-8080"]
03-Dec-2017 07:39:29.369 INFO [main] org.apache.coyote.AbstractProtocol.init Initializing ProtocolHandler ["ajp-apr-8009"]
03-Dec-2017 07:39:29.385 INFO [main] org.apache.catalina.startup.Catalina.load Initialization processed in 2556 ms
03-Dec-2017 07:39:29.448 INFO [main] org.apache.catalina.core.StandardService.startInternal Starting service Catalina
03-Dec-2017 07:39:29.448 INFO [main] org.apache.catalina.core.StandardEngine.startInternal Starting Servlet Engine: Apache Tomcat/8.0.36
03-Dec-2017 07:39:29.494 INFO [localhost-startStop-1] org.apache.catalina.startup.HostConfig.deployDirectory Deploying web application directory D:\Program Files\Apache Software Foundation\Tomcat 8.0\webapps\docs
03-Dec-2017 07:39:30.526 INFO [localhost-startStop-1] org.apache.catalina.util.SessionIdGeneratorBase.createSecureRandom Creation of SecureRandom instance for session ID generation using [SHA1PRNG] took [266] milliseconds.
03-Dec-2017 07:39:30.573 INFO [localhost-startStop-1] org.apache.catalina.startup.HostConfig.deployDirectory Deployment of web application directory D:\Program Files\Apache Software Foundation\Tomcat 8.0\webapps\docs has finished in 1,079 ms
03-Dec-2017 07:39:30.573 INFO [localhost-startStop-1] org.apache.catalina.startup.HostConfig.deployDirectory Deploying web application directory D:\Program Files\Apache Software Foundation\Tomcat 8.0\webapps\examples
03-Dec-2017 07:39:31.682 INFO [localhost-startStop-1] org.apache.catalina.startup.HostConfig.deployDirectory Deployment of web application directory D:\Program Files\Apache Software Foundation\Tomcat 8.0\webapps\examples has finished in 1,109 ms
03-Dec-2017 07:39:31.682 INFO [localhost-startStop-1] org.apache.catalina.startup.HostConfig.deployDirectory Deploying web application directory D:\Program Files\Apache Software Foundation\Tomcat 8.0\webapps\host-manager
03-Dec-2017 07:39:31.776 INFO [localhost-startStop-1] org.apache.catalina.startup.HostConfig.deployDirectory Deployment of web application directory D:\Program Files\Apache Software Foundation\Tomcat 8.0\webapps\host-manager has finished in 94 ms
03-Dec-2017 07:39:31.776 INFO [localhost-startStop-1] org.apache.catalina.startup.HostConfig.deployDirectory Deploying web application directory D:\Program Files\Apache Software Foundation\Tomcat 8.0\webapps\manager
03-Dec-2017 07:39:31.848 INFO [localhost-startStop-1] org.apache.catalina.startup.HostConfig.deployDirectory Deployment of web application directory D:\Program Files\Apache Software Foundation\Tomcat 8.0\webapps\manager has finished in 72 ms
03-Dec-2017 07:39:31.848 INFO [localhost-startStop-1] org.apache.catalina.startup.HostConfig.deployDirectory Deploying web application directory D:\Program Files\Apache Software Foundation\Tomcat 8.0\webapps\ROOT
03-Dec-2017 07:39:31.911 INFO [localhost-startStop-1] org.apache.catalina.startup.HostConfig.deployDirectory Deployment of web application directory D:\Program Files\Apache Software Foundation\Tomcat 8.0\webapps\ROOT has finished in 63 ms
03-Dec-2017 07:39:31.926 INFO [main] org.apache.coyote.AbstractProtocol.start Starting ProtocolHandler ["http-apr-8080"]
03-Dec-2017 07:39:31.942 INFO [main] org.apache.coyote.AbstractProtocol.start Starting ProtocolHandler ["ajp-apr-8009"]
03-Dec-2017 07:39:31.970 INFO [main] org.apache.catalina.startup.Catalina.start Server startup in 2580 ms
03-Dec-2017 07:53:23.673 INFO [Thread-4] org.apache.coyote.AbstractProtocol.pause Pausing ProtocolHandler ["http-apr-8080"]
03-Dec-2017 07:53:23.751 INFO [Thread-4] org.apache.coyote.AbstractProtocol.pause Pausing ProtocolHandler ["ajp-apr-8009"]
03-Dec-2017 07:53:23.813 INFO [Thread-4] org.apache.catalina.core.StandardService.stopInternal Stopping service Catalina
03-Dec-2017 07:53:23.876 INFO [Thread-4] org.apache.coyote.AbstractProtocol.stop Stopping ProtocolHandler ["http-apr-8080"]
03-Dec-2017 07:53:24.001 INFO [Thread-4] org.apache.coyote.AbstractProtocol.stop Stopping ProtocolHandler ["ajp-apr-8009"]
03-Dec-2017 11:56:51.238 INFO [main] org.apache.catalina.startup.VersionLoggerListener.log Server version:        Apache Tomcat/8.0.36
03-Dec-2017 11:56:51.238 INFO [main] org.apache.catalina.startup.VersionLoggerListener.log Server built:          Jun 9 2016 13:55:50 UTC
03-Dec-2017 11:56:51.238 INFO [main] org.apache.catalina.startup.VersionLoggerListener.log Server number:         8.0.36.0
03-Dec-2017 11:56:51.253 INFO [main] org.apache.catalina.startup.VersionLoggerListener.log OS Name:               Windows 10
03-Dec-2017 11:56:51.253 INFO [main] org.apache.catalina.startup.VersionLoggerListener.log OS Version:            10.0
03-Dec-2017 11:56:51.253 INFO [main] org.apache.catalina.startup.VersionLoggerListener.log Architecture:          amd64
03-Dec-2017 11:56:51.253 INFO [main] org.apache.catalina.startup.VersionLoggerListener.log Java Home:             C:\Program Files\Java\jre1.8.0_102
03-Dec-2017 11:56:51.253 INFO [main] org.apache.catalina.startup.VersionLoggerListener.log JVM Version:           1.8.0_102-b14
03-Dec-2017 11:56:51.253 INFO [main] org.apache.catalina.startup.VersionLoggerListener.log JVM Vendor:            Oracle Corporation
03-Dec-2017 11:56:51.253 INFO [main] org.apache.catalina.startup.VersionLoggerListener.log CATALINA_BASE:         D:\Program Files\Apache Software Foundation\Tomcat 8.0
03-Dec-2017 11:56:51.253 INFO [main] org.apache.catalina.startup.VersionLoggerListener.log CATALINA_HOME:         D:\Program Files\Apache Software Foundation\Tomcat 8.0
03-Dec-2017 11:56:51.253 INFO [main] org.apache.catalina.startup.VersionLoggerListener.log Command line argument: -Dcatalina.home=D:\Program Files\Apache Software Foundation\Tomcat 8.0
03-Dec-2017 11:56:51.253 INFO [main] org.apache.catalina.startup.VersionLoggerListener.log Command line argument: -Dcatalina.base=D:\Program Files\Apache Software Foundation\Tomcat 8.0
03-Dec-2017 11:56:51.253 INFO [main] org.apache.catalina.startup.VersionLoggerListener.log Command line argument: -Djava.endorsed.dirs=D:\Program Files\Apache Software Foundation\Tomcat 8.0\endorsed
03-Dec-2017 11:56:51.253 INFO [main] org.apache.catalina.startup.VersionLoggerListener.log Command line argument: -Djava.io.tmpdir=D:\Program Files\Apache Software Foundation\Tomcat 8.0\temp
03-Dec-2017 11:56:51.253 INFO [main] org.apache.catalina.startup.VersionLoggerListener.log Command line argument: -Djava.util.logging.manager=org.apache.juli.ClassLoaderLogManager
03-Dec-2017 11:56:51.253 INFO [main] org.apache.catalina.startup.VersionLoggerListener.log Command line argument: -Djava.util.logging.config.file=D:\Program Files\Apache Software Foundation\Tomcat 8.0\conf\logging.properties
03-Dec-2017 11:56:51.253 INFO [main] org.apache.catalina.startup.VersionLoggerListener.log Command line argument: exit
03-Dec-2017 11:56:51.253 INFO [main] org.apache.catalina.startup.VersionLoggerListener.log Command line argument: -Xms128m
03-Dec-2017 11:56:51.253 INFO [main] org.apache.catalina.startup.VersionLoggerListener.log Command line argument: -Xmx256m
03-Dec-2017 11:56:51.253 INFO [main] org.apache.catalina.core.AprLifecycleListener.lifecycleEvent Loaded APR based Apache Tomcat Native library 1.2.7 using APR version 1.5.2.
03-Dec-2017 11:56:51.253 INFO [main] org.apache.catalina.core.AprLifecycleListener.lifecycleEvent APR capabilities: IPv6 [true], sendfile [true], accept filters [false], random [true].
03-Dec-2017 11:56:52.316 INFO [main] org.apache.catalina.core.AprLifecycleListener.initializeSSL OpenSSL successfully initialized (OpenSSL 1.0.2h  3 May 2016)
03-Dec-2017 11:56:52.706 INFO [main] org.apache.coyote.AbstractProtocol.init Initializing ProtocolHandler ["http-apr-8080"]
03-Dec-2017 11:56:52.722 INFO [main] org.apache.coyote.AbstractProtocol.init Initializing ProtocolHandler ["ajp-apr-8009"]
03-Dec-2017 11:56:52.722 INFO [main] org.apache.catalina.startup.Catalina.load Initialization processed in 2288 ms
03-Dec-2017 11:56:52.769 INFO [main] org.apache.catalina.core.StandardService.startInternal Starting service Catalina
03-Dec-2017 11:56:52.769 INFO [main] org.apache.catalina.core.StandardEngine.startInternal Starting Servlet Engine: Apache Tomcat/8.0.36
03-Dec-2017 11:56:52.816 INFO [localhost-startStop-1] org.apache.catalina.startup.HostConfig.deployDirectory Deploying web application directory D:\Program Files\Apache Software Foundation\Tomcat 8.0\webapps\docs
03-Dec-2017 11:56:54.285 INFO [localhost-startStop-1] org.apache.catalina.util.SessionIdGeneratorBase.createSecureRandom Creation of SecureRandom instance for session ID generation using [SHA1PRNG] took [891] milliseconds.
03-Dec-2017 11:56:54.347 INFO [localhost-startStop-1] org.apache.catalina.startup.HostConfig.deployDirectory Deployment of web application directory D:\Program Files\Apache Software Foundation\Tomcat 8.0\webapps\docs has finished in 1,531 ms
03-Dec-2017 11:56:54.347 INFO [localhost-startStop-1] org.apache.catalina.startup.HostConfig.deployDirectory Deploying web application directory D:\Program Files\Apache Software Foundation\Tomcat 8.0\webapps\examples
03-Dec-2017 11:56:55.222 INFO [localhost-startStop-1] org.apache.catalina.startup.HostConfig.deployDirectory Deployment of web application directory D:\Program Files\Apache Software Foundation\Tomcat 8.0\webapps\examples has finished in 875 ms
03-Dec-2017 11:56:55.222 INFO [localhost-startStop-1] org.apache.catalina.startup.HostConfig.deployDirectory Deploying web application directory D:\Program Files\Apache Software Foundation\Tomcat 8.0\webapps\host-manager
03-Dec-2017 11:56:55.316 INFO [localhost-startStop-1] org.apache.catalina.startup.HostConfig.deployDirectory Deployment of web application directory D:\Program Files\Apache Software Foundation\Tomcat 8.0\webapps\host-manager has finished in 94 ms
03-Dec-2017 11:56:55.316 INFO [localhost-startStop-1] org.apache.catalina.startup.HostConfig.deployDirectory Deploying web application directory D:\Program Files\Apache Software Foundation\Tomcat 8.0\webapps\manager
03-Dec-2017 11:56:55.378 INFO [localhost-startStop-1] org.apache.catalina.startup.HostConfig.deployDirectory Deployment of web application directory D:\Program Files\Apache Software Foundation\Tomcat 8.0\webapps\manager has finished in 62 ms
03-Dec-2017 11:56:55.378 INFO [localhost-startStop-1] org.apache.catalina.startup.HostConfig.deployDirectory Deploying web application directory D:\Program Files\Apache Software Foundation\Tomcat 8.0\webapps\ROOT
03-Dec-2017 11:56:55.425 INFO [localhost-startStop-1] org.apache.catalina.startup.HostConfig.deployDirectory Deployment of web application directory D:\Program Files\Apache Software Foundation\Tomcat 8.0\webapps\ROOT has finished in 47 ms
03-Dec-2017 11:56:55.425 INFO [main] org.apache.coyote.AbstractProtocol.start Starting ProtocolHandler ["http-apr-8080"]
03-Dec-2017 11:56:55.457 INFO [main] org.apache.coyote.AbstractProtocol.start Starting ProtocolHandler ["ajp-apr-8009"]
03-Dec-2017 11:56:55.472 INFO [main] org.apache.catalina.startup.Catalina.start Server startup in 2741 ms
