[2018-01-25 00:14:44] [info]  [ 2844] Commons Daemon procrun (1.0.15.0 64-bit) started
[2018-01-25 00:14:45] [info]  [ 2844] Running 'Tomcat8' Service...
[2018-01-25 00:14:45] [info]  [ 3172] Starting service...
[2018-01-25 00:14:47] [info]  [ 3172] Service started in 1798 ms.
[2018-01-25 01:12:06] [info]  [ 5440] Console SHUTDOWN event signaled
[2018-01-25 01:12:06] [info]  [ 5440] Stopping service...
[2018-01-25 01:12:08] [info]  [ 5440] Service stop thread completed.
[2018-01-25 01:12:08] [info]  [ 2844] Run service finished.
[2018-01-25 01:12:08] [info]  [ 2844] Commons Daemon procrun finished
[2018-01-25 07:29:57] [info]  [ 2744] Commons Daemon procrun (1.0.15.0 64-bit) started
[2018-01-25 07:29:58] [info]  [ 2744] Running 'Tomcat8' Service...
[2018-01-25 07:29:59] [info]  [ 3396] Starting service...
[2018-01-25 07:30:00] [info]  [ 3396] Service started in 1754 ms.
[2018-01-25 07:38:54] [info]  [10292] Console SHUTDOWN event signaled
[2018-01-25 07:38:54] [info]  [10292] Stopping service...
[2018-01-25 07:38:56] [info]  [10292] Service stop thread completed.
[2018-01-25 07:38:56] [info]  [ 2744] Run service finished.
[2018-01-25 07:38:56] [info]  [ 2744] Commons Daemon procrun finished
[2018-01-25 08:41:57] [info]  [ 2748] Commons Daemon procrun (1.0.15.0 64-bit) started
[2018-01-25 08:41:57] [info]  [ 2748] Running 'Tomcat8' Service...
[2018-01-25 08:41:57] [info]  [ 2660] Starting service...
[2018-01-25 08:41:59] [info]  [ 2660] Service started in 1772 ms.
[2018-01-25 23:44:49] [info]  [10736] Console SHUTDOWN event signaled
[2018-01-25 23:44:49] [info]  [10736] Stopping service...
[2018-01-25 23:44:51] [info]  [10736] Service stop thread completed.
[2018-01-25 23:44:51] [info]  [ 2748] Run service finished.
[2018-01-25 23:44:51] [info]  [ 2748] Commons Daemon procrun finished
[2018-01-25 23:45:32] [info]  [ 2680] Commons Daemon procrun (1.0.15.0 64-bit) started
[2018-01-25 23:45:32] [info]  [ 2680] Running 'Tomcat8' Service...
[2018-01-25 23:45:33] [info]  [ 3412] Starting service...
[2018-01-25 23:45:35] [info]  [ 3412] Service started in 1609 ms.
[2018-01-25 23:48:01] [info]  [ 9736] Console SHUTDOWN event signaled
[2018-01-25 23:48:01] [info]  [ 9736] Stopping service...
[2018-01-25 23:48:02] [info]  [ 9736] Service stop thread completed.
[2018-01-25 23:48:02] [info]  [ 2680] Run service finished.
[2018-01-25 23:48:02] [info]  [ 2680] Commons Daemon procrun finished
[2018-01-25 23:48:31] [info]  [ 2776] Commons Daemon procrun (1.0.15.0 64-bit) started
[2018-01-25 23:48:32] [info]  [ 2776] Running 'Tomcat8' Service...
[2018-01-25 23:48:32] [info]  [ 3240] Starting service...
[2018-01-25 23:48:34] [info]  [ 3240] Service started in 1586 ms.
[2018-01-26 00:09:01] [info]  [ 1676] Console SHUTDOWN event signaled
[2018-01-26 00:09:01] [info]  [ 1676] Stopping service...
[2018-01-26 00:09:03] [info]  [ 1676] Service stop thread completed.
[2018-01-26 00:09:03] [info]  [ 2776] Run service finished.
[2018-01-26 00:09:03] [info]  [ 2776] Commons Daemon procrun finished
