[2018-01-22 07:28:30] [info]  [ 2572] Commons Daemon procrun (1.0.15.0 64-bit) started
[2018-01-22 07:28:30] [info]  [ 2572] Running 'Tomcat8' Service...
[2018-01-22 07:28:31] [info]  [ 3272] Starting service...
[2018-01-22 07:28:33] [info]  [ 3272] Service started in 1777 ms.
[2018-01-22 07:36:00] [info]  [ 7852] Console SHUTDOWN event signaled
[2018-01-22 07:36:00] [info]  [ 7852] Stopping service...
[2018-01-22 07:36:02] [info]  [ 7852] Service stop thread completed.
[2018-01-22 07:36:02] [info]  [ 2572] Run service finished.
[2018-01-22 07:36:02] [info]  [ 2572] Commons Daemon procrun finished
[2018-01-22 10:13:41] [info]  [ 2632] Commons Daemon procrun (1.0.15.0 64-bit) started
[2018-01-22 10:13:41] [info]  [ 2632] Running 'Tomcat8' Service...
[2018-01-22 10:13:42] [info]  [ 3112] Starting service...
[2018-01-22 10:13:44] [info]  [ 3112] Service started in 1663 ms.
[2018-01-22 23:18:16] [info]  [ 5536] Console SHUTDOWN event signaled
[2018-01-22 23:18:16] [info]  [ 5536] Stopping service...
[2018-01-22 23:18:18] [info]  [ 5536] Service stop thread completed.
[2018-01-22 23:18:18] [info]  [ 2632] Run service finished.
[2018-01-22 23:18:18] [info]  [ 2632] Commons Daemon procrun finished
[2018-01-22 23:19:24] [info]  [ 2420] Commons Daemon procrun (1.0.15.0 64-bit) started
[2018-01-22 23:19:24] [info]  [ 2420] Running 'Tomcat8' Service...
[2018-01-22 23:19:25] [info]  [ 1488] Starting service...
[2018-01-22 23:19:26] [info]  [ 1488] Service started in 1531 ms.
[2018-01-23 02:08:10] [info]  [  512] Console SHUTDOWN event signaled
[2018-01-23 02:08:10] [info]  [  512] Stopping service...
[2018-01-23 02:08:11] [info]  [  512] Service stop thread completed.
[2018-01-23 02:08:11] [info]  [ 2420] Run service finished.
[2018-01-23 02:08:11] [info]  [ 2420] Commons Daemon procrun finished
