[2017-12-26 00:34:33] [info]  [ 2496] Commons Daemon procrun (1.0.15.0 64-bit) started
[2017-12-26 00:34:34] [info]  [ 2496] Running 'Tomcat8' Service...
[2017-12-26 00:34:35] [info]  [ 3204] Starting service...
[2017-12-26 00:34:37] [info]  [ 3204] Service started in 1747 ms.
[2017-12-26 00:48:35] [info]  [ 9164] Console SHUTDOWN event signaled
[2017-12-26 00:48:35] [info]  [ 9164] Stopping service...
[2017-12-26 00:48:37] [info]  [ 9164] Service stop thread completed.
[2017-12-26 00:48:37] [info]  [ 2496] Run service finished.
[2017-12-26 00:48:37] [info]  [ 2496] Commons Daemon procrun finished
[2017-12-26 08:17:34] [info]  [ 2580] Commons Daemon procrun (1.0.15.0 64-bit) started
[2017-12-26 08:17:35] [info]  [ 2580] Running 'Tomcat8' Service...
[2017-12-26 08:17:36] [info]  [ 2504] Starting service...
[2017-12-26 08:17:37] [info]  [ 2504] Service started in 1687 ms.
[2017-12-26 19:38:32] [info]  [15864] Console SHUTDOWN event signaled
[2017-12-26 19:38:32] [info]  [15864] Stopping service...
[2017-12-26 19:38:34] [info]  [15864] Service stop thread completed.
[2017-12-26 19:38:34] [info]  [ 2580] Run service finished.
[2017-12-26 19:38:34] [info]  [ 2580] Commons Daemon procrun finished
[2017-12-26 19:38:59] [info]  [ 2560] Commons Daemon procrun (1.0.15.0 64-bit) started
[2017-12-26 19:38:59] [info]  [ 2560] Running 'Tomcat8' Service...
[2017-12-26 19:38:59] [info]  [ 1644] Starting service...
[2017-12-26 19:39:01] [info]  [ 1644] Service started in 1567 ms.
[2017-12-27 01:23:54] [info]  [ 9164] Console SHUTDOWN event signaled
[2017-12-27 01:23:54] [info]  [ 9164] Stopping service...
[2017-12-27 01:23:56] [info]  [ 9164] Service stop thread completed.
[2017-12-27 01:23:56] [info]  [ 2560] Run service finished.
[2017-12-27 01:23:56] [info]  [ 2560] Commons Daemon procrun finished
