[2018-01-11 01:42:33] [info]  [ 2704] Commons Daemon procrun (1.0.15.0 64-bit) started
[2018-01-11 01:42:33] [info]  [ 2704] Running 'Tomcat8' Service...
[2018-01-11 01:42:34] [info]  [ 3344] Starting service...
[2018-01-11 01:42:35] [info]  [ 3344] Service started in 1712 ms.
[2018-01-11 03:24:21] [info]  [ 7372] Console SHUTDOWN event signaled
[2018-01-11 03:24:21] [info]  [ 7372] Stopping service...
[2018-01-11 03:24:23] [info]  [ 7372] Service stop thread completed.
[2018-01-11 03:24:23] [info]  [ 2704] Run service finished.
[2018-01-11 03:24:23] [info]  [ 2704] Commons Daemon procrun finished
[2018-01-11 08:43:02] [info]  [ 2552] Commons Daemon procrun (1.0.15.0 64-bit) started
[2018-01-11 08:43:03] [info]  [ 2552] Running 'Tomcat8' Service...
[2018-01-11 08:43:03] [info]  [ 3068] Starting service...
[2018-01-11 08:43:05] [info]  [ 3068] Service started in 1648 ms.
[2018-01-11 22:41:54] [info]  [ 3480] Console SHUTDOWN event signaled
[2018-01-11 22:41:54] [info]  [ 3480] Stopping service...
[2018-01-11 22:41:56] [info]  [ 3480] Service stop thread completed.
[2018-01-11 22:41:56] [info]  [ 2552] Run service finished.
[2018-01-11 22:41:56] [info]  [ 2552] Commons Daemon procrun finished
[2018-01-11 23:44:35] [info]  [ 2632] Commons Daemon procrun (1.0.15.0 64-bit) started
[2018-01-11 23:44:35] [info]  [ 2632] Running 'Tomcat8' Service...
[2018-01-11 23:44:36] [info]  [ 2548] Starting service...
[2018-01-11 23:44:38] [info]  [ 2548] Service started in 1761 ms.
[2018-01-12 00:44:20] [info]  [ 5180] Console SHUTDOWN event signaled
[2018-01-12 00:44:20] [info]  [ 5180] Stopping service...
[2018-01-12 00:44:22] [info]  [ 5180] Service stop thread completed.
[2018-01-12 00:44:22] [info]  [ 2632] Run service finished.
[2018-01-12 00:44:22] [info]  [ 2632] Commons Daemon procrun finished
