[2017-12-06 06:53:13] [info]  [ 2504] Commons Daemon procrun (1.0.15.0 64-bit) started
[2017-12-06 06:53:13] [info]  [ 2504] Running 'Tomcat8' Service...
[2017-12-06 06:53:14] [info]  [ 2204] Starting service...
[2017-12-06 06:53:16] [info]  [ 2204] Service started in 1647 ms.
[2017-12-06 07:11:49] [info]  [ 6196] Console SHUTDOWN event signaled
[2017-12-06 07:11:49] [info]  [ 6196] Stopping service...
[2017-12-06 07:11:50] [info]  [ 6196] Service stop thread completed.
[2017-12-06 07:11:50] [info]  [ 2504] Run service finished.
[2017-12-06 07:11:50] [info]  [ 2504] Commons Daemon procrun finished
[2017-12-06 08:26:08] [info]  [ 2652] Commons Daemon procrun (1.0.15.0 64-bit) started
[2017-12-06 08:26:09] [info]  [ 2652] Running 'Tomcat8' Service...
[2017-12-06 08:26:09] [info]  [ 2280] Starting service...
[2017-12-06 08:26:11] [info]  [ 2280] Service started in 1626 ms.
[2017-12-06 23:23:44] [info]  [10856] Console SHUTDOWN event signaled
[2017-12-06 23:23:44] [info]  [10856] Stopping service...
[2017-12-06 23:23:45] [info]  [10856] Service stop thread completed.
[2017-12-06 23:23:45] [info]  [ 2652] Run service finished.
[2017-12-06 23:23:45] [info]  [ 2652] Commons Daemon procrun finished
[2017-12-06 23:24:23] [info]  [ 2580] Commons Daemon procrun (1.0.15.0 64-bit) started
[2017-12-06 23:24:23] [info]  [ 2580] Running 'Tomcat8' Service...
[2017-12-06 23:24:24] [info]  [ 2484] Starting service...
[2017-12-06 23:24:26] [info]  [ 2484] Service started in 1550 ms.
[2017-12-07 00:24:18] [info]  [ 3348] Console SHUTDOWN event signaled
[2017-12-07 00:24:18] [info]  [ 3348] Stopping service...
[2017-12-07 00:24:19] [info]  [ 3348] Service stop thread completed.
[2017-12-07 00:24:19] [info]  [ 2580] Run service finished.
[2017-12-07 00:24:19] [info]  [ 2580] Commons Daemon procrun finished
