[2017-12-24 10:26:05] [info]  [ 2728] Commons Daemon procrun (1.0.15.0 64-bit) started
[2017-12-24 10:26:05] [info]  [ 2728] Running 'Tomcat8' Service...
[2017-12-24 10:26:06] [info]  [ 3432] Starting service...
[2017-12-24 10:26:07] [info]  [ 3432] Service started in 1562 ms.
[2017-12-24 12:49:10] [info]  [ 6728] Console SHUTDOWN event signaled
[2017-12-24 12:49:10] [info]  [ 6728] Stopping service...
[2017-12-24 12:49:11] [info]  [ 6728] Service stop thread completed.
[2017-12-24 12:49:11] [info]  [ 2728] Run service finished.
[2017-12-24 12:49:11] [info]  [ 2728] Commons Daemon procrun finished
[2017-12-24 16:52:20] [info]  [ 2680] Commons Daemon procrun (1.0.15.0 64-bit) started
[2017-12-24 16:52:20] [info]  [ 2680] Running 'Tomcat8' Service...
[2017-12-24 16:52:21] [info]  [ 3700] Starting service...
[2017-12-24 16:52:23] [info]  [ 3700] Service started in 1684 ms.
[2017-12-24 23:30:35] [info]  [ 5396] Console SHUTDOWN event signaled
[2017-12-24 23:30:35] [info]  [ 5396] Stopping service...
[2017-12-24 23:30:36] [info]  [ 5396] Service stop thread completed.
[2017-12-24 23:30:36] [info]  [ 2680] Run service finished.
[2017-12-24 23:30:36] [info]  [ 2680] Commons Daemon procrun finished
[2017-12-24 23:32:40] [info]  [ 2684] Commons Daemon procrun (1.0.15.0 64-bit) started
[2017-12-24 23:32:40] [info]  [ 2684] Running 'Tomcat8' Service...
[2017-12-24 23:32:41] [info]  [ 3164] Starting service...
[2017-12-24 23:32:42] [info]  [ 3164] Service started in 1558 ms.
[2017-12-25 00:27:45] [info]  [ 9164] Console SHUTDOWN event signaled
[2017-12-25 00:27:45] [info]  [ 9164] Stopping service...
[2017-12-25 00:27:46] [info]  [ 9164] Service stop thread completed.
[2017-12-25 00:27:46] [info]  [ 2684] Run service finished.
[2017-12-25 00:27:46] [info]  [ 2684] Commons Daemon procrun finished
