[2018-01-26 10:10:29] [info]  [ 2820] Commons Daemon procrun (1.0.15.0 64-bit) started
[2018-01-26 10:10:29] [info]  [ 2820] Running 'Tomcat8' Service...
[2018-01-26 10:10:30] [info]  [ 3176] Starting service...
[2018-01-26 10:10:31] [info]  [ 3176] Service started in 1734 ms.
[2018-01-26 10:59:40] [info]  [ 7712] Console SHUTDOWN event signaled
[2018-01-26 10:59:40] [info]  [ 7712] Stopping service...
[2018-01-26 10:59:42] [info]  [ 7712] Service stop thread completed.
[2018-01-26 10:59:42] [info]  [ 2820] Run service finished.
[2018-01-26 10:59:42] [info]  [ 2820] Commons Daemon procrun finished
[2018-01-26 11:03:22] [info]  [ 2620] Commons Daemon procrun (1.0.15.0 64-bit) started
[2018-01-26 11:03:23] [info]  [ 2620] Running 'Tomcat8' Service...
[2018-01-26 11:03:24] [info]  [ 3180] Starting service...
[2018-01-26 11:03:25] [info]  [ 3180] Service started in 1724 ms.
[2018-01-26 15:18:21] [info]  [  516] Console SHUTDOWN event signaled
[2018-01-26 15:18:21] [info]  [  516] Stopping service...
[2018-01-26 15:18:22] [info]  [  516] Service stop thread completed.
[2018-01-26 15:18:22] [info]  [ 2620] Run service finished.
[2018-01-26 15:18:22] [info]  [ 2620] Commons Daemon procrun finished
[2018-01-26 16:31:39] [info]  [ 2820] Commons Daemon procrun (1.0.15.0 64-bit) started
[2018-01-26 16:31:39] [info]  [ 2820] Running 'Tomcat8' Service...
[2018-01-26 16:31:40] [info]  [ 3616] Starting service...
[2018-01-26 16:31:42] [info]  [ 3616] Service started in 1730 ms.
[2018-01-26 18:10:01] [info]  [ 6204] Console SHUTDOWN event signaled
[2018-01-26 18:10:01] [info]  [ 6204] Stopping service...
[2018-01-26 18:10:03] [info]  [ 6204] Service stop thread completed.
[2018-01-26 18:10:03] [info]  [ 2820] Run service finished.
[2018-01-26 18:10:03] [info]  [ 2820] Commons Daemon procrun finished
