[2018-02-03 18:31:24] [info]  [ 2932] Commons Daemon procrun (1.0.15.0 64-bit) started
[2018-02-03 18:31:25] [info]  [ 2932] Running 'Tomcat8' Service...
[2018-02-03 18:31:26] [info]  [ 3432] Starting service...
[2018-02-03 18:31:28] [info]  [ 3432] Service started in 1770 ms.
[2018-02-03 18:44:36] [info]  [ 1156] Console SHUTDOWN event signaled
[2018-02-03 18:44:36] [info]  [ 1156] Stopping service...
[2018-02-03 18:44:37] [info]  [ 1156] Service stop thread completed.
[2018-02-03 18:44:37] [info]  [ 2932] Run service finished.
[2018-02-03 18:44:37] [info]  [ 2932] Commons Daemon procrun finished
[2018-02-03 23:13:42] [info]  [ 2608] Commons Daemon procrun (1.0.15.0 64-bit) started
[2018-02-03 23:13:42] [info]  [ 2608] Running 'Tomcat8' Service...
[2018-02-03 23:13:43] [info]  [ 3136] Starting service...
[2018-02-03 23:13:45] [info]  [ 3136] Service started in 1815 ms.
[2018-02-03 23:22:46] [info]  [ 9768] Console SHUTDOWN event signaled
[2018-02-03 23:22:46] [info]  [ 9768] Stopping service...
[2018-02-03 23:22:47] [info]  [ 9768] Service stop thread completed.
[2018-02-03 23:22:47] [info]  [ 2608] Run service finished.
[2018-02-03 23:22:47] [info]  [ 2608] Commons Daemon procrun finished
[2018-02-03 23:24:38] [info]  [ 2700] Commons Daemon procrun (1.0.15.0 64-bit) started
[2018-02-03 23:24:38] [info]  [ 2700] Running 'Tomcat8' Service...
[2018-02-03 23:24:39] [info]  [ 3192] Starting service...
[2018-02-03 23:24:41] [info]  [ 3192] Service started in 1711 ms.
[2018-02-03 23:32:30] [info]  [ 6260] Console SHUTDOWN event signaled
[2018-02-03 23:32:30] [info]  [ 6260] Stopping service...
[2018-02-03 23:32:31] [info]  [ 6260] Service stop thread completed.
[2018-02-03 23:32:31] [info]  [ 2700] Run service finished.
[2018-02-03 23:32:31] [info]  [ 2700] Commons Daemon procrun finished
