[2017-12-19 00:40:02] [info]  [ 2688] Commons Daemon procrun (1.0.15.0 64-bit) started
[2017-12-19 00:40:03] [info]  [ 2688] Running 'Tomcat8' Service...
[2017-12-19 00:40:03] [info]  [ 3076] Starting service...
[2017-12-19 00:40:05] [info]  [ 3076] Service started in 1611 ms.
[2017-12-19 02:12:02] [info]  [ 8768] Console SHUTDOWN event signaled
[2017-12-19 02:12:02] [info]  [ 8768] Stopping service...
[2017-12-19 02:12:04] [info]  [ 8768] Service stop thread completed.
[2017-12-19 02:12:04] [info]  [ 2688] Run service finished.
[2017-12-19 02:12:04] [info]  [ 2688] Commons Daemon procrun finished
[2017-12-19 07:17:49] [info]  [ 2584] Commons Daemon procrun (1.0.15.0 64-bit) started
[2017-12-19 07:17:49] [info]  [ 2584] Running 'Tomcat8' Service...
[2017-12-19 07:17:50] [info]  [ 3244] Starting service...
[2017-12-19 07:17:52] [info]  [ 3244] Service started in 1714 ms.
[2017-12-19 07:26:48] [info]  [10228] Console SHUTDOWN event signaled
[2017-12-19 07:26:48] [info]  [10228] Stopping service...
[2017-12-19 07:26:49] [info]  [10228] Service stop thread completed.
[2017-12-19 07:26:49] [info]  [ 2584] Run service finished.
[2017-12-19 07:26:49] [info]  [ 2584] Commons Daemon procrun finished
[2017-12-19 08:04:52] [info]  [ 2620] Commons Daemon procrun (1.0.15.0 64-bit) started
[2017-12-19 08:04:52] [info]  [ 2620] Running 'Tomcat8' Service...
[2017-12-19 08:04:52] [info]  [ 2144] Starting service...
[2017-12-19 08:04:54] [info]  [ 2144] Service started in 1831 ms.
[2017-12-19 23:24:31] [info]  [ 8380] Console SHUTDOWN event signaled
[2017-12-19 23:24:31] [info]  [ 8380] Stopping service...
[2017-12-19 23:24:32] [info]  [ 8380] Service stop thread completed.
[2017-12-19 23:24:32] [info]  [ 2620] Run service finished.
[2017-12-19 23:24:32] [info]  [ 2620] Commons Daemon procrun finished
[2017-12-19 23:26:24] [info]  [ 2536] Commons Daemon procrun (1.0.15.0 64-bit) started
[2017-12-19 23:26:25] [info]  [ 2536] Running 'Tomcat8' Service...
[2017-12-19 23:26:25] [info]  [ 2184] Starting service...
[2017-12-19 23:26:27] [info]  [ 2184] Service started in 1606 ms.
[2017-12-20 01:33:33] [info]  [ 5496] Console SHUTDOWN event signaled
[2017-12-20 01:33:33] [info]  [ 5496] Stopping service...
[2017-12-20 01:33:34] [info]  [ 5496] Service stop thread completed.
[2017-12-20 01:33:34] [info]  [ 2536] Run service finished.
[2017-12-20 01:33:34] [info]  [ 2536] Commons Daemon procrun finished
