[2017-12-08 00:19:07] [info]  [ 2684] Commons Daemon procrun (1.0.15.0 64-bit) started
[2017-12-08 00:19:07] [info]  [ 2684] Running 'Tomcat8' Service...
[2017-12-08 00:19:08] [info]  [ 3112] Starting service...
[2017-12-08 00:19:10] [info]  [ 3112] Service started in 1646 ms.
[2017-12-08 00:49:22] [info]  [ 1528] Console SHUTDOWN event signaled
[2017-12-08 00:49:22] [info]  [ 1528] Stopping service...
[2017-12-08 00:49:23] [info]  [ 1528] Service stop thread completed.
[2017-12-08 00:49:23] [info]  [ 2684] Run service finished.
[2017-12-08 00:49:23] [info]  [ 2684] Commons Daemon procrun finished
[2017-12-08 06:54:59] [info]  [ 2764] Commons Daemon procrun (1.0.15.0 64-bit) started
[2017-12-08 06:55:00] [info]  [ 2764] Running 'Tomcat8' Service...
[2017-12-08 06:55:00] [info]  [ 3212] Starting service...
[2017-12-08 06:55:02] [info]  [ 3212] Service started in 1680 ms.
[2017-12-08 07:07:56] [info]  [ 9544] Console SHUTDOWN event signaled
[2017-12-08 07:07:56] [info]  [ 9544] Stopping service...
[2017-12-08 07:07:57] [info]  [ 9544] Service stop thread completed.
[2017-12-08 07:07:57] [info]  [ 2764] Run service finished.
[2017-12-08 07:07:57] [info]  [ 2764] Commons Daemon procrun finished
[2017-12-08 07:10:35] [info]  [ 2652] Commons Daemon procrun (1.0.15.0 64-bit) started
[2017-12-08 07:10:35] [info]  [ 2652] Running 'Tomcat8' Service...
[2017-12-08 07:10:36] [info]  [ 3364] Starting service...
[2017-12-08 07:10:37] [info]  [ 3364] Service started in 1750 ms.
[2017-12-08 07:16:59] [info]  [ 5732] Console SHUTDOWN event signaled
[2017-12-08 07:16:59] [info]  [ 5732] Stopping service...
[2017-12-08 07:17:00] [info]  [ 5732] Service stop thread completed.
[2017-12-08 07:17:00] [info]  [ 2652] Run service finished.
[2017-12-08 07:17:00] [info]  [ 2652] Commons Daemon procrun finished
[2017-12-08 07:58:32] [info]  [ 2496] Commons Daemon procrun (1.0.15.0 64-bit) started
[2017-12-08 07:58:32] [info]  [ 2496] Running 'Tomcat8' Service...
[2017-12-08 07:58:33] [info]  [ 2640] Starting service...
[2017-12-08 07:58:35] [info]  [ 2640] Service started in 1632 ms.
[2017-12-09 13:29:40] [info]  [ 7232] Console SHUTDOWN event signaled
[2017-12-09 13:29:40] [info]  [ 7232] Stopping service...
[2017-12-09 13:29:41] [info]  [ 7232] Service stop thread completed.
[2017-12-09 13:29:41] [info]  [ 2496] Run service finished.
[2017-12-09 13:29:41] [info]  [ 2496] Commons Daemon procrun finished
