[2018-02-04 15:13:47] [info]  [ 2600] Commons Daemon procrun (1.0.15.0 64-bit) started
[2018-02-04 15:13:47] [info]  [ 2600] Running 'Tomcat8' Service...
[2018-02-04 15:13:48] [info]  [ 3636] Starting service...
[2018-02-04 15:13:50] [info]  [ 3636] Service started in 1637 ms.
[2018-02-04 16:16:16] [info]  [10320] Console SHUTDOWN event signaled
[2018-02-04 16:16:16] [info]  [10320] Stopping service...
[2018-02-04 16:16:18] [info]  [10320] Service stop thread completed.
[2018-02-04 16:16:18] [info]  [ 2600] Run service finished.
[2018-02-04 16:16:18] [info]  [ 2600] Commons Daemon procrun finished
[2018-02-04 18:19:06] [info]  [ 2596] Commons Daemon procrun (1.0.15.0 64-bit) started
[2018-02-04 18:19:06] [info]  [ 2596] Running 'Tomcat8' Service...
[2018-02-04 18:19:07] [info]  [ 2328] Starting service...
[2018-02-04 18:19:08] [info]  [ 2328] Service started in 1767 ms.
[2018-02-04 18:55:26] [info]  [ 9580] Console SHUTDOWN event signaled
[2018-02-04 18:55:26] [info]  [ 9580] Stopping service...
[2018-02-04 18:55:28] [info]  [ 9580] Service stop thread completed.
[2018-02-04 18:55:28] [info]  [ 2596] Run service finished.
[2018-02-04 18:55:28] [info]  [ 2596] Commons Daemon procrun finished
[2018-02-04 18:56:17] [info]  [ 2676] Commons Daemon procrun (1.0.15.0 64-bit) started
[2018-02-04 18:56:17] [info]  [ 2676] Running 'Tomcat8' Service...
[2018-02-04 18:56:18] [info]  [ 3168] Starting service...
[2018-02-04 18:56:20] [info]  [ 3168] Service started in 1667 ms.
[2018-02-04 18:58:15] [info]  [ 8452] Console SHUTDOWN event signaled
[2018-02-04 18:58:15] [info]  [ 8452] Stopping service...
[2018-02-04 18:58:16] [info]  [ 8452] Service stop thread completed.
[2018-02-04 18:58:16] [info]  [ 2676] Run service finished.
[2018-02-04 18:58:16] [info]  [ 2676] Commons Daemon procrun finished
[2018-02-04 19:03:12] [info]  [ 2700] Commons Daemon procrun (1.0.15.0 64-bit) started
[2018-02-04 19:03:12] [info]  [ 2700] Running 'Tomcat8' Service...
[2018-02-04 19:03:13] [info]  [ 3264] Starting service...
[2018-02-04 19:03:15] [info]  [ 3264] Service started in 1756 ms.
[2018-02-04 19:49:37] [info]  [ 9684] Console SHUTDOWN event signaled
[2018-02-04 19:49:37] [info]  [ 9684] Stopping service...
[2018-02-04 19:49:38] [info]  [ 9684] Service stop thread completed.
[2018-02-04 19:49:38] [info]  [ 2700] Run service finished.
[2018-02-04 19:49:38] [info]  [ 2700] Commons Daemon procrun finished
