[2018-01-06 10:19:24] [info]  [ 2780] Commons Daemon procrun (1.0.15.0 64-bit) started
[2018-01-06 10:19:24] [info]  [ 2780] Running 'Tomcat8' Service...
[2018-01-06 10:19:25] [info]  [ 3416] Starting service...
[2018-01-06 10:19:27] [info]  [ 3416] Service started in 1659 ms.
[2018-01-06 10:28:52] [info]  [ 7232] Console SHUTDOWN event signaled
[2018-01-06 10:28:52] [info]  [ 7232] Stopping service...
[2018-01-06 10:28:54] [info]  [ 7232] Service stop thread completed.
[2018-01-06 10:28:54] [info]  [ 2780] Run service finished.
[2018-01-06 10:28:54] [info]  [ 2780] Commons Daemon procrun finished
[2018-01-06 17:07:58] [info]  [ 2604] Commons Daemon procrun (1.0.15.0 64-bit) started
[2018-01-06 17:07:58] [info]  [ 2604] Running 'Tomcat8' Service...
[2018-01-06 17:07:59] [info]  [ 2300] Starting service...
[2018-01-06 17:08:01] [info]  [ 2300] Service started in 1551 ms.
[2018-01-06 18:28:47] [info]  [ 3500] Console SHUTDOWN event signaled
[2018-01-06 18:28:47] [info]  [ 3500] Stopping service...
[2018-01-06 18:28:48] [info]  [ 3500] Service stop thread completed.
[2018-01-06 18:28:48] [info]  [ 2604] Run service finished.
[2018-01-06 18:28:48] [info]  [ 2604] Commons Daemon procrun finished
[2018-01-06 22:08:21] [info]  [ 2628] Commons Daemon procrun (1.0.15.0 64-bit) started
[2018-01-06 22:08:21] [info]  [ 2628] Running 'Tomcat8' Service...
[2018-01-06 22:08:22] [info]  [ 2264] Starting service...
[2018-01-06 22:08:24] [info]  [ 2264] Service started in 1690 ms.
[2018-01-06 22:55:51] [info]  [ 5496] Console SHUTDOWN event signaled
[2018-01-06 22:55:51] [info]  [ 5496] Stopping service...
[2018-01-06 22:55:53] [info]  [ 5496] Service stop thread completed.
[2018-01-06 22:55:53] [info]  [ 2628] Run service finished.
[2018-01-06 22:55:53] [info]  [ 2628] Commons Daemon procrun finished
