[2018-01-03 08:14:08] [info]  [ 2624] Commons Daemon procrun (1.0.15.0 64-bit) started
[2018-01-03 08:14:08] [info]  [ 2624] Running 'Tomcat8' Service...
[2018-01-03 08:14:10] [info]  [ 3704] Starting service...
[2018-01-03 08:14:11] [info]  [ 3704] Service started in 1708 ms.
[2018-01-03 16:32:04] [info]  [ 8608] Console SHUTDOWN event signaled
[2018-01-03 16:32:04] [info]  [ 8608] Stopping service...
[2018-01-03 16:32:06] [info]  [ 8608] Service stop thread completed.
[2018-01-03 16:32:06] [info]  [ 2624] Run service finished.
[2018-01-03 16:32:06] [info]  [ 2624] Commons Daemon procrun finished
[2018-01-03 16:33:13] [info]  [ 2552] Commons Daemon procrun (1.0.15.0 64-bit) started
[2018-01-03 16:33:13] [info]  [ 2552] Running 'Tomcat8' Service...
[2018-01-03 16:33:14] [info]  [ 3472] Starting service...
[2018-01-03 16:33:16] [info]  [ 3472] Service started in 1735 ms.
[2018-01-03 18:45:41] [info]  [ 8508] Console SHUTDOWN event signaled
[2018-01-03 18:45:41] [info]  [ 8508] Stopping service...
[2018-01-03 18:45:43] [info]  [ 8508] Service stop thread completed.
[2018-01-03 18:45:43] [info]  [ 2552] Run service finished.
[2018-01-03 18:45:43] [info]  [ 2552] Commons Daemon procrun finished
[2018-01-03 22:59:42] [info]  [ 2600] Commons Daemon procrun (1.0.15.0 64-bit) started
[2018-01-03 22:59:43] [info]  [ 2600] Running 'Tomcat8' Service...
[2018-01-03 22:59:43] [info]  [ 3524] Starting service...
[2018-01-03 22:59:45] [info]  [ 3524] Service started in 1689 ms.
[2018-01-04 01:17:50] [info]  [11932] Console SHUTDOWN event signaled
[2018-01-04 01:17:50] [info]  [11932] Stopping service...
[2018-01-04 01:17:52] [info]  [11932] Service stop thread completed.
[2018-01-04 01:17:52] [info]  [ 2600] Run service finished.
[2018-01-04 01:17:52] [info]  [ 2600] Commons Daemon procrun finished
