[2018-02-01 00:11:56] [info]  [ 2800] Commons Daemon procrun (1.0.15.0 64-bit) started
[2018-02-01 00:11:56] [info]  [ 2800] Running 'Tomcat8' Service...
[2018-02-01 00:11:57] [info]  [ 3516] Starting service...
[2018-02-01 00:11:59] [info]  [ 3516] Service started in 1742 ms.
[2018-02-01 01:21:16] [info]  [10440] Console SHUTDOWN event signaled
[2018-02-01 01:21:16] [info]  [10440] Stopping service...
[2018-02-01 01:21:18] [info]  [10440] Service stop thread completed.
[2018-02-01 01:21:18] [info]  [ 2800] Run service finished.
[2018-02-01 01:21:18] [info]  [ 2800] Commons Daemon procrun finished
[2018-02-01 08:20:12] [info]  [ 2852] Commons Daemon procrun (1.0.15.0 64-bit) started
[2018-02-01 08:20:12] [info]  [ 2852] Running 'Tomcat8' Service...
[2018-02-01 08:20:13] [info]  [ 3324] Starting service...
[2018-02-01 08:20:15] [info]  [ 3324] Service started in 1648 ms.
[2018-02-01 15:23:39] [info]  [ 2564] Commons Daemon procrun (1.0.15.0 64-bit) started
[2018-02-01 15:23:40] [info]  [ 2564] Running 'Tomcat8' Service...
[2018-02-01 15:23:40] [info]  [ 3128] Starting service...
[2018-02-01 15:23:42] [info]  [ 3128] Service started in 1731 ms.
[2018-02-01 18:10:06] [info]  [ 3684] Console SHUTDOWN event signaled
[2018-02-01 18:10:06] [info]  [ 3684] Stopping service...
[2018-02-01 18:10:08] [info]  [ 3684] Service stop thread completed.
[2018-02-01 18:10:08] [info]  [ 2564] Run service finished.
[2018-02-01 18:10:08] [info]  [ 2564] Commons Daemon procrun finished
[2018-02-01 22:38:50] [info]  [ 2676] Commons Daemon procrun (1.0.15.0 64-bit) started
[2018-02-01 22:38:50] [info]  [ 2676] Running 'Tomcat8' Service...
[2018-02-01 22:38:51] [info]  [ 3104] Starting service...
[2018-02-01 22:38:53] [info]  [ 3104] Service started in 1683 ms.
[2018-02-02 00:51:18] [info]  [ 8596] Console SHUTDOWN event signaled
[2018-02-02 00:51:18] [info]  [ 8596] Stopping service...
[2018-02-02 00:51:19] [info]  [ 8596] Service stop thread completed.
[2018-02-02 00:51:19] [info]  [ 2676] Run service finished.
[2018-02-02 00:51:19] [info]  [ 2676] Commons Daemon procrun finished
