[2017-12-30 08:32:41] [info]  [ 2776] Commons Daemon procrun (1.0.15.0 64-bit) started
[2017-12-30 08:32:42] [info]  [ 2776] Running 'Tomcat8' Service...
[2017-12-30 08:32:42] [info]  [ 3732] Starting service...
[2017-12-30 08:32:44] [info]  [ 3732] Service started in 1709 ms.
[2017-12-30 08:35:49] [info]  [ 6700] Console SHUTDOWN event signaled
[2017-12-30 08:35:49] [info]  [ 6700] Stopping service...
[2017-12-30 08:35:50] [info]  [ 6700] Service stop thread completed.
[2017-12-30 08:35:50] [info]  [ 2776] Run service finished.
[2017-12-30 08:35:50] [info]  [ 2776] Commons Daemon procrun finished
[2017-12-30 11:06:21] [info]  [ 2544] Commons Daemon procrun (1.0.15.0 64-bit) started
[2017-12-30 11:06:21] [info]  [ 2544] Running 'Tomcat8' Service...
[2017-12-30 11:06:22] [info]  [ 3724] Starting service...
[2017-12-30 11:06:24] [info]  [ 3724] Service started in 1594 ms.
[2017-12-30 19:18:56] [info]  [ 7576] Console SHUTDOWN event signaled
[2017-12-30 19:18:56] [info]  [ 7576] Stopping service...
[2017-12-30 19:18:57] [info]  [ 7576] Service stop thread completed.
[2017-12-30 19:18:57] [info]  [ 2544] Run service finished.
[2017-12-30 19:18:57] [info]  [ 2544] Commons Daemon procrun finished
[2017-12-30 22:52:20] [info]  [ 2588] Commons Daemon procrun (1.0.15.0 64-bit) started
[2017-12-30 22:52:21] [info]  [ 2588] Running 'Tomcat8' Service...
[2017-12-30 22:52:21] [info]  [ 3004] Starting service...
[2017-12-30 22:52:23] [info]  [ 3004] Service started in 1582 ms.
[2017-12-30 23:07:05] [info]  [ 7668] Console SHUTDOWN event signaled
[2017-12-30 23:07:05] [info]  [ 7668] Stopping service...
[2017-12-30 23:07:06] [info]  [ 7668] Service stop thread completed.
[2017-12-30 23:07:06] [info]  [ 2588] Run service finished.
[2017-12-30 23:07:06] [info]  [ 2588] Commons Daemon procrun finished
