[2018-01-09 07:37:37] [info]  [ 2716] Commons Daemon procrun (1.0.15.0 64-bit) started
[2018-01-09 07:37:37] [info]  [ 2716] Running 'Tomcat8' Service...
[2018-01-09 07:37:38] [info]  [ 3296] Starting service...
[2018-01-09 07:37:40] [info]  [ 3296] Service started in 1733 ms.
[2018-01-09 07:40:55] [info]  [ 7352] Console SHUTDOWN event signaled
[2018-01-09 07:40:55] [info]  [ 7352] Stopping service...
[2018-01-09 07:40:56] [info]  [ 7352] Service stop thread completed.
[2018-01-09 07:40:56] [info]  [ 2716] Run service finished.
[2018-01-09 07:40:56] [info]  [ 2716] Commons Daemon procrun finished
[2018-01-09 08:08:52] [info]  [ 2708] Commons Daemon procrun (1.0.15.0 64-bit) started
[2018-01-09 08:08:53] [info]  [ 2708] Running 'Tomcat8' Service...
[2018-01-09 08:08:53] [info]  [ 3260] Starting service...
[2018-01-09 08:08:55] [info]  [ 3260] Service started in 1623 ms.
[2018-01-09 17:27:23] [info]  [10096] Console SHUTDOWN event signaled
[2018-01-09 17:27:23] [info]  [10096] Stopping service...
[2018-01-09 17:27:25] [info]  [10096] Service stop thread completed.
[2018-01-09 17:27:25] [info]  [ 2708] Run service finished.
[2018-01-09 17:27:25] [info]  [ 2708] Commons Daemon procrun finished
[2018-01-09 20:37:12] [info]  [ 2588] Commons Daemon procrun (1.0.15.0 64-bit) started
[2018-01-09 20:37:12] [info]  [ 2588] Running 'Tomcat8' Service...
[2018-01-09 20:37:12] [info]  [ 3012] Starting service...
[2018-01-09 20:37:14] [info]  [ 3012] Service started in 1556 ms.
[2018-01-09 21:47:56] [info]  [ 1740] Console SHUTDOWN event signaled
[2018-01-09 21:47:56] [info]  [ 1740] Stopping service...
[2018-01-09 21:47:57] [info]  [ 1740] Service stop thread completed.
[2018-01-09 21:47:57] [info]  [ 2588] Run service finished.
[2018-01-09 21:47:57] [info]  [ 2588] Commons Daemon procrun finished
[2018-01-09 21:57:54] [info]  [ 2640] Commons Daemon procrun (1.0.15.0 64-bit) started
[2018-01-09 21:57:54] [info]  [ 2640] Running 'Tomcat8' Service...
[2018-01-09 21:57:55] [info]  [ 3436] Starting service...
[2018-01-09 21:57:57] [info]  [ 3436] Service started in 1697 ms.
[2018-01-11 00:48:04] [info]  [ 1948] Console SHUTDOWN event signaled
[2018-01-11 00:48:04] [info]  [ 1948] Stopping service...
[2018-01-11 00:48:06] [info]  [ 1948] Service stop thread completed.
[2018-01-11 00:48:06] [info]  [ 2640] Run service finished.
[2018-01-11 00:48:06] [info]  [ 2640] Commons Daemon procrun finished
