[2018-01-31 08:09:59] [info]  [ 2692] Commons Daemon procrun (1.0.15.0 64-bit) started
[2018-01-31 08:10:00] [info]  [ 2692] Running 'Tomcat8' Service...
[2018-01-31 08:10:01] [info]  [ 3452] Starting service...
[2018-01-31 08:10:03] [info]  [ 3452] Service started in 1765 ms.
[2018-01-31 14:15:14] [info]  [12204] Console SHUTDOWN event signaled
[2018-01-31 14:15:14] [info]  [12204] Stopping service...
[2018-01-31 14:15:16] [info]  [12204] Service stop thread completed.
[2018-01-31 14:15:16] [info]  [ 2692] Run service finished.
[2018-01-31 14:15:16] [info]  [ 2692] Commons Daemon procrun finished
[2018-01-31 14:15:44] [info]  [ 2592] Commons Daemon procrun (1.0.15.0 64-bit) started
[2018-01-31 14:15:45] [info]  [ 2592] Running 'Tomcat8' Service...
[2018-01-31 14:15:45] [info]  [ 3152] Starting service...
[2018-01-31 14:15:47] [info]  [ 3152] Service started in 1595 ms.
[2018-01-31 17:27:20] [info]  [ 6768] Console SHUTDOWN event signaled
[2018-01-31 17:27:20] [info]  [ 6768] Stopping service...
[2018-01-31 17:27:21] [info]  [ 6768] Service stop thread completed.
[2018-01-31 17:27:21] [info]  [ 2592] Run service finished.
[2018-01-31 17:27:21] [info]  [ 2592] Commons Daemon procrun finished
[2018-01-31 18:10:47] [info]  [ 2764] Commons Daemon procrun (1.0.15.0 64-bit) started
[2018-01-31 18:10:47] [info]  [ 2764] Running 'Tomcat8' Service...
[2018-01-31 18:10:48] [info]  [ 3152] Starting service...
[2018-01-31 18:10:50] [info]  [ 3152] Service started in 1739 ms.
[2018-01-31 18:14:33] [info]  [ 9368] Console SHUTDOWN event signaled
[2018-01-31 18:14:33] [info]  [ 9368] Stopping service...
[2018-01-31 18:14:34] [info]  [ 9368] Service stop thread completed.
[2018-01-31 18:14:34] [info]  [ 2764] Run service finished.
[2018-01-31 18:14:34] [info]  [ 2764] Commons Daemon procrun finished
