
2018-02-05 07:21:25 Commons Daemon procrun stderr initialized
05-Feb-2018 07:21:28.609 INFO [main] org.apache.catalina.startup.VersionLoggerListener.log Server version:        Apache Tomcat/8.0.36
05-Feb-2018 07:21:28.609 INFO [main] org.apache.catalina.startup.VersionLoggerListener.log Server built:          Jun 9 2016 13:55:50 UTC
05-Feb-2018 07:21:28.609 INFO [main] org.apache.catalina.startup.VersionLoggerListener.log Server number:         8.0.36.0
05-Feb-2018 07:21:28.609 INFO [main] org.apache.catalina.startup.VersionLoggerListener.log OS Name:               Windows 10
05-Feb-2018 07:21:28.609 INFO [main] org.apache.catalina.startup.VersionLoggerListener.log OS Version:            10.0
05-Feb-2018 07:21:28.625 INFO [main] org.apache.catalina.startup.VersionLoggerListener.log Architecture:          amd64
05-Feb-2018 07:21:28.625 INFO [main] org.apache.catalina.startup.VersionLoggerListener.log Java Home:             C:\Program Files\Java\jre1.8.0_102
05-Feb-2018 07:21:28.625 INFO [main] org.apache.catalina.startup.VersionLoggerListener.log JVM Version:           1.8.0_102-b14
05-Feb-2018 07:21:28.625 INFO [main] org.apache.catalina.startup.VersionLoggerListener.log JVM Vendor:            Oracle Corporation
05-Feb-2018 07:21:28.625 INFO [main] org.apache.catalina.startup.VersionLoggerListener.log CATALINA_BASE:         D:\Program Files\Apache Software Foundation\Tomcat 8.0
05-Feb-2018 07:21:28.625 INFO [main] org.apache.catalina.startup.VersionLoggerListener.log CATALINA_HOME:         D:\Program Files\Apache Software Foundation\Tomcat 8.0
05-Feb-2018 07:21:28.625 INFO [main] org.apache.catalina.startup.VersionLoggerListener.log Command line argument: -Dcatalina.home=D:\Program Files\Apache Software Foundation\Tomcat 8.0
05-Feb-2018 07:21:28.625 INFO [main] org.apache.catalina.startup.VersionLoggerListener.log Command line argument: -Dcatalina.base=D:\Program Files\Apache Software Foundation\Tomcat 8.0
05-Feb-2018 07:21:28.625 INFO [main] org.apache.catalina.startup.VersionLoggerListener.log Command line argument: -Djava.endorsed.dirs=D:\Program Files\Apache Software Foundation\Tomcat 8.0\endorsed
05-Feb-2018 07:21:28.625 INFO [main] org.apache.catalina.startup.VersionLoggerListener.log Command line argument: -Djava.io.tmpdir=D:\Program Files\Apache Software Foundation\Tomcat 8.0\temp
05-Feb-2018 07:21:28.625 INFO [main] org.apache.catalina.startup.VersionLoggerListener.log Command line argument: -Djava.util.logging.manager=org.apache.juli.ClassLoaderLogManager
05-Feb-2018 07:21:28.625 INFO [main] org.apache.catalina.startup.VersionLoggerListener.log Command line argument: -Djava.util.logging.config.file=D:\Program Files\Apache Software Foundation\Tomcat 8.0\conf\logging.properties
05-Feb-2018 07:21:28.625 INFO [main] org.apache.catalina.startup.VersionLoggerListener.log Command line argument: exit
05-Feb-2018 07:21:28.625 INFO [main] org.apache.catalina.startup.VersionLoggerListener.log Command line argument: -Xms128m
05-Feb-2018 07:21:28.625 INFO [main] org.apache.catalina.startup.VersionLoggerListener.log Command line argument: -Xmx256m
05-Feb-2018 07:21:28.625 INFO [main] org.apache.catalina.core.AprLifecycleListener.lifecycleEvent Loaded APR based Apache Tomcat Native library 1.2.7 using APR version 1.5.2.
05-Feb-2018 07:21:28.625 INFO [main] org.apache.catalina.core.AprLifecycleListener.lifecycleEvent APR capabilities: IPv6 [true], sendfile [true], accept filters [false], random [true].
05-Feb-2018 07:21:29.756 INFO [main] org.apache.catalina.core.AprLifecycleListener.initializeSSL OpenSSL successfully initialized (OpenSSL 1.0.2h  3 May 2016)
05-Feb-2018 07:21:30.178 INFO [main] org.apache.coyote.AbstractProtocol.init Initializing ProtocolHandler ["http-apr-8080"]
05-Feb-2018 07:21:30.209 INFO [main] org.apache.coyote.AbstractProtocol.init Initializing ProtocolHandler ["ajp-apr-8019"]
05-Feb-2018 07:21:30.209 INFO [main] org.apache.catalina.startup.Catalina.load Initialization processed in 2688 ms
05-Feb-2018 07:21:30.272 INFO [main] org.apache.catalina.core.StandardService.startInternal Starting service Catalina
05-Feb-2018 07:21:30.272 INFO [main] org.apache.catalina.core.StandardEngine.startInternal Starting Servlet Engine: Apache Tomcat/8.0.36
05-Feb-2018 07:21:30.381 INFO [localhost-startStop-1] org.apache.catalina.startup.HostConfig.deployWAR Deploying web application archive D:\Program Files\Apache Software Foundation\Tomcat 8.0\webapps\jenkins.war
05-Feb-2018 07:21:48.465 INFO [localhost-startStop-1] org.apache.jasper.servlet.TldScanner.scanJars At least one JAR was scanned for TLDs yet contained no TLDs. Enable debug logging for this logger for a complete list of JARs that were scanned but no TLDs were found in them. Skipping unneeded JARs during scanning can improve startup time and JSP compilation time.
05-Feb-2018 07:21:52.073 INFO [localhost-startStop-1] org.apache.catalina.startup.HostConfig.deployWAR Deployment of web application archive D:\Program Files\Apache Software Foundation\Tomcat 8.0\webapps\jenkins.war has finished in 21,692 ms
05-Feb-2018 07:21:52.073 INFO [localhost-startStop-1] org.apache.catalina.startup.HostConfig.deployDirectory Deploying web application directory D:\Program Files\Apache Software Foundation\Tomcat 8.0\webapps\docs
05-Feb-2018 07:21:52.151 INFO [localhost-startStop-1] org.apache.catalina.startup.HostConfig.deployDirectory Deployment of web application directory D:\Program Files\Apache Software Foundation\Tomcat 8.0\webapps\docs has finished in 78 ms
05-Feb-2018 07:21:52.151 INFO [localhost-startStop-1] org.apache.catalina.startup.HostConfig.deployDirectory Deploying web application directory D:\Program Files\Apache Software Foundation\Tomcat 8.0\webapps\examples
05-Feb-2018 07:21:53.275 INFO [localhost-startStop-1] org.apache.catalina.startup.HostConfig.deployDirectory Deployment of web application directory D:\Program Files\Apache Software Foundation\Tomcat 8.0\webapps\examples has finished in 1,124 ms
05-Feb-2018 07:21:53.275 INFO [localhost-startStop-1] org.apache.catalina.startup.HostConfig.deployDirectory Deploying web application directory D:\Program Files\Apache Software Foundation\Tomcat 8.0\webapps\host-manager
05-Feb-2018 07:21:53.400 INFO [localhost-startStop-1] org.apache.catalina.startup.HostConfig.deployDirectory Deployment of web application directory D:\Program Files\Apache Software Foundation\Tomcat 8.0\webapps\host-manager has finished in 125 ms
05-Feb-2018 07:21:53.400 INFO [localhost-startStop-1] org.apache.catalina.startup.HostConfig.deployDirectory Deploying web application directory D:\Program Files\Apache Software Foundation\Tomcat 8.0\webapps\manager
05-Feb-2018 07:21:53.510 INFO [localhost-startStop-1] org.apache.catalina.startup.HostConfig.deployDirectory Deployment of web application directory D:\Program Files\Apache Software Foundation\Tomcat 8.0\webapps\manager has finished in 110 ms
05-Feb-2018 07:21:53.510 INFO [localhost-startStop-1] org.apache.catalina.startup.HostConfig.deployDirectory Deploying web application directory D:\Program Files\Apache Software Foundation\Tomcat 8.0\webapps\ROOT
05-Feb-2018 07:21:53.635 INFO [localhost-startStop-1] org.apache.catalina.startup.HostConfig.deployDirectory Deployment of web application directory D:\Program Files\Apache Software Foundation\Tomcat 8.0\webapps\ROOT has finished in 125 ms
05-Feb-2018 07:21:53.697 INFO [main] org.apache.coyote.AbstractProtocol.start Starting ProtocolHandler ["http-apr-8080"]
05-Feb-2018 07:21:53.744 INFO [main] org.apache.coyote.AbstractProtocol.start Starting ProtocolHandler ["ajp-apr-8019"]
05-Feb-2018 07:21:53.760 INFO [main] org.apache.catalina.startup.Catalina.start Server startup in 23549 ms
05-Feb-2018 07:21:55.352 INFO [pool-6-thread-2] jenkins.InitReactorRunner$1.onAttained Started initialization
05-Feb-2018 07:21:55.415 INFO [pool-6-thread-7] jenkins.InitReactorRunner$1.onAttained Listed all plugins
05-Feb-2018 07:22:02.488 INFO [pool-6-thread-4] jenkins.InitReactorRunner$1.onAttained Prepared all plugins
05-Feb-2018 07:22:02.488 INFO [pool-6-thread-4] jenkins.InitReactorRunner$1.onAttained Started all plugins
05-Feb-2018 07:22:02.551 INFO [pool-6-thread-4] jenkins.InitReactorRunner$1.onAttained Augmented all extensions
05-Feb-2018 07:22:05.424 INFO [pool-6-thread-4] jenkins.InitReactorRunner$1.onAttained Loaded all jobs
05-Feb-2018 07:22:06.517 INFO [Download metadata thread] hudson.model.AsyncPeriodicWork$1.run Started Download metadata
05-Feb-2018 07:22:07.267 INFO [pool-6-thread-5] jenkins.InitReactorRunner$1.onAttained Completed initialization
05-Feb-2018 07:22:08.235 INFO [Download metadata thread] hudson.model.AsyncPeriodicWork$1.run Finished Download metadata. 1,718 ms
05-Feb-2018 07:22:10.452 INFO [Finalizing set up] org.springframework.context.support.AbstractApplicationContext.prepareRefresh Refreshing org.springframework.web.context.support.StaticWebApplicationContext@7478f30c: display name [Root WebApplicationContext]; startup date [Mon Feb 05 07:22:10 IST 2018]; root of context hierarchy
05-Feb-2018 07:22:10.453 INFO [Finalizing set up] org.springframework.context.support.AbstractApplicationContext.obtainFreshBeanFactory Bean factory for application context [org.springframework.web.context.support.StaticWebApplicationContext@7478f30c]: org.springframework.beans.factory.support.DefaultListableBeanFactory@6de1ca88
05-Feb-2018 07:22:10.551 INFO [Finalizing set up] org.springframework.beans.factory.support.DefaultListableBeanFactory.preInstantiateSingletons Pre-instantiating singletons in org.springframework.beans.factory.support.DefaultListableBeanFactory@6de1ca88: defining beans [authenticationManager]; root of factory hierarchy
05-Feb-2018 07:22:12.087 INFO [Finalizing set up] org.springframework.context.support.AbstractApplicationContext.prepareRefresh Refreshing org.springframework.web.context.support.StaticWebApplicationContext@62d67813: display name [Root WebApplicationContext]; startup date [Mon Feb 05 07:22:12 IST 2018]; root of context hierarchy
05-Feb-2018 07:22:12.088 INFO [Finalizing set up] org.springframework.context.support.AbstractApplicationContext.obtainFreshBeanFactory Bean factory for application context [org.springframework.web.context.support.StaticWebApplicationContext@62d67813]: org.springframework.beans.factory.support.DefaultListableBeanFactory@414c360
05-Feb-2018 07:22:12.089 INFO [Finalizing set up] org.springframework.beans.factory.support.DefaultListableBeanFactory.preInstantiateSingletons Pre-instantiating singletons in org.springframework.beans.factory.support.DefaultListableBeanFactory@414c360: defining beans [filter,legacy]; root of factory hierarchy
05-Feb-2018 07:22:12.478 INFO [Jenkins initialization thread] jenkins.install.SetupWizard.init 

*************************************************************
*************************************************************
*************************************************************

Jenkins initial setup is required. An admin user has been created and a password generated.
Please use the following password to proceed to installation:

b7db8979cf6141aca1646cb641a1f987

This may also be found at: C:\windows\system32\config\systemprofile\.jenkins\secrets\initialAdminPassword

*************************************************************
*************************************************************
*************************************************************

05-Feb-2018 07:22:14.055 WARNING [Jenkins initialization thread] hudson.model.UpdateCenter.updateDefaultSite Upgrading Jenkins. Failed to update the default Update Site 'default'. Plugin upgrades may fail.
 java.net.ConnectException: Connection refused: connect
	at java.net.DualStackPlainSocketImpl.waitForConnect(Native Method)
	at java.net.DualStackPlainSocketImpl.socketConnect(Unknown Source)
	at java.net.AbstractPlainSocketImpl.doConnect(Unknown Source)
	at java.net.AbstractPlainSocketImpl.connectToAddress(Unknown Source)
	at java.net.AbstractPlainSocketImpl.connect(Unknown Source)
	at java.net.PlainSocketImpl.connect(Unknown Source)
	at java.net.SocksSocketImpl.connect(Unknown Source)
	at java.net.Socket.connect(Unknown Source)
	at sun.net.NetworkClient.doConnect(Unknown Source)
	at sun.net.www.http.HttpClient.openServer(Unknown Source)
	at sun.net.www.http.HttpClient.openServer(Unknown Source)
	at sun.net.www.http.HttpClient.<init>(Unknown Source)
	at sun.net.www.http.HttpClient.New(Unknown Source)
	at sun.net.www.http.HttpClient.New(Unknown Source)
	at sun.net.www.protocol.http.HttpURLConnection.getNewHttpClient(Unknown Source)
	at sun.net.www.protocol.http.HttpURLConnection.plainConnect0(Unknown Source)
	at sun.net.www.protocol.http.HttpURLConnection.plainConnect(Unknown Source)
	at sun.net.www.protocol.http.HttpURLConnection.connect(Unknown Source)
	at sun.net.www.protocol.http.HttpURLConnection.getInputStream0(Unknown Source)
	at sun.net.www.protocol.http.HttpURLConnection.getInputStream(Unknown Source)
	at hudson.model.DownloadService.loadJSON(DownloadService.java:179)
	at hudson.model.UpdateSite.updateDirectlyNow(UpdateSite.java:190)
	at hudson.model.UpdateCenter.updateDefaultSite(UpdateCenter.java:2194)
	at jenkins.install.SetupWizard.init(SetupWizard.java:174)
	at jenkins.install.InstallState$3.initializeState(InstallState.java:105)
	at jenkins.model.Jenkins.setInstallState(Jenkins.java:1062)
	at jenkins.install.InstallUtil.proceedToNextStateFrom(InstallUtil.java:96)
	at jenkins.model.Jenkins.<init>(Jenkins.java:952)
	at hudson.model.Hudson.<init>(Hudson.java:86)
	at hudson.model.Hudson.<init>(Hudson.java:82)
	at hudson.WebAppMain$3.run(WebAppMain.java:235)

05-Feb-2018 07:22:14.133 INFO [Jenkins initialization thread] hudson.WebAppMain$3.run Jenkins is fully up and running
05-Feb-2018 07:27:17.832 INFO [Thread-7] org.apache.coyote.AbstractProtocol.pause Pausing ProtocolHandler ["http-apr-8080"]
05-Feb-2018 07:27:17.895 INFO [Thread-7] org.apache.coyote.AbstractProtocol.pause Pausing ProtocolHandler ["ajp-apr-8019"]
05-Feb-2018 07:27:17.958 INFO [Thread-7] org.apache.catalina.core.StandardService.stopInternal Stopping service Catalina
05-Feb-2018 07:27:17.973 INFO [localhost-startStop-2] jenkins.model.Jenkins.cleanUp Stopping Jenkins
05-Feb-2018 07:27:18.051 INFO [localhost-startStop-2] jenkins.model.Jenkins$21.onAttained Started termination
05-Feb-2018 07:27:18.114 INFO [localhost-startStop-2] jenkins.model.Jenkins$21.onAttained Completed termination
05-Feb-2018 07:27:18.114 INFO [localhost-startStop-2] jenkins.model.Jenkins._cleanUpDisconnectComputers Starting node disconnection
05-Feb-2018 07:27:19.129 INFO [localhost-startStop-2] jenkins.model.Jenkins._cleanUpShutdownPluginManager Stopping plugin manager
05-Feb-2018 07:27:19.129 INFO [localhost-startStop-2] jenkins.model.Jenkins._cleanUpPersistQueue Persisting build queue
05-Feb-2018 07:27:19.145 INFO [localhost-startStop-2] jenkins.model.Jenkins._cleanUpAwaitDisconnects Waiting for node disconnection completion
05-Feb-2018 07:27:19.145 INFO [localhost-startStop-2] jenkins.model.Jenkins.cleanUp Jenkins stopped
05-Feb-2018 07:27:19.145 WARNING [localhost-startStop-2] org.apache.catalina.loader.WebappClassLoaderBase.clearReferencesThreads The web application [jenkins] appears to have started a thread named [Computer.threadPoolForRemoting [#3]] but has failed to stop it. This is very likely to create a memory leak. Stack trace of thread:
 sun.misc.Unsafe.park(Native Method)
 java.util.concurrent.locks.LockSupport.parkNanos(Unknown Source)
 java.util.concurrent.SynchronousQueue$TransferStack.awaitFulfill(Unknown Source)
 java.util.concurrent.SynchronousQueue$TransferStack.transfer(Unknown Source)
 java.util.concurrent.SynchronousQueue.poll(Unknown Source)
 java.util.concurrent.ThreadPoolExecutor.getTask(Unknown Source)
 java.util.concurrent.ThreadPoolExecutor.runWorker(Unknown Source)
 java.util.concurrent.ThreadPoolExecutor$Worker.run(Unknown Source)
 java.lang.Thread.run(Unknown Source)
05-Feb-2018 07:27:19.145 SEVERE [localhost-startStop-2] org.apache.catalina.loader.WebappClassLoaderBase.checkThreadLocalMapForLeaks The web application [jenkins] created a ThreadLocal with key of type [java.lang.ThreadLocal] (value [java.lang.ThreadLocal@2893d3f9]) and a value of type [org.acegisecurity.context.SecurityContextImpl] (value [org.acegisecurity.context.SecurityContextImpl@ffffffff: Null authentication]) but failed to remove it when the web application was stopped. Threads are going to be renewed over time to try and avoid a probable memory leak.
05-Feb-2018 07:27:19.176 INFO [Thread-7] org.apache.coyote.AbstractProtocol.stop Stopping ProtocolHandler ["http-apr-8080"]
05-Feb-2018 07:27:19.238 INFO [Thread-7] org.apache.coyote.AbstractProtocol.stop Stopping ProtocolHandler ["ajp-apr-8019"]

2018-02-05 07:59:52 Commons Daemon procrun stderr initialized
05-Feb-2018 07:59:55.397 INFO [main] org.apache.catalina.startup.VersionLoggerListener.log Server version:        Apache Tomcat/8.0.36
05-Feb-2018 07:59:55.397 INFO [main] org.apache.catalina.startup.VersionLoggerListener.log Server built:          Jun 9 2016 13:55:50 UTC
05-Feb-2018 07:59:55.397 INFO [main] org.apache.catalina.startup.VersionLoggerListener.log Server number:         8.0.36.0
05-Feb-2018 07:59:55.397 INFO [main] org.apache.catalina.startup.VersionLoggerListener.log OS Name:               Windows 10
05-Feb-2018 07:59:55.397 INFO [main] org.apache.catalina.startup.VersionLoggerListener.log OS Version:            10.0
05-Feb-2018 07:59:55.397 INFO [main] org.apache.catalina.startup.VersionLoggerListener.log Architecture:          amd64
05-Feb-2018 07:59:55.397 INFO [main] org.apache.catalina.startup.VersionLoggerListener.log Java Home:             C:\Program Files\Java\jre1.8.0_102
05-Feb-2018 07:59:55.397 INFO [main] org.apache.catalina.startup.VersionLoggerListener.log JVM Version:           1.8.0_102-b14
05-Feb-2018 07:59:55.397 INFO [main] org.apache.catalina.startup.VersionLoggerListener.log JVM Vendor:            Oracle Corporation
05-Feb-2018 07:59:55.397 INFO [main] org.apache.catalina.startup.VersionLoggerListener.log CATALINA_BASE:         D:\Program Files\Apache Software Foundation\Tomcat 8.0
05-Feb-2018 07:59:55.397 INFO [main] org.apache.catalina.startup.VersionLoggerListener.log CATALINA_HOME:         D:\Program Files\Apache Software Foundation\Tomcat 8.0
05-Feb-2018 07:59:55.397 INFO [main] org.apache.catalina.startup.VersionLoggerListener.log Command line argument: -Dcatalina.home=D:\Program Files\Apache Software Foundation\Tomcat 8.0
05-Feb-2018 07:59:55.397 INFO [main] org.apache.catalina.startup.VersionLoggerListener.log Command line argument: -Dcatalina.base=D:\Program Files\Apache Software Foundation\Tomcat 8.0
05-Feb-2018 07:59:55.397 INFO [main] org.apache.catalina.startup.VersionLoggerListener.log Command line argument: -Djava.endorsed.dirs=D:\Program Files\Apache Software Foundation\Tomcat 8.0\endorsed
05-Feb-2018 07:59:55.397 INFO [main] org.apache.catalina.startup.VersionLoggerListener.log Command line argument: -Djava.io.tmpdir=D:\Program Files\Apache Software Foundation\Tomcat 8.0\temp
05-Feb-2018 07:59:55.397 INFO [main] org.apache.catalina.startup.VersionLoggerListener.log Command line argument: -Djava.util.logging.manager=org.apache.juli.ClassLoaderLogManager
05-Feb-2018 07:59:55.397 INFO [main] org.apache.catalina.startup.VersionLoggerListener.log Command line argument: -Djava.util.logging.config.file=D:\Program Files\Apache Software Foundation\Tomcat 8.0\conf\logging.properties
05-Feb-2018 07:59:55.397 INFO [main] org.apache.catalina.startup.VersionLoggerListener.log Command line argument: exit
05-Feb-2018 07:59:55.413 INFO [main] org.apache.catalina.startup.VersionLoggerListener.log Command line argument: -Xms128m
05-Feb-2018 07:59:55.413 INFO [main] org.apache.catalina.startup.VersionLoggerListener.log Command line argument: -Xmx256m
05-Feb-2018 07:59:55.413 INFO [main] org.apache.catalina.core.AprLifecycleListener.lifecycleEvent Loaded APR based Apache Tomcat Native library 1.2.7 using APR version 1.5.2.
05-Feb-2018 07:59:55.413 INFO [main] org.apache.catalina.core.AprLifecycleListener.lifecycleEvent APR capabilities: IPv6 [true], sendfile [true], accept filters [false], random [true].
05-Feb-2018 07:59:56.553 INFO [main] org.apache.catalina.core.AprLifecycleListener.initializeSSL OpenSSL successfully initialized (OpenSSL 1.0.2h  3 May 2016)
05-Feb-2018 07:59:57.022 INFO [main] org.apache.coyote.AbstractProtocol.init Initializing ProtocolHandler ["http-apr-8080"]
05-Feb-2018 07:59:57.053 INFO [main] org.apache.coyote.AbstractProtocol.init Initializing ProtocolHandler ["ajp-apr-8019"]
05-Feb-2018 07:59:57.053 INFO [main] org.apache.catalina.startup.Catalina.load Initialization processed in 2729 ms
05-Feb-2018 07:59:57.116 INFO [main] org.apache.catalina.core.StandardService.startInternal Starting service Catalina
05-Feb-2018 07:59:57.116 INFO [main] org.apache.catalina.core.StandardEngine.startInternal Starting Servlet Engine: Apache Tomcat/8.0.36
05-Feb-2018 07:59:57.256 INFO [localhost-startStop-1] org.apache.catalina.startup.HostConfig.deployWAR Deploying web application archive D:\Program Files\Apache Software Foundation\Tomcat 8.0\webapps\jenkins.war
05-Feb-2018 08:00:14.010 INFO [localhost-startStop-1] org.apache.jasper.servlet.TldScanner.scanJars At least one JAR was scanned for TLDs yet contained no TLDs. Enable debug logging for this logger for a complete list of JARs that were scanned but no TLDs were found in them. Skipping unneeded JARs during scanning can improve startup time and JSP compilation time.
05-Feb-2018 08:00:17.651 INFO [localhost-startStop-1] org.apache.catalina.startup.HostConfig.deployWAR Deployment of web application archive D:\Program Files\Apache Software Foundation\Tomcat 8.0\webapps\jenkins.war has finished in 20,379 ms
05-Feb-2018 08:00:17.651 INFO [localhost-startStop-1] org.apache.catalina.startup.HostConfig.deployDirectory Deploying web application directory D:\Program Files\Apache Software Foundation\Tomcat 8.0\webapps\docs
05-Feb-2018 08:00:17.729 INFO [localhost-startStop-1] org.apache.catalina.startup.HostConfig.deployDirectory Deployment of web application directory D:\Program Files\Apache Software Foundation\Tomcat 8.0\webapps\docs has finished in 62 ms
05-Feb-2018 08:00:17.729 INFO [localhost-startStop-1] org.apache.catalina.startup.HostConfig.deployDirectory Deploying web application directory D:\Program Files\Apache Software Foundation\Tomcat 8.0\webapps\examples
05-Feb-2018 08:00:19.089 INFO [localhost-startStop-1] org.apache.catalina.startup.HostConfig.deployDirectory Deployment of web application directory D:\Program Files\Apache Software Foundation\Tomcat 8.0\webapps\examples has finished in 1,360 ms
05-Feb-2018 08:00:19.089 INFO [localhost-startStop-1] org.apache.catalina.startup.HostConfig.deployDirectory Deploying web application directory D:\Program Files\Apache Software Foundation\Tomcat 8.0\webapps\host-manager
05-Feb-2018 08:00:19.198 INFO [localhost-startStop-1] org.apache.catalina.startup.HostConfig.deployDirectory Deployment of web application directory D:\Program Files\Apache Software Foundation\Tomcat 8.0\webapps\host-manager has finished in 109 ms
05-Feb-2018 08:00:19.198 INFO [localhost-startStop-1] org.apache.catalina.startup.HostConfig.deployDirectory Deploying web application directory D:\Program Files\Apache Software Foundation\Tomcat 8.0\webapps\manager
05-Feb-2018 08:00:19.308 INFO [localhost-startStop-1] org.apache.catalina.startup.HostConfig.deployDirectory Deployment of web application directory D:\Program Files\Apache Software Foundation\Tomcat 8.0\webapps\manager has finished in 110 ms
05-Feb-2018 08:00:19.308 INFO [localhost-startStop-1] org.apache.catalina.startup.HostConfig.deployDirectory Deploying web application directory D:\Program Files\Apache Software Foundation\Tomcat 8.0\webapps\ROOT
05-Feb-2018 08:00:19.402 INFO [localhost-startStop-1] org.apache.catalina.startup.HostConfig.deployDirectory Deployment of web application directory D:\Program Files\Apache Software Foundation\Tomcat 8.0\webapps\ROOT has finished in 94 ms
05-Feb-2018 08:00:19.527 INFO [main] org.apache.coyote.AbstractProtocol.start Starting ProtocolHandler ["http-apr-8080"]
05-Feb-2018 08:00:19.558 INFO [main] org.apache.coyote.AbstractProtocol.start Starting ProtocolHandler ["ajp-apr-8019"]
05-Feb-2018 08:00:19.574 INFO [main] org.apache.catalina.startup.Catalina.start Server startup in 22513 ms
05-Feb-2018 08:00:21.309 INFO [pool-6-thread-2] jenkins.InitReactorRunner$1.onAttained Started initialization
05-Feb-2018 08:00:21.434 INFO [pool-6-thread-7] jenkins.InitReactorRunner$1.onAttained Listed all plugins
05-Feb-2018 08:00:28.282 INFO [pool-6-thread-2] jenkins.InitReactorRunner$1.onAttained Prepared all plugins
05-Feb-2018 08:00:28.282 INFO [pool-6-thread-8] jenkins.InitReactorRunner$1.onAttained Started all plugins
05-Feb-2018 08:00:28.344 INFO [pool-6-thread-8] jenkins.InitReactorRunner$1.onAttained Augmented all extensions
05-Feb-2018 08:00:30.815 INFO [pool-6-thread-1] jenkins.InitReactorRunner$1.onAttained Loaded all jobs
05-Feb-2018 08:00:32.003 INFO [Download metadata thread] hudson.model.AsyncPeriodicWork$1.run Started Download metadata
05-Feb-2018 08:00:32.597 INFO [pool-6-thread-1] jenkins.InitReactorRunner$1.onAttained Completed initialization
05-Feb-2018 08:00:33.926 INFO [Download metadata thread] hudson.model.AsyncPeriodicWork$1.run Finished Download metadata. 1,923 ms
05-Feb-2018 08:00:35.614 INFO [Finalizing set up] org.springframework.context.support.AbstractApplicationContext.prepareRefresh Refreshing org.springframework.web.context.support.StaticWebApplicationContext@40eae791: display name [Root WebApplicationContext]; startup date [Mon Feb 05 08:00:35 IST 2018]; root of context hierarchy
05-Feb-2018 08:00:35.614 INFO [Finalizing set up] org.springframework.context.support.AbstractApplicationContext.obtainFreshBeanFactory Bean factory for application context [org.springframework.web.context.support.StaticWebApplicationContext@40eae791]: org.springframework.beans.factory.support.DefaultListableBeanFactory@6bd7d5e7
05-Feb-2018 08:00:35.708 INFO [Finalizing set up] org.springframework.beans.factory.support.DefaultListableBeanFactory.preInstantiateSingletons Pre-instantiating singletons in org.springframework.beans.factory.support.DefaultListableBeanFactory@6bd7d5e7: defining beans [authenticationManager]; root of factory hierarchy
05-Feb-2018 08:00:37.024 INFO [Finalizing set up] org.springframework.context.support.AbstractApplicationContext.prepareRefresh Refreshing org.springframework.web.context.support.StaticWebApplicationContext@28161142: display name [Root WebApplicationContext]; startup date [Mon Feb 05 08:00:37 IST 2018]; root of context hierarchy
05-Feb-2018 08:00:37.024 INFO [Finalizing set up] org.springframework.context.support.AbstractApplicationContext.obtainFreshBeanFactory Bean factory for application context [org.springframework.web.context.support.StaticWebApplicationContext@28161142]: org.springframework.beans.factory.support.DefaultListableBeanFactory@5ec01aab
05-Feb-2018 08:00:37.025 INFO [Finalizing set up] org.springframework.beans.factory.support.DefaultListableBeanFactory.preInstantiateSingletons Pre-instantiating singletons in org.springframework.beans.factory.support.DefaultListableBeanFactory@5ec01aab: defining beans [filter,legacy]; root of factory hierarchy
05-Feb-2018 08:00:37.425 INFO [Jenkins initialization thread] jenkins.install.SetupWizard.init 

*************************************************************
*************************************************************
*************************************************************

Jenkins initial setup is required. An admin user has been created and a password generated.
Please use the following password to proceed to installation:

b7db8979cf6141aca1646cb641a1f987

This may also be found at: C:\windows\system32\config\systemprofile\.jenkins\secrets\initialAdminPassword

*************************************************************
*************************************************************
*************************************************************

05-Feb-2018 08:00:38.883 WARNING [Jenkins initialization thread] hudson.model.UpdateCenter.updateDefaultSite Upgrading Jenkins. Failed to update the default Update Site 'default'. Plugin upgrades may fail.
 java.net.ConnectException: Connection refused: connect
	at java.net.DualStackPlainSocketImpl.waitForConnect(Native Method)
	at java.net.DualStackPlainSocketImpl.socketConnect(Unknown Source)
	at java.net.AbstractPlainSocketImpl.doConnect(Unknown Source)
	at java.net.AbstractPlainSocketImpl.connectToAddress(Unknown Source)
	at java.net.AbstractPlainSocketImpl.connect(Unknown Source)
	at java.net.PlainSocketImpl.connect(Unknown Source)
	at java.net.SocksSocketImpl.connect(Unknown Source)
	at java.net.Socket.connect(Unknown Source)
	at sun.net.NetworkClient.doConnect(Unknown Source)
	at sun.net.www.http.HttpClient.openServer(Unknown Source)
	at sun.net.www.http.HttpClient.openServer(Unknown Source)
	at sun.net.www.http.HttpClient.<init>(Unknown Source)
	at sun.net.www.http.HttpClient.New(Unknown Source)
	at sun.net.www.http.HttpClient.New(Unknown Source)
	at sun.net.www.protocol.http.HttpURLConnection.getNewHttpClient(Unknown Source)
	at sun.net.www.protocol.http.HttpURLConnection.plainConnect0(Unknown Source)
	at sun.net.www.protocol.http.HttpURLConnection.plainConnect(Unknown Source)
	at sun.net.www.protocol.http.HttpURLConnection.connect(Unknown Source)
	at sun.net.www.protocol.http.HttpURLConnection.getInputStream0(Unknown Source)
	at sun.net.www.protocol.http.HttpURLConnection.getInputStream(Unknown Source)
	at hudson.model.DownloadService.loadJSON(DownloadService.java:179)
	at hudson.model.UpdateSite.updateDirectlyNow(UpdateSite.java:190)
	at hudson.model.UpdateCenter.updateDefaultSite(UpdateCenter.java:2194)
	at jenkins.install.SetupWizard.init(SetupWizard.java:174)
	at jenkins.install.InstallState$3.initializeState(InstallState.java:105)
	at jenkins.model.Jenkins.setInstallState(Jenkins.java:1062)
	at jenkins.install.InstallUtil.proceedToNextStateFrom(InstallUtil.java:96)
	at jenkins.model.Jenkins.<init>(Jenkins.java:952)
	at hudson.model.Hudson.<init>(Hudson.java:86)
	at hudson.model.Hudson.<init>(Hudson.java:82)
	at hudson.WebAppMain$3.run(WebAppMain.java:235)

05-Feb-2018 08:00:38.957 INFO [Jenkins initialization thread] hudson.WebAppMain$3.run Jenkins is fully up and running
05-Feb-2018 11:22:30.029 INFO [Workspace clean-up thread] hudson.model.AsyncPeriodicWork$1.run Started Workspace clean-up
05-Feb-2018 11:22:30.049 INFO [Workspace clean-up thread] hudson.model.AsyncPeriodicWork$1.run Finished Workspace clean-up. 20 ms
05-Feb-2018 14:42:36.475 INFO [Fingerprint cleanup thread] hudson.model.AsyncPeriodicWork$1.run Started Fingerprint cleanup
05-Feb-2018 14:42:36.508 INFO [Fingerprint cleanup thread] hudson.model.AsyncPeriodicWork$1.run Finished Fingerprint cleanup. 28 ms
06-Feb-2018 00:57:43.251 INFO [Thread-7] org.apache.coyote.AbstractProtocol.pause Pausing ProtocolHandler ["http-apr-8080"]
06-Feb-2018 00:57:43.344 INFO [Thread-7] org.apache.coyote.AbstractProtocol.pause Pausing ProtocolHandler ["ajp-apr-8019"]
06-Feb-2018 00:57:43.404 INFO [Thread-7] org.apache.catalina.core.StandardService.stopInternal Stopping service Catalina
06-Feb-2018 00:57:43.529 INFO [localhost-startStop-2] jenkins.model.Jenkins.cleanUp Stopping Jenkins
06-Feb-2018 00:57:43.794 INFO [localhost-startStop-2] jenkins.model.Jenkins$21.onAttained Started termination
06-Feb-2018 00:57:43.935 INFO [localhost-startStop-2] jenkins.model.Jenkins$21.onAttained Completed termination
06-Feb-2018 00:57:43.935 INFO [localhost-startStop-2] jenkins.model.Jenkins._cleanUpDisconnectComputers Starting node disconnection
06-Feb-2018 00:57:44.966 INFO [localhost-startStop-2] jenkins.model.Jenkins._cleanUpShutdownPluginManager Stopping plugin manager
06-Feb-2018 00:57:44.966 INFO [localhost-startStop-2] jenkins.model.Jenkins._cleanUpPersistQueue Persisting build queue
06-Feb-2018 00:57:44.997 INFO [localhost-startStop-2] jenkins.model.Jenkins._cleanUpAwaitDisconnects Waiting for node disconnection completion
06-Feb-2018 00:57:44.997 INFO [localhost-startStop-2] jenkins.model.Jenkins.cleanUp Jenkins stopped
06-Feb-2018 00:57:45.013 WARNING [localhost-startStop-2] org.apache.catalina.loader.WebappClassLoaderBase.clearReferencesThreads The web application [jenkins] appears to have started a thread named [Computer.threadPoolForRemoting [#3]] but has failed to stop it. This is very likely to create a memory leak. Stack trace of thread:
 sun.misc.Unsafe.park(Native Method)
 java.util.concurrent.locks.LockSupport.parkNanos(Unknown Source)
 java.util.concurrent.SynchronousQueue$TransferStack.awaitFulfill(Unknown Source)
 java.util.concurrent.SynchronousQueue$TransferStack.transfer(Unknown Source)
 java.util.concurrent.SynchronousQueue.poll(Unknown Source)
 java.util.concurrent.ThreadPoolExecutor.getTask(Unknown Source)
 java.util.concurrent.ThreadPoolExecutor.runWorker(Unknown Source)
 java.util.concurrent.ThreadPoolExecutor$Worker.run(Unknown Source)
 java.lang.Thread.run(Unknown Source)
06-Feb-2018 00:57:45.013 SEVERE [localhost-startStop-2] org.apache.catalina.loader.WebappClassLoaderBase.checkThreadLocalMapForLeaks The web application [jenkins] created a ThreadLocal with key of type [java.lang.ThreadLocal] (value [java.lang.ThreadLocal@734b9502]) and a value of type [org.acegisecurity.context.SecurityContextImpl] (value [org.acegisecurity.context.SecurityContextImpl@ffffffff: Null authentication]) but failed to remove it when the web application was stopped. Threads are going to be renewed over time to try and avoid a probable memory leak.
06-Feb-2018 00:57:45.107 INFO [Thread-7] org.apache.coyote.AbstractProtocol.stop Stopping ProtocolHandler ["http-apr-8080"]
06-Feb-2018 00:57:45.169 INFO [Thread-7] org.apache.coyote.AbstractProtocol.stop Stopping ProtocolHandler ["ajp-apr-8019"]
