
2017-12-14 05:50:18 Commons Daemon procrun stderr initialized
14-Dec-2017 05:50:21.470 INFO [main] org.apache.catalina.startup.VersionLoggerListener.log Server version:        Apache Tomcat/8.0.36
14-Dec-2017 05:50:21.470 INFO [main] org.apache.catalina.startup.VersionLoggerListener.log Server built:          Jun 9 2016 13:55:50 UTC
14-Dec-2017 05:50:21.470 INFO [main] org.apache.catalina.startup.VersionLoggerListener.log Server number:         8.0.36.0
14-Dec-2017 05:50:21.470 INFO [main] org.apache.catalina.startup.VersionLoggerListener.log OS Name:               Windows 10
14-Dec-2017 05:50:21.470 INFO [main] org.apache.catalina.startup.VersionLoggerListener.log OS Version:            10.0
14-Dec-2017 05:50:21.470 INFO [main] org.apache.catalina.startup.VersionLoggerListener.log Architecture:          amd64
14-Dec-2017 05:50:21.470 INFO [main] org.apache.catalina.startup.VersionLoggerListener.log Java Home:             C:\Program Files\Java\jre1.8.0_102
14-Dec-2017 05:50:21.470 INFO [main] org.apache.catalina.startup.VersionLoggerListener.log JVM Version:           1.8.0_102-b14
14-Dec-2017 05:50:21.470 INFO [main] org.apache.catalina.startup.VersionLoggerListener.log JVM Vendor:            Oracle Corporation
14-Dec-2017 05:50:21.470 INFO [main] org.apache.catalina.startup.VersionLoggerListener.log CATALINA_BASE:         D:\Program Files\Apache Software Foundation\Tomcat 8.0
14-Dec-2017 05:50:21.470 INFO [main] org.apache.catalina.startup.VersionLoggerListener.log CATALINA_HOME:         D:\Program Files\Apache Software Foundation\Tomcat 8.0
14-Dec-2017 05:50:21.470 INFO [main] org.apache.catalina.startup.VersionLoggerListener.log Command line argument: -Dcatalina.home=D:\Program Files\Apache Software Foundation\Tomcat 8.0
14-Dec-2017 05:50:21.470 INFO [main] org.apache.catalina.startup.VersionLoggerListener.log Command line argument: -Dcatalina.base=D:\Program Files\Apache Software Foundation\Tomcat 8.0
14-Dec-2017 05:50:21.470 INFO [main] org.apache.catalina.startup.VersionLoggerListener.log Command line argument: -Djava.endorsed.dirs=D:\Program Files\Apache Software Foundation\Tomcat 8.0\endorsed
14-Dec-2017 05:50:21.470 INFO [main] org.apache.catalina.startup.VersionLoggerListener.log Command line argument: -Djava.io.tmpdir=D:\Program Files\Apache Software Foundation\Tomcat 8.0\temp
14-Dec-2017 05:50:21.470 INFO [main] org.apache.catalina.startup.VersionLoggerListener.log Command line argument: -Djava.util.logging.manager=org.apache.juli.ClassLoaderLogManager
14-Dec-2017 05:50:21.470 INFO [main] org.apache.catalina.startup.VersionLoggerListener.log Command line argument: -Djava.util.logging.config.file=D:\Program Files\Apache Software Foundation\Tomcat 8.0\conf\logging.properties
14-Dec-2017 05:50:21.470 INFO [main] org.apache.catalina.startup.VersionLoggerListener.log Command line argument: exit
14-Dec-2017 05:50:21.470 INFO [main] org.apache.catalina.startup.VersionLoggerListener.log Command line argument: -Xms128m
14-Dec-2017 05:50:21.470 INFO [main] org.apache.catalina.startup.VersionLoggerListener.log Command line argument: -Xmx256m
14-Dec-2017 05:50:21.470 INFO [main] org.apache.catalina.core.AprLifecycleListener.lifecycleEvent Loaded APR based Apache Tomcat Native library 1.2.7 using APR version 1.5.2.
14-Dec-2017 05:50:21.470 INFO [main] org.apache.catalina.core.AprLifecycleListener.lifecycleEvent APR capabilities: IPv6 [true], sendfile [true], accept filters [false], random [true].
14-Dec-2017 05:50:22.580 INFO [main] org.apache.catalina.core.AprLifecycleListener.initializeSSL OpenSSL successfully initialized (OpenSSL 1.0.2h  3 May 2016)
14-Dec-2017 05:50:23.002 INFO [main] org.apache.coyote.AbstractProtocol.init Initializing ProtocolHandler ["http-apr-8080"]
14-Dec-2017 05:50:23.033 INFO [main] org.apache.coyote.AbstractProtocol.init Initializing ProtocolHandler ["ajp-apr-8019"]
14-Dec-2017 05:50:23.033 INFO [main] org.apache.catalina.startup.Catalina.load Initialization processed in 2695 ms
14-Dec-2017 05:50:23.095 INFO [main] org.apache.catalina.core.StandardService.startInternal Starting service Catalina
14-Dec-2017 05:50:23.095 INFO [main] org.apache.catalina.core.StandardEngine.startInternal Starting Servlet Engine: Apache Tomcat/8.0.36
14-Dec-2017 05:50:23.127 INFO [localhost-startStop-1] org.apache.catalina.startup.HostConfig.deployDirectory Deploying web application directory D:\Program Files\Apache Software Foundation\Tomcat 8.0\webapps\docs
14-Dec-2017 05:50:24.189 INFO [localhost-startStop-1] org.apache.catalina.util.SessionIdGeneratorBase.createSecureRandom Creation of SecureRandom instance for session ID generation using [SHA1PRNG] took [281] milliseconds.
14-Dec-2017 05:50:24.236 INFO [localhost-startStop-1] org.apache.catalina.startup.HostConfig.deployDirectory Deployment of web application directory D:\Program Files\Apache Software Foundation\Tomcat 8.0\webapps\docs has finished in 1,109 ms
14-Dec-2017 05:50:24.252 INFO [localhost-startStop-1] org.apache.catalina.startup.HostConfig.deployDirectory Deploying web application directory D:\Program Files\Apache Software Foundation\Tomcat 8.0\webapps\examples
14-Dec-2017 05:50:25.455 INFO [localhost-startStop-1] org.apache.catalina.startup.HostConfig.deployDirectory Deployment of web application directory D:\Program Files\Apache Software Foundation\Tomcat 8.0\webapps\examples has finished in 1,203 ms
14-Dec-2017 05:50:25.455 INFO [localhost-startStop-1] org.apache.catalina.startup.HostConfig.deployDirectory Deploying web application directory D:\Program Files\Apache Software Foundation\Tomcat 8.0\webapps\host-manager
14-Dec-2017 05:50:25.567 INFO [localhost-startStop-1] org.apache.catalina.startup.HostConfig.deployDirectory Deployment of web application directory D:\Program Files\Apache Software Foundation\Tomcat 8.0\webapps\host-manager has finished in 112 ms
14-Dec-2017 05:50:25.567 INFO [localhost-startStop-1] org.apache.catalina.startup.HostConfig.deployDirectory Deploying web application directory D:\Program Files\Apache Software Foundation\Tomcat 8.0\webapps\manager
14-Dec-2017 05:50:25.676 INFO [localhost-startStop-1] org.apache.catalina.startup.HostConfig.deployDirectory Deployment of web application directory D:\Program Files\Apache Software Foundation\Tomcat 8.0\webapps\manager has finished in 109 ms
14-Dec-2017 05:50:25.676 INFO [localhost-startStop-1] org.apache.catalina.startup.HostConfig.deployDirectory Deploying web application directory D:\Program Files\Apache Software Foundation\Tomcat 8.0\webapps\ROOT
14-Dec-2017 05:50:25.739 INFO [localhost-startStop-1] org.apache.catalina.startup.HostConfig.deployDirectory Deployment of web application directory D:\Program Files\Apache Software Foundation\Tomcat 8.0\webapps\ROOT has finished in 63 ms
14-Dec-2017 05:50:25.754 INFO [main] org.apache.coyote.AbstractProtocol.start Starting ProtocolHandler ["http-apr-8080"]
14-Dec-2017 05:50:25.785 INFO [main] org.apache.coyote.AbstractProtocol.start Starting ProtocolHandler ["ajp-apr-8019"]
14-Dec-2017 05:50:25.801 INFO [main] org.apache.catalina.startup.Catalina.start Server startup in 2767 ms
14-Dec-2017 23:29:53.453 INFO [Thread-4] org.apache.coyote.AbstractProtocol.pause Pausing ProtocolHandler ["http-apr-8080"]
14-Dec-2017 23:29:53.563 INFO [Thread-4] org.apache.coyote.AbstractProtocol.pause Pausing ProtocolHandler ["ajp-apr-8019"]
14-Dec-2017 23:29:53.625 INFO [Thread-4] org.apache.catalina.core.StandardService.stopInternal Stopping service Catalina
14-Dec-2017 23:29:53.719 INFO [Thread-4] org.apache.coyote.AbstractProtocol.stop Stopping ProtocolHandler ["http-apr-8080"]
14-Dec-2017 23:29:53.782 INFO [Thread-4] org.apache.coyote.AbstractProtocol.stop Stopping ProtocolHandler ["ajp-apr-8019"]
