
2017-12-19 00:40:03 Commons Daemon procrun stderr initialized
19-Dec-2017 00:40:05.425 INFO [main] org.apache.catalina.startup.VersionLoggerListener.log Server version:        Apache Tomcat/8.0.36
19-Dec-2017 00:40:05.425 INFO [main] org.apache.catalina.startup.VersionLoggerListener.log Server built:          Jun 9 2016 13:55:50 UTC
19-Dec-2017 00:40:05.425 INFO [main] org.apache.catalina.startup.VersionLoggerListener.log Server number:         8.0.36.0
19-Dec-2017 00:40:05.425 INFO [main] org.apache.catalina.startup.VersionLoggerListener.log OS Name:               Windows 10
19-Dec-2017 00:40:05.425 INFO [main] org.apache.catalina.startup.VersionLoggerListener.log OS Version:            10.0
19-Dec-2017 00:40:05.425 INFO [main] org.apache.catalina.startup.VersionLoggerListener.log Architecture:          amd64
19-Dec-2017 00:40:05.425 INFO [main] org.apache.catalina.startup.VersionLoggerListener.log Java Home:             C:\Program Files\Java\jre1.8.0_102
19-Dec-2017 00:40:05.425 INFO [main] org.apache.catalina.startup.VersionLoggerListener.log JVM Version:           1.8.0_102-b14
19-Dec-2017 00:40:05.425 INFO [main] org.apache.catalina.startup.VersionLoggerListener.log JVM Vendor:            Oracle Corporation
19-Dec-2017 00:40:05.425 INFO [main] org.apache.catalina.startup.VersionLoggerListener.log CATALINA_BASE:         D:\Program Files\Apache Software Foundation\Tomcat 8.0
19-Dec-2017 00:40:05.425 INFO [main] org.apache.catalina.startup.VersionLoggerListener.log CATALINA_HOME:         D:\Program Files\Apache Software Foundation\Tomcat 8.0
19-Dec-2017 00:40:05.425 INFO [main] org.apache.catalina.startup.VersionLoggerListener.log Command line argument: -Dcatalina.home=D:\Program Files\Apache Software Foundation\Tomcat 8.0
19-Dec-2017 00:40:05.425 INFO [main] org.apache.catalina.startup.VersionLoggerListener.log Command line argument: -Dcatalina.base=D:\Program Files\Apache Software Foundation\Tomcat 8.0
19-Dec-2017 00:40:05.425 INFO [main] org.apache.catalina.startup.VersionLoggerListener.log Command line argument: -Djava.endorsed.dirs=D:\Program Files\Apache Software Foundation\Tomcat 8.0\endorsed
19-Dec-2017 00:40:05.425 INFO [main] org.apache.catalina.startup.VersionLoggerListener.log Command line argument: -Djava.io.tmpdir=D:\Program Files\Apache Software Foundation\Tomcat 8.0\temp
19-Dec-2017 00:40:05.425 INFO [main] org.apache.catalina.startup.VersionLoggerListener.log Command line argument: -Djava.util.logging.manager=org.apache.juli.ClassLoaderLogManager
19-Dec-2017 00:40:05.425 INFO [main] org.apache.catalina.startup.VersionLoggerListener.log Command line argument: -Djava.util.logging.config.file=D:\Program Files\Apache Software Foundation\Tomcat 8.0\conf\logging.properties
19-Dec-2017 00:40:05.425 INFO [main] org.apache.catalina.startup.VersionLoggerListener.log Command line argument: exit
19-Dec-2017 00:40:05.425 INFO [main] org.apache.catalina.startup.VersionLoggerListener.log Command line argument: -Xms128m
19-Dec-2017 00:40:05.425 INFO [main] org.apache.catalina.startup.VersionLoggerListener.log Command line argument: -Xmx256m
19-Dec-2017 00:40:05.425 INFO [main] org.apache.catalina.core.AprLifecycleListener.lifecycleEvent Loaded APR based Apache Tomcat Native library 1.2.7 using APR version 1.5.2.
19-Dec-2017 00:40:05.425 INFO [main] org.apache.catalina.core.AprLifecycleListener.lifecycleEvent APR capabilities: IPv6 [true], sendfile [true], accept filters [false], random [true].
19-Dec-2017 00:40:06.534 INFO [main] org.apache.catalina.core.AprLifecycleListener.initializeSSL OpenSSL successfully initialized (OpenSSL 1.0.2h  3 May 2016)
19-Dec-2017 00:40:11.888 INFO [main] org.apache.coyote.AbstractProtocol.init Initializing ProtocolHandler ["http-apr-8080"]
19-Dec-2017 00:40:11.904 SEVERE [main] org.apache.coyote.AbstractProtocol.init Failed to initialize end point associated with ProtocolHandler ["http-apr-8080"]
 java.lang.Exception: Socket bind failed: [730013] An attempt was made to access a socket in a way forbidden by its access permissions.  
	at org.apache.tomcat.util.net.AprEndpoint.bind(AprEndpoint.java:471)
	at org.apache.tomcat.util.net.AbstractEndpoint.init(AbstractEndpoint.java:748)
	at org.apache.coyote.AbstractProtocol.init(AbstractProtocol.java:459)
	at org.apache.catalina.connector.Connector.initInternal(Connector.java:960)
	at org.apache.catalina.util.LifecycleBase.init(LifecycleBase.java:102)
	at org.apache.catalina.core.StandardService.initInternal(StandardService.java:568)
	at org.apache.catalina.util.LifecycleBase.init(LifecycleBase.java:102)
	at org.apache.catalina.core.StandardServer.initInternal(StandardServer.java:869)
	at org.apache.catalina.util.LifecycleBase.init(LifecycleBase.java:102)
	at org.apache.catalina.startup.Catalina.load(Catalina.java:580)
	at org.apache.catalina.startup.Catalina.load(Catalina.java:603)
	at sun.reflect.NativeMethodAccessorImpl.invoke0(Native Method)
	at sun.reflect.NativeMethodAccessorImpl.invoke(Unknown Source)
	at sun.reflect.DelegatingMethodAccessorImpl.invoke(Unknown Source)
	at java.lang.reflect.Method.invoke(Unknown Source)
	at org.apache.catalina.startup.Bootstrap.load(Bootstrap.java:310)
	at org.apache.catalina.startup.Bootstrap.main(Bootstrap.java:484)

19-Dec-2017 00:40:11.904 SEVERE [main] org.apache.catalina.core.StandardService.initInternal Failed to initialize connector [Connector[HTTP/1.1-8080]]
 org.apache.catalina.LifecycleException: Failed to initialize component [Connector[HTTP/1.1-8080]]
	at org.apache.catalina.util.LifecycleBase.init(LifecycleBase.java:106)
	at org.apache.catalina.core.StandardService.initInternal(StandardService.java:568)
	at org.apache.catalina.util.LifecycleBase.init(LifecycleBase.java:102)
	at org.apache.catalina.core.StandardServer.initInternal(StandardServer.java:869)
	at org.apache.catalina.util.LifecycleBase.init(LifecycleBase.java:102)
	at org.apache.catalina.startup.Catalina.load(Catalina.java:580)
	at org.apache.catalina.startup.Catalina.load(Catalina.java:603)
	at sun.reflect.NativeMethodAccessorImpl.invoke0(Native Method)
	at sun.reflect.NativeMethodAccessorImpl.invoke(Unknown Source)
	at sun.reflect.DelegatingMethodAccessorImpl.invoke(Unknown Source)
	at java.lang.reflect.Method.invoke(Unknown Source)
	at org.apache.catalina.startup.Bootstrap.load(Bootstrap.java:310)
	at org.apache.catalina.startup.Bootstrap.main(Bootstrap.java:484)
Caused by: org.apache.catalina.LifecycleException: Protocol handler initialization failed
	at org.apache.catalina.connector.Connector.initInternal(Connector.java:962)
	at org.apache.catalina.util.LifecycleBase.init(LifecycleBase.java:102)
	... 12 more
Caused by: java.lang.Exception: Socket bind failed: [730013] An attempt was made to access a socket in a way forbidden by its access permissions.  
	at org.apache.tomcat.util.net.AprEndpoint.bind(AprEndpoint.java:471)
	at org.apache.tomcat.util.net.AbstractEndpoint.init(AbstractEndpoint.java:748)
	at org.apache.coyote.AbstractProtocol.init(AbstractProtocol.java:459)
	at org.apache.catalina.connector.Connector.initInternal(Connector.java:960)
	... 13 more

19-Dec-2017 00:40:11.904 INFO [main] org.apache.coyote.AbstractProtocol.init Initializing ProtocolHandler ["ajp-apr-8019"]
19-Dec-2017 00:40:11.904 INFO [main] org.apache.catalina.startup.Catalina.load Initialization processed in 7383 ms
19-Dec-2017 00:40:11.967 INFO [main] org.apache.catalina.core.StandardService.startInternal Starting service Catalina
19-Dec-2017 00:40:11.967 INFO [main] org.apache.catalina.core.StandardEngine.startInternal Starting Servlet Engine: Apache Tomcat/8.0.36
19-Dec-2017 00:40:12.123 INFO [localhost-startStop-1] org.apache.catalina.startup.HostConfig.deployDirectory Deploying web application directory D:\Program Files\Apache Software Foundation\Tomcat 8.0\webapps\docs
19-Dec-2017 00:40:13.123 INFO [localhost-startStop-1] org.apache.catalina.util.SessionIdGeneratorBase.createSecureRandom Creation of SecureRandom instance for session ID generation using [SHA1PRNG] took [360] milliseconds.
19-Dec-2017 00:40:13.170 INFO [localhost-startStop-1] org.apache.catalina.startup.HostConfig.deployDirectory Deployment of web application directory D:\Program Files\Apache Software Foundation\Tomcat 8.0\webapps\docs has finished in 1,047 ms
19-Dec-2017 00:40:13.170 INFO [localhost-startStop-1] org.apache.catalina.startup.HostConfig.deployDirectory Deploying web application directory D:\Program Files\Apache Software Foundation\Tomcat 8.0\webapps\examples
19-Dec-2017 00:40:14.742 INFO [localhost-startStop-1] org.apache.catalina.startup.HostConfig.deployDirectory Deployment of web application directory D:\Program Files\Apache Software Foundation\Tomcat 8.0\webapps\examples has finished in 1,572 ms
19-Dec-2017 00:40:14.742 INFO [localhost-startStop-1] org.apache.catalina.startup.HostConfig.deployDirectory Deploying web application directory D:\Program Files\Apache Software Foundation\Tomcat 8.0\webapps\host-manager
19-Dec-2017 00:40:14.851 INFO [localhost-startStop-1] org.apache.catalina.startup.HostConfig.deployDirectory Deployment of web application directory D:\Program Files\Apache Software Foundation\Tomcat 8.0\webapps\host-manager has finished in 109 ms
19-Dec-2017 00:40:14.851 INFO [localhost-startStop-1] org.apache.catalina.startup.HostConfig.deployDirectory Deploying web application directory D:\Program Files\Apache Software Foundation\Tomcat 8.0\webapps\manager
19-Dec-2017 00:40:14.945 INFO [localhost-startStop-1] org.apache.catalina.startup.HostConfig.deployDirectory Deployment of web application directory D:\Program Files\Apache Software Foundation\Tomcat 8.0\webapps\manager has finished in 94 ms
19-Dec-2017 00:40:14.945 INFO [localhost-startStop-1] org.apache.catalina.startup.HostConfig.deployDirectory Deploying web application directory D:\Program Files\Apache Software Foundation\Tomcat 8.0\webapps\ROOT
19-Dec-2017 00:40:14.992 INFO [localhost-startStop-1] org.apache.catalina.startup.HostConfig.deployDirectory Deployment of web application directory D:\Program Files\Apache Software Foundation\Tomcat 8.0\webapps\ROOT has finished in 47 ms
19-Dec-2017 00:40:15.008 INFO [main] org.apache.coyote.AbstractProtocol.start Starting ProtocolHandler ["ajp-apr-8019"]
19-Dec-2017 00:40:15.054 INFO [main] org.apache.catalina.startup.Catalina.start Server startup in 3157 ms
19-Dec-2017 02:12:03.041 INFO [Thread-4] org.apache.coyote.AbstractProtocol.pause Pausing ProtocolHandler ["http-apr-8080"]
19-Dec-2017 02:12:03.041 INFO [Thread-4] org.apache.coyote.AbstractProtocol.pause Pausing ProtocolHandler ["ajp-apr-8019"]
19-Dec-2017 02:12:03.135 INFO [Thread-4] org.apache.catalina.core.StandardService.stopInternal Stopping service Catalina
19-Dec-2017 02:12:03.244 INFO [Thread-4] org.apache.coyote.AbstractProtocol.stop Stopping ProtocolHandler ["ajp-apr-8019"]

2017-12-19 07:17:49 Commons Daemon procrun stderr initialized
19-Dec-2017 07:17:52.921 INFO [main] org.apache.catalina.startup.VersionLoggerListener.log Server version:        Apache Tomcat/8.0.36
19-Dec-2017 07:17:52.921 INFO [main] org.apache.catalina.startup.VersionLoggerListener.log Server built:          Jun 9 2016 13:55:50 UTC
19-Dec-2017 07:17:52.921 INFO [main] org.apache.catalina.startup.VersionLoggerListener.log Server number:         8.0.36.0
19-Dec-2017 07:17:52.921 INFO [main] org.apache.catalina.startup.VersionLoggerListener.log OS Name:               Windows 10
19-Dec-2017 07:17:52.921 INFO [main] org.apache.catalina.startup.VersionLoggerListener.log OS Version:            10.0
19-Dec-2017 07:17:52.921 INFO [main] org.apache.catalina.startup.VersionLoggerListener.log Architecture:          amd64
19-Dec-2017 07:17:52.921 INFO [main] org.apache.catalina.startup.VersionLoggerListener.log Java Home:             C:\Program Files\Java\jre1.8.0_102
19-Dec-2017 07:17:52.921 INFO [main] org.apache.catalina.startup.VersionLoggerListener.log JVM Version:           1.8.0_102-b14
19-Dec-2017 07:17:52.921 INFO [main] org.apache.catalina.startup.VersionLoggerListener.log JVM Vendor:            Oracle Corporation
19-Dec-2017 07:17:52.921 INFO [main] org.apache.catalina.startup.VersionLoggerListener.log CATALINA_BASE:         D:\Program Files\Apache Software Foundation\Tomcat 8.0
19-Dec-2017 07:17:52.921 INFO [main] org.apache.catalina.startup.VersionLoggerListener.log CATALINA_HOME:         D:\Program Files\Apache Software Foundation\Tomcat 8.0
19-Dec-2017 07:17:52.937 INFO [main] org.apache.catalina.startup.VersionLoggerListener.log Command line argument: -Dcatalina.home=D:\Program Files\Apache Software Foundation\Tomcat 8.0
19-Dec-2017 07:17:52.937 INFO [main] org.apache.catalina.startup.VersionLoggerListener.log Command line argument: -Dcatalina.base=D:\Program Files\Apache Software Foundation\Tomcat 8.0
19-Dec-2017 07:17:52.937 INFO [main] org.apache.catalina.startup.VersionLoggerListener.log Command line argument: -Djava.endorsed.dirs=D:\Program Files\Apache Software Foundation\Tomcat 8.0\endorsed
19-Dec-2017 07:17:52.937 INFO [main] org.apache.catalina.startup.VersionLoggerListener.log Command line argument: -Djava.io.tmpdir=D:\Program Files\Apache Software Foundation\Tomcat 8.0\temp
19-Dec-2017 07:17:52.937 INFO [main] org.apache.catalina.startup.VersionLoggerListener.log Command line argument: -Djava.util.logging.manager=org.apache.juli.ClassLoaderLogManager
19-Dec-2017 07:17:52.937 INFO [main] org.apache.catalina.startup.VersionLoggerListener.log Command line argument: -Djava.util.logging.config.file=D:\Program Files\Apache Software Foundation\Tomcat 8.0\conf\logging.properties
19-Dec-2017 07:17:52.937 INFO [main] org.apache.catalina.startup.VersionLoggerListener.log Command line argument: exit
19-Dec-2017 07:17:52.937 INFO [main] org.apache.catalina.startup.VersionLoggerListener.log Command line argument: -Xms128m
19-Dec-2017 07:17:52.937 INFO [main] org.apache.catalina.startup.VersionLoggerListener.log Command line argument: -Xmx256m
19-Dec-2017 07:17:52.937 INFO [main] org.apache.catalina.core.AprLifecycleListener.lifecycleEvent Loaded APR based Apache Tomcat Native library 1.2.7 using APR version 1.5.2.
19-Dec-2017 07:17:52.937 INFO [main] org.apache.catalina.core.AprLifecycleListener.lifecycleEvent APR capabilities: IPv6 [true], sendfile [true], accept filters [false], random [true].
19-Dec-2017 07:17:54.046 INFO [main] org.apache.catalina.core.AprLifecycleListener.initializeSSL OpenSSL successfully initialized (OpenSSL 1.0.2h  3 May 2016)
19-Dec-2017 07:17:59.891 INFO [main] org.apache.coyote.AbstractProtocol.init Initializing ProtocolHandler ["http-apr-8080"]
19-Dec-2017 07:17:59.906 SEVERE [main] org.apache.coyote.AbstractProtocol.init Failed to initialize end point associated with ProtocolHandler ["http-apr-8080"]
 java.lang.Exception: Socket bind failed: [730013] An attempt was made to access a socket in a way forbidden by its access permissions.  
	at org.apache.tomcat.util.net.AprEndpoint.bind(AprEndpoint.java:471)
	at org.apache.tomcat.util.net.AbstractEndpoint.init(AbstractEndpoint.java:748)
	at org.apache.coyote.AbstractProtocol.init(AbstractProtocol.java:459)
	at org.apache.catalina.connector.Connector.initInternal(Connector.java:960)
	at org.apache.catalina.util.LifecycleBase.init(LifecycleBase.java:102)
	at org.apache.catalina.core.StandardService.initInternal(StandardService.java:568)
	at org.apache.catalina.util.LifecycleBase.init(LifecycleBase.java:102)
	at org.apache.catalina.core.StandardServer.initInternal(StandardServer.java:869)
	at org.apache.catalina.util.LifecycleBase.init(LifecycleBase.java:102)
	at org.apache.catalina.startup.Catalina.load(Catalina.java:580)
	at org.apache.catalina.startup.Catalina.load(Catalina.java:603)
	at sun.reflect.NativeMethodAccessorImpl.invoke0(Native Method)
	at sun.reflect.NativeMethodAccessorImpl.invoke(Unknown Source)
	at sun.reflect.DelegatingMethodAccessorImpl.invoke(Unknown Source)
	at java.lang.reflect.Method.invoke(Unknown Source)
	at org.apache.catalina.startup.Bootstrap.load(Bootstrap.java:310)
	at org.apache.catalina.startup.Bootstrap.main(Bootstrap.java:484)

19-Dec-2017 07:17:59.922 SEVERE [main] org.apache.catalina.core.StandardService.initInternal Failed to initialize connector [Connector[HTTP/1.1-8080]]
 org.apache.catalina.LifecycleException: Failed to initialize component [Connector[HTTP/1.1-8080]]
	at org.apache.catalina.util.LifecycleBase.init(LifecycleBase.java:106)
	at org.apache.catalina.core.StandardService.initInternal(StandardService.java:568)
	at org.apache.catalina.util.LifecycleBase.init(LifecycleBase.java:102)
	at org.apache.catalina.core.StandardServer.initInternal(StandardServer.java:869)
	at org.apache.catalina.util.LifecycleBase.init(LifecycleBase.java:102)
	at org.apache.catalina.startup.Catalina.load(Catalina.java:580)
	at org.apache.catalina.startup.Catalina.load(Catalina.java:603)
	at sun.reflect.NativeMethodAccessorImpl.invoke0(Native Method)
	at sun.reflect.NativeMethodAccessorImpl.invoke(Unknown Source)
	at sun.reflect.DelegatingMethodAccessorImpl.invoke(Unknown Source)
	at java.lang.reflect.Method.invoke(Unknown Source)
	at org.apache.catalina.startup.Bootstrap.load(Bootstrap.java:310)
	at org.apache.catalina.startup.Bootstrap.main(Bootstrap.java:484)
Caused by: org.apache.catalina.LifecycleException: Protocol handler initialization failed
	at org.apache.catalina.connector.Connector.initInternal(Connector.java:962)
	at org.apache.catalina.util.LifecycleBase.init(LifecycleBase.java:102)
	... 12 more
Caused by: java.lang.Exception: Socket bind failed: [730013] An attempt was made to access a socket in a way forbidden by its access permissions.  
	at org.apache.tomcat.util.net.AprEndpoint.bind(AprEndpoint.java:471)
	at org.apache.tomcat.util.net.AbstractEndpoint.init(AbstractEndpoint.java:748)
	at org.apache.coyote.AbstractProtocol.init(AbstractProtocol.java:459)
	at org.apache.catalina.connector.Connector.initInternal(Connector.java:960)
	... 13 more

19-Dec-2017 07:17:59.922 INFO [main] org.apache.coyote.AbstractProtocol.init Initializing ProtocolHandler ["ajp-apr-8019"]
19-Dec-2017 07:17:59.922 INFO [main] org.apache.catalina.startup.Catalina.load Initialization processed in 8091 ms
19-Dec-2017 07:17:59.985 INFO [main] org.apache.catalina.core.StandardService.startInternal Starting service Catalina
19-Dec-2017 07:17:59.985 INFO [main] org.apache.catalina.core.StandardEngine.startInternal Starting Servlet Engine: Apache Tomcat/8.0.36
19-Dec-2017 07:18:00.031 INFO [localhost-startStop-1] org.apache.catalina.startup.HostConfig.deployDirectory Deploying web application directory D:\Program Files\Apache Software Foundation\Tomcat 8.0\webapps\docs
19-Dec-2017 07:18:01.224 INFO [localhost-startStop-1] org.apache.catalina.util.SessionIdGeneratorBase.createSecureRandom Creation of SecureRandom instance for session ID generation using [SHA1PRNG] took [391] milliseconds.
19-Dec-2017 07:18:01.271 INFO [localhost-startStop-1] org.apache.catalina.startup.HostConfig.deployDirectory Deployment of web application directory D:\Program Files\Apache Software Foundation\Tomcat 8.0\webapps\docs has finished in 1,240 ms
19-Dec-2017 07:18:01.271 INFO [localhost-startStop-1] org.apache.catalina.startup.HostConfig.deployDirectory Deploying web application directory D:\Program Files\Apache Software Foundation\Tomcat 8.0\webapps\examples
19-Dec-2017 07:18:02.349 INFO [localhost-startStop-1] org.apache.catalina.startup.HostConfig.deployDirectory Deployment of web application directory D:\Program Files\Apache Software Foundation\Tomcat 8.0\webapps\examples has finished in 1,078 ms
19-Dec-2017 07:18:02.349 INFO [localhost-startStop-1] org.apache.catalina.startup.HostConfig.deployDirectory Deploying web application directory D:\Program Files\Apache Software Foundation\Tomcat 8.0\webapps\host-manager
19-Dec-2017 07:18:02.458 INFO [localhost-startStop-1] org.apache.catalina.startup.HostConfig.deployDirectory Deployment of web application directory D:\Program Files\Apache Software Foundation\Tomcat 8.0\webapps\host-manager has finished in 109 ms
19-Dec-2017 07:18:02.458 INFO [localhost-startStop-1] org.apache.catalina.startup.HostConfig.deployDirectory Deploying web application directory D:\Program Files\Apache Software Foundation\Tomcat 8.0\webapps\manager
19-Dec-2017 07:18:02.567 INFO [localhost-startStop-1] org.apache.catalina.startup.HostConfig.deployDirectory Deployment of web application directory D:\Program Files\Apache Software Foundation\Tomcat 8.0\webapps\manager has finished in 109 ms
19-Dec-2017 07:18:02.567 INFO [localhost-startStop-1] org.apache.catalina.startup.HostConfig.deployDirectory Deploying web application directory D:\Program Files\Apache Software Foundation\Tomcat 8.0\webapps\ROOT
19-Dec-2017 07:18:02.614 INFO [localhost-startStop-1] org.apache.catalina.startup.HostConfig.deployDirectory Deployment of web application directory D:\Program Files\Apache Software Foundation\Tomcat 8.0\webapps\ROOT has finished in 47 ms
19-Dec-2017 07:18:02.630 INFO [main] org.apache.coyote.AbstractProtocol.start Starting ProtocolHandler ["ajp-apr-8019"]
19-Dec-2017 07:18:02.661 INFO [main] org.apache.catalina.startup.Catalina.start Server startup in 2737 ms
19-Dec-2017 07:26:48.663 INFO [Thread-4] org.apache.coyote.AbstractProtocol.pause Pausing ProtocolHandler ["http-apr-8080"]
19-Dec-2017 07:26:48.663 INFO [Thread-4] org.apache.coyote.AbstractProtocol.pause Pausing ProtocolHandler ["ajp-apr-8019"]
19-Dec-2017 07:26:48.741 INFO [Thread-4] org.apache.catalina.core.StandardService.stopInternal Stopping service Catalina
19-Dec-2017 07:26:48.788 INFO [Thread-4] org.apache.coyote.AbstractProtocol.stop Stopping ProtocolHandler ["ajp-apr-8019"]

2017-12-19 08:04:52 Commons Daemon procrun stderr initialized
19-Dec-2017 08:04:55.058 INFO [main] org.apache.catalina.startup.VersionLoggerListener.log Server version:        Apache Tomcat/8.0.36
19-Dec-2017 08:04:55.058 INFO [main] org.apache.catalina.startup.VersionLoggerListener.log Server built:          Jun 9 2016 13:55:50 UTC
19-Dec-2017 08:04:55.058 INFO [main] org.apache.catalina.startup.VersionLoggerListener.log Server number:         8.0.36.0
19-Dec-2017 08:04:55.058 INFO [main] org.apache.catalina.startup.VersionLoggerListener.log OS Name:               Windows 10
19-Dec-2017 08:04:55.058 INFO [main] org.apache.catalina.startup.VersionLoggerListener.log OS Version:            10.0
19-Dec-2017 08:04:55.058 INFO [main] org.apache.catalina.startup.VersionLoggerListener.log Architecture:          amd64
19-Dec-2017 08:04:55.058 INFO [main] org.apache.catalina.startup.VersionLoggerListener.log Java Home:             C:\Program Files\Java\jre1.8.0_102
19-Dec-2017 08:04:55.058 INFO [main] org.apache.catalina.startup.VersionLoggerListener.log JVM Version:           1.8.0_102-b14
19-Dec-2017 08:04:55.058 INFO [main] org.apache.catalina.startup.VersionLoggerListener.log JVM Vendor:            Oracle Corporation
19-Dec-2017 08:04:55.058 INFO [main] org.apache.catalina.startup.VersionLoggerListener.log CATALINA_BASE:         D:\Program Files\Apache Software Foundation\Tomcat 8.0
19-Dec-2017 08:04:55.058 INFO [main] org.apache.catalina.startup.VersionLoggerListener.log CATALINA_HOME:         D:\Program Files\Apache Software Foundation\Tomcat 8.0
19-Dec-2017 08:04:55.058 INFO [main] org.apache.catalina.startup.VersionLoggerListener.log Command line argument: -Dcatalina.home=D:\Program Files\Apache Software Foundation\Tomcat 8.0
19-Dec-2017 08:04:55.074 INFO [main] org.apache.catalina.startup.VersionLoggerListener.log Command line argument: -Dcatalina.base=D:\Program Files\Apache Software Foundation\Tomcat 8.0
19-Dec-2017 08:04:55.074 INFO [main] org.apache.catalina.startup.VersionLoggerListener.log Command line argument: -Djava.endorsed.dirs=D:\Program Files\Apache Software Foundation\Tomcat 8.0\endorsed
19-Dec-2017 08:04:55.074 INFO [main] org.apache.catalina.startup.VersionLoggerListener.log Command line argument: -Djava.io.tmpdir=D:\Program Files\Apache Software Foundation\Tomcat 8.0\temp
19-Dec-2017 08:04:55.074 INFO [main] org.apache.catalina.startup.VersionLoggerListener.log Command line argument: -Djava.util.logging.manager=org.apache.juli.ClassLoaderLogManager
19-Dec-2017 08:04:55.074 INFO [main] org.apache.catalina.startup.VersionLoggerListener.log Command line argument: -Djava.util.logging.config.file=D:\Program Files\Apache Software Foundation\Tomcat 8.0\conf\logging.properties
19-Dec-2017 08:04:55.074 INFO [main] org.apache.catalina.startup.VersionLoggerListener.log Command line argument: exit
19-Dec-2017 08:04:55.074 INFO [main] org.apache.catalina.startup.VersionLoggerListener.log Command line argument: -Xms128m
19-Dec-2017 08:04:55.074 INFO [main] org.apache.catalina.startup.VersionLoggerListener.log Command line argument: -Xmx256m
19-Dec-2017 08:04:55.074 INFO [main] org.apache.catalina.core.AprLifecycleListener.lifecycleEvent Loaded APR based Apache Tomcat Native library 1.2.7 using APR version 1.5.2.
19-Dec-2017 08:04:55.074 INFO [main] org.apache.catalina.core.AprLifecycleListener.lifecycleEvent APR capabilities: IPv6 [true], sendfile [true], accept filters [false], random [true].
19-Dec-2017 08:04:56.154 INFO [main] org.apache.catalina.core.AprLifecycleListener.initializeSSL OpenSSL successfully initialized (OpenSSL 1.0.2h  3 May 2016)
19-Dec-2017 08:04:56.623 INFO [main] org.apache.coyote.AbstractProtocol.init Initializing ProtocolHandler ["http-apr-8080"]
19-Dec-2017 08:04:56.654 INFO [main] org.apache.coyote.AbstractProtocol.init Initializing ProtocolHandler ["ajp-apr-8019"]
19-Dec-2017 08:04:56.654 INFO [main] org.apache.catalina.startup.Catalina.load Initialization processed in 2636 ms
19-Dec-2017 08:04:56.732 INFO [main] org.apache.catalina.core.StandardService.startInternal Starting service Catalina
19-Dec-2017 08:04:56.732 INFO [main] org.apache.catalina.core.StandardEngine.startInternal Starting Servlet Engine: Apache Tomcat/8.0.36
19-Dec-2017 08:04:56.779 INFO [localhost-startStop-1] org.apache.catalina.startup.HostConfig.deployDirectory Deploying web application directory D:\Program Files\Apache Software Foundation\Tomcat 8.0\webapps\docs
19-Dec-2017 08:04:58.076 INFO [localhost-startStop-1] org.apache.catalina.util.SessionIdGeneratorBase.createSecureRandom Creation of SecureRandom instance for session ID generation using [SHA1PRNG] took [406] milliseconds.
19-Dec-2017 08:04:58.123 INFO [localhost-startStop-1] org.apache.catalina.startup.HostConfig.deployDirectory Deployment of web application directory D:\Program Files\Apache Software Foundation\Tomcat 8.0\webapps\docs has finished in 1,344 ms
19-Dec-2017 08:04:58.123 INFO [localhost-startStop-1] org.apache.catalina.startup.HostConfig.deployDirectory Deploying web application directory D:\Program Files\Apache Software Foundation\Tomcat 8.0\webapps\examples
19-Dec-2017 08:04:59.326 INFO [localhost-startStop-1] org.apache.catalina.startup.HostConfig.deployDirectory Deployment of web application directory D:\Program Files\Apache Software Foundation\Tomcat 8.0\webapps\examples has finished in 1,203 ms
19-Dec-2017 08:04:59.326 INFO [localhost-startStop-1] org.apache.catalina.startup.HostConfig.deployDirectory Deploying web application directory D:\Program Files\Apache Software Foundation\Tomcat 8.0\webapps\host-manager
19-Dec-2017 08:04:59.467 INFO [localhost-startStop-1] org.apache.catalina.startup.HostConfig.deployDirectory Deployment of web application directory D:\Program Files\Apache Software Foundation\Tomcat 8.0\webapps\host-manager has finished in 141 ms
19-Dec-2017 08:04:59.467 INFO [localhost-startStop-1] org.apache.catalina.startup.HostConfig.deployDirectory Deploying web application directory D:\Program Files\Apache Software Foundation\Tomcat 8.0\webapps\manager
19-Dec-2017 08:04:59.545 INFO [localhost-startStop-1] org.apache.catalina.startup.HostConfig.deployDirectory Deployment of web application directory D:\Program Files\Apache Software Foundation\Tomcat 8.0\webapps\manager has finished in 78 ms
19-Dec-2017 08:04:59.545 INFO [localhost-startStop-1] org.apache.catalina.startup.HostConfig.deployDirectory Deploying web application directory D:\Program Files\Apache Software Foundation\Tomcat 8.0\webapps\ROOT
19-Dec-2017 08:04:59.607 INFO [localhost-startStop-1] org.apache.catalina.startup.HostConfig.deployDirectory Deployment of web application directory D:\Program Files\Apache Software Foundation\Tomcat 8.0\webapps\ROOT has finished in 62 ms
19-Dec-2017 08:04:59.623 INFO [main] org.apache.coyote.AbstractProtocol.start Starting ProtocolHandler ["http-apr-8080"]
19-Dec-2017 08:04:59.654 INFO [main] org.apache.coyote.AbstractProtocol.start Starting ProtocolHandler ["ajp-apr-8019"]
19-Dec-2017 08:04:59.670 INFO [main] org.apache.catalina.startup.Catalina.start Server startup in 3015 ms
19-Dec-2017 23:24:31.201 INFO [Thread-4] org.apache.coyote.AbstractProtocol.pause Pausing ProtocolHandler ["http-apr-8080"]
19-Dec-2017 23:24:31.326 INFO [Thread-4] org.apache.coyote.AbstractProtocol.pause Pausing ProtocolHandler ["ajp-apr-8019"]
19-Dec-2017 23:24:31.389 INFO [Thread-4] org.apache.catalina.core.StandardService.stopInternal Stopping service Catalina
19-Dec-2017 23:24:31.514 INFO [Thread-4] org.apache.coyote.AbstractProtocol.stop Stopping ProtocolHandler ["http-apr-8080"]
19-Dec-2017 23:24:31.639 INFO [Thread-4] org.apache.coyote.AbstractProtocol.stop Stopping ProtocolHandler ["ajp-apr-8019"]

2017-12-19 23:26:25 Commons Daemon procrun stderr initialized
19-Dec-2017 23:26:27.549 INFO [main] org.apache.catalina.startup.VersionLoggerListener.log Server version:        Apache Tomcat/8.0.36
19-Dec-2017 23:26:27.564 INFO [main] org.apache.catalina.startup.VersionLoggerListener.log Server built:          Jun 9 2016 13:55:50 UTC
19-Dec-2017 23:26:27.564 INFO [main] org.apache.catalina.startup.VersionLoggerListener.log Server number:         8.0.36.0
19-Dec-2017 23:26:27.564 INFO [main] org.apache.catalina.startup.VersionLoggerListener.log OS Name:               Windows 10
19-Dec-2017 23:26:27.564 INFO [main] org.apache.catalina.startup.VersionLoggerListener.log OS Version:            10.0
19-Dec-2017 23:26:27.564 INFO [main] org.apache.catalina.startup.VersionLoggerListener.log Architecture:          amd64
19-Dec-2017 23:26:27.564 INFO [main] org.apache.catalina.startup.VersionLoggerListener.log Java Home:             C:\Program Files\Java\jre1.8.0_102
19-Dec-2017 23:26:27.564 INFO [main] org.apache.catalina.startup.VersionLoggerListener.log JVM Version:           1.8.0_102-b14
19-Dec-2017 23:26:27.564 INFO [main] org.apache.catalina.startup.VersionLoggerListener.log JVM Vendor:            Oracle Corporation
19-Dec-2017 23:26:27.564 INFO [main] org.apache.catalina.startup.VersionLoggerListener.log CATALINA_BASE:         D:\Program Files\Apache Software Foundation\Tomcat 8.0
19-Dec-2017 23:26:27.564 INFO [main] org.apache.catalina.startup.VersionLoggerListener.log CATALINA_HOME:         D:\Program Files\Apache Software Foundation\Tomcat 8.0
19-Dec-2017 23:26:27.564 INFO [main] org.apache.catalina.startup.VersionLoggerListener.log Command line argument: -Dcatalina.home=D:\Program Files\Apache Software Foundation\Tomcat 8.0
19-Dec-2017 23:26:27.564 INFO [main] org.apache.catalina.startup.VersionLoggerListener.log Command line argument: -Dcatalina.base=D:\Program Files\Apache Software Foundation\Tomcat 8.0
19-Dec-2017 23:26:27.564 INFO [main] org.apache.catalina.startup.VersionLoggerListener.log Command line argument: -Djava.endorsed.dirs=D:\Program Files\Apache Software Foundation\Tomcat 8.0\endorsed
19-Dec-2017 23:26:27.564 INFO [main] org.apache.catalina.startup.VersionLoggerListener.log Command line argument: -Djava.io.tmpdir=D:\Program Files\Apache Software Foundation\Tomcat 8.0\temp
19-Dec-2017 23:26:27.564 INFO [main] org.apache.catalina.startup.VersionLoggerListener.log Command line argument: -Djava.util.logging.manager=org.apache.juli.ClassLoaderLogManager
19-Dec-2017 23:26:27.564 INFO [main] org.apache.catalina.startup.VersionLoggerListener.log Command line argument: -Djava.util.logging.config.file=D:\Program Files\Apache Software Foundation\Tomcat 8.0\conf\logging.properties
19-Dec-2017 23:26:27.564 INFO [main] org.apache.catalina.startup.VersionLoggerListener.log Command line argument: exit
19-Dec-2017 23:26:27.564 INFO [main] org.apache.catalina.startup.VersionLoggerListener.log Command line argument: -Xms128m
19-Dec-2017 23:26:27.564 INFO [main] org.apache.catalina.startup.VersionLoggerListener.log Command line argument: -Xmx256m
19-Dec-2017 23:26:27.564 INFO [main] org.apache.catalina.core.AprLifecycleListener.lifecycleEvent Loaded APR based Apache Tomcat Native library 1.2.7 using APR version 1.5.2.
19-Dec-2017 23:26:27.564 INFO [main] org.apache.catalina.core.AprLifecycleListener.lifecycleEvent APR capabilities: IPv6 [true], sendfile [true], accept filters [false], random [true].
19-Dec-2017 23:26:28.627 INFO [main] org.apache.catalina.core.AprLifecycleListener.initializeSSL OpenSSL successfully initialized (OpenSSL 1.0.2h  3 May 2016)
19-Dec-2017 23:26:28.955 INFO [main] org.apache.coyote.AbstractProtocol.init Initializing ProtocolHandler ["http-apr-8080"]
19-Dec-2017 23:26:28.971 INFO [main] org.apache.coyote.AbstractProtocol.init Initializing ProtocolHandler ["ajp-apr-8019"]
19-Dec-2017 23:26:28.971 INFO [main] org.apache.catalina.startup.Catalina.load Initialization processed in 2311 ms
19-Dec-2017 23:26:29.064 INFO [main] org.apache.catalina.core.StandardService.startInternal Starting service Catalina
19-Dec-2017 23:26:29.064 INFO [main] org.apache.catalina.core.StandardEngine.startInternal Starting Servlet Engine: Apache Tomcat/8.0.36
19-Dec-2017 23:26:29.127 INFO [localhost-startStop-1] org.apache.catalina.startup.HostConfig.deployDirectory Deploying web application directory D:\Program Files\Apache Software Foundation\Tomcat 8.0\webapps\docs
19-Dec-2017 23:26:32.018 INFO [localhost-startStop-1] org.apache.catalina.util.SessionIdGeneratorBase.createSecureRandom Creation of SecureRandom instance for session ID generation using [SHA1PRNG] took [2,203] milliseconds.
19-Dec-2017 23:26:32.049 INFO [localhost-startStop-1] org.apache.catalina.startup.HostConfig.deployDirectory Deployment of web application directory D:\Program Files\Apache Software Foundation\Tomcat 8.0\webapps\docs has finished in 2,922 ms
19-Dec-2017 23:26:32.049 INFO [localhost-startStop-1] org.apache.catalina.startup.HostConfig.deployDirectory Deploying web application directory D:\Program Files\Apache Software Foundation\Tomcat 8.0\webapps\examples
19-Dec-2017 23:26:33.131 INFO [localhost-startStop-1] org.apache.catalina.startup.HostConfig.deployDirectory Deployment of web application directory D:\Program Files\Apache Software Foundation\Tomcat 8.0\webapps\examples has finished in 1,082 ms
19-Dec-2017 23:26:33.131 INFO [localhost-startStop-1] org.apache.catalina.startup.HostConfig.deployDirectory Deploying web application directory D:\Program Files\Apache Software Foundation\Tomcat 8.0\webapps\host-manager
19-Dec-2017 23:26:33.210 INFO [localhost-startStop-1] org.apache.catalina.startup.HostConfig.deployDirectory Deployment of web application directory D:\Program Files\Apache Software Foundation\Tomcat 8.0\webapps\host-manager has finished in 79 ms
19-Dec-2017 23:26:33.210 INFO [localhost-startStop-1] org.apache.catalina.startup.HostConfig.deployDirectory Deploying web application directory D:\Program Files\Apache Software Foundation\Tomcat 8.0\webapps\manager
19-Dec-2017 23:26:33.272 INFO [localhost-startStop-1] org.apache.catalina.startup.HostConfig.deployDirectory Deployment of web application directory D:\Program Files\Apache Software Foundation\Tomcat 8.0\webapps\manager has finished in 62 ms
19-Dec-2017 23:26:33.272 INFO [localhost-startStop-1] org.apache.catalina.startup.HostConfig.deployDirectory Deploying web application directory D:\Program Files\Apache Software Foundation\Tomcat 8.0\webapps\ROOT
19-Dec-2017 23:26:33.335 INFO [localhost-startStop-1] org.apache.catalina.startup.HostConfig.deployDirectory Deployment of web application directory D:\Program Files\Apache Software Foundation\Tomcat 8.0\webapps\ROOT has finished in 63 ms
19-Dec-2017 23:26:33.350 INFO [main] org.apache.coyote.AbstractProtocol.start Starting ProtocolHandler ["http-apr-8080"]
19-Dec-2017 23:26:33.388 INFO [main] org.apache.coyote.AbstractProtocol.start Starting ProtocolHandler ["ajp-apr-8019"]
19-Dec-2017 23:26:33.401 INFO [main] org.apache.catalina.startup.Catalina.start Server startup in 4416 ms
20-Dec-2017 01:33:33.789 INFO [Thread-4] org.apache.coyote.AbstractProtocol.pause Pausing ProtocolHandler ["http-apr-8080"]
20-Dec-2017 01:33:33.867 INFO [Thread-4] org.apache.coyote.AbstractProtocol.pause Pausing ProtocolHandler ["ajp-apr-8019"]
20-Dec-2017 01:33:33.930 INFO [Thread-4] org.apache.catalina.core.StandardService.stopInternal Stopping service Catalina
20-Dec-2017 01:33:33.992 INFO [Thread-4] org.apache.coyote.AbstractProtocol.stop Stopping ProtocolHandler ["http-apr-8080"]
20-Dec-2017 01:33:34.117 INFO [Thread-4] org.apache.coyote.AbstractProtocol.stop Stopping ProtocolHandler ["ajp-apr-8019"]
