
2018-02-06 12:04:52 Commons Daemon procrun stderr initialized
06-Feb-2018 12:04:55.420 INFO [main] org.apache.catalina.startup.VersionLoggerListener.log Server version:        Apache Tomcat/8.0.36
06-Feb-2018 12:04:55.420 INFO [main] org.apache.catalina.startup.VersionLoggerListener.log Server built:          Jun 9 2016 13:55:50 UTC
06-Feb-2018 12:04:55.420 INFO [main] org.apache.catalina.startup.VersionLoggerListener.log Server number:         8.0.36.0
06-Feb-2018 12:04:55.420 INFO [main] org.apache.catalina.startup.VersionLoggerListener.log OS Name:               Windows 10
06-Feb-2018 12:04:55.420 INFO [main] org.apache.catalina.startup.VersionLoggerListener.log OS Version:            10.0
06-Feb-2018 12:04:55.420 INFO [main] org.apache.catalina.startup.VersionLoggerListener.log Architecture:          amd64
06-Feb-2018 12:04:55.420 INFO [main] org.apache.catalina.startup.VersionLoggerListener.log Java Home:             C:\Program Files\Java\jre1.8.0_102
06-Feb-2018 12:04:55.420 INFO [main] org.apache.catalina.startup.VersionLoggerListener.log JVM Version:           1.8.0_102-b14
06-Feb-2018 12:04:55.420 INFO [main] org.apache.catalina.startup.VersionLoggerListener.log JVM Vendor:            Oracle Corporation
06-Feb-2018 12:04:55.420 INFO [main] org.apache.catalina.startup.VersionLoggerListener.log CATALINA_BASE:         D:\Program Files\Apache Software Foundation\Tomcat 8.0
06-Feb-2018 12:04:55.420 INFO [main] org.apache.catalina.startup.VersionLoggerListener.log CATALINA_HOME:         D:\Program Files\Apache Software Foundation\Tomcat 8.0
06-Feb-2018 12:04:55.420 INFO [main] org.apache.catalina.startup.VersionLoggerListener.log Command line argument: -Dcatalina.home=D:\Program Files\Apache Software Foundation\Tomcat 8.0
06-Feb-2018 12:04:55.420 INFO [main] org.apache.catalina.startup.VersionLoggerListener.log Command line argument: -Dcatalina.base=D:\Program Files\Apache Software Foundation\Tomcat 8.0
06-Feb-2018 12:04:55.420 INFO [main] org.apache.catalina.startup.VersionLoggerListener.log Command line argument: -Djava.endorsed.dirs=D:\Program Files\Apache Software Foundation\Tomcat 8.0\endorsed
06-Feb-2018 12:04:55.420 INFO [main] org.apache.catalina.startup.VersionLoggerListener.log Command line argument: -Djava.io.tmpdir=D:\Program Files\Apache Software Foundation\Tomcat 8.0\temp
06-Feb-2018 12:04:55.420 INFO [main] org.apache.catalina.startup.VersionLoggerListener.log Command line argument: -Djava.util.logging.manager=org.apache.juli.ClassLoaderLogManager
06-Feb-2018 12:04:55.420 INFO [main] org.apache.catalina.startup.VersionLoggerListener.log Command line argument: -Djava.util.logging.config.file=D:\Program Files\Apache Software Foundation\Tomcat 8.0\conf\logging.properties
06-Feb-2018 12:04:55.420 INFO [main] org.apache.catalina.startup.VersionLoggerListener.log Command line argument: exit
06-Feb-2018 12:04:55.420 INFO [main] org.apache.catalina.startup.VersionLoggerListener.log Command line argument: -Xms128m
06-Feb-2018 12:04:55.420 INFO [main] org.apache.catalina.startup.VersionLoggerListener.log Command line argument: -Xmx256m
06-Feb-2018 12:04:55.420 INFO [main] org.apache.catalina.core.AprLifecycleListener.lifecycleEvent Loaded APR based Apache Tomcat Native library 1.2.7 using APR version 1.5.2.
06-Feb-2018 12:04:55.420 INFO [main] org.apache.catalina.core.AprLifecycleListener.lifecycleEvent APR capabilities: IPv6 [true], sendfile [true], accept filters [false], random [true].
06-Feb-2018 12:04:56.530 INFO [main] org.apache.catalina.core.AprLifecycleListener.initializeSSL OpenSSL successfully initialized (OpenSSL 1.0.2h  3 May 2016)
06-Feb-2018 12:04:56.920 INFO [main] org.apache.coyote.AbstractProtocol.init Initializing ProtocolHandler ["http-apr-8080"]
06-Feb-2018 12:04:56.936 INFO [main] org.apache.coyote.AbstractProtocol.init Initializing ProtocolHandler ["ajp-apr-8019"]
06-Feb-2018 12:04:56.936 INFO [main] org.apache.catalina.startup.Catalina.load Initialization processed in 2405 ms
06-Feb-2018 12:04:56.998 INFO [main] org.apache.catalina.core.StandardService.startInternal Starting service Catalina
06-Feb-2018 12:04:56.998 INFO [main] org.apache.catalina.core.StandardEngine.startInternal Starting Servlet Engine: Apache Tomcat/8.0.36
06-Feb-2018 12:04:57.076 INFO [localhost-startStop-1] org.apache.catalina.startup.HostConfig.deployWAR Deploying web application archive D:\Program Files\Apache Software Foundation\Tomcat 8.0\webapps\jenkins.war
06-Feb-2018 12:05:10.699 INFO [localhost-startStop-1] org.apache.jasper.servlet.TldScanner.scanJars At least one JAR was scanned for TLDs yet contained no TLDs. Enable debug logging for this logger for a complete list of JARs that were scanned but no TLDs were found in them. Skipping unneeded JARs during scanning can improve startup time and JSP compilation time.
06-Feb-2018 12:05:13.855 INFO [localhost-startStop-1] org.apache.catalina.startup.HostConfig.deployWAR Deployment of web application archive D:\Program Files\Apache Software Foundation\Tomcat 8.0\webapps\jenkins.war has finished in 16,779 ms
06-Feb-2018 12:05:13.855 INFO [localhost-startStop-1] org.apache.catalina.startup.HostConfig.deployDirectory Deploying web application directory D:\Program Files\Apache Software Foundation\Tomcat 8.0\webapps\docs
06-Feb-2018 12:05:13.918 INFO [localhost-startStop-1] org.apache.catalina.startup.HostConfig.deployDirectory Deployment of web application directory D:\Program Files\Apache Software Foundation\Tomcat 8.0\webapps\docs has finished in 63 ms
06-Feb-2018 12:05:13.918 INFO [localhost-startStop-1] org.apache.catalina.startup.HostConfig.deployDirectory Deploying web application directory D:\Program Files\Apache Software Foundation\Tomcat 8.0\webapps\examples
06-Feb-2018 12:05:14.762 INFO [localhost-startStop-1] org.apache.catalina.startup.HostConfig.deployDirectory Deployment of web application directory D:\Program Files\Apache Software Foundation\Tomcat 8.0\webapps\examples has finished in 844 ms
06-Feb-2018 12:05:14.762 INFO [localhost-startStop-1] org.apache.catalina.startup.HostConfig.deployDirectory Deploying web application directory D:\Program Files\Apache Software Foundation\Tomcat 8.0\webapps\host-manager
06-Feb-2018 12:05:14.824 INFO [localhost-startStop-1] org.apache.catalina.startup.HostConfig.deployDirectory Deployment of web application directory D:\Program Files\Apache Software Foundation\Tomcat 8.0\webapps\host-manager has finished in 62 ms
06-Feb-2018 12:05:14.824 INFO [localhost-startStop-1] org.apache.catalina.startup.HostConfig.deployDirectory Deploying web application directory D:\Program Files\Apache Software Foundation\Tomcat 8.0\webapps\manager
06-Feb-2018 12:05:14.933 INFO [localhost-startStop-1] org.apache.catalina.startup.HostConfig.deployDirectory Deployment of web application directory D:\Program Files\Apache Software Foundation\Tomcat 8.0\webapps\manager has finished in 109 ms
06-Feb-2018 12:05:14.933 INFO [localhost-startStop-1] org.apache.catalina.startup.HostConfig.deployDirectory Deploying web application directory D:\Program Files\Apache Software Foundation\Tomcat 8.0\webapps\ROOT
06-Feb-2018 12:05:14.980 INFO [localhost-startStop-1] org.apache.catalina.startup.HostConfig.deployDirectory Deployment of web application directory D:\Program Files\Apache Software Foundation\Tomcat 8.0\webapps\ROOT has finished in 47 ms
06-Feb-2018 12:05:14.996 INFO [main] org.apache.coyote.AbstractProtocol.start Starting ProtocolHandler ["http-apr-8080"]
06-Feb-2018 12:05:15.027 INFO [main] org.apache.coyote.AbstractProtocol.start Starting ProtocolHandler ["ajp-apr-8019"]
06-Feb-2018 12:05:15.027 INFO [main] org.apache.catalina.startup.Catalina.start Server startup in 18098 ms
06-Feb-2018 12:05:16.355 INFO [pool-6-thread-2] jenkins.InitReactorRunner$1.onAttained Started initialization
06-Feb-2018 12:05:16.418 INFO [pool-6-thread-2] jenkins.InitReactorRunner$1.onAttained Listed all plugins
06-Feb-2018 12:05:21.868 INFO [pool-6-thread-2] jenkins.InitReactorRunner$1.onAttained Prepared all plugins
06-Feb-2018 12:05:21.884 INFO [pool-6-thread-6] jenkins.InitReactorRunner$1.onAttained Started all plugins
06-Feb-2018 12:05:21.915 INFO [pool-6-thread-3] jenkins.InitReactorRunner$1.onAttained Augmented all extensions
06-Feb-2018 12:05:23.559 INFO [pool-6-thread-1] jenkins.InitReactorRunner$1.onAttained Loaded all jobs
06-Feb-2018 12:05:24.452 INFO [Download metadata thread] hudson.model.AsyncPeriodicWork$1.run Started Download metadata
06-Feb-2018 12:05:24.859 INFO [pool-6-thread-3] jenkins.InitReactorRunner$1.onAttained Completed initialization
06-Feb-2018 12:05:26.111 INFO [Download metadata thread] hudson.model.AsyncPeriodicWork$1.run Finished Download metadata. 1,659 ms
06-Feb-2018 12:05:27.740 INFO [Finalizing set up] org.springframework.context.support.AbstractApplicationContext.prepareRefresh Refreshing org.springframework.web.context.support.StaticWebApplicationContext@4f5745bb: display name [Root WebApplicationContext]; startup date [Tue Feb 06 12:05:27 IST 2018]; root of context hierarchy
06-Feb-2018 12:05:27.740 INFO [Finalizing set up] org.springframework.context.support.AbstractApplicationContext.obtainFreshBeanFactory Bean factory for application context [org.springframework.web.context.support.StaticWebApplicationContext@4f5745bb]: org.springframework.beans.factory.support.DefaultListableBeanFactory@5250547a
06-Feb-2018 12:05:27.802 INFO [Finalizing set up] org.springframework.beans.factory.support.DefaultListableBeanFactory.preInstantiateSingletons Pre-instantiating singletons in org.springframework.beans.factory.support.DefaultListableBeanFactory@5250547a: defining beans [authenticationManager]; root of factory hierarchy
06-Feb-2018 12:05:28.773 INFO [Finalizing set up] org.springframework.context.support.AbstractApplicationContext.prepareRefresh Refreshing org.springframework.web.context.support.StaticWebApplicationContext@26f8f95d: display name [Root WebApplicationContext]; startup date [Tue Feb 06 12:05:28 IST 2018]; root of context hierarchy
06-Feb-2018 12:05:28.773 INFO [Finalizing set up] org.springframework.context.support.AbstractApplicationContext.obtainFreshBeanFactory Bean factory for application context [org.springframework.web.context.support.StaticWebApplicationContext@26f8f95d]: org.springframework.beans.factory.support.DefaultListableBeanFactory@1b3c20c3
06-Feb-2018 12:05:28.773 INFO [Finalizing set up] org.springframework.beans.factory.support.DefaultListableBeanFactory.preInstantiateSingletons Pre-instantiating singletons in org.springframework.beans.factory.support.DefaultListableBeanFactory@1b3c20c3: defining beans [filter,legacy]; root of factory hierarchy
06-Feb-2018 12:05:29.055 INFO [Jenkins initialization thread] jenkins.install.SetupWizard.init 

*************************************************************
*************************************************************
*************************************************************

Jenkins initial setup is required. An admin user has been created and a password generated.
Please use the following password to proceed to installation:

b7db8979cf6141aca1646cb641a1f987

This may also be found at: C:\windows\system32\config\systemprofile\.jenkins\secrets\initialAdminPassword

*************************************************************
*************************************************************
*************************************************************

06-Feb-2018 12:05:30.433 WARNING [Jenkins initialization thread] hudson.model.UpdateCenter.updateDefaultSite Upgrading Jenkins. Failed to update the default Update Site 'default'. Plugin upgrades may fail.
 java.net.ConnectException: Connection refused: connect
	at java.net.DualStackPlainSocketImpl.waitForConnect(Native Method)
	at java.net.DualStackPlainSocketImpl.socketConnect(Unknown Source)
	at java.net.AbstractPlainSocketImpl.doConnect(Unknown Source)
	at java.net.AbstractPlainSocketImpl.connectToAddress(Unknown Source)
	at java.net.AbstractPlainSocketImpl.connect(Unknown Source)
	at java.net.PlainSocketImpl.connect(Unknown Source)
	at java.net.SocksSocketImpl.connect(Unknown Source)
	at java.net.Socket.connect(Unknown Source)
	at sun.net.NetworkClient.doConnect(Unknown Source)
	at sun.net.www.http.HttpClient.openServer(Unknown Source)
	at sun.net.www.http.HttpClient.openServer(Unknown Source)
	at sun.net.www.http.HttpClient.<init>(Unknown Source)
	at sun.net.www.http.HttpClient.New(Unknown Source)
	at sun.net.www.http.HttpClient.New(Unknown Source)
	at sun.net.www.protocol.http.HttpURLConnection.getNewHttpClient(Unknown Source)
	at sun.net.www.protocol.http.HttpURLConnection.plainConnect0(Unknown Source)
	at sun.net.www.protocol.http.HttpURLConnection.plainConnect(Unknown Source)
	at sun.net.www.protocol.http.HttpURLConnection.connect(Unknown Source)
	at sun.net.www.protocol.http.HttpURLConnection.getInputStream0(Unknown Source)
	at sun.net.www.protocol.http.HttpURLConnection.getInputStream(Unknown Source)
	at hudson.model.DownloadService.loadJSON(DownloadService.java:179)
	at hudson.model.UpdateSite.updateDirectlyNow(UpdateSite.java:190)
	at hudson.model.UpdateCenter.updateDefaultSite(UpdateCenter.java:2194)
	at jenkins.install.SetupWizard.init(SetupWizard.java:174)
	at jenkins.install.InstallState$3.initializeState(InstallState.java:105)
	at jenkins.model.Jenkins.setInstallState(Jenkins.java:1062)
	at jenkins.install.InstallUtil.proceedToNextStateFrom(InstallUtil.java:96)
	at jenkins.model.Jenkins.<init>(Jenkins.java:952)
	at hudson.model.Hudson.<init>(Hudson.java:86)
	at hudson.model.Hudson.<init>(Hudson.java:82)
	at hudson.WebAppMain$3.run(WebAppMain.java:235)

06-Feb-2018 12:05:30.480 INFO [Jenkins initialization thread] hudson.WebAppMain$3.run Jenkins is fully up and running
