
2018-01-29 09:08:42 Commons Daemon procrun stderr initialized
29-Jan-2018 09:08:44.490 INFO [main] org.apache.catalina.startup.VersionLoggerListener.log Server version:        Apache Tomcat/8.0.36
29-Jan-2018 09:08:44.490 INFO [main] org.apache.catalina.startup.VersionLoggerListener.log Server built:          Jun 9 2016 13:55:50 UTC
29-Jan-2018 09:08:44.490 INFO [main] org.apache.catalina.startup.VersionLoggerListener.log Server number:         8.0.36.0
29-Jan-2018 09:08:44.490 INFO [main] org.apache.catalina.startup.VersionLoggerListener.log OS Name:               Windows 10
29-Jan-2018 09:08:44.490 INFO [main] org.apache.catalina.startup.VersionLoggerListener.log OS Version:            10.0
29-Jan-2018 09:08:44.490 INFO [main] org.apache.catalina.startup.VersionLoggerListener.log Architecture:          amd64
29-Jan-2018 09:08:44.490 INFO [main] org.apache.catalina.startup.VersionLoggerListener.log Java Home:             C:\Program Files\Java\jre1.8.0_102
29-Jan-2018 09:08:44.490 INFO [main] org.apache.catalina.startup.VersionLoggerListener.log JVM Version:           1.8.0_102-b14
29-Jan-2018 09:08:44.490 INFO [main] org.apache.catalina.startup.VersionLoggerListener.log JVM Vendor:            Oracle Corporation
29-Jan-2018 09:08:44.490 INFO [main] org.apache.catalina.startup.VersionLoggerListener.log CATALINA_BASE:         D:\Program Files\Apache Software Foundation\Tomcat 8.0
29-Jan-2018 09:08:44.490 INFO [main] org.apache.catalina.startup.VersionLoggerListener.log CATALINA_HOME:         D:\Program Files\Apache Software Foundation\Tomcat 8.0
29-Jan-2018 09:08:44.490 INFO [main] org.apache.catalina.startup.VersionLoggerListener.log Command line argument: -Dcatalina.home=D:\Program Files\Apache Software Foundation\Tomcat 8.0
29-Jan-2018 09:08:44.490 INFO [main] org.apache.catalina.startup.VersionLoggerListener.log Command line argument: -Dcatalina.base=D:\Program Files\Apache Software Foundation\Tomcat 8.0
29-Jan-2018 09:08:44.490 INFO [main] org.apache.catalina.startup.VersionLoggerListener.log Command line argument: -Djava.endorsed.dirs=D:\Program Files\Apache Software Foundation\Tomcat 8.0\endorsed
29-Jan-2018 09:08:44.490 INFO [main] org.apache.catalina.startup.VersionLoggerListener.log Command line argument: -Djava.io.tmpdir=D:\Program Files\Apache Software Foundation\Tomcat 8.0\temp
29-Jan-2018 09:08:44.490 INFO [main] org.apache.catalina.startup.VersionLoggerListener.log Command line argument: -Djava.util.logging.manager=org.apache.juli.ClassLoaderLogManager
29-Jan-2018 09:08:44.490 INFO [main] org.apache.catalina.startup.VersionLoggerListener.log Command line argument: -Djava.util.logging.config.file=D:\Program Files\Apache Software Foundation\Tomcat 8.0\conf\logging.properties
29-Jan-2018 09:08:44.490 INFO [main] org.apache.catalina.startup.VersionLoggerListener.log Command line argument: exit
29-Jan-2018 09:08:44.490 INFO [main] org.apache.catalina.startup.VersionLoggerListener.log Command line argument: -Xms128m
29-Jan-2018 09:08:44.490 INFO [main] org.apache.catalina.startup.VersionLoggerListener.log Command line argument: -Xmx256m
29-Jan-2018 09:08:44.490 INFO [main] org.apache.catalina.core.AprLifecycleListener.lifecycleEvent Loaded APR based Apache Tomcat Native library 1.2.7 using APR version 1.5.2.
29-Jan-2018 09:08:44.490 INFO [main] org.apache.catalina.core.AprLifecycleListener.lifecycleEvent APR capabilities: IPv6 [true], sendfile [true], accept filters [false], random [true].
29-Jan-2018 09:08:45.563 INFO [main] org.apache.catalina.core.AprLifecycleListener.initializeSSL OpenSSL successfully initialized (OpenSSL 1.0.2h  3 May 2016)
29-Jan-2018 09:08:45.922 INFO [main] org.apache.coyote.AbstractProtocol.init Initializing ProtocolHandler ["http-apr-8080"]
29-Jan-2018 09:08:45.922 INFO [main] org.apache.coyote.AbstractProtocol.init Initializing ProtocolHandler ["ajp-apr-8019"]
29-Jan-2018 09:08:45.938 INFO [main] org.apache.catalina.startup.Catalina.load Initialization processed in 2310 ms
29-Jan-2018 09:08:45.985 INFO [main] org.apache.catalina.core.StandardService.startInternal Starting service Catalina
29-Jan-2018 09:08:45.985 INFO [main] org.apache.catalina.core.StandardEngine.startInternal Starting Servlet Engine: Apache Tomcat/8.0.36
29-Jan-2018 09:08:46.079 INFO [localhost-startStop-1] org.apache.catalina.startup.HostConfig.deployWAR Deploying web application archive D:\Program Files\Apache Software Foundation\Tomcat 8.0\webapps\jenkins.war
29-Jan-2018 09:09:00.007 INFO [localhost-startStop-1] org.apache.jasper.servlet.TldScanner.scanJars At least one JAR was scanned for TLDs yet contained no TLDs. Enable debug logging for this logger for a complete list of JARs that were scanned but no TLDs were found in them. Skipping unneeded JARs during scanning can improve startup time and JSP compilation time.
29-Jan-2018 09:09:02.601 INFO [localhost-startStop-1] org.apache.catalina.startup.HostConfig.deployWAR Deployment of web application archive D:\Program Files\Apache Software Foundation\Tomcat 8.0\webapps\jenkins.war has finished in 16,522 ms
29-Jan-2018 09:09:02.601 INFO [localhost-startStop-1] org.apache.catalina.startup.HostConfig.deployDirectory Deploying web application directory D:\Program Files\Apache Software Foundation\Tomcat 8.0\webapps\docs
29-Jan-2018 09:09:02.647 INFO [localhost-startStop-1] org.apache.catalina.startup.HostConfig.deployDirectory Deployment of web application directory D:\Program Files\Apache Software Foundation\Tomcat 8.0\webapps\docs has finished in 46 ms
29-Jan-2018 09:09:02.647 INFO [localhost-startStop-1] org.apache.catalina.startup.HostConfig.deployDirectory Deploying web application directory D:\Program Files\Apache Software Foundation\Tomcat 8.0\webapps\examples
29-Jan-2018 09:09:03.679 INFO [localhost-startStop-1] org.apache.catalina.startup.HostConfig.deployDirectory Deployment of web application directory D:\Program Files\Apache Software Foundation\Tomcat 8.0\webapps\examples has finished in 1,032 ms
29-Jan-2018 09:09:03.679 INFO [localhost-startStop-1] org.apache.catalina.startup.HostConfig.deployDirectory Deploying web application directory D:\Program Files\Apache Software Foundation\Tomcat 8.0\webapps\host-manager
29-Jan-2018 09:09:03.741 INFO [localhost-startStop-1] org.apache.catalina.startup.HostConfig.deployDirectory Deployment of web application directory D:\Program Files\Apache Software Foundation\Tomcat 8.0\webapps\host-manager has finished in 62 ms
29-Jan-2018 09:09:03.741 INFO [localhost-startStop-1] org.apache.catalina.startup.HostConfig.deployDirectory Deploying web application directory D:\Program Files\Apache Software Foundation\Tomcat 8.0\webapps\manager
29-Jan-2018 09:09:03.882 INFO [localhost-startStop-1] org.apache.catalina.startup.HostConfig.deployDirectory Deployment of web application directory D:\Program Files\Apache Software Foundation\Tomcat 8.0\webapps\manager has finished in 141 ms
29-Jan-2018 09:09:03.882 INFO [localhost-startStop-1] org.apache.catalina.startup.HostConfig.deployDirectory Deploying web application directory D:\Program Files\Apache Software Foundation\Tomcat 8.0\webapps\ROOT
29-Jan-2018 09:09:03.929 INFO [localhost-startStop-1] org.apache.catalina.startup.HostConfig.deployDirectory Deployment of web application directory D:\Program Files\Apache Software Foundation\Tomcat 8.0\webapps\ROOT has finished in 47 ms
29-Jan-2018 09:09:03.991 INFO [main] org.apache.coyote.AbstractProtocol.start Starting ProtocolHandler ["http-apr-8080"]
29-Jan-2018 09:09:04.022 INFO [main] org.apache.coyote.AbstractProtocol.start Starting ProtocolHandler ["ajp-apr-8019"]
29-Jan-2018 09:09:04.022 INFO [main] org.apache.catalina.startup.Catalina.start Server startup in 18096 ms
29-Jan-2018 09:09:05.288 INFO [pool-6-thread-2] jenkins.InitReactorRunner$1.onAttained Started initialization
29-Jan-2018 09:09:05.382 INFO [pool-6-thread-1] jenkins.InitReactorRunner$1.onAttained Listed all plugins
29-Jan-2018 09:09:10.717 INFO [pool-6-thread-2] jenkins.InitReactorRunner$1.onAttained Prepared all plugins
29-Jan-2018 09:09:10.717 INFO [pool-6-thread-5] jenkins.InitReactorRunner$1.onAttained Started all plugins
29-Jan-2018 09:09:11.355 INFO [pool-6-thread-4] jenkins.InitReactorRunner$1.onAttained Augmented all extensions
29-Jan-2018 09:09:11.875 INFO [pool-6-thread-8] jenkins.InitReactorRunner$1.onAttained Loaded all jobs
29-Jan-2018 09:09:13.736 INFO [Download metadata thread] hudson.model.AsyncPeriodicWork$1.run Started Download metadata
29-Jan-2018 09:09:13.799 INFO [pool-6-thread-5] jenkins.InitReactorRunner$1.onAttained Completed initialization
29-Jan-2018 09:09:15.410 INFO [Download metadata thread] hudson.model.AsyncPeriodicWork$1.run Finished Download metadata. 1,658 ms
29-Jan-2018 09:09:16.145 INFO [Finalizing set up] org.springframework.context.support.AbstractApplicationContext.prepareRefresh Refreshing org.springframework.web.context.support.StaticWebApplicationContext@1c552408: display name [Root WebApplicationContext]; startup date [Mon Jan 29 09:09:16 IST 2018]; root of context hierarchy
29-Jan-2018 09:09:16.145 INFO [Finalizing set up] org.springframework.context.support.AbstractApplicationContext.obtainFreshBeanFactory Bean factory for application context [org.springframework.web.context.support.StaticWebApplicationContext@1c552408]: org.springframework.beans.factory.support.DefaultListableBeanFactory@11860562
29-Jan-2018 09:09:16.207 INFO [Finalizing set up] org.springframework.beans.factory.support.DefaultListableBeanFactory.preInstantiateSingletons Pre-instantiating singletons in org.springframework.beans.factory.support.DefaultListableBeanFactory@11860562: defining beans [authenticationManager]; root of factory hierarchy
29-Jan-2018 09:09:17.318 INFO [Finalizing set up] org.springframework.context.support.AbstractApplicationContext.prepareRefresh Refreshing org.springframework.web.context.support.StaticWebApplicationContext@7d7aed69: display name [Root WebApplicationContext]; startup date [Mon Jan 29 09:09:17 IST 2018]; root of context hierarchy
29-Jan-2018 09:09:17.318 INFO [Finalizing set up] org.springframework.context.support.AbstractApplicationContext.obtainFreshBeanFactory Bean factory for application context [org.springframework.web.context.support.StaticWebApplicationContext@7d7aed69]: org.springframework.beans.factory.support.DefaultListableBeanFactory@7a09cdb6
29-Jan-2018 09:09:17.318 INFO [Finalizing set up] org.springframework.beans.factory.support.DefaultListableBeanFactory.preInstantiateSingletons Pre-instantiating singletons in org.springframework.beans.factory.support.DefaultListableBeanFactory@7a09cdb6: defining beans [filter,legacy]; root of factory hierarchy
29-Jan-2018 09:09:17.662 INFO [Jenkins initialization thread] jenkins.install.SetupWizard.init 

*************************************************************
*************************************************************
*************************************************************

Jenkins initial setup is required. An admin user has been created and a password generated.
Please use the following password to proceed to installation:

b7db8979cf6141aca1646cb641a1f987

This may also be found at: C:\windows\system32\config\systemprofile\.jenkins\secrets\initialAdminPassword

*************************************************************
*************************************************************
*************************************************************

29-Jan-2018 09:09:19.090 WARNING [Jenkins initialization thread] hudson.model.UpdateCenter.updateDefaultSite Upgrading Jenkins. Failed to update the default Update Site 'default'. Plugin upgrades may fail.
 java.net.ConnectException: Connection refused: connect
	at java.net.DualStackPlainSocketImpl.waitForConnect(Native Method)
	at java.net.DualStackPlainSocketImpl.socketConnect(Unknown Source)
	at java.net.AbstractPlainSocketImpl.doConnect(Unknown Source)
	at java.net.AbstractPlainSocketImpl.connectToAddress(Unknown Source)
	at java.net.AbstractPlainSocketImpl.connect(Unknown Source)
	at java.net.PlainSocketImpl.connect(Unknown Source)
	at java.net.SocksSocketImpl.connect(Unknown Source)
	at java.net.Socket.connect(Unknown Source)
	at sun.net.NetworkClient.doConnect(Unknown Source)
	at sun.net.www.http.HttpClient.openServer(Unknown Source)
	at sun.net.www.http.HttpClient.openServer(Unknown Source)
	at sun.net.www.http.HttpClient.<init>(Unknown Source)
	at sun.net.www.http.HttpClient.New(Unknown Source)
	at sun.net.www.http.HttpClient.New(Unknown Source)
	at sun.net.www.protocol.http.HttpURLConnection.getNewHttpClient(Unknown Source)
	at sun.net.www.protocol.http.HttpURLConnection.plainConnect0(Unknown Source)
	at sun.net.www.protocol.http.HttpURLConnection.plainConnect(Unknown Source)
	at sun.net.www.protocol.http.HttpURLConnection.connect(Unknown Source)
	at sun.net.www.protocol.http.HttpURLConnection.getInputStream0(Unknown Source)
	at sun.net.www.protocol.http.HttpURLConnection.getInputStream(Unknown Source)
	at hudson.model.DownloadService.loadJSON(DownloadService.java:179)
	at hudson.model.UpdateSite.updateDirectlyNow(UpdateSite.java:190)
	at hudson.model.UpdateCenter.updateDefaultSite(UpdateCenter.java:2194)
	at jenkins.install.SetupWizard.init(SetupWizard.java:174)
	at jenkins.install.InstallState$3.initializeState(InstallState.java:105)
	at jenkins.model.Jenkins.setInstallState(Jenkins.java:1062)
	at jenkins.install.InstallUtil.proceedToNextStateFrom(InstallUtil.java:96)
	at jenkins.model.Jenkins.<init>(Jenkins.java:952)
	at hudson.model.Hudson.<init>(Hudson.java:86)
	at hudson.model.Hudson.<init>(Hudson.java:82)
	at hudson.WebAppMain$3.run(WebAppMain.java:235)

29-Jan-2018 09:09:19.137 INFO [Jenkins initialization thread] hudson.WebAppMain$3.run Jenkins is fully up and running
29-Jan-2018 13:12:19.924 INFO [Workspace clean-up thread] hudson.model.AsyncPeriodicWork$1.run Started Workspace clean-up
29-Jan-2018 13:12:19.958 INFO [Workspace clean-up thread] hudson.model.AsyncPeriodicWork$1.run Finished Workspace clean-up. 28 ms
29-Jan-2018 17:09:41.313 INFO [Fingerprint cleanup thread] hudson.model.AsyncPeriodicWork$1.run Started Fingerprint cleanup
29-Jan-2018 17:09:41.373 INFO [Fingerprint cleanup thread] hudson.model.AsyncPeriodicWork$1.run Finished Fingerprint cleanup. 47 ms
29-Jan-2018 22:49:55.209 WARNING [jenkins.util.Timer [#4]] hudson.node_monitors.AbstractNodeMonitorDescriptor.triggerUpdate Previous Free Temp Space monitoring activity still in progress. Interrupting
29-Jan-2018 22:49:55.204 WARNING [jenkins.util.Timer [#1]] hudson.node_monitors.AbstractNodeMonitorDescriptor.triggerUpdate Previous Clock Difference monitoring activity still in progress. Interrupting
29-Jan-2018 22:49:55.208 WARNING [jenkins.util.Timer [#6]] hudson.node_monitors.AbstractNodeMonitorDescriptor.triggerUpdate Previous Free Disk Space monitoring activity still in progress. Interrupting
29-Jan-2018 22:49:55.204 WARNING [jenkins.util.Timer [#8]] hudson.node_monitors.AbstractNodeMonitorDescriptor.triggerUpdate Previous Response Time monitoring activity still in progress. Interrupting
29-Jan-2018 22:49:55.205 WARNING [jenkins.util.Timer [#2]] hudson.node_monitors.AbstractNodeMonitorDescriptor.triggerUpdate Previous Free Swap Space monitoring activity still in progress. Interrupting
29-Jan-2018 22:49:55.105 WARNING [jenkins.util.Timer [#5]] hudson.node_monitors.AbstractNodeMonitorDescriptor.triggerUpdate Previous Architecture monitoring activity still in progress. Interrupting
30-Jan-2018 00:02:06.850 INFO [Thread-7] org.apache.coyote.AbstractProtocol.pause Pausing ProtocolHandler ["http-apr-8080"]
30-Jan-2018 00:02:06.928 INFO [Thread-7] org.apache.coyote.AbstractProtocol.pause Pausing ProtocolHandler ["ajp-apr-8019"]
30-Jan-2018 00:02:06.990 INFO [Thread-7] org.apache.catalina.core.StandardService.stopInternal Stopping service Catalina
30-Jan-2018 00:02:07.084 INFO [localhost-startStop-2] jenkins.model.Jenkins.cleanUp Stopping Jenkins
30-Jan-2018 00:02:07.350 INFO [localhost-startStop-2] jenkins.model.Jenkins$21.onAttained Started termination
30-Jan-2018 00:02:07.506 INFO [localhost-startStop-2] jenkins.model.Jenkins$21.onAttained Completed termination
30-Jan-2018 00:02:07.506 INFO [localhost-startStop-2] jenkins.model.Jenkins._cleanUpDisconnectComputers Starting node disconnection
30-Jan-2018 00:02:08.523 INFO [localhost-startStop-2] jenkins.model.Jenkins._cleanUpShutdownPluginManager Stopping plugin manager
30-Jan-2018 00:02:08.523 INFO [localhost-startStop-2] jenkins.model.Jenkins._cleanUpPersistQueue Persisting build queue
30-Jan-2018 00:02:08.554 INFO [localhost-startStop-2] jenkins.model.Jenkins._cleanUpAwaitDisconnects Waiting for node disconnection completion
30-Jan-2018 00:02:08.554 INFO [localhost-startStop-2] jenkins.model.Jenkins.cleanUp Jenkins stopped
30-Jan-2018 00:02:08.554 WARNING [localhost-startStop-2] org.apache.catalina.loader.WebappClassLoaderBase.clearReferencesThreads The web application [jenkins] appears to have started a thread named [Computer.threadPoolForRemoting [#3]] but has failed to stop it. This is very likely to create a memory leak. Stack trace of thread:
 sun.misc.Unsafe.park(Native Method)
 java.util.concurrent.locks.LockSupport.parkNanos(Unknown Source)
 java.util.concurrent.SynchronousQueue$TransferStack.awaitFulfill(Unknown Source)
 java.util.concurrent.SynchronousQueue$TransferStack.transfer(Unknown Source)
 java.util.concurrent.SynchronousQueue.poll(Unknown Source)
 java.util.concurrent.ThreadPoolExecutor.getTask(Unknown Source)
 java.util.concurrent.ThreadPoolExecutor.runWorker(Unknown Source)
 java.util.concurrent.ThreadPoolExecutor$Worker.run(Unknown Source)
 java.lang.Thread.run(Unknown Source)
30-Jan-2018 00:02:08.554 SEVERE [localhost-startStop-2] org.apache.catalina.loader.WebappClassLoaderBase.checkThreadLocalMapForLeaks The web application [jenkins] created a ThreadLocal with key of type [java.lang.ThreadLocal] (value [java.lang.ThreadLocal@18c3a214]) and a value of type [org.acegisecurity.context.SecurityContextImpl] (value [org.acegisecurity.context.SecurityContextImpl@ffffffff: Null authentication]) but failed to remove it when the web application was stopped. Threads are going to be renewed over time to try and avoid a probable memory leak.
30-Jan-2018 00:02:08.648 INFO [Thread-7] org.apache.coyote.AbstractProtocol.stop Stopping ProtocolHandler ["http-apr-8080"]
30-Jan-2018 00:02:08.710 INFO [Thread-7] org.apache.coyote.AbstractProtocol.stop Stopping ProtocolHandler ["ajp-apr-8019"]
