
2017-12-02 07:38:49 Commons Daemon procrun stderr initialized
02-Dec-2017 07:38:51.540 INFO [main] org.apache.catalina.startup.VersionLoggerListener.log Server version:        Apache Tomcat/8.0.36
02-Dec-2017 07:38:51.555 INFO [main] org.apache.catalina.startup.VersionLoggerListener.log Server built:          Jun 9 2016 13:55:50 UTC
02-Dec-2017 07:38:51.555 INFO [main] org.apache.catalina.startup.VersionLoggerListener.log Server number:         8.0.36.0
02-Dec-2017 07:38:51.555 INFO [main] org.apache.catalina.startup.VersionLoggerListener.log OS Name:               Windows 10
02-Dec-2017 07:38:51.555 INFO [main] org.apache.catalina.startup.VersionLoggerListener.log OS Version:            10.0
02-Dec-2017 07:38:51.555 INFO [main] org.apache.catalina.startup.VersionLoggerListener.log Architecture:          amd64
02-Dec-2017 07:38:51.555 INFO [main] org.apache.catalina.startup.VersionLoggerListener.log Java Home:             C:\Program Files\Java\jre1.8.0_102
02-Dec-2017 07:38:51.555 INFO [main] org.apache.catalina.startup.VersionLoggerListener.log JVM Version:           1.8.0_102-b14
02-Dec-2017 07:38:51.555 INFO [main] org.apache.catalina.startup.VersionLoggerListener.log JVM Vendor:            Oracle Corporation
02-Dec-2017 07:38:51.555 INFO [main] org.apache.catalina.startup.VersionLoggerListener.log CATALINA_BASE:         D:\Program Files\Apache Software Foundation\Tomcat 8.0
02-Dec-2017 07:38:51.555 INFO [main] org.apache.catalina.startup.VersionLoggerListener.log CATALINA_HOME:         D:\Program Files\Apache Software Foundation\Tomcat 8.0
02-Dec-2017 07:38:51.555 INFO [main] org.apache.catalina.startup.VersionLoggerListener.log Command line argument: -Dcatalina.home=D:\Program Files\Apache Software Foundation\Tomcat 8.0
02-Dec-2017 07:38:51.555 INFO [main] org.apache.catalina.startup.VersionLoggerListener.log Command line argument: -Dcatalina.base=D:\Program Files\Apache Software Foundation\Tomcat 8.0
02-Dec-2017 07:38:51.555 INFO [main] org.apache.catalina.startup.VersionLoggerListener.log Command line argument: -Djava.endorsed.dirs=D:\Program Files\Apache Software Foundation\Tomcat 8.0\endorsed
02-Dec-2017 07:38:51.555 INFO [main] org.apache.catalina.startup.VersionLoggerListener.log Command line argument: -Djava.io.tmpdir=D:\Program Files\Apache Software Foundation\Tomcat 8.0\temp
02-Dec-2017 07:38:51.555 INFO [main] org.apache.catalina.startup.VersionLoggerListener.log Command line argument: -Djava.util.logging.manager=org.apache.juli.ClassLoaderLogManager
02-Dec-2017 07:38:51.555 INFO [main] org.apache.catalina.startup.VersionLoggerListener.log Command line argument: -Djava.util.logging.config.file=D:\Program Files\Apache Software Foundation\Tomcat 8.0\conf\logging.properties
02-Dec-2017 07:38:51.555 INFO [main] org.apache.catalina.startup.VersionLoggerListener.log Command line argument: exit
02-Dec-2017 07:38:51.555 INFO [main] org.apache.catalina.startup.VersionLoggerListener.log Command line argument: -Xms128m
02-Dec-2017 07:38:51.555 INFO [main] org.apache.catalina.startup.VersionLoggerListener.log Command line argument: -Xmx256m
02-Dec-2017 07:38:51.555 INFO [main] org.apache.catalina.core.AprLifecycleListener.lifecycleEvent Loaded APR based Apache Tomcat Native library 1.2.7 using APR version 1.5.2.
02-Dec-2017 07:38:51.555 INFO [main] org.apache.catalina.core.AprLifecycleListener.lifecycleEvent APR capabilities: IPv6 [true], sendfile [true], accept filters [false], random [true].
02-Dec-2017 07:38:52.665 INFO [main] org.apache.catalina.core.AprLifecycleListener.initializeSSL OpenSSL successfully initialized (OpenSSL 1.0.2h  3 May 2016)
02-Dec-2017 07:38:55.540 INFO [main] org.apache.coyote.AbstractProtocol.init Initializing ProtocolHandler ["http-apr-8080"]
02-Dec-2017 07:38:55.555 INFO [main] org.apache.coyote.AbstractProtocol.init Initializing ProtocolHandler ["ajp-apr-8009"]
02-Dec-2017 07:38:55.555 INFO [main] org.apache.catalina.startup.Catalina.load Initialization processed in 4827 ms
02-Dec-2017 07:38:55.618 INFO [main] org.apache.catalina.core.StandardService.startInternal Starting service Catalina
02-Dec-2017 07:38:55.618 INFO [main] org.apache.catalina.core.StandardEngine.startInternal Starting Servlet Engine: Apache Tomcat/8.0.36
02-Dec-2017 07:38:55.649 INFO [localhost-startStop-1] org.apache.catalina.startup.HostConfig.deployDirectory Deploying web application directory D:\Program Files\Apache Software Foundation\Tomcat 8.0\webapps\docs
02-Dec-2017 07:38:56.821 INFO [localhost-startStop-1] org.apache.catalina.util.SessionIdGeneratorBase.createSecureRandom Creation of SecureRandom instance for session ID generation using [SHA1PRNG] took [547] milliseconds.
02-Dec-2017 07:38:56.868 INFO [localhost-startStop-1] org.apache.catalina.startup.HostConfig.deployDirectory Deployment of web application directory D:\Program Files\Apache Software Foundation\Tomcat 8.0\webapps\docs has finished in 1,219 ms
02-Dec-2017 07:38:56.868 INFO [localhost-startStop-1] org.apache.catalina.startup.HostConfig.deployDirectory Deploying web application directory D:\Program Files\Apache Software Foundation\Tomcat 8.0\webapps\examples
02-Dec-2017 07:38:57.711 INFO [localhost-startStop-1] org.apache.catalina.startup.HostConfig.deployDirectory Deployment of web application directory D:\Program Files\Apache Software Foundation\Tomcat 8.0\webapps\examples has finished in 843 ms
02-Dec-2017 07:38:57.711 INFO [localhost-startStop-1] org.apache.catalina.startup.HostConfig.deployDirectory Deploying web application directory D:\Program Files\Apache Software Foundation\Tomcat 8.0\webapps\host-manager
02-Dec-2017 07:38:57.820 INFO [localhost-startStop-1] org.apache.catalina.startup.HostConfig.deployDirectory Deployment of web application directory D:\Program Files\Apache Software Foundation\Tomcat 8.0\webapps\host-manager has finished in 109 ms
02-Dec-2017 07:38:57.820 INFO [localhost-startStop-1] org.apache.catalina.startup.HostConfig.deployDirectory Deploying web application directory D:\Program Files\Apache Software Foundation\Tomcat 8.0\webapps\manager
02-Dec-2017 07:38:57.867 INFO [localhost-startStop-1] org.apache.catalina.startup.HostConfig.deployDirectory Deployment of web application directory D:\Program Files\Apache Software Foundation\Tomcat 8.0\webapps\manager has finished in 47 ms
02-Dec-2017 07:38:57.867 INFO [localhost-startStop-1] org.apache.catalina.startup.HostConfig.deployDirectory Deploying web application directory D:\Program Files\Apache Software Foundation\Tomcat 8.0\webapps\ROOT
02-Dec-2017 07:38:57.914 INFO [localhost-startStop-1] org.apache.catalina.startup.HostConfig.deployDirectory Deployment of web application directory D:\Program Files\Apache Software Foundation\Tomcat 8.0\webapps\ROOT has finished in 47 ms
02-Dec-2017 07:38:57.929 INFO [main] org.apache.coyote.AbstractProtocol.start Starting ProtocolHandler ["http-apr-8080"]
02-Dec-2017 07:38:57.961 INFO [main] org.apache.coyote.AbstractProtocol.start Starting ProtocolHandler ["ajp-apr-8009"]
02-Dec-2017 07:38:57.961 INFO [main] org.apache.catalina.startup.Catalina.start Server startup in 2408 ms
03-Dec-2017 01:22:16.666 INFO [Thread-4] org.apache.coyote.AbstractProtocol.pause Pausing ProtocolHandler ["http-apr-8080"]
03-Dec-2017 01:22:16.744 INFO [Thread-4] org.apache.coyote.AbstractProtocol.pause Pausing ProtocolHandler ["ajp-apr-8009"]
03-Dec-2017 01:22:16.806 INFO [Thread-4] org.apache.catalina.core.StandardService.stopInternal Stopping service Catalina
03-Dec-2017 01:22:16.869 INFO [Thread-4] org.apache.coyote.AbstractProtocol.stop Stopping ProtocolHandler ["http-apr-8080"]
03-Dec-2017 01:22:16.994 INFO [Thread-4] org.apache.coyote.AbstractProtocol.stop Stopping ProtocolHandler ["ajp-apr-8009"]
