
2017-12-07 08:06:08 Commons Daemon procrun stderr initialized
07-Dec-2017 08:06:11.203 INFO [main] org.apache.catalina.startup.VersionLoggerListener.log Server version:        Apache Tomcat/8.0.36
07-Dec-2017 08:06:11.218 INFO [main] org.apache.catalina.startup.VersionLoggerListener.log Server built:          Jun 9 2016 13:55:50 UTC
07-Dec-2017 08:06:11.218 INFO [main] org.apache.catalina.startup.VersionLoggerListener.log Server number:         8.0.36.0
07-Dec-2017 08:06:11.218 INFO [main] org.apache.catalina.startup.VersionLoggerListener.log OS Name:               Windows 10
07-Dec-2017 08:06:11.218 INFO [main] org.apache.catalina.startup.VersionLoggerListener.log OS Version:            10.0
07-Dec-2017 08:06:11.218 INFO [main] org.apache.catalina.startup.VersionLoggerListener.log Architecture:          amd64
07-Dec-2017 08:06:11.218 INFO [main] org.apache.catalina.startup.VersionLoggerListener.log Java Home:             C:\Program Files\Java\jre1.8.0_102
07-Dec-2017 08:06:11.218 INFO [main] org.apache.catalina.startup.VersionLoggerListener.log JVM Version:           1.8.0_102-b14
07-Dec-2017 08:06:11.218 INFO [main] org.apache.catalina.startup.VersionLoggerListener.log JVM Vendor:            Oracle Corporation
07-Dec-2017 08:06:11.218 INFO [main] org.apache.catalina.startup.VersionLoggerListener.log CATALINA_BASE:         D:\Program Files\Apache Software Foundation\Tomcat 8.0
07-Dec-2017 08:06:11.218 INFO [main] org.apache.catalina.startup.VersionLoggerListener.log CATALINA_HOME:         D:\Program Files\Apache Software Foundation\Tomcat 8.0
07-Dec-2017 08:06:11.218 INFO [main] org.apache.catalina.startup.VersionLoggerListener.log Command line argument: -Dcatalina.home=D:\Program Files\Apache Software Foundation\Tomcat 8.0
07-Dec-2017 08:06:11.218 INFO [main] org.apache.catalina.startup.VersionLoggerListener.log Command line argument: -Dcatalina.base=D:\Program Files\Apache Software Foundation\Tomcat 8.0
07-Dec-2017 08:06:11.218 INFO [main] org.apache.catalina.startup.VersionLoggerListener.log Command line argument: -Djava.endorsed.dirs=D:\Program Files\Apache Software Foundation\Tomcat 8.0\endorsed
07-Dec-2017 08:06:11.218 INFO [main] org.apache.catalina.startup.VersionLoggerListener.log Command line argument: -Djava.io.tmpdir=D:\Program Files\Apache Software Foundation\Tomcat 8.0\temp
07-Dec-2017 08:06:11.218 INFO [main] org.apache.catalina.startup.VersionLoggerListener.log Command line argument: -Djava.util.logging.manager=org.apache.juli.ClassLoaderLogManager
07-Dec-2017 08:06:11.218 INFO [main] org.apache.catalina.startup.VersionLoggerListener.log Command line argument: -Djava.util.logging.config.file=D:\Program Files\Apache Software Foundation\Tomcat 8.0\conf\logging.properties
07-Dec-2017 08:06:11.218 INFO [main] org.apache.catalina.startup.VersionLoggerListener.log Command line argument: exit
07-Dec-2017 08:06:11.218 INFO [main] org.apache.catalina.startup.VersionLoggerListener.log Command line argument: -Xms128m
07-Dec-2017 08:06:11.218 INFO [main] org.apache.catalina.startup.VersionLoggerListener.log Command line argument: -Xmx256m
07-Dec-2017 08:06:11.218 INFO [main] org.apache.catalina.core.AprLifecycleListener.lifecycleEvent Loaded APR based Apache Tomcat Native library 1.2.7 using APR version 1.5.2.
07-Dec-2017 08:06:11.218 INFO [main] org.apache.catalina.core.AprLifecycleListener.lifecycleEvent APR capabilities: IPv6 [true], sendfile [true], accept filters [false], random [true].
07-Dec-2017 08:06:12.296 INFO [main] org.apache.catalina.core.AprLifecycleListener.initializeSSL OpenSSL successfully initialized (OpenSSL 1.0.2h  3 May 2016)
07-Dec-2017 08:06:12.703 INFO [main] org.apache.coyote.AbstractProtocol.init Initializing ProtocolHandler ["http-apr-8080"]
07-Dec-2017 08:06:12.734 INFO [main] org.apache.coyote.AbstractProtocol.init Initializing ProtocolHandler ["ajp-apr-8019"]
07-Dec-2017 08:06:12.734 INFO [main] org.apache.catalina.startup.Catalina.load Initialization processed in 2701 ms
07-Dec-2017 08:06:12.812 INFO [main] org.apache.catalina.core.StandardService.startInternal Starting service Catalina
07-Dec-2017 08:06:12.812 INFO [main] org.apache.catalina.core.StandardEngine.startInternal Starting Servlet Engine: Apache Tomcat/8.0.36
07-Dec-2017 08:06:12.843 INFO [localhost-startStop-1] org.apache.catalina.startup.HostConfig.deployDirectory Deploying web application directory D:\Program Files\Apache Software Foundation\Tomcat 8.0\webapps\docs
07-Dec-2017 08:06:15.163 INFO [localhost-startStop-1] org.apache.catalina.util.SessionIdGeneratorBase.createSecureRandom Creation of SecureRandom instance for session ID generation using [SHA1PRNG] took [1,492] milliseconds.
07-Dec-2017 08:06:15.219 INFO [localhost-startStop-1] org.apache.catalina.startup.HostConfig.deployDirectory Deployment of web application directory D:\Program Files\Apache Software Foundation\Tomcat 8.0\webapps\docs has finished in 2,376 ms
07-Dec-2017 08:06:15.220 INFO [localhost-startStop-1] org.apache.catalina.startup.HostConfig.deployDirectory Deploying web application directory D:\Program Files\Apache Software Foundation\Tomcat 8.0\webapps\examples
07-Dec-2017 08:06:16.467 INFO [localhost-startStop-1] org.apache.catalina.startup.HostConfig.deployDirectory Deployment of web application directory D:\Program Files\Apache Software Foundation\Tomcat 8.0\webapps\examples has finished in 1,247 ms
07-Dec-2017 08:06:16.467 INFO [localhost-startStop-1] org.apache.catalina.startup.HostConfig.deployDirectory Deploying web application directory D:\Program Files\Apache Software Foundation\Tomcat 8.0\webapps\host-manager
07-Dec-2017 08:06:16.607 INFO [localhost-startStop-1] org.apache.catalina.startup.HostConfig.deployDirectory Deployment of web application directory D:\Program Files\Apache Software Foundation\Tomcat 8.0\webapps\host-manager has finished in 140 ms
07-Dec-2017 08:06:16.607 INFO [localhost-startStop-1] org.apache.catalina.startup.HostConfig.deployDirectory Deploying web application directory D:\Program Files\Apache Software Foundation\Tomcat 8.0\webapps\manager
07-Dec-2017 08:06:16.685 INFO [localhost-startStop-1] org.apache.catalina.startup.HostConfig.deployDirectory Deployment of web application directory D:\Program Files\Apache Software Foundation\Tomcat 8.0\webapps\manager has finished in 78 ms
07-Dec-2017 08:06:16.685 INFO [localhost-startStop-1] org.apache.catalina.startup.HostConfig.deployDirectory Deploying web application directory D:\Program Files\Apache Software Foundation\Tomcat 8.0\webapps\ROOT
07-Dec-2017 08:06:16.764 INFO [localhost-startStop-1] org.apache.catalina.startup.HostConfig.deployDirectory Deployment of web application directory D:\Program Files\Apache Software Foundation\Tomcat 8.0\webapps\ROOT has finished in 79 ms
07-Dec-2017 08:06:16.779 INFO [main] org.apache.coyote.AbstractProtocol.start Starting ProtocolHandler ["http-apr-8080"]
07-Dec-2017 08:06:16.810 INFO [main] org.apache.coyote.AbstractProtocol.start Starting ProtocolHandler ["ajp-apr-8019"]
07-Dec-2017 08:06:16.826 INFO [main] org.apache.catalina.startup.Catalina.start Server startup in 4090 ms
08-Dec-2017 00:17:18.391 INFO [Thread-4] org.apache.coyote.AbstractProtocol.pause Pausing ProtocolHandler ["http-apr-8080"]
08-Dec-2017 00:17:18.485 INFO [Thread-4] org.apache.coyote.AbstractProtocol.pause Pausing ProtocolHandler ["ajp-apr-8019"]
08-Dec-2017 00:17:18.548 INFO [Thread-4] org.apache.catalina.core.StandardService.stopInternal Stopping service Catalina
08-Dec-2017 00:17:18.610 INFO [Thread-4] org.apache.coyote.AbstractProtocol.stop Stopping ProtocolHandler ["http-apr-8080"]
08-Dec-2017 00:17:18.673 INFO [Thread-4] org.apache.coyote.AbstractProtocol.stop Stopping ProtocolHandler ["ajp-apr-8019"]
