
2017-12-10 08:52:08 Commons Daemon procrun stderr initialized
10-Dec-2017 08:52:10.718 INFO [main] org.apache.catalina.startup.VersionLoggerListener.log Server version:        Apache Tomcat/8.0.36
10-Dec-2017 08:52:10.718 INFO [main] org.apache.catalina.startup.VersionLoggerListener.log Server built:          Jun 9 2016 13:55:50 UTC
10-Dec-2017 08:52:10.718 INFO [main] org.apache.catalina.startup.VersionLoggerListener.log Server number:         8.0.36.0
10-Dec-2017 08:52:10.718 INFO [main] org.apache.catalina.startup.VersionLoggerListener.log OS Name:               Windows 10
10-Dec-2017 08:52:10.718 INFO [main] org.apache.catalina.startup.VersionLoggerListener.log OS Version:            10.0
10-Dec-2017 08:52:10.734 INFO [main] org.apache.catalina.startup.VersionLoggerListener.log Architecture:          amd64
10-Dec-2017 08:52:10.734 INFO [main] org.apache.catalina.startup.VersionLoggerListener.log Java Home:             C:\Program Files\Java\jre1.8.0_102
10-Dec-2017 08:52:10.734 INFO [main] org.apache.catalina.startup.VersionLoggerListener.log JVM Version:           1.8.0_102-b14
10-Dec-2017 08:52:10.734 INFO [main] org.apache.catalina.startup.VersionLoggerListener.log JVM Vendor:            Oracle Corporation
10-Dec-2017 08:52:10.734 INFO [main] org.apache.catalina.startup.VersionLoggerListener.log CATALINA_BASE:         D:\Program Files\Apache Software Foundation\Tomcat 8.0
10-Dec-2017 08:52:10.734 INFO [main] org.apache.catalina.startup.VersionLoggerListener.log CATALINA_HOME:         D:\Program Files\Apache Software Foundation\Tomcat 8.0
10-Dec-2017 08:52:10.734 INFO [main] org.apache.catalina.startup.VersionLoggerListener.log Command line argument: -Dcatalina.home=D:\Program Files\Apache Software Foundation\Tomcat 8.0
10-Dec-2017 08:52:10.734 INFO [main] org.apache.catalina.startup.VersionLoggerListener.log Command line argument: -Dcatalina.base=D:\Program Files\Apache Software Foundation\Tomcat 8.0
10-Dec-2017 08:52:10.734 INFO [main] org.apache.catalina.startup.VersionLoggerListener.log Command line argument: -Djava.endorsed.dirs=D:\Program Files\Apache Software Foundation\Tomcat 8.0\endorsed
10-Dec-2017 08:52:10.734 INFO [main] org.apache.catalina.startup.VersionLoggerListener.log Command line argument: -Djava.io.tmpdir=D:\Program Files\Apache Software Foundation\Tomcat 8.0\temp
10-Dec-2017 08:52:10.734 INFO [main] org.apache.catalina.startup.VersionLoggerListener.log Command line argument: -Djava.util.logging.manager=org.apache.juli.ClassLoaderLogManager
10-Dec-2017 08:52:10.734 INFO [main] org.apache.catalina.startup.VersionLoggerListener.log Command line argument: -Djava.util.logging.config.file=D:\Program Files\Apache Software Foundation\Tomcat 8.0\conf\logging.properties
10-Dec-2017 08:52:10.734 INFO [main] org.apache.catalina.startup.VersionLoggerListener.log Command line argument: exit
10-Dec-2017 08:52:10.734 INFO [main] org.apache.catalina.startup.VersionLoggerListener.log Command line argument: -Xms128m
10-Dec-2017 08:52:10.734 INFO [main] org.apache.catalina.startup.VersionLoggerListener.log Command line argument: -Xmx256m
10-Dec-2017 08:52:10.734 INFO [main] org.apache.catalina.core.AprLifecycleListener.lifecycleEvent Loaded APR based Apache Tomcat Native library 1.2.7 using APR version 1.5.2.
10-Dec-2017 08:52:10.734 INFO [main] org.apache.catalina.core.AprLifecycleListener.lifecycleEvent APR capabilities: IPv6 [true], sendfile [true], accept filters [false], random [true].
10-Dec-2017 08:52:11.859 INFO [main] org.apache.catalina.core.AprLifecycleListener.initializeSSL OpenSSL successfully initialized (OpenSSL 1.0.2h  3 May 2016)
10-Dec-2017 08:52:12.328 INFO [main] org.apache.coyote.AbstractProtocol.init Initializing ProtocolHandler ["http-apr-8080"]
10-Dec-2017 08:52:12.343 INFO [main] org.apache.coyote.AbstractProtocol.init Initializing ProtocolHandler ["ajp-apr-8019"]
10-Dec-2017 08:52:12.343 INFO [main] org.apache.catalina.startup.Catalina.load Initialization processed in 2453 ms
10-Dec-2017 08:52:12.406 INFO [main] org.apache.catalina.core.StandardService.startInternal Starting service Catalina
10-Dec-2017 08:52:12.421 INFO [main] org.apache.catalina.core.StandardEngine.startInternal Starting Servlet Engine: Apache Tomcat/8.0.36
10-Dec-2017 08:52:12.468 INFO [localhost-startStop-1] org.apache.catalina.startup.HostConfig.deployDirectory Deploying web application directory D:\Program Files\Apache Software Foundation\Tomcat 8.0\webapps\docs
10-Dec-2017 08:52:15.078 INFO [localhost-startStop-1] org.apache.catalina.util.SessionIdGeneratorBase.createSecureRandom Creation of SecureRandom instance for session ID generation using [SHA1PRNG] took [1,985] milliseconds.
10-Dec-2017 08:52:15.109 INFO [localhost-startStop-1] org.apache.catalina.startup.HostConfig.deployDirectory Deployment of web application directory D:\Program Files\Apache Software Foundation\Tomcat 8.0\webapps\docs has finished in 2,641 ms
10-Dec-2017 08:52:15.109 INFO [localhost-startStop-1] org.apache.catalina.startup.HostConfig.deployDirectory Deploying web application directory D:\Program Files\Apache Software Foundation\Tomcat 8.0\webapps\examples
10-Dec-2017 08:52:16.000 INFO [localhost-startStop-1] org.apache.catalina.startup.HostConfig.deployDirectory Deployment of web application directory D:\Program Files\Apache Software Foundation\Tomcat 8.0\webapps\examples has finished in 891 ms
10-Dec-2017 08:52:16.000 INFO [localhost-startStop-1] org.apache.catalina.startup.HostConfig.deployDirectory Deploying web application directory D:\Program Files\Apache Software Foundation\Tomcat 8.0\webapps\host-manager
10-Dec-2017 08:52:16.109 INFO [localhost-startStop-1] org.apache.catalina.startup.HostConfig.deployDirectory Deployment of web application directory D:\Program Files\Apache Software Foundation\Tomcat 8.0\webapps\host-manager has finished in 109 ms
10-Dec-2017 08:52:16.109 INFO [localhost-startStop-1] org.apache.catalina.startup.HostConfig.deployDirectory Deploying web application directory D:\Program Files\Apache Software Foundation\Tomcat 8.0\webapps\manager
10-Dec-2017 08:52:16.187 INFO [localhost-startStop-1] org.apache.catalina.startup.HostConfig.deployDirectory Deployment of web application directory D:\Program Files\Apache Software Foundation\Tomcat 8.0\webapps\manager has finished in 78 ms
10-Dec-2017 08:52:16.187 INFO [localhost-startStop-1] org.apache.catalina.startup.HostConfig.deployDirectory Deploying web application directory D:\Program Files\Apache Software Foundation\Tomcat 8.0\webapps\ROOT
10-Dec-2017 08:52:16.218 INFO [localhost-startStop-1] org.apache.catalina.startup.HostConfig.deployDirectory Deployment of web application directory D:\Program Files\Apache Software Foundation\Tomcat 8.0\webapps\ROOT has finished in 31 ms
10-Dec-2017 08:52:16.234 INFO [main] org.apache.coyote.AbstractProtocol.start Starting ProtocolHandler ["http-apr-8080"]
10-Dec-2017 08:52:16.265 INFO [main] org.apache.coyote.AbstractProtocol.start Starting ProtocolHandler ["ajp-apr-8019"]
10-Dec-2017 08:52:16.281 INFO [main] org.apache.catalina.startup.Catalina.start Server startup in 3935 ms
11-Dec-2017 17:24:35.514 INFO [Thread-4] org.apache.coyote.AbstractProtocol.pause Pausing ProtocolHandler ["http-apr-8080"]
11-Dec-2017 17:24:35.654 INFO [Thread-4] org.apache.coyote.AbstractProtocol.pause Pausing ProtocolHandler ["ajp-apr-8019"]
11-Dec-2017 17:24:35.717 INFO [Thread-4] org.apache.catalina.core.StandardService.stopInternal Stopping service Catalina
11-Dec-2017 17:24:35.873 INFO [Thread-4] org.apache.coyote.AbstractProtocol.stop Stopping ProtocolHandler ["http-apr-8080"]
11-Dec-2017 17:24:35.936 INFO [Thread-4] org.apache.coyote.AbstractProtocol.stop Stopping ProtocolHandler ["ajp-apr-8019"]
